<?xml version="1.0" encoding="UTF-8"?>
  <testsuite name="BddJx Suite" tests="26" failures="8" errors="0" time="1256.637">
      <testcase name="quickstart aspnet-app Creates an app" classname="BddJx Suite" time="0">
          <skipped></skipped>
      </testcase>
      <testcase name="quickstart vertx-rest-prometheus Creates an app" classname="BddJx Suite" time="0">
          <skipped></skipped>
      </testcase>
      <testcase name="quickstart python-http&#xA; Given valid parameters when operating on the quickstart creates a python-http quickstart and promotes it to staging&#xA;" classname="BddJx Suite" time="0.194360661">
          <failure type="Failure">/home/jenkins/go/jenkins-x/bdd-jx/main.go:325&#xA;No future change is possible.  Bailing out early after 0.000s.&#xA;Expected&#xA;    &lt;int&gt;: 1&#xA;to match exit code:&#xA;    &lt;int&gt;: 0&#xA;/home/jenkins/go/jenkins-x/bdd-jx/main.go:340</failure>
          <system-out>      Creating app bdd-python-http-1547454029 in dir /tmp/bdd-484471596&#xA;      Using Git provider URL https://github.beescloud.com&#xA;error: failed to load quickstarts: Running in batch mode and no default API token found&#xA;</system-out>
      </testcase>
      <testcase name="quickstart python-http&#xA; Given invalid parameters when -p param (project name) is missing exits with signal 1&#xA;" classname="BddJx Suite" time="0.162977414"></testcase>
      <testcase name="quickstart python-http&#xA; Given invalid parameters when -f param (filter) does not match any quickstart exits with signal 1&#xA;" classname="BddJx Suite" time="0.173021892"></testcase>
      <testcase name="quickstart open-liberty Creates an app" classname="BddJx Suite" time="0">
          <skipped></skipped>
      </testcase>
      <testcase name="quickstart golang-http&#xA; Given valid parameters when operating on the quickstart creates a golang-http quickstart and promotes it to staging&#xA;" classname="BddJx Suite" time="0.164259202">
          <failure type="Failure">/home/jenkins/go/jenkins-x/bdd-jx/main.go:325&#xA;No future change is possible.  Bailing out early after 0.000s.&#xA;Expected&#xA;    &lt;int&gt;: 1&#xA;to match exit code:&#xA;    &lt;int&gt;: 0&#xA;/home/jenkins/go/jenkins-x/bdd-jx/main.go:340</failure>
          <system-out>      Creating app bdd-golang-http-1547454029 in dir /tmp/bdd-484471596&#xA;      Using Git provider URL https://github.beescloud.com&#xA;error: failed to load quickstarts: Running in batch mode and no default API token found&#xA;</system-out>
      </testcase>
      <testcase name="quickstart golang-http&#xA; Given invalid parameters when -p param (project name) is missing exits with signal 1&#xA;" classname="BddJx Suite" time="0.152932169"></testcase>
      <testcase name="quickstart golang-http&#xA; Given invalid parameters when -f param (filter) does not match any quickstart exits with signal 1&#xA;" classname="BddJx Suite" time="0.142387457"></testcase>
      <testcase name="quickstart angular-io-quickstart Creates an app" classname="BddJx Suite" time="0">
          <skipped></skipped>
      </testcase>
      <testcase name="quickstart react-quickstart&#xA; Given valid parameters when operating on the quickstart creates a react-quickstart quickstart and promotes it to staging&#xA;" classname="BddJx Suite" time="0.163466749">
          <failure type="Failure">/home/jenkins/go/jenkins-x/bdd-jx/main.go:325&#xA;No future change is possible.  Bailing out early after 0.000s.&#xA;Expected&#xA;    &lt;int&gt;: 1&#xA;to match exit code:&#xA;    &lt;int&gt;: 0&#xA;/home/jenkins/go/jenkins-x/bdd-jx/main.go:340</failure>
          <system-out>      Creating app bdd-react-quickstart-1547454029 in dir /tmp/bdd-484471596&#xA;      Using Git provider URL https://github.beescloud.com&#xA;error: failed to load quickstarts: Running in batch mode and no default API token found&#xA;</system-out>
      </testcase>
      <testcase name="quickstart react-quickstart&#xA; Given invalid parameters when -p param (project name) is missing exits with signal 1&#xA;" classname="BddJx Suite" time="0.162967887"></testcase>
      <testcase name="quickstart react-quickstart&#xA; Given invalid parameters when -f param (filter) does not match any quickstart exits with signal 1&#xA;" classname="BddJx Suite" time="0.17315866"></testcase>
      <testcase name="import&#xA; Given valid parameters when running import creates an app from the specified folder and promotes it to staging&#xA;" classname="BddJx Suite" time="591.898908528"></testcase>
      <testcase name="quickstart node-http&#xA; Given valid parameters when operating on the quickstart creates a node-http quickstart and promotes it to staging&#xA;" classname="BddJx Suite" time="0.207936115">
          <failure type="Failure">/home/jenkins/go/jenkins-x/bdd-jx/main.go:325&#xA;No future change is possible.  Bailing out early after 0.000s.&#xA;Expected&#xA;    &lt;int&gt;: 1&#xA;to match exit code:&#xA;    &lt;int&gt;: 0&#xA;/home/jenkins/go/jenkins-x/bdd-jx/main.go:340</failure>
          <system-out>      Creating app bdd-node-http-1547454029 in dir /tmp/bdd-484471596&#xA;      Using Git provider URL https://github.beescloud.com&#xA;error: failed to load quickstarts: Running in batch mode and no default API token found&#xA;</system-out>
      </testcase>
      <testcase name="quickstart node-http&#xA; Given invalid parameters when -p param (project name) is missing exits with signal 1&#xA;" classname="BddJx Suite" time="0.163658937"></testcase>
      <testcase name="quickstart node-http&#xA; Given invalid parameters when -f param (filter) does not match any quickstart exits with signal 1&#xA;" classname="BddJx Suite" time="0.163423416"></testcase>
      <testcase name="quickstart rails-shopping-cart&#xA; Given valid parameters when operating on the quickstart creates a rails-shopping-cart quickstart and promotes it to staging&#xA;" classname="BddJx Suite" time="0.153757359">
          <failure type="Failure">/home/jenkins/go/jenkins-x/bdd-jx/main.go:325&#xA;No future change is possible.  Bailing out early after 0.000s.&#xA;Expected&#xA;    &lt;int&gt;: 1&#xA;to match exit code:&#xA;    &lt;int&gt;: 0&#xA;/home/jenkins/go/jenkins-x/bdd-jx/main.go:340</failure>
          <system-out>      Creating app bdd-rails-shopping-cart-1547454029 in dir /tmp/bdd-484471596&#xA;      Using Git provider URL https://github.beescloud.com&#xA;error: failed to load quickstarts: Running in batch mode and no default API token found&#xA;</system-out>
      </testcase>
      <testcase name="quickstart rails-shopping-cart&#xA; Given invalid parameters when -p param (project name) is missing exits with signal 1&#xA;" classname="BddJx Suite" time="0.15311556"></testcase>
      <testcase name="quickstart rails-shopping-cart&#xA; Given invalid parameters when -f param (filter) does not match any quickstart exits with signal 1&#xA;" classname="BddJx Suite" time="0.163531146"></testcase>
      <testcase name="create spring&#xA; Given valid parameters when running jx create spring creates a spring application and promotes it to staging&#xA;" classname="BddJx Suite" time="660.181880049"></testcase>
      <testcase name="quickstart spring-boot-web&#xA; Given valid parameters when operating on the quickstart creates a spring-boot-web quickstart and promotes it to staging&#xA;" classname="BddJx Suite" time="0.287834496">
          <failure type="Failure">/home/jenkins/go/jenkins-x/bdd-jx/main.go:325&#xA;No future change is possible.  Bailing out early after 0.000s.&#xA;Expected&#xA;    &lt;int&gt;: 1&#xA;to match exit code:&#xA;    &lt;int&gt;: 0&#xA;/home/jenkins/go/jenkins-x/bdd-jx/main.go:340</failure>
          <system-out>      Creating app bdd-spring-boot-web-1547454029 in dir /tmp/bdd-484471596&#xA;      Using Git provider URL https://github.beescloud.com&#xA;error: failed to load quickstarts: Running in batch mode and no default API token found&#xA;</system-out>
      </testcase>
      <testcase name="quickstart spring-boot-web&#xA; Given invalid parameters when -p param (project name) is missing exits with signal 1&#xA;" classname="BddJx Suite" time="0.226632676"></testcase>
      <testcase name="quickstart spring-boot-web&#xA; Given invalid parameters when -f param (filter) does not match any quickstart exits with signal 1&#xA;" classname="BddJx Suite" time="0.193534118"></testcase>
      <testcase name="quickstart scala-akka-http-quickstart&#xA; Given valid parameters when operating on the quickstart creates a scala-akka-http-quickstart quickstart and promotes it to staging&#xA;" classname="BddJx Suite" time="0.200448596">
          <failure type="Failure">/home/jenkins/go/jenkins-x/bdd-jx/main.go:325&#xA;No future change is possible.  Bailing out early after 0.000s.&#xA;Expected&#xA;    &lt;int&gt;: 1&#xA;to match exit code:&#xA;    &lt;int&gt;: 0&#xA;/home/jenkins/go/jenkins-x/bdd-jx/main.go:340</failure>
          <system-out>      Creating app bdd-scala-akka-http-quickstart-1547454029 in dir /tmp/bdd-484471596&#xA;      Using Git provider URL https://github.beescloud.com&#xA;error: failed to load quickstarts: Running in batch mode and no default API token found&#xA;</system-out>
      </testcase>
      <testcase name="quickstart scala-akka-http-quickstart&#xA; Given invalid parameters when -p param (project name) is missing exits with signal 1&#xA;" classname="BddJx Suite" time="0.249545938"></testcase>
      <testcase name="quickstart scala-akka-http-quickstart&#xA; Given invalid parameters when -f param (filter) does not match any quickstart exits with signal 1&#xA;" classname="BddJx Suite" time="0.200016528"></testcase>
      <testcase name="quickstart spring-boot-http-gradle Creates an app" classname="BddJx Suite" time="0">
          <skipped></skipped>
      </testcase>
      <testcase name="quickstart android-quickstart Creates an app" classname="BddJx Suite" time="0">
          <skipped></skipped>
      </testcase>
      <testcase name="quickstart spring-boot-rest-prometheus Creates an app" classname="BddJx Suite" time="0">
          <skipped></skipped>
      </testcase>
      <testcase name="quickstart rust-http&#xA; Given valid parameters when operating on the quickstart creates a rust-http quickstart and promotes it to staging&#xA;" classname="BddJx Suite" time="0.215638279">
          <failure type="Failure">/home/jenkins/go/jenkins-x/bdd-jx/main.go:325&#xA;No future change is possible.  Bailing out early after 0.000s.&#xA;Expected&#xA;    &lt;int&gt;: 1&#xA;to match exit code:&#xA;    &lt;int&gt;: 0&#xA;/home/jenkins/go/jenkins-x/bdd-jx/main.go:340</failure>
          <system-out>      Creating app bdd-rust-http-1547454029 in dir /tmp/bdd-484471596&#xA;      Using Git provider URL https://github.beescloud.com&#xA;error: failed to load quickstarts: Running in batch mode and no default API token found&#xA;</system-out>
      </testcase>
      <testcase name="quickstart rust-http&#xA; Given invalid parameters when -p param (project name) is missing exits with signal 1&#xA;" classname="BddJx Suite" time="0.210758129"></testcase>
      <testcase name="quickstart rust-http&#xA; Given invalid parameters when -f param (filter) does not match any quickstart exits with signal 1&#xA;" classname="BddJx Suite" time="0.233834111"></testcase>
  </testsuite>