<?xml version="1.0" encoding="UTF-8"?>
  <testsuite name="BddJx Suite" tests="26" failures="8" errors="0" time="1561.681">
      <testcase name="quickstart spring-boot-http-gradle Creates an app" classname="BddJx Suite" time="0">
          <skipped></skipped>
      </testcase>
      <testcase name="quickstart open-liberty Creates an app" classname="BddJx Suite" time="0">
          <skipped></skipped>
      </testcase>
      <testcase name="quickstart vertx-rest-prometheus Creates an app" classname="BddJx Suite" time="0">
          <skipped></skipped>
      </testcase>
      <testcase name="quickstart spring-boot-rest-prometheus Creates an app" classname="BddJx Suite" time="0">
          <skipped></skipped>
      </testcase>
      <testcase name="quickstart node-http&#xA; Given valid parameters when operating on the quickstart creates a node-http quickstart and promotes it to staging&#xA;" classname="BddJx Suite" time="1.138058544">
          <failure type="Failure">/home/jenkins/go/jenkins-x/bdd-jx/main.go:325&#xA;No future change is possible.  Bailing out early after 0.000s.&#xA;Expected&#xA;    &lt;int&gt;: 1&#xA;to match exit code:&#xA;    &lt;int&gt;: 0&#xA;/home/jenkins/go/jenkins-x/bdd-jx/main.go:340</failure>
          <system-out>      Creating app bdd-node-http-1547468409 in dir /tmp/bdd-957199587&#xA;      Using Git provider URL https://github.beescloud.com&#xA;error: failed to load quickstarts: Running in batch mode and no default API token found&#xA;</system-out>
      </testcase>
      <testcase name="quickstart node-http&#xA; Given invalid parameters when -p param (project name) is missing exits with signal 1&#xA;" classname="BddJx Suite" time="0.827736413"></testcase>
      <testcase name="quickstart node-http&#xA; Given invalid parameters when -f param (filter) does not match any quickstart exits with signal 1&#xA;" classname="BddJx Suite" time="0.586056769"></testcase>
      <testcase name="quickstart rails-shopping-cart&#xA; Given valid parameters when operating on the quickstart creates a rails-shopping-cart quickstart and promotes it to staging&#xA;" classname="BddJx Suite" time="0.929318608">
          <failure type="Failure">/home/jenkins/go/jenkins-x/bdd-jx/main.go:325&#xA;No future change is possible.  Bailing out early after 0.000s.&#xA;Expected&#xA;    &lt;int&gt;: 1&#xA;to match exit code:&#xA;    &lt;int&gt;: 0&#xA;/home/jenkins/go/jenkins-x/bdd-jx/main.go:340</failure>
          <system-out>      Creating app bdd-rails-shopping-cart-1547468409 in dir /tmp/bdd-957199587&#xA;      Using Git provider URL https://github.beescloud.com&#xA;error: failed to load quickstarts: Running in batch mode and no default API token found&#xA;</system-out>
      </testcase>
      <testcase name="quickstart rails-shopping-cart&#xA; Given invalid parameters when -p param (project name) is missing exits with signal 1&#xA;" classname="BddJx Suite" time="0.896892374"></testcase>
      <testcase name="quickstart rails-shopping-cart&#xA; Given invalid parameters when -f param (filter) does not match any quickstart exits with signal 1&#xA;" classname="BddJx Suite" time="1.117146086"></testcase>
      <testcase name="import&#xA; Given valid parameters when running import creates an app from the specified folder and promotes it to staging&#xA;" classname="BddJx Suite" time="774.123848612"></testcase>
      <testcase name="quickstart angular-io-quickstart Creates an app" classname="BddJx Suite" time="0">
          <skipped></skipped>
      </testcase>
      <testcase name="quickstart python-http&#xA; Given valid parameters when operating on the quickstart creates a python-http quickstart and promotes it to staging&#xA;" classname="BddJx Suite" time="0.494821393">
          <failure type="Failure">/home/jenkins/go/jenkins-x/bdd-jx/main.go:325&#xA;No future change is possible.  Bailing out early after 0.000s.&#xA;Expected&#xA;    &lt;int&gt;: 1&#xA;to match exit code:&#xA;    &lt;int&gt;: 0&#xA;/home/jenkins/go/jenkins-x/bdd-jx/main.go:340</failure>
          <system-out>      Creating app bdd-python-http-1547468409 in dir /tmp/bdd-957199587&#xA;      Using Git provider URL https://github.beescloud.com&#xA;error: failed to load quickstarts: Running in batch mode and no default API token found&#xA;</system-out>
      </testcase>
      <testcase name="quickstart python-http&#xA; Given invalid parameters when -p param (project name) is missing exits with signal 1&#xA;" classname="BddJx Suite" time="0.448134737"></testcase>
      <testcase name="quickstart python-http&#xA; Given invalid parameters when -f param (filter) does not match any quickstart exits with signal 1&#xA;" classname="BddJx Suite" time="0.548652925"></testcase>
      <testcase name="quickstart scala-akka-http-quickstart&#xA; Given valid parameters when operating on the quickstart creates a scala-akka-http-quickstart quickstart and promotes it to staging&#xA;" classname="BddJx Suite" time="0.566542846">
          <failure type="Failure">/home/jenkins/go/jenkins-x/bdd-jx/main.go:325&#xA;No future change is possible.  Bailing out early after 0.000s.&#xA;Expected&#xA;    &lt;int&gt;: 1&#xA;to match exit code:&#xA;    &lt;int&gt;: 0&#xA;/home/jenkins/go/jenkins-x/bdd-jx/main.go:340</failure>
          <system-out>      Creating app bdd-scala-akka-http-quickstart-1547468409 in dir /tmp/bdd-957199587&#xA;      Using Git provider URL https://github.beescloud.com&#xA;error: failed to load quickstarts: Running in batch mode and no default API token found&#xA;</system-out>
      </testcase>
      <testcase name="quickstart scala-akka-http-quickstart&#xA; Given invalid parameters when -p param (project name) is missing exits with signal 1&#xA;" classname="BddJx Suite" time="0.561965057"></testcase>
      <testcase name="quickstart scala-akka-http-quickstart&#xA; Given invalid parameters when -f param (filter) does not match any quickstart exits with signal 1&#xA;" classname="BddJx Suite" time="0.403608267"></testcase>
      <testcase name="quickstart android-quickstart Creates an app" classname="BddJx Suite" time="0">
          <skipped></skipped>
      </testcase>
      <testcase name="quickstart golang-http&#xA; Given valid parameters when operating on the quickstart creates a golang-http quickstart and promotes it to staging&#xA;" classname="BddJx Suite" time="0.538926647">
          <failure type="Failure">/home/jenkins/go/jenkins-x/bdd-jx/main.go:325&#xA;No future change is possible.  Bailing out early after 0.000s.&#xA;Expected&#xA;    &lt;int&gt;: 1&#xA;to match exit code:&#xA;    &lt;int&gt;: 0&#xA;/home/jenkins/go/jenkins-x/bdd-jx/main.go:340</failure>
          <system-out>      Creating app bdd-golang-http-1547468409 in dir /tmp/bdd-957199587&#xA;      Using Git provider URL https://github.beescloud.com&#xA;error: failed to load quickstarts: Running in batch mode and no default API token found&#xA;</system-out>
      </testcase>
      <testcase name="quickstart golang-http&#xA; Given invalid parameters when -p param (project name) is missing exits with signal 1&#xA;" classname="BddJx Suite" time="0.616732247"></testcase>
      <testcase name="quickstart golang-http&#xA; Given invalid parameters when -f param (filter) does not match any quickstart exits with signal 1&#xA;" classname="BddJx Suite" time="0.576545837"></testcase>
      <testcase name="quickstart react-quickstart&#xA; Given valid parameters when operating on the quickstart creates a react-quickstart quickstart and promotes it to staging&#xA;" classname="BddJx Suite" time="0.623781835">
          <failure type="Failure">/home/jenkins/go/jenkins-x/bdd-jx/main.go:325&#xA;No future change is possible.  Bailing out early after 0.000s.&#xA;Expected&#xA;    &lt;int&gt;: 1&#xA;to match exit code:&#xA;    &lt;int&gt;: 0&#xA;/home/jenkins/go/jenkins-x/bdd-jx/main.go:340</failure>
          <system-out>      Creating app bdd-react-quickstart-1547468409 in dir /tmp/bdd-957199587&#xA;      Using Git provider URL https://github.beescloud.com&#xA;error: failed to load quickstarts: Running in batch mode and no default API token found&#xA;</system-out>
      </testcase>
      <testcase name="quickstart react-quickstart&#xA; Given invalid parameters when -p param (project name) is missing exits with signal 1&#xA;" classname="BddJx Suite" time="0.468812678"></testcase>
      <testcase name="quickstart react-quickstart&#xA; Given invalid parameters when -f param (filter) does not match any quickstart exits with signal 1&#xA;" classname="BddJx Suite" time="0.49354672"></testcase>
      <testcase name="quickstart rust-http&#xA; Given valid parameters when operating on the quickstart creates a rust-http quickstart and promotes it to staging&#xA;" classname="BddJx Suite" time="0.653106967">
          <failure type="Failure">/home/jenkins/go/jenkins-x/bdd-jx/main.go:325&#xA;No future change is possible.  Bailing out early after 0.000s.&#xA;Expected&#xA;    &lt;int&gt;: 1&#xA;to match exit code:&#xA;    &lt;int&gt;: 0&#xA;/home/jenkins/go/jenkins-x/bdd-jx/main.go:340</failure>
          <system-out>      Creating app bdd-rust-http-1547468409 in dir /tmp/bdd-957199587&#xA;      Using Git provider URL https://github.beescloud.com&#xA;error: failed to load quickstarts: Running in batch mode and no default API token found&#xA;</system-out>
      </testcase>
      <testcase name="quickstart rust-http&#xA; Given invalid parameters when -p param (project name) is missing exits with signal 1&#xA;" classname="BddJx Suite" time="0.450776775"></testcase>
      <testcase name="quickstart rust-http&#xA; Given invalid parameters when -f param (filter) does not match any quickstart exits with signal 1&#xA;" classname="BddJx Suite" time="0.601425372"></testcase>
      <testcase name="quickstart aspnet-app Creates an app" classname="BddJx Suite" time="0">
          <skipped></skipped>
      </testcase>
      <testcase name="quickstart spring-boot-web&#xA; Given valid parameters when operating on the quickstart creates a spring-boot-web quickstart and promotes it to staging&#xA;" classname="BddJx Suite" time="0.441237295">
          <failure type="Failure">/home/jenkins/go/jenkins-x/bdd-jx/main.go:325&#xA;No future change is possible.  Bailing out early after 0.000s.&#xA;Expected&#xA;    &lt;int&gt;: 1&#xA;to match exit code:&#xA;    &lt;int&gt;: 0&#xA;/home/jenkins/go/jenkins-x/bdd-jx/main.go:340</failure>
          <system-out>      Creating app bdd-spring-boot-web-1547468409 in dir /tmp/bdd-957199587&#xA;      Using Git provider URL https://github.beescloud.com&#xA;error: failed to load quickstarts: Running in batch mode and no default API token found&#xA;</system-out>
      </testcase>
      <testcase name="quickstart spring-boot-web&#xA; Given invalid parameters when -p param (project name) is missing exits with signal 1&#xA;" classname="BddJx Suite" time="0.477795697"></testcase>
      <testcase name="quickstart spring-boot-web&#xA; Given invalid parameters when -f param (filter) does not match any quickstart exits with signal 1&#xA;" classname="BddJx Suite" time="0.63505896"></testcase>
      <testcase name="create spring&#xA; Given valid parameters when running jx create spring creates a spring application and promotes it to staging&#xA;" classname="BddJx Suite" time="772.400178898"></testcase>
  </testsuite>