<?xml version="1.0" encoding="UTF-8"?>
  <testsuite name="BddJx Suite" tests="26" failures="10" errors="0" time="1461.708">
      <testcase name="quickstart react-quickstart&#xA; Given valid parameters when operating on the quickstart creates a react-quickstart quickstart and promotes it to staging&#xA;" classname="BddJx Suite" time="2.639586527">
          <failure type="Failure">/home/jenkins/go/jenkins-x/bdd-jx/main.go:325&#xA;No future change is possible.  Bailing out early after 0.000s.&#xA;Expected&#xA;    &lt;int&gt;: 1&#xA;to match exit code:&#xA;    &lt;int&gt;: 0&#xA;/home/jenkins/go/jenkins-x/bdd-jx/main.go:340</failure>
          <system-out>      Creating app bdd-react-quickstart-1547468057 in dir /tmp/bdd-205797989&#xA;      Using Git provider URL https://github.beescloud.com&#xA;error: failed to load quickstarts: Running in batch mode and no default API token found&#xA;</system-out>
      </testcase>
      <testcase name="quickstart react-quickstart&#xA; Given invalid parameters when -p param (project name) is missing exits with signal 1&#xA;" classname="BddJx Suite" time="0.929630454"></testcase>
      <testcase name="quickstart react-quickstart&#xA; Given invalid parameters when -f param (filter) does not match any quickstart exits with signal 1&#xA;" classname="BddJx Suite" time="1.034841082"></testcase>
      <testcase name="quickstart golang-http&#xA; Given valid parameters when operating on the quickstart creates a golang-http quickstart and promotes it to staging&#xA;" classname="BddJx Suite" time="1.10652827">
          <failure type="Failure">/home/jenkins/go/jenkins-x/bdd-jx/main.go:325&#xA;No future change is possible.  Bailing out early after 0.000s.&#xA;Expected&#xA;    &lt;int&gt;: 1&#xA;to match exit code:&#xA;    &lt;int&gt;: 0&#xA;/home/jenkins/go/jenkins-x/bdd-jx/main.go:340</failure>
          <system-out>      Creating app bdd-golang-http-1547468057 in dir /tmp/bdd-205797989&#xA;      Using Git provider URL https://github.beescloud.com&#xA;error: failed to load quickstarts: Running in batch mode and no default API token found&#xA;</system-out>
      </testcase>
      <testcase name="quickstart golang-http&#xA; Given invalid parameters when -p param (project name) is missing exits with signal 1&#xA;" classname="BddJx Suite" time="0.980606122"></testcase>
      <testcase name="quickstart golang-http&#xA; Given invalid parameters when -f param (filter) does not match any quickstart exits with signal 1&#xA;" classname="BddJx Suite" time="0.740905204"></testcase>
      <testcase name="create spring&#xA; Given valid parameters when running jx create spring creates a spring application and promotes it to staging&#xA;" classname="BddJx Suite" time="796.815335968">
          <failure type="Failure">/home/jenkins/go/jenkins-x/bdd-jx/jx_create_spring.go:29&#xA;Timed out after 600.001s.&#xA;Expected process to exit.  It did not.&#xA;/home/jenkins/go/jenkins-x/bdd-jx/main.go:250</failure>
          <system-out>Using Git provider URL https://github.beescloud.com&#xA;Created Spring Boot project at /tmp/bdd-205797989/bdd-spring-1547468057&#xA;&#xA;Git repository created&#xA;selected pack: /builder/home/.jx/draft/packs/github.com/jenkins-x-buildpacks/jenkins-x-kubernetes/packs/maven&#xA;replacing placeholders in directory /tmp/bdd-205797989/bdd-spring-1547468057&#xA;app name: bdd-spring-1547468057, git server: github.beescloud.com, org: jenkins-x-tests, Docker registry org: jenkins-x-tests&#xA;skipping directory &#34;/tmp/bdd-205797989/bdd-spring-1547468057/.git&#34;&#xA;Apache Maven is not installed so lets download: http://central.maven.org/maven2/org/apache/maven/apache-maven/3.5.4/apache-maven-3.5.4-bin.zip&#xA;&#xA;downloadFile&#xA;Downloading http://central.maven.org/maven2/org/apache/maven/apache-maven/3.5.4/apache-maven-3.5.4-bin.zip to /builder/home/.jx/mvn.zip...&#xA;Downloaded /builder/home/.jx/mvn.zip&#xA;&#xA;util.Unzip&#xA;&#xA;ReadDir&#xA;Apache Maven is installed at: /builder/home/.jx/maven&#xA;Using Git provider ghe at https://github.beescloud.com&#xA;&#xA;&#xA;About to create repository bdd-spring-1547468057 on server https://github.beescloud.com with user dev1&#xA;&#xA;&#xA;Creating repository jenkins-x-tests/bdd-spring-1547468057&#xA;Pushed Git repository to https://github.beescloud.com/jenkins-x-tests/bdd-spring-1547468057&#xA;&#xA;Created Jenkins Project: http://jenkins.bdd-ghe-base-qs-22.104.155.31.11.nip.io/job/jenkins-x-tests/job/bdd-spring-1547468057/&#xA;&#xA;Watch pipeline activity via:    jx get activity -f bdd-spring-1547468057 -w&#xA;Browse the pipeline log via:    jx get build logs jenkins-x-tests/bdd-spring-1547468057/master&#xA;Open the Jenkins console via    jx console&#xA;You can list the pipelines via: jx get pipelines&#xA;When the pipeline is complete:  jx get applications&#xA;&#xA;For more help on available commands see: https://jenkins-x.io/developing/browsing/&#xA;&#xA;Note that your first pipeline may take a few minutes to start while the necessary images get downloaded!&#xA;&#xA;Creating GitHub webhook for jenkins-x-tests/bdd-spring-1547468057 for url http://jenkins.bdd-ghe-base-qs-22.104.155.31.11.nip.io/github-webhook/&#xA;      Checking that there is a job built successfully for jenkins-x-tests/bdd-spring-1547468057/master&#xA;view the log at: http://jenkins.bdd-ghe-base-qs-22.104.155.31.11.nip.io/job/jenkins-x-tests/job/bdd-spring-1547468057/job/master/1/console&#xA;tailing the log of jenkins-x-tests/bdd-spring-1547468057/master #1&#xA;Branch indexing&#xD;&#xA;Connecting to https://github.beescloud.com/api/v3 using dev1/****** (API Token for acccessing https://github.beescloud.com Git service inside pipelines)&#xD;&#xA;Obtained Jenkinsfile from 8880f8eda56467f42082d2cb89309e2160502dcd&#xD;&#xA;Running in Durability level: MAX_SURVIVABILITY&#xD;&#xA;[Pipeline] node&#xD;&#xA;Still waiting to schedule task&#xD;&#xA;Waiting for next available executor&#xD;&#xA;Agent maven-h36hp is provisioned from template Kubernetes Pod Template&#xD;&#xA;Agent specification [Kubernetes Pod Template] (jenkins-maven): &#xD;&#xA;* [jnlp] jenkinsci/jnlp-slave:3.26-1-alpine(resourceRequestCpu: 100m, resourceRequestMemory: 128Mi)&#xD;&#xA;* [maven] jenkinsxio/builder-maven:0.1.185(resourceRequestCpu: 400m, resourceRequestMemory: 512Mi, resourceLimitCpu: 1, resourceLimitMemory: 1024Mi)&#xD;&#xA;&#xD;&#xA;Running on maven-h36hp in /home/jenkins/workspace/sts_bdd-spring-1547468057_master&#xD;&#xA;[Pipeline] {&#xD;&#xA;[Pipeline] stage&#xD;&#xA;[Pipeline] { (Declarative: Checkout SCM)&#xD;&#xA;[Pipeline] checkout&#xD;&#xA;Cloning the remote Git repository&#xD;&#xA;Cloning with configured refspecs honoured and without tags&#xD;&#xA;Cloning repository https://github.beescloud.com/jenkins-x-tests/bdd-spring-1547468057.git&#xD;&#xA; &gt; git init /home/jenkins/workspace/sts_bdd-spring-1547468057_master # timeout=10&#xD;&#xA;Fetching upstream changes from https://github.beescloud.com/jenkins-x-tests/bdd-spring-1547468057.git&#xD;&#xA; &gt; git --version # timeout=10&#xD;&#xA;using GIT_ASKPASS to set credentials API Token for acccessing https://github.beescloud.com Git service inside pipelines&#xD;&#xA; &gt; git fetch --no-tags --progress https://github.beescloud.com/jenkins-x-tests/bdd-spring-1547468057.git +refs/heads/master:refs/remotes/origin/master&#xD;&#xA;Fetching without tags&#xD;&#xA; &gt; git config remote.origin.url https://github.beescloud.com/jenkins-x-tests/bdd-spring-1547468057.git # timeout=10&#xD;&#xA; &gt; git config --add remote.origin.fetch +refs/heads/master:refs/remotes/origin/master # timeout=10&#xD;&#xA; &gt; git config remote.origin.url https://github.beescloud.com/jenkins-x-tests/bdd-spring-1547468057.git # timeout=10&#xD;&#xA;Fetching upstream changes from https://github.beescloud.com/jenkins-x-tests/bdd-spring-1547468057.git&#xD;&#xA;using GIT_ASKPASS to set credentials API Token for acccessing https://github.beescloud.com Git service inside pipelines&#xD;&#xA; &gt; git fetch --no-tags --progress https://github.beescloud.com/jenkins-x-tests/bdd-spring-1547468057.git +refs/heads/master:refs/remotes/origin/master&#xD;&#xA;Checking out Revision 8880f8eda56467f42082d2cb89309e2160502dcd (master)&#xD;&#xA;Commit message: &#34;fix:(plugins) use a better version of maven plugins&#34;&#xD;&#xA;First time build. Skipping changelog.&#xD;&#xA; &gt; git config core.sparsecheckout # timeout=10&#xD;&#xA; &gt; git checkout -f 8880f8eda56467f42082d2cb89309e2160502dcd&#xD;&#xA;[Pipeline] }&#xD;&#xA;[Pipeline] // stage&#xD;&#xA;[Pipeline] withEnv&#xD;&#xA;[Pipeline] {&#xD;&#xA;[Pipeline] withCredentials&#xD;&#xA;[Pipeline] {&#xD;&#xA;[Pipeline] withEnv&#xD;&#xA;[Pipeline] {&#xD;&#xA;[Pipeline] stage&#xD;&#xA;[Pipeline] { (CI Build and push snapshot)&#xD;&#xA;Stage &#34;CI Build and push snapshot&#34; skipped due to when conditional&#xD;&#xA;[Pipeline] }&#xD;&#xA;[Pipeline] // stage&#xD;&#xA;[Pipeline] stage&#xD;&#xA;[Pipeline] { (Build Release)&#xD;&#xA;[Pipeline] container&#xD;&#xA;[Pipeline] {&#xD;&#xA;[Pipeline] sh&#xD;&#xA;+ git checkout master&#xD;&#xA;Switched to a new branch &#39;master&#39;&#xD;&#xA;Branch master set up to track remote branch master from origin.&#xD;&#xA;[Pipeline] sh&#xD;&#xA;+ git config --global credential.helper store&#xD;&#xA;[Pipeline] sh&#xD;&#xA;+ jx step git credentials&#xD;&#xA;Generated Git credentials file /home/jenkins/git/credentials&#xD;&#xA;[Pipeline] sh&#xD;&#xA;++ jx-release-version&#xD;&#xA;+ echo 0.0.1&#xD;&#xA;[Pipeline] sh&#xD;&#xA;++ cat VERSION&#xD;&#xA;+ mvn versions:set -DnewVersion=0.0.1&#xD;&#xA;Picked up _JAVA_OPTIONS: -XX:+UnlockExperimentalVMOptions -XX:+UseCGroupMemoryLimitForHeap -Dsun.zip.disableMemoryMapping=true -XX:+UseParallelGC -XX:MinHeapFreeRatio=5 -XX:MaxHeapFreeRatio=10 -XX:GCTimeRatio=4 -XX:AdaptiveSizePolicyWeight=90 -Xms10m -Xmx192m&#xD;&#xA;OpenJDK 64-Bit Server VM warning: If the number of processors is expected to increase from one, then you should configure the number of parallel GC threads appropriately using -XX:ParallelGCThreads=N&#xD;&#xA;[INFO] Scanning for projects...&#xD;&#xA;[INFO] Downloading from nexus: http://nexus/repository/maven-group/org/springframework/boot/spring-boot-starter-parent/2.1.2.RELEASE/spring-boot-starter-parent-2.1.2.RELEASE.pom&#xD;&#xA;[INFO] Downloaded from nexus: http://nexus/repository/maven-group/org/springframework/boot/spring-boot-starter-parent/2.1.2.RELEASE/spring-boot-starter-parent-2.1.2.RELEASE.pom (12 kB at 6.8 kB/s)&#xD;&#xA;[INFO] Downloading from nexus: http://nexus/repository/maven-group/org/springframework/boot/spring-boot-dependencies/2.1.2.RELEASE/spring-boot-dependencies-2.1.2.RELEASE.pom&#xD;&#xA;[INFO] Downloaded from nexus: http://nexus/repository/maven-group/org/springframework/boot/spring-boot-dependencies/2.1.2.RELEASE/spring-boot-dependencies-2.1.2.RELEASE.pom (143 kB at 370 kB/s)&#xD;&#xA;[INFO] Downloading from nexus: http://nexus/repository/maven-group/com/fasterxml/jackson/jackson-bom/2.9.8/jackson-bom-2.9.8.pom&#xD;&#xA;[INFO] Downloaded from nexus: http://nexus/repository/maven-group/com/fasterxml/jackson/jackson-bom/2.9.8/jackson-bom-2.9.8.pom (12 kB at 65 kB/s)&#xD;&#xA;[INFO] Downloading from nexus: http://nexus/repository/maven-group/com/fasterxml/jackson/jackson-parent/2.9.1.2/jackson-parent-2.9.1.2.pom&#xD;&#xA;[INFO] Downloaded from nexus: http://nexus/repository/maven-group/com/fasterxml/jackson/jackson-parent/2.9.1.2/jackson-parent-2.9.1.2.pom (7.9 kB at 42 kB/s)&#xD;&#xA;[INFO] Downloading from nexus: http://nexus/repository/maven-group/com/fasterxml/oss-parent/34/oss-parent-34.pom&#xD;&#xA;[INFO] Downloaded from nexus: http://nexus/repository/maven-group/com/fasterxml/oss-parent/34/oss-parent-34.pom (23 kB at 104 kB/s)&#xD;&#xA;[INFO] Downloading from nexus: http://nexus/repository/maven-group/io/netty/netty-bom/4.1.31.Final/netty-bom-4.1.31.Final.pom&#xD;&#xA;[INFO] Downloaded from nexus: http://nexus/repository/maven-group/io/netty/netty-bom/4.1.31.Final/netty-bom-4.1.31.Final.pom (7.9 kB at 50 kB/s)&#xD;&#xA;[INFO] Downloading from nexus: http://nexus/repository/maven-group/org/sonatype/oss/oss-parent/7/oss-parent-7.pom&#xD;&#xA;[INFO] Downloaded from nexus: http://nexus/repository/maven-group/org/sonatype/oss/oss-parent/7/oss-parent-7.pom (4.8 kB at 37 kB/s)&#xD;&#xA;[INFO] Downloading from nexus: http://nexus/repository/maven-group/io/projectreactor/reactor-bom/Californium-SR4/reactor-bom-Californium-SR4.pom&#xD;&#xA;[INFO] Downloaded from nexus: http://nexus/repository/maven-group/io/projectreactor/reactor-bom/Californium-SR4/reactor-bom-Californium-SR4.pom (3.6 kB at 26 kB/s)&#xD;&#xA;[INFO] Downloading from nexus: http://nexus/repository/maven-group/org/apache/logging/log4j/log4j-bom/2.11.1/log4j-bom-2.11.1.pom&#xD;&#xA;[INFO] Downloaded from nexus: http://nexus/repository/maven-group/org/apache/logging/log4j/log4j-bom/2.11.1/log4j-bom-2.11.1.pom (6.1 kB at 34 kB/s)&#xD;&#xA;[INFO] Downloading from nexus: http://nexus/repository/maven-group/org/apache/logging/logging-parent/1/logging-parent-1.pom&#xD;&#xA;[INFO] Downloaded from nexus: http://nexus/repository/maven-group/org/apache/logging/logging-parent/1/logging-parent-1.pom (3.2 kB at 20 kB/s)&#xD;&#xA;[INFO] Downloading from nexus: http://nexus/repository/maven-group/org/apache/apache/18/apache-18.pom&#xD;&#xA;[INFO] Downloaded from nexus: http://nexus/repository/maven-group/org/apache/apache/18/apache-18.pom (16 kB at 90 kB/s)&#xD;&#xA;[INFO] Downloading from nexus: http://nexus/repository/maven-group/org/eclipse/jetty/jetty-bom/9.4.14.v20181114/jetty-bom-9.4.14.v20181114.pom&#xD;&#xA;[INFO] Downloaded from nexus: http://nexus/repository/maven-group/org/eclipse/jetty/jetty-bom/9.4.14.v20181114/jetty-bom-9.4.14.v20181114.pom (18 kB at 144 kB/s)&#xD;&#xA;[INFO] Downloading from nexus: http://nexus/repository/maven-group/org/glassfish/jersey/jersey-bom/2.27/jersey-bom-2.27.pom&#xD;&#xA;[INFO] Downloaded from nexus: http://nexus/repository/maven-group/org/glassfish/jersey/jersey-bom/2.27/jersey-bom-2.27.pom (22 kB at 73 kB/s)&#xD;&#xA;[INFO] Downloading from nexus: http://nexus/repository/maven-group/net/java/jvnet-parent/4/jvnet-parent-4.pom&#xD;&#xA;[INFO] Downloaded from nexus: http://nexus/repository/maven-group/net/java/jvnet-parent/4/jvnet-parent-4.pom (7.8 kB at 50 kB/s)&#xD;&#xA;[INFO] Downloading from nexus: http://nexus/repository/maven-group/org/junit/junit-bom/5.3.2/junit-bom-5.3.2.pom&#xD;&#xA;[INFO] Downloaded from nexus: http://nexus/repository/maven-group/org/junit/junit-bom/5.3.2/junit-bom-5.3.2.pom (4.1 kB at 25 kB/s)&#xD;&#xA;[INFO] Downloading from nexus: http://nexus/repository/maven-group/org/springframework/spring-framework-bom/5.1.4.RELEASE/spring-framework-bom-5.1.4.RELEASE.pom&#xD;&#xA;[INFO] Downloaded from nexus: http://nexus/repository/maven-group/org/springframework/spring-framework-bom/5.1.4.RELEASE/spring-framework-bom-5.1.4.RELEASE.pom (5.3 kB at 40 kB/s)&#xD;&#xA;[INFO] Downloading from nexus: http://nexus/repository/maven-group/org/springframework/data/spring-data-releasetrain/Lovelace-SR4/spring-data-releasetrain-Lovelace-SR4.pom&#xD;&#xA;[INFO] Downloaded from nexus: http://nexus/repository/maven-group/org/springframework/data/spring-data-releasetrain/Lovelace-SR4/spring-data-releasetrain-Lovelace-SR4.pom (4.6 kB at 47 kB/s)&#xD;&#xA;[INFO] Downloading from nexus: http://nexus/repository/maven-group/org/springframework/data/build/spring-data-build/2.1.4.RELEASE/spring-data-build-2.1.4.RELEASE.pom&#xD;&#xA;[INFO] Downloaded from nexus: http://nexus/repository/maven-group/org/springframework/data/build/spring-data-build/2.1.4.RELEASE/spring-data-build-2.1.4.RELEASE.pom (6.6 kB at 41 kB/s)&#xD;&#xA;[INFO] Downloading from nexus: http://nexus/repository/maven-group/org/springframework/integration/spring-integration-bom/5.1.2.RELEASE/spring-integration-bom-5.1.2.RELEASE.pom&#xD;&#xA;[INFO] Downloaded from nexus: http://nexus/repository/maven-group/org/springframework/integration/spring-integration-bom/5.1.2.RELEASE/spring-integration-bom-5.1.2.RELEASE.pom (8.7 kB at 73 kB/s)&#xD;&#xA;[INFO] Downloading from nexus: http://nexus/repository/maven-group/org/springframework/security/spring-security-bom/5.1.3.RELEASE/spring-security-bom-5.1.3.RELEASE.pom&#xD;&#xA;[INFO] Downloaded from nexus: http://nexus/repository/maven-group/org/springframework/security/spring-security-bom/5.1.3.RELEASE/spring-security-bom-5.1.3.RELEASE.pom (5.0 kB at 35 kB/s)&#xD;&#xA;[INFO] Downloading from nexus: http://nexus/repository/maven-group/org/springframework/session/spring-session-bom/Bean-SR2/spring-session-bom-Bean-SR2.pom&#xD;&#xA;[INFO] Downloaded from nexus: http://nexus/repository/maven-group/org/springframework/session/spring-session-bom/Bean-SR2/spring-session-bom-Bean-SR2.pom (3.0 kB at 24 kB/s)&#xD;&#xA;[INFO] Downloading from nexus: http://nexus/repository/maven-group/org/springframework/boot/spring-boot-maven-plugin/2.1.2.RELEASE/spring-boot-maven-plugin-2.1.2.RELEASE.pom&#xD;&#xA;[INFO] Downloaded from nexus: http://nexus/repository/maven-group/org/springframework/boot/spring-boot-maven-plugin/2.1.2.RELEASE/spring-boot-maven-plugin-2.1.2.RELEASE.pom (4.8 kB at 23 kB/s)&#xD;&#xA;[INFO] Downloading from nexus: http://nexus/repository/maven-group/org/springframework/boot/spring-boot-tools/2.1.2.RELEASE/spring-boot-tools-2.1.2.RELEASE.pom&#xD;&#xA;[INFO] Downloaded from nexus: http://nexus/repository/maven-group/org/springframework/boot/spring-boot-tools/2.1.2.RELEASE/spring-boot-tools-2.1.2.RELEASE.pom (1.8 kB at 19 kB/s)&#xD;&#xA;[INFO] Downloading from nexus: http://nexus/repository/maven-group/org/springframework/boot/spring-boot-parent/2.1.2.RELEASE/spring-boot-parent-2.1.2.RELEASE.pom&#xD;&#xA;[INFO] Downloaded from nexus: http://nexus/repository/maven-group/org/springframework/boot/spring-boot-parent/2.1.2.RELEASE/spring-boot-parent-2.1.2.RELEASE.pom (1.8 kB at 5.1 kB/s)&#xD;&#xA;[INFO] Downloading from nexus: http://nexus/repository/maven-group/org/springframework/boot/spring-boot-maven-plugin/2.1.2.RELEASE/spring-boot-maven-plugin-2.1.2.RELEASE.jar&#xD;&#xA;[INFO] Downloaded from nexus: http://nexus/repository/maven-group/org/springframework/boot/spring-boot-maven-plugin/2.1.2.RELEASE/spring-boot-maven-plugin-2.1.2.RELEASE.jar (68 kB at 294 kB/s)&#xD;&#xA;[INFO] Downloading from nexus: http://nexus/repository/maven-group/org/apache/maven/plugins/maven-deploy-plugin/2.8.2/maven-deploy-plugin-2.8.2.pom&#xD;&#xA;[INFO] Downloaded from nexus: http://nexus/repository/maven-group/org/apache/maven/plugins/maven-deploy-plugin/2.8.2/maven-deploy-plugin-2.8.2.pom (7.1 kB at 41 kB/s)&#xD;&#xA;[INFO] Downloading from nexus: http://nexus/repository/maven-group/org/apache/maven/plugins/maven-plugins/25/maven-plugins-25.pom&#xD;&#xA;[INFO] Downloaded from nexus: http://nexus/repository/maven-group/org/apache/maven/plugins/maven-plugins/25/maven-plugins-25.pom (9.6 kB at 88 kB/s)&#xD;&#xA;[INFO] Downloading from nexus: http://nexus/repository/maven-group/org/apache/maven/maven-parent/24/maven-parent-24.pom&#xD;&#xA;[INFO] Downloaded from nexus: http://nexus/repository/maven-group/org/apache/maven/maven-parent/24/maven-parent-24.pom (37 kB at 318 kB/s)&#xD;&#xA;[INFO] Downloading from nexus: http://nexus/repository/maven-group/org/apache/apache/14/apache-14.pom&#xD;&#xA;[INFO] Downloaded from nexus: http://nexus/repository/maven-group/org/apache/apache/14/apache-14.pom (15 kB at 147 kB/s)&#xD;&#xA;[INFO] Downloading from nexus: http://nexus/repository/maven-group/org/apache/maven/plugins/maven-deploy-plugin/2.8.2/maven-deploy-plugin-2.8.2.jar&#xD;&#xA;[INFO] Downloaded from nexus: http://nexus/repository/maven-group/org/apache/maven/plugins/maven-deploy-plugin/2.8.2/maven-deploy-plugin-2.8.2.jar (34 kB at 277 kB/s)&#xD;&#xA;[INFO] Downloading from nexus: http://nexus/repository/maven-group/org/apache/maven/plugins/maven-surefire-plugin/3.0.0-M1/maven-surefire-plugin-3.0.0-M1.pom&#xD;&#xA;[INFO] Downloaded from nexus: http://nexus/repository/maven-group/org/apache/maven/plugins/maven-surefire-plugin/3.0.0-M1/maven-surefire-plugin-3.0.0-M1.pom (6.4 kB at 61 kB/s)&#xD;&#xA;[INFO] Downloading from nexus: http://nexus/repository/maven-group/org/apache/maven/surefire/surefire/3.0.0-M1/surefire-3.0.0-M1.pom&#xD;&#xA;[INFO] Downloaded from nexus: http://nexus/repository/maven-group/org/apache/maven/surefire/surefire/3.0.0-M1/surefire-3.0.0-M1.pom (22 kB at 285 kB/s)&#xD;&#xA;[INFO] Downloading from nexus: http://nexus/repository/maven-group/org/apache/maven/maven-parent/33/maven-parent-33.pom&#xD;&#xA;[INFO] Downloaded from nexus: http://nexus/repository/maven-group/org/apache/maven/maven-parent/33/maven-parent-33.pom (44 kB at 377 kB/s)&#xD;&#xA;[INFO] Downloading from nexus: http://nexus/repository/maven-group/org/apache/apache/21/apache-21.pom&#xD;&#xA;[INFO] Downloaded from nexus: http://nexus/repository/maven-group/org/apache/apache/21/apache-21.pom (17 kB at 182 kB/s)&#xD;&#xA;[INFO] Downloading from nexus: http://nexus/repository/maven-group/org/apache/maven/plugins/maven-surefire-plugin/3.0.0-M1/maven-surefire-plugin-3.0.0-M1.jar&#xD;&#xA;[INFO] Downloaded from nexus: http://nexus/repository/maven-group/org/apache/maven/plugins/maven-surefire-plugin/3.0.0-M1/maven-surefire-plugin-3.0.0-M1.jar (40 kB at 236 kB/s)&#xD;&#xA;[INFO] Downloading from nexus: http://nexus/repository/maven-group/org/apache/maven/plugins/maven-clean-plugin/3.1.0/maven-clean-plugin-3.1.0.pom&#xD;&#xA;[INFO] Downloaded from nexus: http://nexus/repository/maven-group/org/apache/maven/plugins/maven-clean-plugin/3.1.0/maven-clean-plugin-3.1.0.pom (5.2 kB at 34 kB/s)&#xD;&#xA;[INFO] Downloading from nexus: http://nexus/repository/maven-group/org/apache/maven/plugins/maven-plugins/31/maven-plugins-31.pom&#xD;&#xA;[INFO] Downloaded from nexus: http://nexus/repository/maven-group/org/apache/maven/plugins/maven-plugins/31/maven-plugins-31.pom (10 kB at 45 kB/s)&#xD;&#xA;[INFO] Downloading from nexus: http://nexus/repository/maven-group/org/apache/maven/maven-parent/31/maven-parent-31.pom&#xD;&#xA;[INFO] Downloaded from nexus: http://nexus/repository/maven-group/org/apache/maven/maven-parent/31/maven-parent-31.pom (43 kB at 174 kB/s)&#xD;&#xA;[INFO] Downloading from nexus: http://nexus/repository/maven-group/org/apache/apache/19/apache-19.pom&#xD;&#xA;[INFO] Downloaded from nexus: http://nexus/repository/maven-group/org/apache/apache/19/apache-19.pom (15 kB at 191 kB/s)&#xD;&#xA;[INFO] Downloading from nexus: http://nexus/repository/maven-group/org/apache/maven/plugins/maven-clean-plugin/3.1.0/maven-clean-plugin-3.1.0.jar&#xD;&#xA;[INFO] Downloaded from nexus: http://nexus/repository/maven-group/org/apache/maven/plugins/maven-clean-plugin/3.1.0/maven-clean-plugin-3.1.0.jar (30 kB at 381 kB/s)&#xD;&#xA;[INFO] Downloading from nexus: http://nexus/repository/maven-group/org/apache/maven/plugins/maven-resources-plugin/3.1.0/maven-resources-plugin-3.1.0.pom&#xD;&#xA;[INFO] Downloaded from nexus: http://nexus/repository/maven-group/org/apache/maven/plugins/maven-resources-plugin/3.1.0/maven-resources-plugin-3.1.0.pom (7.2 kB at 83 kB/s)&#xD;&#xA;[INFO] Downloading from nexus: http://nexus/repository/maven-group/org/apache/maven/plugins/maven-resources-plugin/3.1.0/maven-resources-plugin-3.1.0.jar&#xD;&#xA;[INFO] Downloaded from nexus: http://nexus/repository/maven-group/org/apache/maven/plugins/maven-resources-plugin/3.1.0/maven-resources-plugin-3.1.0.jar (32 kB at 290 kB/s)&#xD;&#xA;[INFO] Downloading from nexus: http://nexus/repository/maven-group/org/apache/maven/plugins/maven-jar-plugin/3.1.1/maven-jar-plugin-3.1.1.pom&#xD;&#xA;[INFO] Downloaded from nexus: http://nexus/repository/maven-group/org/apache/maven/plugins/maven-jar-plugin/3.1.1/maven-jar-plugin-3.1.1.pom (6.7 kB at 47 kB/s)&#xD;&#xA;[INFO] Downloading from nexus: http://nexus/repository/maven-group/org/apache/maven/plugins/maven-plugins/33/maven-plugins-33.pom&#xD;&#xA;[INFO] Downloaded from nexus: http://nexus/repository/maven-group/org/apache/maven/plugins/maven-plugins/33/maven-plugins-33.pom (11 kB at 83 kB/s)&#xD;&#xA;[INFO] Downloading from nexus: http://nexus/repository/maven-group/org/apache/maven/plugins/maven-jar-plugin/3.1.1/maven-jar-plugin-3.1.1.jar&#xD;&#xA;[INFO] Downloaded from nexus: http://nexus/repository/maven-group/org/apache/maven/plugins/maven-jar-plugin/3.1.1/maven-jar-plugin-3.1.1.jar (27 kB at 195 kB/s)&#xD;&#xA;[INFO] Downloading from nexus: http://nexus/repository/maven-group/org/apache/maven/plugins/maven-compiler-plugin/3.8.0/maven-compiler-plugin-3.8.0.pom&#xD;&#xA;[INFO] Downloaded from nexus: http://nexus/repository/maven-group/org/apache/maven/plugins/maven-compiler-plugin/3.8.0/maven-compiler-plugin-3.8.0.pom (12 kB at 97 kB/s)&#xD;&#xA;[INFO] Downloading from nexus: http://nexus/repository/maven-group/org/apache/maven/plugins/maven-plugins/32/maven-plugins-32.pom&#xD;&#xA;[INFO] Downloaded from nexus: http://nexus/repository/maven-group/org/apache/maven/plugins/maven-plugins/32/maven-plugins-32.pom (11 kB at 97 kB/s)&#xD;&#xA;[INFO] Downloading from nexus: http://nexus/repository/maven-group/org/apache/maven/maven-parent/32/maven-parent-32.pom&#xD;&#xA;[INFO] Downloaded from nexus: http://nexus/repository/maven-group/org/apache/maven/maven-parent/32/maven-parent-32.pom (43 kB at 413 kB/s)&#xD;&#xA;[INFO] Downloading from nexus: http://nexus/repository/maven-group/org/apache/apache/20/apache-20.pom&#xD;&#xA;[INFO] Downloaded from nexus: http://nexus/repository/maven-group/org/apache/apache/20/apache-20.pom (16 kB at 155 kB/s)&#xD;&#xA;[INFO] Downloading from nexus: http://nexus/repository/maven-group/org/apache/maven/plugins/maven-compiler-plugin/3.8.0/maven-compiler-plugin-3.8.0.jar&#xD;&#xA;[INFO] Downloaded from nexus: http://nexus/repository/maven-group/org/apache/maven/plugins/maven-compiler-plugin/3.8.0/maven-compiler-plugin-3.8.0.jar (62 kB at 543 kB/s)&#xD;&#xA;[INFO] Downloading from nexus: http://nexus/repository/maven-group/org/apache/maven/plugins/maven-install-plugin/2.5.2/maven-install-plugin-2.5.2.pom&#xD;&#xA;[INFO] Downloaded from nexus: http://nexus/repository/maven-group/org/apache/maven/plugins/maven-install-plugin/2.5.2/maven-install-plugin-2.5.2.pom (6.4 kB at 37 kB/s)&#xD;&#xA;[INFO] Downloading from nexus: http://nexus/repository/maven-group/org/apache/maven/plugins/maven-install-plugin/2.5.2/maven-install-plugin-2.5.2.jar&#xD;&#xA;[INFO] Downloaded from nexus: http://nexus/repository/maven-group/org/apache/maven/plugins/maven-install-plugin/2.5.2/maven-install-plugin-2.5.2.jar (33 kB at 156 kB/s)&#xD;&#xA;[INFO] Downloading from nexus: http://nexus/repository/maven-group/org/apache/maven/plugins/maven-site-plugin/3.7.1/maven-site-plugin-3.7.1.pom&#xD;&#xA;[INFO] Downloaded from nexus: http://nexus/repository/maven-group/org/apache/maven/plugins/maven-site-plugin/3.7.1/maven-site-plugin-3.7.1.pom (19 kB at 113 kB/s)&#xD;&#xA;[INFO] Downloading from nexus: http://nexus/repository/maven-group/org/apache/maven/plugins/maven-site-plugin/3.7.1/maven-site-plugin-3.7.1.jar&#xD;&#xA;[INFO] Downloaded from nexus: http://nexus/repository/maven-group/org/apache/maven/plugins/maven-site-plugin/3.7.1/maven-site-plugin-3.7.1.jar (135 kB at 849 kB/s)&#xD;&#xA;[INFO] Downloading from nexus: http://nexus/repository/maven-group/org/apache/johnzon/johnzon-maven-plugin/1.1.11/johnzon-maven-plugin-1.1.11.pom&#xD;&#xA;[INFO] Downloaded from nexus: http://nexus/repository/maven-group/org/apache/johnzon/johnzon-maven-plugin/1.1.11/johnzon-maven-plugin-1.1.11.pom (3.6 kB at 23 kB/s)&#xD;&#xA;[INFO] Downloading from nexus: http://nexus/repository/maven-group/org/apache/johnzon/johnzon/1.1.11/johnzon-1.1.11.pom&#xD;&#xA;[INFO] Downloaded from nexus: http://nexus/repository/maven-group/org/apache/johnzon/johnzon/1.1.11/johnzon-1.1.11.pom (25 kB at 89 kB/s)&#xD;&#xA;[INFO] Downloading from nexus: http://nexus/repository/maven-group/org/apache/johnzon/johnzon-maven-plugin/1.1.11/johnzon-maven-plugin-1.1.11.jar&#xD;&#xA;[INFO] Downloaded from nexus: http://nexus/repository/maven-group/org/apache/johnzon/johnzon-maven-plugin/1.1.11/johnzon-maven-plugin-1.1.11.jar (26 kB at 187 kB/s)&#xD;&#xA;[INFO] Downloading from nexus: http://nexus/repository/maven-group/org/jetbrains/kotlin/kotlin-maven-plugin/1.2.71/kotlin-maven-plugin-1.2.71.pom&#xD;&#xA;[INFO] Downloaded from nexus: http://nexus/repository/maven-group/org/jetbrains/kotlin/kotlin-maven-plugin/1.2.71/kotlin-maven-plugin-1.2.71.pom (6.1 kB at 18 kB/s)&#xD;&#xA;[INFO] Downloading from nexus: http://nexus/repository/maven-group/org/jetbrains/kotlin/kotlin-project/1.2.71/kotlin-project-1.2.71.pom&#xD;&#xA;[INFO] Downloaded from nexus: http://nexus/repository/maven-group/org/jetbrains/kotlin/kotlin-project/1.2.71/kotlin-project-1.2.71.pom (10 kB at 41 kB/s)&#xD;&#xA;[INFO] Downloading from nexus: http://nexus/repository/maven-group/org/jetbrains/kotlin/kotlin-maven-plugin/1.2.71/kotlin-maven-plugin-1.2.71.jar&#xD;&#xA;[INFO] Downloaded from nexus: http://nexus/repository/maven-group/org/jetbrains/kotlin/kotlin-maven-plugin/1.2.71/kotlin-maven-plugin-1.2.71.jar (79 kB at 411 kB/s)&#xD;&#xA;[INFO] Downloading from nexus: http://nexus/repository/maven-group/org/jooq/jooq-codegen-maven/3.11.9/jooq-codegen-maven-3.11.9.pom&#xD;&#xA;[INFO] Downloaded from nexus: http://nexus/repository/maven-group/org/jooq/jooq-codegen-maven/3.11.9/jooq-codegen-maven-3.11.9.pom (3.5 kB at 12 kB/s)&#xD;&#xA;[INFO] Downloading from nexus: http://nexus/repository/maven-group/org/jooq/jooq-parent/3.11.9/jooq-parent-3.11.9.pom&#xD;&#xA;[INFO] Downloaded from nexus: http://nexus/repository/maven-group/org/jooq/jooq-parent/3.11.9/jooq-parent-3.11.9.pom (11 kB at 108 kB/s)&#xD;&#xA;[INFO] Downloading from nexus: http://nexus/repository/maven-group/org/jooq/jooq-codegen-maven/3.11.9/jooq-codegen-maven-3.11.9.jar&#xD;&#xA;[INFO] Downloaded from nexus: http://nexus/repository/maven-group/org/jooq/jooq-codegen-maven/3.11.9/jooq-codegen-maven-3.11.9.jar (16 kB at 167 kB/s)&#xD;&#xA;[INFO] Downloading from nexus: http://nexus/repository/maven-group/org/apache/maven/plugins/maven-antrun-plugin/1.8/maven-antrun-plugin-1.8.pom&#xD;&#xA;[INFO] Downloaded from nexus: http://nexus/repository/maven-group/org/apache/maven/plugins/maven-antrun-plugin/1.8/maven-antrun-plugin-1.8.pom (3.3 kB at 9.5 kB/s)&#xD;&#xA;[INFO] Downloading from nexus: http://nexus/repository/maven-group/org/apache/maven/plugins/maven-plugins/27/maven-plugins-27.pom&#xD;&#xA;[INFO] Downloaded from nexus: http://nexus/repository/maven-group/org/apache/maven/plugins/maven-plugins/27/maven-plugins-27.pom (11 kB at 60 kB/s)&#xD;&#xA;[INFO] Downloading from nexus: http://nexus/repository/maven-group/org/apache/maven/maven-parent/26/maven-parent-26.pom&#xD;&#xA;[INFO] Downloaded from nexus: http://nexus/repository/maven-group/org/apache/maven/maven-parent/26/maven-parent-26.pom (40 kB at 257 kB/s)&#xD;&#xA;[INFO] Downloading from nexus: http://nexus/repository/maven-group/org/apache/apache/16/apache-16.pom&#xD;&#xA;[INFO] Downloaded from nexus: http://nexus/repository/maven-group/org/apache/apache/16/apache-16.pom (15 kB at 53 kB/s)&#xD;&#xA;[INFO] Downloading from nexus: http://nexus/repository/maven-group/org/apache/maven/plugins/maven-antrun-plugin/1.8/maven-antrun-plugin-1.8.jar&#xD;&#xA;[INFO] Downloaded from nexus: http://nexus/repository/maven-group/org/apache/maven/plugins/maven-antrun-plugin/1.8/maven-antrun-plugin-1.8.jar (36 kB at 360 kB/s)&#xD;&#xA;[INFO] Downloading from nexus: http://nexus/repository/maven-group/org/apache/maven/plugins/maven-assembly-plugin/3.1.1/maven-assembly-plugin-3.1.1.pom&#xD;&#xA;[INFO] Downloaded from nexus: http://nexus/repository/maven-group/org/apache/maven/plugins/maven-assembly-plugin/3.1.1/maven-assembly-plugin-3.1.1.pom (15 kB at 162 kB/s)&#xD;&#xA;[INFO] Downloading from nexus: http://nexus/repository/maven-group/org/apache/maven/plugins/maven-assembly-plugin/3.1.1/maven-assembly-plugin-3.1.1.jar&#xD;&#xA;[INFO] Downloaded from nexus: http://nexus/repository/maven-group/org/apache/maven/plugins/maven-assembly-plugin/3.1.1/maven-assembly-plugin-3.1.1.jar (236 kB at 1.6 MB/s)&#xD;&#xA;[INFO] Downloading from nexus: http://nexus/repository/maven-group/org/apache/maven/plugins/maven-dependency-plugin/3.1.1/maven-dependency-plugin-3.1.1.pom&#xD;&#xA;[INFO] Downloaded from nexus: http://nexus/repository/maven-group/org/apache/maven/plugins/maven-dependency-plugin/3.1.1/maven-dependency-plugin-3.1.1.pom (15 kB at 163 kB/s)&#xD;&#xA;[INFO] Downloading from nexus: http://nexus/repository/maven-group/org/apache/maven/plugins/maven-dependency-plugin/3.1.1/maven-dependency-plugin-3.1.1.jar&#xD;&#xA;[INFO] Downloaded from nexus: http://nexus/repository/maven-group/org/apache/maven/plugins/maven-dependency-plugin/3.1.1/maven-dependency-plugin-3.1.1.jar (167 kB at 1.6 MB/s)&#xD;&#xA;[INFO] Downloading from nexus: http://nexus/repository/maven-group/org/apache/maven/plugins/maven-release-plugin/2.5.3/maven-release-plugin-2.5.3.pom&#xD;&#xA;[INFO] Downloaded from nexus: http://nexus/repository/maven-group/org/apache/maven/plugins/maven-release-plugin/2.5.3/maven-release-plugin-2.5.3.pom (11 kB at 29 kB/s)&#xD;&#xA;[INFO] Downloading from nexus: http://nexus/repository/maven-group/org/apache/maven/release/maven-release/2.5.3/maven-release-2.5.3.pom&#xD;&#xA;[INFO] Downloaded from nexus: http://nexus/repository/maven-group/org/apache/maven/release/maven-release/2.5.3/maven-release-2.5.3.pom (5.0 kB at 25 kB/s)&#xD;&#xA;[INFO] Downloading from nexus: http://nexus/repository/maven-group/org/apache/maven/maven-parent/27/maven-parent-27.pom&#xD;&#xA;[INFO] Downloaded from nexus: http://nexus/repository/maven-group/org/apache/maven/maven-parent/27/maven-parent-27.pom (41 kB at 150 kB/s)&#xD;&#xA;[INFO] Downloading from nexus: http://nexus/repository/maven-group/org/apache/apache/17/apache-17.pom&#xD;&#xA;[INFO] Downloaded from nexus: http://nexus/repository/maven-group/org/apache/apache/17/apache-17.pom (16 kB at 84 kB/s)&#xD;&#xA;[INFO] Downloading from nexus: http://nexus/repository/maven-group/org/apache/maven/plugins/maven-release-plugin/2.5.3/maven-release-plugin-2.5.3.jar&#xD;&#xA;[INFO] Downloaded from nexus: http://nexus/repository/maven-group/org/apache/maven/plugins/maven-release-plugin/2.5.3/maven-release-plugin-2.5.3.jar (53 kB at 346 kB/s)&#xD;&#xA;[INFO] Downloading from nexus: http://nexus/repository/maven-group/org/apache/maven/plugins/maven-enforcer-plugin/3.0.0-M2/maven-enforcer-plugin-3.0.0-M2.pom&#xD;&#xA;[INFO] Downloaded from nexus: http://nexus/repository/maven-group/org/apache/maven/plugins/maven-enforcer-plugin/3.0.0-M2/maven-enforcer-plugin-3.0.0-M2.pom (6.8 kB at 52 kB/s)&#xD;&#xA;[INFO] Downloading from nexus: http://nexus/repository/maven-group/org/apache/maven/enforcer/enforcer/3.0.0-M2/enforcer-3.0.0-M2.pom&#xD;&#xA;[INFO] Downloaded from nexus: http://nexus/repository/maven-group/org/apache/maven/enforcer/enforcer/3.0.0-M2/enforcer-3.0.0-M2.pom (7.9 kB at 32 kB/s)&#xD;&#xA;[INFO] Downloading from nexus: http://nexus/repository/maven-group/org/apache/maven/plugins/maven-enforcer-plugin/3.0.0-M2/maven-enforcer-plugin-3.0.0-M2.jar&#xD;&#xA;[INFO] Downloaded from nexus: http://nexus/repository/maven-group/org/apache/maven/plugins/maven-enforcer-plugin/3.0.0-M2/maven-enforcer-plugin-3.0.0-M2.jar (26 kB at 249 kB/s)&#xD;&#xA;[INFO] Downloading from nexus: http://nexus/repository/maven-group/org/apache/maven/plugins/maven-failsafe-plugin/2.22.1/maven-failsafe-plugin-2.22.1.pom&#xD;&#xA;[INFO] Downloaded from nexus: http://nexus/repository/maven-group/org/apache/maven/plugins/maven-failsafe-plugin/2.22.1/maven-failsafe-plugin-2.22.1.pom (12 kB at 96 kB/s)&#xD;&#xA;[INFO] Downloading from nexus: http://nexus/repository/maven-group/org/apache/maven/surefire/surefire/2.22.1/surefire-2.22.1.pom&#xD;&#xA;[INFO] Downloaded from nexus: http://nexus/repository/maven-group/org/apache/maven/surefire/surefire/2.22.1/surefire-2.22.1.pom (26 kB at 331 kB/s)&#xD;&#xA;[INFO] Downloading from nexus: http://nexus/repository/maven-group/org/apache/maven/plugins/maven-failsafe-plugin/2.22.1/maven-failsafe-plugin-2.22.1.jar&#xD;&#xA;[INFO] Downloaded from nexus: http://nexus/repository/maven-group/org/apache/maven/plugins/maven-failsafe-plugin/2.22.1/maven-failsafe-plugin-2.22.1.jar (294 kB at 2.8 MB/s)&#xD;&#xA;[INFO] Downloading from nexus: http://nexus/repository/maven-group/org/apache/maven/plugins/maven-invoker-plugin/3.1.0/maven-invoker-plugin-3.1.0.pom&#xD;&#xA;[INFO] Downloaded from nexus: http://nexus/repository/maven-group/org/apache/maven/plugins/maven-invoker-plugin/3.1.0/maven-invoker-plugin-3.1.0.pom (14 kB at 144 kB/s)&#xD;&#xA;[INFO] Downloading from nexus: http://nexus/repository/maven-group/org/apache/maven/plugins/maven-invoker-plugin/3.1.0/maven-invoker-plugin-3.1.0.jar&#xD;&#xA;[INFO] Downloaded from nexus: http://nexus/repository/maven-group/org/apache/maven/plugins/maven-invoker-plugin/3.1.0/maven-invoker-plugin-3.1.0.jar (115 kB at 1.4 MB/s)&#xD;&#xA;[INFO] Downloading from nexus: http://nexus/repository/maven-group/org/apache/maven/plugins/maven-help-plugin/3.1.1/maven-help-plugin-3.1.1.pom&#xD;&#xA;[INFO] Downloaded from nexus: http://nexus/repository/maven-group/org/apache/maven/plugins/maven-help-plugin/3.1.1/maven-help-plugin-3.1.1.pom (9.4 kB at 63 kB/s)&#xD;&#xA;[INFO] Downloading from nexus: http://nexus/repository/maven-group/org/apache/maven/plugins/maven-help-plugin/3.1.1/maven-help-plugin-3.1.1.jar&#xD;&#xA;[INFO] Downloaded from nexus: http://nexus/repository/maven-group/org/apache/maven/plugins/maven-help-plugin/3.1.1/maven-help-plugin-3.1.1.jar (64 kB at 709 kB/s)&#xD;&#xA;[INFO] Downloading from nexus: http://nexus/repository/maven-group/org/apache/maven/plugins/maven-javadoc-plugin/3.0.1/maven-javadoc-plugin-3.0.1.pom&#xD;&#xA;[INFO] Downloaded from nexus: http://nexus/repository/maven-group/org/apache/maven/plugins/maven-javadoc-plugin/3.0.1/maven-javadoc-plugin-3.0.1.pom (19 kB at 182 kB/s)&#xD;&#xA;[INFO] Downloading from nexus: http://nexus/repository/maven-group/org/apache/maven/plugins/maven-javadoc-plugin/3.0.1/maven-javadoc-plugin-3.0.1.jar&#xD;&#xA;[INFO] Downloaded from nexus: http://nexus/repository/maven-group/org/apache/maven/plugins/maven-javadoc-plugin/3.0.1/maven-javadoc-plugin-3.0.1.jar (421 kB at 1.8 MB/s)&#xD;&#xA;[INFO] Downloading from nexus: http://nexus/repository/maven-group/org/apache/maven/plugins/maven-shade-plugin/3.2.1/maven-shade-plugin-3.2.1.pom&#xD;&#xA;[INFO] Downloaded from nexus: http://nexus/repository/maven-group/org/apache/maven/plugins/maven-shade-plugin/3.2.1/maven-shade-plugin-3.2.1.pom (9.3 kB at 57 kB/s)&#xD;&#xA;[INFO] Downloading from nexus: http://nexus/repository/maven-group/org/apache/maven/plugins/maven-shade-plugin/3.2.1/maven-shade-plugin-3.2.1.jar&#xD;&#xA;[INFO] Downloaded from nexus: http://nexus/repository/maven-group/org/apache/maven/plugins/maven-shade-plugin/3.2.1/maven-shade-plugin-3.2.1.jar (114 kB at 933 kB/s)&#xD;&#xA;[INFO] Downloading from nexus: http://nexus/repository/maven-group/org/apache/maven/plugins/maven-source-plugin/3.0.1/maven-source-plugin-3.0.1.pom&#xD;&#xA;[INFO] Downloaded from nexus: http://nexus/repository/maven-group/org/apache/maven/plugins/maven-source-plugin/3.0.1/maven-source-plugin-3.0.1.pom (5.7 kB at 45 kB/s)&#xD;&#xA;[INFO] Downloading from nexus: http://nexus/repository/maven-group/org/apache/maven/plugins/maven-plugins/30/maven-plugins-30.pom&#xD;&#xA;[INFO] Downloaded from nexus: http://nexus/repository/maven-group/org/apache/maven/plugins/maven-plugins/30/maven-plugins-30.pom (10 kB at 90 kB/s)&#xD;&#xA;[INFO] Downloading from nexus: http://nexus/repository/maven-group/org/apache/maven/maven-parent/30/maven-parent-30.pom&#xD;&#xA;[INFO] Downloaded from nexus: http://nexus/repository/maven-group/org/apache/maven/maven-parent/30/maven-parent-30.pom (41 kB at 394 kB/s)&#xD;&#xA;[INFO] Downloading from nexus: http://nexus/repository/maven-group/org/apache/maven/plugins/maven-source-plugin/3.0.1/maven-source-plugin-3.0.1.jar&#xD;&#xA;[INFO] Downloaded from nexus: http://nexus/repository/maven-group/org/apache/maven/plugins/maven-source-plugin/3.0.1/maven-source-plugin-3.0.1.jar (31 kB at 552 kB/s)&#xD;&#xA;[INFO] Downloading from nexus: http://nexus/repository/maven-group/org/apache/maven/plugins/maven-surefire-plugin/2.22.1/maven-surefire-plugin-2.22.1.pom&#xD;&#xA;[INFO] Downloaded from nexus: http://nexus/repository/maven-group/org/apache/maven/plugins/maven-surefire-plugin/2.22.1/maven-surefire-plugin-2.22.1.pom (5.0 kB at 39 kB/s)&#xD;&#xA;[INFO] Downloading from nexus: http://nexus/repository/maven-group/org/apache/maven/plugins/maven-surefire-plugin/2.22.1/maven-surefire-plugin-2.22.1.jar&#xD;&#xA;[INFO] Downloaded from nexus: http://nexus/repository/maven-group/org/apache/maven/plugins/maven-surefire-plugin/2.22.1/maven-surefire-plugin-2.22.1.jar (41 kB at 357 kB/s)&#xD;&#xA;[INFO] Downloading from nexus: http://nexus/repository/maven-group/org/apache/maven/plugins/maven-war-plugin/3.2.2/maven-war-plugin-3.2.2.pom&#xD;&#xA;[INFO] Downloaded from nexus: http://nexus/repository/maven-group/org/apache/maven/plugins/maven-war-plugin/3.2.2/maven-war-plugin-3.2.2.pom (9.7 kB at 96 kB/s)&#xD;&#xA;[INFO] Downloading from nexus: http://nexus/repository/maven-group/org/apache/maven/plugins/maven-war-plugin/3.2.2/maven-war-plugin-3.2.2.jar&#xD;&#xA;[INFO] Downloaded from nexus: http://nexus/repository/maven-group/org/apache/maven/plugins/maven-war-plugin/3.2.2/maven-war-plugin-3.2.2.jar (91 kB at 1.0 MB/s)&#xD;&#xA;[INFO] Downloading from nexus: http://nexus/repository/maven-group/org/codehaus/mojo/build-helper-maven-plugin/3.0.0/build-helper-maven-plugin-3.0.0.pom&#xD;&#xA;[INFO] Downloaded from nexus: http://nexus/repository/maven-group/org/codehaus/mojo/build-helper-maven-plugin/3.0.0/build-helper-maven-plugin-3.0.0.pom (5.8 kB at 57 kB/s)&#xD;&#xA;[INFO] Downloading from nexus: http://nexus/repository/maven-group/org/codehaus/mojo/mojo-parent/40/mojo-parent-40.pom&#xD;&#xA;[INFO] Downloaded from nexus: http://nexus/repository/maven-group/org/codehaus/mojo/mojo-parent/40/mojo-parent-40.pom (34 kB at 278 kB/s)&#xD;&#xA;[INFO] Downloading from nexus: http://nexus/repository/maven-group/org/codehaus/mojo/build-helper-maven-plugin/3.0.0/build-helper-maven-plugin-3.0.0.jar&#xD;&#xA;[INFO] Downloaded from nexus: http://nexus/repository/maven-group/org/codehaus/mojo/build-helper-maven-plugin/3.0.0/build-helper-maven-plugin-3.0.0.jar (64 kB at 693 kB/s)&#xD;&#xA;[INFO] Downloading from nexus: http://nexus/repository/maven-group/org/codehaus/mojo/exec-maven-plugin/1.6.0/exec-maven-plugin-1.6.0.pom&#xD;&#xA;[INFO] Downloaded from nexus: http://nexus/repository/maven-group/org/codehaus/mojo/exec-maven-plugin/1.6.0/exec-maven-plugin-1.6.0.pom (13 kB at 80 kB/s)&#xD;&#xA;[INFO] Downloading from nexus: http://nexus/repository/maven-group/org/codehaus/mojo/exec-maven-plugin/1.6.0/exec-maven-plugin-1.6.0.jar&#xD;&#xA;[INFO] Downloaded from nexus: http://nexus/repository/maven-group/org/codehaus/mojo/exec-maven-plugin/1.6.0/exec-maven-plugin-1.6.0.jar (58 kB at 566 kB/s)&#xD;&#xA;[INFO] Downloading from nexus: http://nexus/repository/maven-group/org/codehaus/mojo/versions-maven-plugin/2.7/versions-maven-plugin-2.7.pom&#xD;&#xA;[INFO] Downloaded from nexus: http://nexus/repository/maven-group/org/codehaus/mojo/versions-maven-plugin/2.7/versions-maven-plugin-2.7.pom (17 kB at 71 kB/s)&#xD;&#xA;[INFO] Downloading from nexus: http://nexus/repository/maven-group/org/codehaus/mojo/versions-maven-plugin/2.7/versions-maven-plugin-2.7.jar&#xD;&#xA;[INFO] Downloaded from nexus: http://nexus/repository/maven-group/org/codehaus/mojo/versions-maven-plugin/2.7/versions-maven-plugin-2.7.jar (310 kB at 2.7 MB/s)&#xD;&#xA;[INFO] &#xD;&#xA;[INFO] -----------------&lt; com.example:bdd-spring-1547468057 &gt;------------------&#xD;&#xA;[INFO] Building demo 0.0.1-SNAPSHOT&#xD;&#xA;[INFO] --------------------------------[ jar ]---------------------------------&#xD;&#xA;[INFO] &#xD;&#xA;[INFO] --- versions-maven-plugin:2.7:set (default-cli) @ bdd-spring-1547468057 ---&#xD;&#xA;[INFO] Downloading from nexus: http://nexus/repository/maven-group/org/apache/maven/maven-artifact/2.2.1/maven-artifact-2.2.1.pom&#xD;&#xA;[INFO] Downloaded from nexus: http://nexus/repository/maven-group/org/apache/maven/maven-artifact/2.2.1/maven-artifact-2.2.1.pom (1.6 kB at 20 kB/s)&#xD;&#xA;[INFO] Downloading from nexus: http://nexus/repository/maven-group/org/apache/maven/maven/2.2.1/maven-2.2.1.pom&#xD;&#xA;[INFO] Downloaded from nexus: http://nexus/repository/maven-group/org/apache/maven/maven/2.2.1/maven-2.2.1.pom (22 kB at 241 kB/s)&#xD;&#xA;[INFO] Downloading from nexus: http://nexus/repository/maven-group/org/apache/maven/maven-parent/11/maven-parent-11.pom&#xD;&#xA;[INFO] Downloaded from nexus: http://nexus/repository/maven-group/org/apache/maven/maven-parent/11/maven-parent-11.pom (32 kB at 230 kB/s)&#xD;&#xA;[INFO] Downloading from nexus: http://nexus/repository/maven-group/org/apache/apache/5/apache-5.pom&#xD;&#xA;[INFO] Downloaded from nexus: http://nexus/repository/maven-group/org/apache/apache/5/apache-5.pom (4.1 kB at 26 kB/s)&#xD;&#xA;[INFO] Downloading from nexus: http://nexus/repository/maven-group/org/codehaus/plexus/plexus-utils/1.5.15/plexus-utils-1.5.15.pom&#xD;&#xA;[INFO] Downloaded from nexus: http://nexus/repository/maven-group/org/codehaus/plexus/plexus-utils/1.5.15/plexus-utils-1.5.15.pom (6.8 kB at 38 kB/s)&#xD;&#xA;[INFO] Downloading from nexus: http://nexus/repository/maven-group/org/codehaus/plexus/plexus/2.0.2/plexus-2.0.2.pom&#xD;&#xA;[INFO] Downloaded from nexus: http://nexus/repository/maven-group/org/codehaus/plexus/plexus/2.0.2/plexus-2.0.2.pom (12 kB at 145 kB/s)&#xD;&#xA;[INFO] Downloading from nexus: http://nexus/repository/maven-group/org/apache/maven/maven-artifact-manager/2.2.1/maven-artifact-manager-2.2.1.pom&#xD;&#xA;[INFO] Downloaded from nexus: http://nexus/repository/maven-group/org/apache/maven/maven-artifact-manager/2.2.1/maven-artifact-manager-2.2.1.pom (3.1 kB at 49 kB/s)&#xD;&#xA;[INFO] Downloading from nexus: http://nexus/repository/maven-group/org/apache/maven/maven-repository-metadata/2.2.1/maven-repository-metadata-2.2.1.pom&#xD;&#xA;[INFO] Downloaded from nexus: http://nexus/repository/maven-group/org/apache/maven/maven-repository-metadata/2.2.1/maven-repository-metadata-2.2.1.pom (1.9 kB at 28 kB/s)&#xD;&#xA;[INFO] Downloading from nexus: http://nexus/repository/maven-group/org/codehaus/plexus/plexus-container-default/1.0-alpha-9-stable-1/plexus-container-default-1.0-alpha-9-stable-1.pom&#xD;&#xA;[INFO] Downloaded from nexus: http://nexus/repository/maven-group/org/codehaus/plexus/plexus-container-default/1.0-alpha-9-stable-1/plexus-container-default-1.0-alpha-9-stable-1.pom (3.9 kB at 44 kB/s)&#xD;&#xA;[INFO] Downloading from nexus: http://nexus/repository/maven-group/org/codehaus/plexus/plexus-containers/1.0.3/plexus-containers-1.0.3.pom&#xD;&#xA;[INFO] Downloaded from nexus: http://nexus/repository/maven-group/org/codehaus/plexus/plexus-containers/1.0.3/plexus-containers-1.0.3.pom (492 B at 6.1 kB/s)&#xD;&#xA;[INFO] Downloading from nexus: http://nexus/repository/maven-group/org/codehaus/plexus/plexus/1.0.4/plexus-1.0.4.pom&#xD;&#xA;[INFO] Downloaded from nexus: http://nexus/repository/maven-group/org/codehaus/plexus/plexus/1.0.4/plexus-1.0.4.pom (5.7 kB at 61 kB/s)&#xD;&#xA;[INFO] Downloading from nexus: http://nexus/repository/maven-group/junit/junit/4.12/junit-4.12.pom&#xD;&#xA;[INFO] Downloaded from nexus: http://nexus/repository/maven-group/junit/junit/4.12/junit-4.12.pom (24 kB at 221 kB/s)&#xD;&#xA;[INFO] Downloading from nexus: http://nexus/repository/maven-group/org/hamcrest/hamcrest-core/1.3/hamcrest-core-1.3.pom&#xD;&#xA;[INFO] Downloaded from nexus: http://nexus/repository/maven-group/org/hamcrest/hamcrest-core/1.3/hamcrest-core-1.3.pom (766 B at 8.9 kB/s)&#xD;&#xA;[INFO] Downloading from nexus: http://nexus/repository/maven-group/org/hamcrest/hamcrest-parent/1.3/hamcrest-parent-1.3.pom&#xD;&#xA;[INFO] Downloaded from nexus: http://nexus/repository/maven-group/org/hamcrest/hamcrest-parent/1.3/hamcrest-parent-1.3.pom (2.0 kB at 26 kB/s)&#xD;&#xA;[INFO] Downloading from nexus: http://nexus/repository/maven-group/org/codehaus/plexus/plexus-utils/1.0.4/plexus-utils-1.0.4.pom&#xD;&#xA;[INFO] Downloaded from nexus: http://nexus/repository/maven-group/org/codehaus/plexus/plexus-utils/1.0.4/plexus-utils-1.0.4.pom (6.9 kB at 69 kB/s)&#xD;&#xA;[INFO] Downloading from nexus: http://nexus/repository/maven-group/classworlds/classworlds/1.1-alpha-2/classworlds-1.1-alpha-2.pom&#xD;&#xA;[INFO] Downloaded from nexus: http://nexus/repository/maven-group/classworlds/classworlds/1.1-alpha-2/classworlds-1.1-alpha-2.pom (3.1 kB at 28 kB/s)&#xD;&#xA;[INFO] Downloading from nexus: http://nexus/repository/maven-group/backport-util-concurrent/backport-util-concurrent/3.1/backport-util-concurrent-3.1.pom&#xD;&#xA;[INFO] Downloaded from nexus: http://nexus/repository/maven-group/backport-util-concurrent/backport-util-concurrent/3.1/backport-util-concurrent-3.1.pom (880 B at 4.7 kB/s)&#xD;&#xA;[INFO] Downloading from nexus: http://nexus/repository/maven-group/org/apache/maven/maven-core/2.2.1/maven-core-2.2.1.pom&#xD;&#xA;[INFO] Downloaded from nexus: http://nexus/repository/maven-group/org/apache/maven/maven-core/2.2.1/maven-core-2.2.1.pom (12 kB at 67 kB/s)&#xD;&#xA;[INFO] Downloading from nexus: http://nexus/repository/maven-group/org/apache/maven/maven-settings/2.2.1/maven-settings-2.2.1.pom&#xD;&#xA;[INFO] Downloaded from nexus: http://nexus/repository/maven-group/org/apache/maven/maven-settings/2.2.1/maven-settings-2.2.1.pom (2.2 kB at 16 kB/s)&#xD;&#xA;[INFO] Downloading from nexus: http://nexus/repository/maven-group/org/apache/maven/maven-model/2.2.1/maven-model-2.2.1.pom&#xD;&#xA;[INFO] Downloaded from nexus: http://nexus/repository/maven-group/org/apache/maven/maven-model/2.2.1/maven-model-2.2.1.pom (3.2 kB at 19 kB/s)&#xD;&#xA;[INFO] Downloading from nexus: http://nexus/repository/maven-group/org/codehaus/plexus/plexus-interpolation/1.11/plexus-interpolation-1.11.pom&#xD;&#xA;[INFO] Downloaded from nexus: http://nexus/repository/maven-group/org/codehaus/plexus/plexus-interpolation/1.11/plexus-interpolation-1.11.pom (889 B at 7.9 kB/s)&#xD;&#xA;[INFO] Downloading from nexus: http://nexus/repository/maven-group/org/codehaus/plexus/plexus-components/1.1.14/plexus-components-1.1.14.pom&#xD;&#xA;[INFO] Downloaded from nexus: http://nexus/repository/maven-group/org/codehaus/plexus/plexus-components/1.1.14/plexus-components-1.1.14.pom (5.8 kB at 56 kB/s)&#xD;&#xA;[INFO] Downloading from nexus: http://nexus/repository/maven-group/org/apache/maven/maven-plugin-parameter-documenter/2.2.1/maven-plugin-parameter-documenter-2.2.1.pom&#xD;&#xA;[INFO] Downloaded from nexus: http://nexus/repository/maven-group/org/apache/maven/maven-plugin-parameter-documenter/2.2.1/maven-plugin-parameter-documenter-2.2.1.pom (2.0 kB at 17 kB/s)&#xD;&#xA;[INFO] Downloading from nexus: http://nexus/repository/maven-group/org/slf4j/slf4j-jdk14/1.5.6/slf4j-jdk14-1.5.6.pom&#xD;&#xA;[INFO] Downloaded from nexus: http://nexus/repository/maven-group/org/slf4j/slf4j-jdk14/1.5.6/slf4j-jdk14-1.5.6.pom (1.9 kB at 20 kB/s)&#xD;&#xA;[INFO] Downloading from nexus: http://nexus/repository/maven-group/org/slf4j/slf4j-parent/1.5.6/slf4j-parent-1.5.6.pom&#xD;&#xA;[INFO] Downloaded from nexus: http://nexus/repository/maven-group/org/slf4j/slf4j-parent/1.5.6/slf4j-parent-1.5.6.pom (7.9 kB at 106 kB/s)&#xD;&#xA;[INFO] Downloading from nexus: http://nexus/repository/maven-group/org/slf4j/slf4j-api/1.5.6/slf4j-api-1.5.6.pom&#xD;&#xA;[INFO] Downloaded from nexus: http://nexus/repository/maven-group/org/slf4j/slf4j-api/1.5.6/slf4j-api-1.5.6.pom (3.0 kB at 33 kB/s)&#xD;&#xA;[INFO] Downloading from nexus: http://nexus/repository/maven-group/org/slf4j/jcl-over-slf4j/1.5.6/jcl-over-slf4j-1.5.6.pom&#xD;&#xA;[INFO] Downloaded from nexus: http://nexus/repository/maven-group/org/slf4j/jcl-over-slf4j/1.5.6/jcl-over-slf4j-1.5.6.pom (2.2 kB at 35 kB/s)&#xD;&#xA;[INFO] Downloading from nexus: http://nexus/repository/maven-group/org/apache/maven/reporting/maven-reporting-api/2.2.1/maven-reporting-api-2.2.1.pom&#xD;&#xA;[INFO] Downloaded from nexus: http://nexus/repository/maven-group/org/apache/maven/reporting/maven-reporting-api/2.2.1/maven-reporting-api-2.2.1.pom (1.9 kB at 12 kB/s)&#xD;&#xA;[INFO] Downloading from nexus: http://nexus/repository/maven-group/org/apache/maven/reporting/maven-reporting/2.2.1/maven-reporting-2.2.1.pom&#xD;&#xA;[INFO] Downloaded from nexus: http://nexus/repository/maven-group/org/apache/maven/reporting/maven-reporting/2.2.1/maven-reporting-2.2.1.pom (1.4 kB at 18 kB/s)&#xD;&#xA;[INFO] Downloading from nexus: http://nexus/repository/maven-group/org/apache/maven/doxia/doxia-sink-api/1.1/doxia-sink-api-1.1.pom&#xD;&#xA;[INFO] Downloaded from nexus: http://nexus/repository/maven-group/org/apache/maven/doxia/doxia-sink-api/1.1/doxia-sink-api-1.1.pom (2.0 kB at 24 kB/s)&#xD;&#xA;[INFO] Downloading from nexus: http://nexus/repository/maven-group/org/apache/maven/doxia/doxia/1.1/doxia-1.1.pom&#xD;&#xA;[INFO] Downloaded from nexus: http://nexus/repository/maven-group/org/apache/maven/doxia/doxia/1.1/doxia-1.1.pom (15 kB at 220 kB/s)&#xD;&#xA;[INFO] Downloading from nexus: http://nexus/repository/maven-group/org/apache/maven/doxia/doxia-logging-api/1.1/doxia-logging-api-1.1.pom&#xD;&#xA;[INFO] Downloaded from nexus: http://nexus/repository/maven-group/org/apache/maven/doxia/doxia-logging-api/1.1/doxia-logging-api-1.1.pom (1.6 kB at 16 kB/s)&#xD;&#xA;[INFO] Downloading from nexus: http://nexus/repository/maven-group/org/codehaus/plexus/plexus-container-default/1.0-alpha-30/plexus-container-default-1.0-alpha-30.pom&#xD;&#xA;[INFO] Downloaded from nexus: http://nexus/repository/maven-group/org/codehaus/plexus/plexus-container-default/1.0-alpha-30/plexus-container-default-1.0-alpha-30.pom (3.5 kB at 42 kB/s)&#xD;&#xA;[INFO] Downloading from nexus: http://nexus/repository/maven-group/org/codehaus/plexus/plexus-containers/1.0-alpha-30/plexus-containers-1.0-alpha-30.pom&#xD;&#xA;[INFO] Downloaded from nexus: http://nexus/repository/maven-group/org/codehaus/plexus/plexus-containers/1.0-alpha-30/plexus-containers-1.0-alpha-30.pom (1.9 kB at 14 kB/s)&#xD;&#xA;[INFO] Downloading from nexus: http://nexus/repository/maven-group/org/codehaus/plexus/plexus/1.0.11/plexus-1.0.11.pom&#xD;&#xA;[INFO] Downloaded from nexus: http://nexus/repository/maven-group/org/codehaus/plexus/plexus/1.0.11/plexus-1.0.11.pom (9.0 kB at 69 kB/s)&#xD;&#xA;[INFO] Downloading from nexus: http://nexus/repository/maven-group/org/codehaus/plexus/plexus-utils/1.4.5/plexus-utils-1.4.5.pom&#xD;&#xA;[INFO] Downloaded from nexus: http://nexus/repository/maven-group/org/codehaus/plexus/plexus-utils/1.4.5/plexus-utils-1.4.5.pom (2.3 kB at 27 kB/s)&#xD;&#xA;[INFO] Downloading from nexus: http://nexus/repository/maven-group/org/codehaus/plexus/plexus-classworlds/1.2-alpha-9/plexus-classworlds-1.2-alpha-9.pom&#xD;&#xA;[INFO] Downloaded from nexus: http://nexus/repository/maven-group/org/codehaus/plexus/plexus-classworlds/1.2-alpha-9/plexus-classworlds-1.2-alpha-9.pom (3.2 kB at 36 kB/s)&#xD;&#xA;[INFO] Downloading from nexus: http://nexus/repository/maven-group/org/codehaus/plexus/plexus/1.0.10/plexus-1.0.10.pom&#xD;&#xA;[INFO] Downloaded from nexus: http://nexus/repository/maven-group/org/codehaus/plexus/plexus/1.0.10/plexus-1.0.10.pom (8.2 kB at 115 kB/s)&#xD;&#xA;[INFO] Downloading from nexus: http://nexus/repository/maven-group/org/apache/maven/maven-profile/2.2.1/maven-profile-2.2.1.pom&#xD;&#xA;[INFO] Downloaded from nexus: http://nexus/repository/maven-group/org/apache/maven/maven-profile/2.2.1/maven-profile-2.2.1.pom (2.2 kB at 19 kB/s)&#xD;&#xA;[INFO] Downloading from nexus: http://nexus/repository/maven-group/org/apache/maven/maven-error-diagnostics/2.2.1/maven-error-diagnostics-2.2.1.pom&#xD;&#xA;[INFO] Downloaded from nexus: http://nexus/repository/maven-group/org/apache/maven/maven-error-diagnostics/2.2.1/maven-error-diagnostics-2.2.1.pom (1.7 kB at 23 kB/s)&#xD;&#xA;[INFO] Downloading from nexus: http://nexus/repository/maven-group/org/apache/maven/maven-project/2.2.1/maven-project-2.2.1.pom&#xD;&#xA;[INFO] Downloaded from nexus: http://nexus/repository/maven-group/org/apache/maven/maven-project/2.2.1/maven-project-2.2.1.pom (2.8 kB at 32 kB/s)&#xD;&#xA;[INFO] Downloading from nexus: http://nexus/repository/maven-group/org/apache/maven/maven-plugin-registry/2.2.1/maven-plugin-registry-2.2.1.pom&#xD;&#xA;[INFO] Downloaded from nexus: http://nexus/repository/maven-group/org/apache/maven/maven-plugin-registry/2.2.1/maven-plugin-registry-2.2.1.pom (1.9 kB at 29 kB/s)&#xD;&#xA;[INFO] Downloading from nexus: http://nexus/repository/maven-group/commons-cli/commons-cli/1.2/commons-cli-1.2.pom&#xD;&#xA;[INFO] Downloaded from nexus: http://nexus/repository/maven-group/commons-cli/commons-cli/1.2/commons-cli-1.2.pom (8.0 kB at 81 kB/s)&#xD;&#xA;[INFO] Downloading from nexus: http://nexus/repository/maven-group/org/apache/commons/commons-parent/11/commons-parent-11.pom&#xD;&#xA;[INFO] Downloaded from nexus: http://nexus/repository/maven-group/org/apache/commons/commons-parent/11/commons-parent-11.pom (25 kB at 268 kB/s)&#xD;&#xA;[INFO] Downloading from nexus: http://nexus/repository/maven-group/org/apache/apache/4/apache-4.pom&#xD;&#xA;[INFO] Downloaded from nexus: http://nexus/repository/maven-group/org/apache/apache/4/apache-4.pom (4.5 kB at 40 kB/s)&#xD;&#xA;[INFO] Downloading from nexus: http://nexus/repository/maven-group/org/apache/maven/maven-plugin-api/3.0/maven-plugin-api-3.0.pom&#xD;&#xA;[INFO] Downloaded from nexus: http://nexus/repository/maven-group/org/apache/maven/maven-plugin-api/3.0/maven-plugin-api-3.0.pom (2.3 kB at 33 kB/s)&#xD;&#xA;[INFO] Downloading from nexus: http://nexus/repository/maven-group/org/apache/maven/maven/3.0/maven-3.0.pom&#xD;&#xA;[INFO] Downloaded from nexus: http://nexus/repository/maven-group/org/apache/maven/maven/3.0/maven-3.0.pom (22 kB at 322 kB/s)&#xD;&#xA;[INFO] Downloading from nexus: http://nexus/repository/maven-group/org/apache/maven/maven-parent/15/maven-parent-15.pom&#xD;&#xA;[INFO] Downloaded from nexus: http://nexus/repository/maven-group/org/apache/maven/maven-parent/15/maven-parent-15.pom (24 kB at 312 kB/s)&#xD;&#xA;[INFO] Downloading from nexus: http://nexus/repository/maven-group/org/apache/apache/6/apache-6.pom&#xD;&#xA;[INFO] Downloaded from nexus: http://nexus/repository/maven-group/org/apache/apache/6/apache-6.pom (13 kB at 206 kB/s)&#xD;&#xA;[INFO] Downloading from nexus: http://nexus/repository/maven-group/org/apache/maven/maven-model/3.0/maven-model-3.0.pom&#xD;&#xA;[INFO] Downloaded from nexus: http://nexus/repository/maven-group/org/apache/maven/maven-model/3.0/maven-model-3.0.pom (3.9 kB at 51 kB/s)&#xD;&#xA;[INFO] Downloading from nexus: http://nexus/repository/maven-group/org/codehaus/plexus/plexus-utils/2.0.4/plexus-utils-2.0.4.pom&#xD;&#xA;[INFO] Downloaded from nexus: http://nexus/repository/maven-group/org/codehaus/plexus/plexus-utils/2.0.4/plexus-utils-2.0.4.pom (3.3 kB at 44 kB/s)&#xD;&#xA;[INFO] Downloading from nexus: http://nexus/repository/maven-group/org/codehaus/plexus/plexus/2.0.6/plexus-2.0.6.pom&#xD;&#xA;[INFO] Downloaded from nexus: http://nexus/repository/maven-group/org/codehaus/plexus/plexus/2.0.6/plexus-2.0.6.pom (17 kB at 204 kB/s)&#xD;&#xA;[INFO] Downloading from nexus: http://nexus/repository/maven-group/org/apache/maven/maven-artifact/3.0/maven-artifact-3.0.pom&#xD;&#xA;[INFO] Downloaded from nexus: http://nexus/repository/maven-group/org/apache/maven/maven-artifact/3.0/maven-artifact-3.0.pom (1.9 kB at 29 kB/s)&#xD;&#xA;[INFO] Downloading from nexus: http://nexus/repository/maven-group/org/sonatype/sisu/sisu-inject-plexus/1.4.2/sisu-inject-plexus-1.4.2.pom&#xD;&#xA;[INFO] Downloaded from nexus: http://nexus/repository/maven-group/org/sonatype/sisu/sisu-inject-plexus/1.4.2/sisu-inject-plexus-1.4.2.pom (5.4 kB at 59 kB/s)&#xD;&#xA;[INFO] Downloading from nexus: http://nexus/repository/maven-group/org/sonatype/sisu/inject/guice-plexus/1.4.2/guice-plexus-1.4.2.pom&#xD;&#xA;[INFO] Downloaded from nexus: http://nexus/repository/maven-group/org/sonatype/sisu/inject/guice-plexus/1.4.2/guice-plexus-1.4.2.pom (3.1 kB at 41 kB/s)&#xD;&#xA;[INFO] Downloading from nexus: http://nexus/repository/maven-group/org/sonatype/sisu/inject/guice-bean/1.4.2/guice-bean-1.4.2.pom&#xD;&#xA;[INFO] Downloaded from nexus: http://nexus/repository/maven-group/org/sonatype/sisu/inject/guice-bean/1.4.2/guice-bean-1.4.2.pom (2.6 kB at 47 kB/s)&#xD;&#xA;[INFO] Downloading from nexus: http://nexus/repository/maven-group/org/sonatype/sisu/sisu-inject/1.4.2/sisu-inject-1.4.2.pom&#xD;&#xA;[INFO] Downloaded from nexus: http://nexus/repository/maven-group/org/sonatype/sisu/sisu-inject/1.4.2/sisu-inject-1.4.2.pom (1.2 kB at 22 kB/s)&#xD;&#xA;[INFO] Downloading from nexus: http://nexus/repository/maven-group/org/sonatype/sisu/sisu-parent/1.4.2/sisu-parent-1.4.2.pom&#xD;&#xA;[INFO] Downloaded from nexus: http://nexus/repository/maven-group/org/sonatype/sisu/sisu-parent/1.4.2/sisu-parent-1.4.2.pom (7.8 kB at 139 kB/s)&#xD;&#xA;[INFO] Downloading from nexus: http://nexus/repository/maven-group/org/sonatype/forge/forge-parent/6/forge-parent-6.pom&#xD;&#xA;[INFO] Downloaded from nexus: http://nexus/repository/maven-group/org/sonatype/forge/forge-parent/6/forge-parent-6.pom (11 kB at 154 kB/s)&#xD;&#xA;[INFO] Downloading from nexus: http://nexus/repository/maven-group/org/codehaus/plexus/plexus-component-annotations/1.5.4/plexus-component-annotations-1.5.4.pom&#xD;&#xA;[INFO] Downloaded from nexus: http://nexus/repository/maven-group/org/codehaus/plexus/plexus-component-annotations/1.5.4/plexus-component-annotations-1.5.4.pom (815 B at 11 kB/s)&#xD;&#xA;[INFO] Downloading from nexus: http://nexus/repository/maven-group/org/codehaus/plexus/plexus-containers/1.5.4/plexus-containers-1.5.4.pom&#xD;&#xA;[INFO] Downloaded from nexus: http://nexus/repository/maven-group/org/codehaus/plexus/plexus-containers/1.5.4/plexus-containers-1.5.4.pom (4.2 kB at 60 kB/s)&#xD;&#xA;[INFO] Downloading from nexus: http://nexus/repository/maven-group/org/codehaus/plexus/plexus/2.0.5/plexus-2.0.5.pom&#xD;&#xA;[INFO] Downloaded from nexus: http://nexus/repository/maven-group/org/codehaus/plexus/plexus/2.0.5/plexus-2.0.5.pom (17 kB at 120 kB/s)&#xD;&#xA;[INFO] Downloading from nexus: http://nexus/repository/maven-group/org/codehaus/plexus/plexus-classworlds/2.2.3/plexus-classworlds-2.2.3.pom&#xD;&#xA;[INFO] Downloaded from nexus: http://nexus/repository/maven-group/org/codehaus/plexus/plexus-classworlds/2.2.3/plexus-classworlds-2.2.3.pom (4.0 kB at 43 kB/s)&#xD;&#xA;[INFO] Downloading from nexus: http://nexus/repository/maven-group/org/codehaus/plexus/plexus-utils/2.0.5/plexus-utils-2.0.5.pom&#xD;&#xA;[INFO] Downloaded from nexus: http://nexus/repository/maven-group/org/codehaus/plexus/plexus-utils/2.0.5/plexus-utils-2.0.5.pom (3.3 kB at 38 kB/s)&#xD;&#xA;[INFO] Downloading from nexus: http://nexus/repository/maven-group/org/sonatype/sisu/sisu-inject-bean/1.4.2/sisu-inject-bean-1.4.2.pom&#xD;&#xA;[INFO] Downloaded from nexus: http://nexus/repository/maven-group/org/sonatype/sisu/sisu-inject-bean/1.4.2/sisu-inject-bean-1.4.2.pom (5.5 kB at 76 kB/s)&#xD;&#xA;[INFO] Downloading from nexus: http://nexus/repository/maven-group/org/sonatype/sisu/sisu-guice/2.1.7/sisu-guice-2.1.7.pom&#xD;&#xA;[INFO] Downloaded from nexus: http://nexus/repository/maven-group/org/sonatype/sisu/sisu-guice/2.1.7/sisu-guice-2.1.7.pom (11 kB at 129 kB/s)&#xD;&#xA;[INFO] Downloading from nexus: http://nexus/repository/maven-group/org/apache/maven/maven-plugin-descriptor/2.2.1/maven-plugin-descriptor-2.2.1.pom&#xD;&#xA;[INFO] Downloaded from nexus: http://nexus/repository/maven-group/org/apache/maven/maven-plugin-descriptor/2.2.1/maven-plugin-descriptor-2.2.1.pom (2.1 kB at 9.3 kB/s)&#xD;&#xA;[INFO] Downloading from nexus: http://nexus/repository/maven-group/org/codehaus/plexus/plexus-interactivity-api/1.0-alpha-4/plexus-interactivity-api-1.0-alpha-4.pom&#xD;&#xA;[INFO] Downloaded from nexus: http://nexus/repository/maven-group/org/codehaus/plexus/plexus-interactivity-api/1.0-alpha-4/plexus-interactivity-api-1.0-alpha-4.pom (7.1 kB at 107 kB/s)&#xD;&#xA;[INFO] Downloading from nexus: http://nexus/repository/maven-group/org/apache/maven/maven-monitor/2.2.1/maven-monitor-2.2.1.pom&#xD;&#xA;[INFO] Downloaded from nexus: http://nexus/repository/maven-group/org/apache/maven/maven-monitor/2.2.1/maven-monitor-2.2.1.pom (1.3 kB at 14 kB/s)&#xD;&#xA;[INFO] Downloading from nexus: http://nexus/repository/maven-group/classworlds/classworlds/1.1/classworlds-1.1.pom&#xD;&#xA;[INFO] Downloaded from nexus: http://nexus/repository/maven-group/classworlds/classworlds/1.1/classworlds-1.1.pom (3.3 kB at 32 kB/s)&#xD;&#xA;[INFO] Downloading from nexus: http://nexus/repository/maven-group/org/sonatype/plexus/plexus-sec-dispatcher/1.3/plexus-sec-dispatcher-1.3.pom&#xD;&#xA;[INFO] Downloaded from nexus: http://nexus/repository/maven-group/org/sonatype/plexus/plexus-sec-dispatcher/1.3/plexus-sec-dispatcher-1.3.pom (3.0 kB at 37 kB/s)&#xD;&#xA;[INFO] Downloading from nexus: http://nexus/repository/maven-group/org/sonatype/spice/spice-parent/12/spice-parent-12.pom&#xD;&#xA;[INFO] Downloaded from nexus: http://nexus/repository/maven-group/org/sonatype/spice/spice-parent/12/spice-parent-12.pom (6.8 kB at 87 kB/s)&#xD;&#xA;[INFO] Downloading from nexus: http://nexus/repository/maven-group/org/sonatype/forge/forge-parent/4/forge-parent-4.pom&#xD;&#xA;[INFO] Downloaded from nexus: http://nexus/repository/maven-group/org/sonatype/forge/forge-parent/4/forge-parent-4.pom (8.4 kB at 76 kB/s)&#xD;&#xA;[INFO] Downloading from nexus: http://nexus/repository/maven-group/org/codehaus/plexus/plexus-utils/1.5.5/plexus-utils-1.5.5.pom&#xD;&#xA;[INFO] Downloaded from nexus: http://nexus/repository/maven-group/org/codehaus/plexus/plexus-utils/1.5.5/plexus-utils-1.5.5.pom (5.1 kB at 61 kB/s)&#xD;&#xA;[INFO] Downloading from nexus: http://nexus/repository/maven-group/org/sonatype/plexus/plexus-cipher/1.4/plexus-cipher-1.4.pom&#xD;&#xA;[INFO] Downloaded from nexus: http://nexus/repository/maven-group/org/sonatype/plexus/plexus-cipher/1.4/plexus-cipher-1.4.pom (2.1 kB at 14 kB/s)&#xD;&#xA;[INFO] Downloading from nexus: http://nexus/repository/maven-group/org/apache/maven/maven-plugin-api/2.2.1/maven-plugin-api-2.2.1.pom&#xD;&#xA;[INFO] Downloaded from nexus: http://nexus/repository/maven-group/org/apache/maven/maven-plugin-api/2.2.1/maven-plugin-api-2.2.1.pom (1.5 kB at 17 kB/s)&#xD;&#xA;[INFO] Downloading from nexus: http://nexus/repository/maven-group/org/apache/maven/reporting/maven-reporting-api/3.0/maven-reporting-api-3.0.pom&#xD;&#xA;[INFO] Downloaded from nexus: http://nexus/repository/maven-group/org/apache/maven/reporting/maven-reporting-api/3.0/maven-reporting-api-3.0.pom (2.4 kB at 29 kB/s)&#xD;&#xA;[INFO] Downloading from nexus: http://nexus/repository/maven-group/org/apache/maven/shared/maven-shared-components/15/maven-shared-components-15.pom&#xD;&#xA;[INFO] Downloaded from nexus: http://nexus/repository/maven-group/org/apache/maven/shared/maven-shared-components/15/maven-shared-components-15.pom (9.3 kB at 92 kB/s)&#xD;&#xA;[INFO] Downloading from nexus: http://nexus/repository/maven-group/org/apache/maven/maven-parent/16/maven-parent-16.pom&#xD;&#xA;[INFO] Downloaded from nexus: http://nexus/repository/maven-group/org/apache/maven/maven-parent/16/maven-parent-16.pom (23 kB at 284 kB/s)&#xD;&#xA;[INFO] Downloading from nexus: http://nexus/repository/maven-group/org/apache/apache/7/apache-7.pom&#xD;&#xA;[INFO] Downloaded from nexus: http://nexus/repository/maven-group/org/apache/apache/7/apache-7.pom (14 kB at 198 kB/s)&#xD;&#xA;[INFO] Downloading from nexus: http://nexus/repository/maven-group/org/apache/maven/doxia/doxia-sink-api/1.0/doxia-sink-api-1.0.pom&#xD;&#xA;[INFO] Downloaded from nexus: http://nexus/repository/maven-group/org/apache/maven/doxia/doxia-sink-api/1.0/doxia-sink-api-1.0.pom (1.4 kB at 19 kB/s)&#xD;&#xA;[INFO] Downloading from nexus: http://nexus/repository/maven-group/org/apache/maven/doxia/doxia/1.0/doxia-1.0.pom&#xD;&#xA;[INFO] Downloaded from nexus: http://nexus/repository/maven-group/org/apache/maven/doxia/doxia/1.0/doxia-1.0.pom (9.6 kB at 124 kB/s)&#xD;&#xA;[INFO] Downloading from nexus: http://nexus/repository/maven-group/org/apache/maven/maven-parent/10/maven-parent-10.pom&#xD;&#xA;[INFO] Downloaded from nexus: http://nexus/repository/maven-group/org/apache/maven/maven-parent/10/maven-parent-10.pom (32 kB at 288 kB/s)&#xD;&#xA;[INFO] Downloading from nexus: http://nexus/repository/maven-group/org/apache/maven/reporting/maven-reporting-impl/3.0.0/maven-reporting-impl-3.0.0.pom&#xD;&#xA;[INFO] Downloaded from nexus: http://nexus/repository/maven-group/org/apache/maven/reporting/maven-reporting-impl/3.0.0/maven-reporting-impl-3.0.0.pom (7.6 kB at 110 kB/s)&#xD;&#xA;[INFO] Downloading from nexus: http://nexus/repository/maven-group/org/apache/maven/shared/maven-shared-components/30/maven-shared-components-30.pom&#xD;&#xA;[INFO] Downloaded from nexus: http://nexus/repository/maven-group/org/apache/maven/shared/maven-shared-components/30/maven-shared-components-30.pom (4.6 kB at 59 kB/s)&#xD;&#xA;[INFO] Downloading from nexus: http://nexus/repository/maven-group/org/apache/maven/maven-core/3.0/maven-core-3.0.pom&#xD;&#xA;[INFO] Downloaded from nexus: http://nexus/repository/maven-group/org/apache/maven/maven-core/3.0/maven-core-3.0.pom (6.6 kB at 58 kB/s)&#xD;&#xA;[INFO] Downloading from nexus: http://nexus/repository/maven-group/org/apache/maven/maven-settings/3.0/maven-settings-3.0.pom&#xD;&#xA;[INFO] Downloaded from nexus: http://nexus/repository/maven-group/org/apache/maven/maven-settings/3.0/maven-settings-3.0.pom (1.9 kB at 8.1 kB/s)&#xD;&#xA;[INFO] Downloading from nexus: http://nexus/repository/maven-group/org/apache/maven/maven-settings-builder/3.0/maven-settings-builder-3.0.pom&#xD;&#xA;[INFO] Downloaded from nexus: http://nexus/repository/maven-group/org/apache/maven/maven-settings-builder/3.0/maven-settings-builder-3.0.pom (2.2 kB at 36 kB/s)&#xD;&#xA;[INFO] Downloading from nexus: http://nexus/repository/maven-group/org/codehaus/plexus/plexus-interpolation/1.14/plexus-interpolation-1.14.pom&#xD;&#xA;[INFO] Downloaded from nexus: http://nexus/repository/maven-group/org/codehaus/plexus/plexus-interpolation/1.14/plexus-interpolation-1.14.pom (910 B at 18 kB/s)&#xD;&#xA;[INFO] Downloading from nexus: http://nexus/repository/maven-group/org/codehaus/plexus/plexus-components/1.1.18/plexus-components-1.1.18.pom&#xD;&#xA;[INFO] Downloaded from nexus: http://nexus/repository/maven-group/org/codehaus/plexus/plexus-components/1.1.18/plexus-components-1.1.18.pom (5.4 kB at 94 kB/s)&#xD;&#xA;[INFO] Downloading from nexus: http://nexus/repository/maven-group/org/codehaus/plexus/plexus/2.0.7/plexus-2.0.7.pom&#xD;&#xA;[INFO] Downloaded from nexus: http://nexus/repository/maven-group/org/codehaus/plexus/plexus/2.0.7/plexus-2.0.7.pom (17 kB at 251 kB/s)&#xD;&#xA;[INFO] Downloading from nexus: http://nexus/repository/maven-group/org/codehaus/plexus/plexus-component-annotations/1.5.5/plexus-component-annotations-1.5.5.pom&#xD;&#xA;[INFO] Downloaded from nexus: http://nexus/repository/maven-group/org/codehaus/plexus/plexus-component-annotations/1.5.5/plexus-component-annotations-1.5.5.pom (815 B at 11 kB/s)&#xD;&#xA;[INFO] Downloading from nexus: http://nexus/repository/maven-group/org/codehaus/plexus/plexus-containers/1.5.5/plexus-containers-1.5.5.pom&#xD;&#xA;[INFO] Downloaded from nexus: http://nexus/repository/maven-group/org/codehaus/plexus/plexus-containers/1.5.5/plexus-containers-1.5.5.pom (4.2 kB at 58 kB/s)&#xD;&#xA;[INFO] Downloading from nexus: http://nexus/repository/maven-group/org/apache/maven/maven-repository-metadata/3.0/maven-repository-metadata-3.0.pom&#xD;&#xA;[INFO] Downloaded from nexus: http://nexus/repository/maven-group/org/apache/maven/maven-repository-metadata/3.0/maven-repository-metadata-3.0.pom (1.9 kB at 24 kB/s)&#xD;&#xA;[INFO] Downloading from nexus: http://nexus/repository/maven-group/org/apache/maven/maven-model-builder/3.0/maven-model-builder-3.0.pom&#xD;&#xA;[INFO] Downloaded from nexus: http://nexus/repository/maven-group/org/apache/maven/maven-model-builder/3.0/maven-model-builder-3.0.pom (2.2 kB at 17 kB/s)&#xD;&#xA;[INFO] Downloading from nexus: http://nexus/repository/maven-group/org/apache/maven/maven-aether-provider/3.0/maven-aether-provider-3.0.pom&#xD;&#xA;[INFO] Downloaded from nexus: http://nexus/repository/maven-group/org/apache/maven/maven-aether-provider/3.0/maven-aether-provider-3.0.pom (2.5 kB at 19 kB/s)&#xD;&#xA;[INFO] Downloading from nexus: http://nexus/repository/maven-group/org/sonatype/aether/aether-api/1.7/aether-api-1.7.pom&#xD;&#xA;[INFO] Downloaded from nexus: http://nexus/repository/maven-group/org/sonatype/aether/aether-api/1.7/aether-api-1.7.pom (1.7 kB at 8.4 kB/s)&#xD;&#xA;[INFO] Downloading from nexus: http://nexus/repository/maven-group/org/sonatype/aether/aether-parent/1.7/aether-parent-1.7.pom&#xD;&#xA;[INFO] Downloaded from nexus: http://nexus/repository/maven-group/org/sonatype/aether/aether-parent/1.7/aether-parent-1.7.pom (7.7 kB at 39 kB/s)&#xD;&#xA;[INFO] Downloading from nexus: http://nexus/repository/maven-group/org/sonatype/aether/aether-util/1.7/aether-util-1.7.pom&#xD;&#xA;[INFO] Downloaded from nexus: http://nexus/repository/maven-group/org/sonatype/aether/aether-util/1.7/aether-util-1.7.pom (2.1 kB at 9.2 kB/s)&#xD;&#xA;[INFO] Downloading from nexus: http://nexus/repository/maven-group/org/sonatype/aether/aether-impl/1.7/aether-impl-1.7.pom&#xD;&#xA;[INFO] Downloaded from nexus: http://nexus/repository/maven-group/org/sonatype/aether/aether-impl/1.7/aether-impl-1.7.pom (3.7 kB at 33 kB/s)&#xD;&#xA;[INFO] Downloading from nexus: http://nexus/repository/maven-group/org/sonatype/aether/aether-spi/1.7/aether-spi-1.7.pom&#xD;&#xA;[INFO] Downloaded from nexus: http://nexus/repository/maven-group/org/sonatype/aether/aether-spi/1.7/aether-spi-1.7.pom (1.7 kB at 26 kB/s)&#xD;&#xA;[INFO] Downloading from nexus: http://nexus/repository/maven-group/org/apache/maven/shared/maven-shared-utils/3.2.0/maven-shared-utils-3.2.0.pom&#xD;&#xA;[INFO] Downloaded from nexus: http://nexus/repository/maven-group/org/apache/maven/shared/maven-shared-utils/3.2.0/maven-shared-utils-3.2.0.pom (4.9 kB at 73 kB/s)&#xD;&#xA;[INFO] Downloading from nexus: http://nexus/repository/maven-group/commons-io/commons-io/2.5/commons-io-2.5.pom&#xD;&#xA;[INFO] Downloaded from nexus: http://nexus/repository/maven-group/commons-io/commons-io/2.5/commons-io-2.5.pom (13 kB at 173 kB/s)&#xD;&#xA;[INFO] Downloading from nexus: http://nexus/repository/maven-group/org/apache/commons/commons-parent/39/commons-parent-39.pom&#xD;&#xA;[INFO] Downloaded from nexus: http://nexus/repository/maven-group/org/apache/commons/commons-parent/39/commons-parent-39.pom (62 kB at 815 kB/s)&#xD;&#xA;[INFO] Downloading from nexus: http://nexus/repository/maven-group/org/apache/maven/doxia/doxia-sink-api/1.7/doxia-sink-api-1.7.pom&#xD;&#xA;[INFO] Downloaded from nexus: http://nexus/repository/maven-group/org/apache/maven/doxia/doxia-sink-api/1.7/doxia-sink-api-1.7.pom (1.5 kB at 19 kB/s)&#xD;&#xA;[INFO] Downloading from nexus: http://nexus/repository/maven-group/org/apache/maven/doxia/doxia/1.7/doxia-1.7.pom&#xD;&#xA;[INFO] Downloaded from nexus: http://nexus/repository/maven-group/org/apache/maven/doxia/doxia/1.7/doxia-1.7.pom (15 kB at 209 kB/s)&#xD;&#xA;[INFO] Downloading from nexus: http://nexus/repository/maven-group/org/apache/maven/doxia/doxia-logging-api/1.7/doxia-logging-api-1.7.pom&#xD;&#xA;[INFO] Downloaded from nexus: http://nexus/repository/maven-group/org/apache/maven/doxia/doxia-logging-api/1.7/doxia-logging-api-1.7.pom (1.5 kB at 18 kB/s)&#xD;&#xA;[INFO] Downloading from nexus: http://nexus/repository/maven-group/org/apache/maven/doxia/doxia-decoration-model/1.7.4/doxia-decoration-model-1.7.4.pom&#xD;&#xA;[INFO] Downloaded from nexus: http://nexus/repository/maven-group/org/apache/maven/doxia/doxia-decoration-model/1.7.4/doxia-decoration-model-1.7.4.pom (3.4 kB at 68 kB/s)&#xD;&#xA;[INFO] Downloading from nexus: http://nexus/repository/maven-group/org/apache/maven/doxia/doxia-sitetools/1.7.4/doxia-sitetools-1.7.4.pom&#xD;&#xA;[INFO] Downloaded from nexus: http://nexus/repository/maven-group/org/apache/maven/doxia/doxia-sitetools/1.7.4/doxia-sitetools-1.7.4.pom (14 kB at 246 kB/s)&#xD;&#xA;[INFO] Downloading from nexus: http://nexus/repository/maven-group/org/codehaus/plexus/plexus-component-annotations/1.6/plexus-component-annotations-1.6.pom&#xD;&#xA;[INFO] Downloaded from nexus: http://nexus/repository/maven-group/org/codehaus/plexus/plexus-component-annotations/1.6/plexus-component-annotations-1.6.pom (748 B at 11 kB/s)&#xD;&#xA;[INFO] Downloading from nexus: http://nexus/repository/maven-group/org/codehaus/plexus/plexus-containers/1.6/plexus-containers-1.6.pom&#xD;&#xA;[INFO] Downloaded from nexus: http://nexus/repository/maven-group/org/codehaus/plexus/plexus-containers/1.6/plexus-containers-1.6.pom (3.8 kB at 36 kB/s)&#xD;&#xA;[INFO] Downloading from nexus: http://nexus/repository/maven-group/org/codehaus/plexus/plexus/3.3.2/plexus-3.3.2.pom&#xD;&#xA;[INFO] Downloaded from nexus: http://nexus/repository/maven-group/org/codehaus/plexus/plexus/3.3.2/plexus-3.3.2.pom (22 kB at 273 kB/s)&#xD;&#xA;[INFO] Downloading from nexus: http://nexus/repository/maven-group/org/sonatype/spice/spice-parent/17/spice-parent-17.pom&#xD;&#xA;[INFO] Downloaded from nexus: http://nexus/repository/maven-group/org/sonatype/spice/spice-parent/17/spice-parent-17.pom (6.8 kB at 121 kB/s)&#xD;&#xA;[INFO] Downloading from nexus: http://nexus/repository/maven-group/org/sonatype/forge/forge-parent/10/forge-parent-10.pom&#xD;&#xA;[INFO] Downloaded from nexus: http://nexus/repository/maven-group/org/sonatype/forge/forge-parent/10/forge-parent-10.pom (14 kB at 163 kB/s)&#xD;&#xA;[INFO] Downloading from nexus: http://nexus/repository/maven-group/org/codehaus/plexus/plexus-utils/3.0.22/plexus-utils-3.0.22.pom&#xD;&#xA;[INFO] Downloaded from nexus: http://nexus/repository/maven-group/org/codehaus/plexus/plexus-utils/3.0.22/plexus-utils-3.0.22.pom (3.8 kB at 58 kB/s)&#xD;&#xA;[INFO] Downloading from nexus: http://nexus/repository/maven-group/org/codehaus/plexus/plexus/3.3.1/plexus-3.3.1.pom&#xD;&#xA;[INFO] Downloaded from nexus: http://nexus/repository/maven-group/org/codehaus/plexus/plexus/3.3.1/plexus-3.3.1.pom (20 kB at 310 kB/s)&#xD;&#xA;[INFO] Downloading from nexus: http://nexus/repository/maven-group/org/apache/maven/doxia/doxia-core/1.7/doxia-core-1.7.pom&#xD;&#xA;[INFO] Downloaded from nexus: http://nexus/repository/maven-group/org/apache/maven/doxia/doxia-core/1.7/doxia-core-1.7.pom (4.1 kB at 66 kB/s)&#xD;&#xA;[INFO] Downloading from nexus: http://nexus/repository/maven-group/commons-lang/commons-lang/2.4/commons-lang-2.4.pom&#xD;&#xA;[INFO] Downloaded from nexus: http://nexus/repository/maven-group/commons-lang/commons-lang/2.4/commons-lang-2.4.pom (14 kB at 168 kB/s)&#xD;&#xA;[INFO] Downloading from nexus: http://nexus/repository/maven-group/org/apache/commons/commons-parent/9/commons-parent-9.pom&#xD;&#xA;[INFO] Downloaded from nexus: http://nexus/repository/maven-group/org/apache/commons/commons-parent/9/commons-parent-9.pom (22 kB at 156 kB/s)&#xD;&#xA;[INFO] Downloading from nexus: http://nexus/repository/maven-group/org/apache/httpcomponents/httpclient/4.0.2/httpclient-4.0.2.pom&#xD;&#xA;[INFO] Downloaded from nexus: http://nexus/repository/maven-group/org/apache/httpcomponents/httpclient/4.0.2/httpclient-4.0.2.pom (7.5 kB at 26 kB/s)&#xD;&#xA;[INFO] Downloading from nexus: http://nexus/repository/maven-group/org/apache/httpcomponents/httpcomponents-client/4.0.2/httpcomponents-client-4.0.2.pom&#xD;&#xA;[INFO] Downloaded from nexus: http://nexus/repository/maven-group/org/apache/httpcomponents/httpcomponents-client/4.0.2/httpcomponents-client-4.0.2.pom (9.0 kB at 104 kB/s)&#xD;&#xA;[INFO] Downloading from nexus: http://nexus/repository/maven-group/org/apache/httpcomponents/project/4.1/project-4.1.pom&#xD;&#xA;[INFO] Downloaded from nexus: http://nexus/repository/maven-group/org/apache/httpcomponents/project/4.1/project-4.1.pom (16 kB at 41 kB/s)&#xD;&#xA;[INFO] Downloading from nexus: http://nexus/repository/maven-group/org/apache/httpcomponents/httpcore/4.0.1/httpcore-4.0.1.pom&#xD;&#xA;[INFO] Downloaded from nexus: http://nexus/repository/maven-group/org/apache/httpcomponents/httpcore/4.0.1/httpcore-4.0.1.pom (4.9 kB at 54 kB/s)&#xD;&#xA;[INFO] Downloading from nexus: http://nexus/repository/maven-group/org/apache/httpcomponents/httpcomponents-core/4.0.1/httpcomponents-core-4.0.1.pom&#xD;&#xA;[INFO] Downloaded from nexus: http://nexus/repository/maven-group/org/apache/httpcomponents/httpcomponents-core/4.0.1/httpcomponents-core-4.0.1.pom (9.4 kB at 130 kB/s)&#xD;&#xA;[INFO] Downloading from nexus: http://nexus/repository/maven-group/org/apache/httpcomponents/project/4.0/project-4.0.pom&#xD;&#xA;[INFO] Downloaded from nexus: http://nexus/repository/maven-group/org/apache/httpcomponents/project/4.0/project-4.0.pom (13 kB at 75 kB/s)&#xD;&#xA;[INFO] Downloading from nexus: http://nexus/repository/maven-group/commons-logging/commons-logging/1.1.1/commons-logging-1.1.1.pom&#xD;&#xA;[INFO] Downloaded from nexus: http://nexus/repository/maven-group/commons-logging/commons-logging/1.1.1/commons-logging-1.1.1.pom (18 kB at 182 kB/s)&#xD;&#xA;[INFO] Downloading from nexus: http://nexus/repository/maven-group/org/apache/commons/commons-parent/5/commons-parent-5.pom&#xD;&#xA;[INFO] Downloaded from nexus: http://nexus/repository/maven-group/org/apache/commons/commons-parent/5/commons-parent-5.pom (16 kB at 164 kB/s)&#xD;&#xA;[INFO] Downloading from nexus: http://nexus/repository/maven-group/commons-codec/commons-codec/1.3/commons-codec-1.3.pom&#xD;&#xA;[INFO] Downloaded from nexus: http://nexus/repository/maven-group/commons-codec/commons-codec/1.3/commons-codec-1.3.pom (6.1 kB at 17 kB/s)&#xD;&#xA;[INFO] Downloading from nexus: http://nexus/repository/maven-group/xmlunit/xmlunit/1.5/xmlunit-1.5.pom&#xD;&#xA;[INFO] Downloaded from nexus: http://nexus/repository/maven-group/xmlunit/xmlunit/1.5/xmlunit-1.5.pom (3.0 kB at 23 kB/s)&#xD;&#xA;[INFO] Downloading from nexus: http://nexus/repository/maven-group/org/apache/maven/doxia/doxia-site-renderer/1.7.4/doxia-site-renderer-1.7.4.pom&#xD;&#xA;[INFO] Downloaded from nexus: http://nexus/repository/maven-group/org/apache/maven/doxia/doxia-site-renderer/1.7.4/doxia-site-renderer-1.7.4.pom (6.7 kB at 68 kB/s)&#xD;&#xA;[INFO] Downloading from nexus: http://nexus/repository/maven-group/org/apache/maven/doxia/doxia-skin-model/1.7.4/doxia-skin-model-1.7.4.pom&#xD;&#xA;[INFO] Downloaded from nexus: http://nexus/repository/maven-group/org/apache/maven/doxia/doxia-skin-model/1.7.4/doxia-skin-model-1.7.4.pom (3.0 kB at 40 kB/s)&#xD;&#xA;[INFO] Downloading from nexus: http://nexus/repository/maven-group/org/apache/maven/doxia/doxia-module-xhtml/1.7/doxia-module-xhtml-1.7.pom&#xD;&#xA;[INFO] Downloaded from nexus: http://nexus/repository/maven-group/org/apache/maven/doxia/doxia-module-xhtml/1.7/doxia-module-xhtml-1.7.pom (1.6 kB at 27 kB/s)&#xD;&#xA;[INFO] Downloading from nexus: http://nexus/repository/maven-group/org/apache/maven/doxia/doxia-modules/1.7/doxia-modules-1.7.pom&#xD;&#xA;[INFO] Downloaded from nexus: http://nexus/repository/maven-group/org/apache/maven/doxia/doxia-modules/1.7/doxia-modules-1.7.pom (2.6 kB at 42 kB/s)&#xD;&#xA;[INFO] Downloading from nexus: http://nexus/repository/maven-group/org/codehaus/plexus/plexus-i18n/1.0-beta-7/plexus-i18n-1.0-beta-7.pom&#xD;&#xA;[INFO] Downloaded from nexus: http://nexus/repository/maven-group/org/codehaus/plexus/plexus-i18n/1.0-beta-7/plexus-i18n-1.0-beta-7.pom (1.1 kB at 15 kB/s)&#xD;&#xA;[INFO] Downloading from nexus: http://nexus/repository/maven-group/org/codehaus/plexus/plexus-components/1.1.12/plexus-components-1.1.12.pom&#xD;&#xA;[INFO] Downloaded from nexus: http://nexus/repository/maven-group/org/codehaus/plexus/plexus-components/1.1.12/plexus-components-1.1.12.pom (3.0 kB at 58 kB/s)&#xD;&#xA;[INFO] Downloading from nexus: http://nexus/repository/maven-group/org/codehaus/plexus/plexus-utils/1.4.1/plexus-utils-1.4.1.pom&#xD;&#xA;[INFO] Downloaded from nexus: http://nexus/repository/maven-group/org/codehaus/plexus/plexus-utils/1.4.1/plexus-utils-1.4.1.pom (1.9 kB at 32 kB/s)&#xD;&#xA;[INFO] Downloading from nexus: http://nexus/repository/maven-group/org/codehaus/plexus/plexus-velocity/1.2/plexus-velocity-1.2.pom&#xD;&#xA;[INFO] Downloaded from nexus: http://nexus/repository/maven-group/org/codehaus/plexus/plexus-velocity/1.2/plexus-velocity-1.2.pom (2.8 kB at 46 kB/s)&#xD;&#xA;[INFO] Downloading from nexus: http://nexus/repository/maven-group/org/codehaus/plexus/plexus-components/4.0/plexus-components-4.0.pom&#xD;&#xA;[INFO] Downloaded from nexus: http://nexus/repository/maven-group/org/codehaus/plexus/plexus-components/4.0/plexus-components-4.0.pom (2.7 kB at 32 kB/s)&#xD;&#xA;[INFO] Downloading from nexus: http://nexus/repository/maven-group/org/codehaus/plexus/plexus/4.0/plexus-4.0.pom&#xD;&#xA;[INFO] Downloaded from nexus: http://nexus/repository/maven-group/org/codehaus/plexus/plexus/4.0/plexus-4.0.pom (22 kB at 253 kB/s)&#xD;&#xA;[INFO] Downloading from nexus: http://nexus/repository/maven-group/commons-collections/commons-collections/3.1/commons-collections-3.1.pom&#xD;&#xA;[INFO] Downloaded from nexus: http://nexus/repository/maven-group/commons-collections/commons-collections/3.1/commons-collections-3.1.pom (6.1 kB at 23 kB/s)&#xD;&#xA;[INFO] Downloading from nexus: http://nexus/repository/maven-group/org/apache/velocity/velocity/1.7/velocity-1.7.pom&#xD;&#xA;[INFO] Downloaded from nexus: http://nexus/repository/maven-group/org/apache/velocity/velocity/1.7/velocity-1.7.pom (11 kB at 190 kB/s)&#xD;&#xA;[INFO] Downloading from nexus: http://nexus/repository/maven-group/commons-collections/commons-collections/3.2.1/commons-collections-3.2.1.pom&#xD;&#xA;[INFO] Downloaded from nexus: http://nexus/repository/maven-group/commons-collections/commons-collections/3.2.1/commons-collections-3.2.1.pom (13 kB at 136 kB/s)&#xD;&#xA;[INFO] Downloading from nexus: http://nexus/repository/maven-group/org/apache/velocity/velocity-tools/2.0/velocity-tools-2.0.pom&#xD;&#xA;[INFO] Downloaded from nexus: http://nexus/repository/maven-group/org/apache/velocity/velocity-tools/2.0/velocity-tools-2.0.pom (18 kB at 314 kB/s)&#xD;&#xA;[INFO] Downloading from nexus: http://nexus/repository/maven-group/commons-beanutils/commons-beanutils/1.7.0/commons-beanutils-1.7.0.pom&#xD;&#xA;[INFO] Downloaded from nexus: http://nexus/repository/maven-group/commons-beanutils/commons-beanutils/1.7.0/commons-beanutils-1.7.0.pom (357 B at 5.4 kB/s)&#xD;&#xA;[INFO] Downloading from nexus: http://nexus/repository/maven-group/commons-logging/commons-logging/1.0.3/commons-logging-1.0.3.pom&#xD;&#xA;[INFO] Downloaded from nexus: http://nexus/repository/maven-group/commons-logging/commons-logging/1.0.3/commons-logging-1.0.3.pom (866 B at 12 kB/s)&#xD;&#xA;[INFO] Downloading from nexus: http://nexus/repository/maven-group/commons-digester/commons-digester/1.8/commons-digester-1.8.pom&#xD;&#xA;[INFO] Downloaded from nexus: http://nexus/repository/maven-group/commons-digester/commons-digester/1.8/commons-digester-1.8.pom (7.0 kB at 100 kB/s)&#xD;&#xA;[INFO] Downloading from nexus: http://nexus/repository/maven-group/commons-logging/commons-logging/1.1/commons-logging-1.1.pom&#xD;&#xA;[INFO] Downloaded from nexus: http://nexus/repository/maven-group/commons-logging/commons-logging/1.1/commons-logging-1.1.pom (6.2 kB at 82 kB/s)&#xD;&#xA;[INFO] Downloading from nexus: http://nexus/repository/maven-group/log4j/log4j/1.2.12/log4j-1.2.12.pom&#xD;&#xA;[INFO] Downloaded from nexus: http://nexus/repository/maven-group/log4j/log4j/1.2.12/log4j-1.2.12.pom (145 B at 2.5 kB/s)&#xD;&#xA;[INFO] Downloading from nexus: http://nexus/repository/maven-group/logkit/logkit/1.0.1/logkit-1.0.1.pom&#xD;&#xA;[INFO] Downloaded from nexus: http://nexus/repository/maven-group/logkit/logkit/1.0.1/logkit-1.0.1.pom (147 B at 2.3 kB/s)&#xD;&#xA;[INFO] Downloading from nexus: http://nexus/repository/maven-group/avalon-framework/avalon-framework/4.1.3/avalon-framework-4.1.3.pom&#xD;&#xA;[INFO] Downloaded from nexus: http://nexus/repository/maven-group/avalon-framework/avalon-framework/4.1.3/avalon-framework-4.1.3.pom (167 B at 1.8 kB/s)&#xD;&#xA;[INFO] Downloading from nexus: http://nexus/repository/maven-group/javax/servlet/servlet-api/2.3/servlet-api-2.3.pom&#xD;&#xA;[INFO] Downloaded from nexus: http://nexus/repository/maven-group/javax/servlet/servlet-api/2.3/servlet-api-2.3.pom (156 B at 2.6 kB/s)&#xD;&#xA;[INFO] Downloading from nexus: http://nexus/repository/maven-group/commons-chain/commons-chain/1.1/commons-chain-1.1.pom&#xD;&#xA;[INFO] Downloaded from nexus: http://nexus/repository/maven-group/commons-chain/commons-chain/1.1/commons-chain-1.1.pom (6.0 kB at 120 kB/s)&#xD;&#xA;[INFO] Downloading from nexus: http://nexus/repository/maven-group/commons-digester/commons-digester/1.6/commons-digester-1.6.pom&#xD;&#xA;[INFO] Downloaded from nexus: http://nexus/repository/maven-group/commons-digester/commons-digester/1.6/commons-digester-1.6.pom (974 B at 17 kB/s)&#xD;&#xA;[INFO] Downloading from nexus: http://nexus/repository/maven-group/commons-beanutils/commons-beanutils/1.6/commons-beanutils-1.6.pom&#xD;&#xA;[INFO] Downloaded from nexus: http://nexus/repository/maven-group/commons-beanutils/commons-beanutils/1.6/commons-beanutils-1.6.pom (2.3 kB at 47 kB/s)&#xD;&#xA;[INFO] Downloading from nexus: http://nexus/repository/maven-group/commons-logging/commons-logging/1.0/commons-logging-1.0.pom&#xD;&#xA;[INFO] Downloaded from nexus: http://nexus/repository/maven-group/commons-logging/commons-logging/1.0/commons-logging-1.0.pom (163 B at 3.1 kB/s)&#xD;&#xA;[INFO] Downloading from nexus: http://nexus/repository/maven-group/commons-collections/commons-collections/2.0/commons-collections-2.0.pom&#xD;&#xA;[INFO] Downloaded from nexus: http://nexus/repository/maven-group/commons-collections/commons-collections/2.0/commons-collections-2.0.pom (171 B at 3.5 kB/s)&#xD;&#xA;[INFO] Downloading from nexus: http://nexus/repository/maven-group/commons-collections/commons-collections/2.1/commons-collections-2.1.pom&#xD;&#xA;[INFO] Downloaded from nexus: http://nexus/repository/maven-group/commons-collections/commons-collections/2.1/commons-collections-2.1.pom (3.3 kB at 74 kB/s)&#xD;&#xA;[INFO] Downloading from nexus: http://nexus/repository/maven-group/xml-apis/xml-apis/1.0.b2/xml-apis-1.0.b2.pom&#xD;&#xA;[INFO] Downloaded from nexus: http://nexus/repository/maven-group/xml-apis/xml-apis/1.0.b2/xml-apis-1.0.b2.pom (2.2 kB at 47 kB/s)&#xD;&#xA;[INFO] Downloading from nexus: http://nexus/repository/maven-group/commons-collections/commons-collections/3.2/commons-collections-3.2.pom&#xD;&#xA;[INFO] Downloaded from nexus: http://nexus/repository/maven-group/commons-collections/commons-collections/3.2/commons-collections-3.2.pom (11 kB at 151 kB/s)&#xD;&#xA;[INFO] Downloading from nexus: http://nexus/repository/maven-group/commons-validator/commons-validator/1.3.1/commons-validator-1.3.1.pom&#xD;&#xA;[INFO] Downloaded from nexus: http://nexus/repository/maven-group/commons-validator/commons-validator/1.3.1/commons-validator-1.3.1.pom (9.0 kB at 57 kB/s)&#xD;&#xA;[INFO] Downloading from nexus: http://nexus/repository/maven-group/commons-logging/commons-logging/1.0.4/commons-logging-1.0.4.pom&#xD;&#xA;[INFO] Downloaded from nexus: http://nexus/repository/maven-group/commons-logging/commons-logging/1.0.4/commons-logging-1.0.4.pom (5.3 kB at 114 kB/s)&#xD;&#xA;[INFO] Downloading from nexus: http://nexus/repository/maven-group/dom4j/dom4j/1.1/dom4j-1.1.pom&#xD;&#xA;[INFO] Downloaded from nexus: http://nexus/repository/maven-group/dom4j/dom4j/1.1/dom4j-1.1.pom (142 B at 1.9 kB/s)&#xD;&#xA;[INFO] Downloading from nexus: http://nexus/repository/maven-group/oro/oro/2.0.8/oro-2.0.8.pom&#xD;&#xA;[INFO] Downloaded from nexus: http://nexus/repository/maven-group/oro/oro/2.0.8/oro-2.0.8.pom (140 B at 1.9 kB/s)&#xD;&#xA;[INFO] Downloading from nexus: http://nexus/repository/maven-group/sslext/sslext/1.2-0/sslext-1.2-0.pom&#xD;&#xA;[INFO] Downloaded from nexus: http://nexus/repository/maven-group/sslext/sslext/1.2-0/sslext-1.2-0.pom (653 B at 6.1 kB/s)&#xD;&#xA;[INFO] Downloading from nexus: http://nexus/repository/maven-group/org/apache/struts/struts-core/1.3.8/struts-core-1.3.8.pom&#xD;&#xA;[INFO] Downloaded from nexus: http://nexus/repository/maven-group/org/apache/struts/struts-core/1.3.8/struts-core-1.3.8.pom (4.3 kB at 63 kB/s)&#xD;&#xA;[INFO] Downloading from nexus: http://nexus/repository/maven-group/org/apache/struts/struts-parent/1.3.8/struts-parent-1.3.8.pom&#xD;&#xA;[INFO] Downloaded from nexus: http://nexus/repository/maven-group/org/apache/struts/struts-parent/1.3.8/struts-parent-1.3.8.pom (9.8 kB at 193 kB/s)&#xD;&#xA;[INFO] Downloading from nexus: http://nexus/repository/maven-group/org/apache/struts/struts-master/4/struts-master-4.pom&#xD;&#xA;[INFO] Downloaded from nexus: http://nexus/repository/maven-group/org/apache/struts/struts-master/4/struts-master-4.pom (12 kB at 246 kB/s)&#xD;&#xA;[INFO] Downloading from nexus: http://nexus/repository/maven-group/org/apache/apache/2/apache-2.pom&#xD;&#xA;[INFO] Downloaded from nexus: http://nexus/repository/maven-group/org/apache/apache/2/apache-2.pom (3.4 kB at 56 kB/s)&#xD;&#xA;[INFO] Downloading from nexus: http://nexus/repository/maven-group/antlr/antlr/2.7.2/antlr-2.7.2.pom&#xD;&#xA;[INFO] Downloaded from nexus: http://nexus/repository/maven-group/antlr/antlr/2.7.2/antlr-2.7.2.pom (145 B at 2.2 kB/s)&#xD;&#xA;[INFO] Downloading from nexus: http://nexus/repository/maven-group/org/apache/struts/struts-taglib/1.3.8/struts-taglib-1.3.8.pom&#xD;&#xA;[INFO] Downloaded from nexus: http://nexus/repository/maven-group/org/apache/struts/struts-taglib/1.3.8/struts-taglib-1.3.8.pom (3.1 kB at 49 kB/s)&#xD;&#xA;[INFO] Downloading from nexus: http://nexus/repository/maven-group/org/apache/struts/struts-tiles/1.3.8/struts-tiles-1.3.8.pom&#xD;&#xA;[INFO] Downloaded from nexus: http://nexus/repository/maven-group/org/apache/struts/struts-tiles/1.3.8/struts-tiles-1.3.8.pom (2.9 kB at 61 kB/s)&#xD;&#xA;[INFO] Downloading from nexus: http://nexus/repository/maven-group/org/apache/velocity/velocity/1.6.2/velocity-1.6.2.pom&#xD;&#xA;[INFO] Downloaded from nexus: http://nexus/repository/maven-group/org/apache/velocity/velocity/1.6.2/velocity-1.6.2.pom (11 kB at 171 kB/s)&#xD;&#xA;[INFO] Downloading from nexus: http://nexus/repository/maven-group/org/codehaus/plexus/plexus-utils/3.0.24/plexus-utils-3.0.24.pom&#xD;&#xA;[INFO] Downloaded from nexus: http://nexus/repository/maven-group/org/codehaus/plexus/plexus-utils/3.0.24/plexus-utils-3.0.24.pom (4.1 kB at 69 kB/s)&#xD;&#xA;[INFO] Downloading from nexus: http://nexus/repository/maven-group/org/apache/maven/shared/maven-common-artifact-filters/3.0.1/maven-common-artifact-filters-3.0.1.pom&#xD;&#xA;[INFO] Downloaded from nexus: http://nexus/repository/maven-group/org/apache/maven/shared/maven-common-artifact-filters/3.0.1/maven-common-artifact-filters-3.0.1.pom (4.8 kB at 65 kB/s)&#xD;&#xA;[INFO] Downloading from nexus: http://nexus/repository/maven-group/org/apache/maven/shared/maven-shared-utils/3.1.0/maven-shared-utils-3.1.0.pom&#xD;&#xA;[INFO] Downloaded from nexus: http://nexus/repository/maven-group/org/apache/maven/shared/maven-shared-utils/3.1.0/maven-shared-utils-3.1.0.pom (5.0 kB at 92 kB/s)&#xD;&#xA;[INFO] Downloading from nexus: http://nexus/repository/maven-group/org/apache/maven/wagon/wagon-provider-api/2.12/wagon-provider-api-2.12.pom&#xD;&#xA;[INFO] Downloaded from nexus: http://nexus/repository/maven-group/org/apache/maven/wagon/wagon-provider-api/2.12/wagon-provider-api-2.12.pom (1.9 kB at 20 kB/s)&#xD;&#xA;[INFO] Downloading from nexus: http://nexus/repository/maven-group/org/apache/maven/wagon/wagon/2.12/wagon-2.12.pom&#xD;&#xA;[INFO] Downloaded from nexus: http://nexus/repository/maven-group/org/apache/maven/wagon/wagon/2.12/wagon-2.12.pom (21 kB at 408 kB/s)&#xD;&#xA;[INFO] Downloading from nexus: http://nexus/repository/maven-group/org/apache/maven/wagon/wagon-file/2.12/wagon-file-2.12.pom&#xD;&#xA;[INFO] Downloaded from nexus: http://nexus/repository/maven-group/org/apache/maven/wagon/wagon-file/2.12/wagon-file-2.12.pom (1.8 kB at 31 kB/s)&#xD;&#xA;[INFO] Downloading from nexus: http://nexus/repository/maven-group/org/apache/maven/wagon/wagon-providers/2.12/wagon-providers-2.12.pom&#xD;&#xA;[INFO] Downloaded from nexus: http://nexus/repository/maven-group/org/apache/maven/wagon/wagon-providers/2.12/wagon-providers-2.12.pom (2.8 kB at 44 kB/s)&#xD;&#xA;[INFO] Downloading from nexus: http://nexus/repository/maven-group/org/apache/maven/doxia/doxia-site-renderer/1.7/doxia-site-renderer-1.7.pom&#xD;&#xA;[INFO] Downloaded from nexus: http://nexus/repository/maven-group/org/apache/maven/doxia/doxia-site-renderer/1.7/doxia-site-renderer-1.7.pom (6.6 kB at 73 kB/s)&#xD;&#xA;[INFO] Downloading from nexus: http://nexus/repository/maven-group/org/apache/maven/doxia/doxia-sitetools/1.7/doxia-sitetools-1.7.pom&#xD;&#xA;[INFO] Downloaded from nexus: http://nexus/repository/maven-group/org/apache/maven/doxia/doxia-sitetools/1.7/doxia-sitetools-1.7.pom (14 kB at 211 kB/s)&#xD;&#xA;[INFO] Downloading from nexus: http://nexus/repository/maven-group/org/apache/maven/doxia/doxia-decoration-model/1.7/doxia-decoration-model-1.7.pom&#xD;&#xA;[INFO] Downloaded from nexus: http://nexus/repository/maven-group/org/apache/maven/doxia/doxia-decoration-model/1.7/doxia-decoration-model-1.7.pom (3.1 kB at 40 kB/s)&#xD;&#xA;[INFO] Downloading from nexus: http://nexus/repository/maven-group/org/apache/maven/doxia/doxia-skin-model/1.7/doxia-skin-model-1.7.pom&#xD;&#xA;[INFO] Downloaded from nexus: http://nexus/repository/maven-group/org/apache/maven/doxia/doxia-skin-model/1.7/doxia-skin-model-1.7.pom (2.9 kB at 40 kB/s)&#xD;&#xA;[INFO] Downloading from nexus: http://nexus/repository/maven-group/org/apache/maven/doxia/doxia-module-fml/1.7/doxia-module-fml-1.7.pom&#xD;&#xA;[INFO] Downloaded from nexus: http://nexus/repository/maven-group/org/apache/maven/doxia/doxia-module-fml/1.7/doxia-module-fml-1.7.pom (4.6 kB at 65 kB/s)&#xD;&#xA;[INFO] Downloading from nexus: http://nexus/repository/maven-group/org/codehaus/plexus/plexus-velocity/1.1.7/plexus-velocity-1.1.7.pom&#xD;&#xA;[INFO] Downloaded from nexus: http://nexus/repository/maven-group/org/codehaus/plexus/plexus-velocity/1.1.7/plexus-velocity-1.1.7.pom (2.0 kB at 30 kB/s)&#xD;&#xA;[INFO] Downloading from nexus: http://nexus/repository/maven-group/org/codehaus/plexus/plexus-container-default/1.7.1/plexus-container-default-1.7.1.pom&#xD;&#xA;[INFO] Downloaded from nexus: http://nexus/repository/maven-group/org/codehaus/plexus/plexus-container-default/1.7.1/plexus-container-default-1.7.1.pom (2.8 kB at 22 kB/s)&#xD;&#xA;[INFO] Downloading from nexus: http://nexus/repository/maven-group/org/codehaus/plexus/plexus-containers/1.7.1/plexus-containers-1.7.1.pom&#xD;&#xA;[INFO] Downloaded from nexus: http://nexus/repository/maven-group/org/codehaus/plexus/plexus-containers/1.7.1/plexus-containers-1.7.1.pom (5.0 kB at 46 kB/s)&#xD;&#xA;[INFO] Downloading from nexus: http://nexus/repository/maven-group/org/codehaus/plexus/plexus-utils/3.0.20/plexus-utils-3.0.20.pom&#xD;&#xA;[INFO] Downloaded from nexus: http://nexus/repository/maven-group/org/codehaus/plexus/plexus-utils/3.0.20/plexus-utils-3.0.20.pom (3.8 kB at 34 kB/s)&#xD;&#xA;[INFO] Downloading from nexus: http://nexus/repository/maven-group/org/codehaus/plexus/plexus-classworlds/2.5.1/plexus-classworlds-2.5.1.pom&#xD;&#xA;[INFO] Downloaded from nexus: http://nexus/repository/maven-group/org/codehaus/plexus/plexus-classworlds/2.5.1/plexus-classworlds-2.5.1.pom (5.0 kB at 59 kB/s)&#xD;&#xA;[INFO] Downloading from nexus: http://nexus/repository/maven-group/org/apache/xbean/xbean-reflect/3.7/xbean-reflect-3.7.pom&#xD;&#xA;[INFO] Downloaded from nexus: http://nexus/repository/maven-group/org/apache/xbean/xbean-reflect/3.7/xbean-reflect-3.7.pom (5.1 kB at 64 kB/s)&#xD;&#xA;[INFO] Downloading from nexus: http://nexus/repository/maven-group/org/apache/xbean/xbean/3.7/xbean-3.7.pom&#xD;&#xA;[INFO] Downloaded from nexus: http://nexus/repository/maven-group/org/apache/xbean/xbean/3.7/xbean-3.7.pom (15 kB at 186 kB/s)&#xD;&#xA;[INFO] Downloading from nexus: http://nexus/repository/maven-group/org/apache/geronimo/genesis/genesis-java5-flava/2.0/genesis-java5-flava-2.0.pom&#xD;&#xA;[INFO] Downloaded from nexus: http://nexus/repository/maven-group/org/apache/geronimo/genesis/genesis-java5-flava/2.0/genesis-java5-flava-2.0.pom (5.5 kB at 28 kB/s)&#xD;&#xA;[INFO] Downloading from nexus: http://nexus/repository/maven-group/org/apache/geronimo/genesis/genesis-default-flava/2.0/genesis-default-flava-2.0.pom&#xD;&#xA;[INFO] Downloaded from nexus: http://nexus/repository/maven-group/org/apache/geronimo/genesis/genesis-default-flava/2.0/genesis-default-flava-2.0.pom (18 kB at 330 kB/s)&#xD;&#xA;[INFO] Downloading from nexus: http://nexus/repository/maven-group/org/apache/geronimo/genesis/genesis/2.0/genesis-2.0.pom&#xD;&#xA;[INFO] Downloaded from nexus: http://nexus/repository/maven-group/org/apache/geronimo/genesis/genesis/2.0/genesis-2.0.pom (18 kB at 259 kB/s)&#xD;&#xA;[INFO] Downloading from nexus: http://nexus/repository/maven-group/com/google/collections/google-collections/1.0/google-collections-1.0.pom&#xD;&#xA;[INFO] Downloaded from nexus: http://nexus/repository/maven-group/com/google/collections/google-collections/1.0/google-collections-1.0.pom (2.5 kB at 39 kB/s)&#xD;&#xA;[INFO] Downloading from nexus: http://nexus/repository/maven-group/com/google/google/1/google-1.pom&#xD;&#xA;[INFO] Downloaded from nexus: http://nexus/repository/maven-group/com/google/google/1/google-1.pom (1.6 kB at 22 kB/s)&#xD;&#xA;[INFO] Downloading from nexus: http://nexus/repository/maven-group/org/codehaus/plexus/plexus-interactivity-api/1.0-alpha-6/plexus-interactivity-api-1.0-alpha-6.pom&#xD;&#xA;[INFO] Downloaded from nexus: http://nexus/repository/maven-group/org/codehaus/plexus/plexus-interactivity-api/1.0-alpha-6/plexus-interactivity-api-1.0-alpha-6.pom (726 B at 10 kB/s)&#xD;&#xA;[INFO] Downloading from nexus: http://nexus/repository/maven-group/org/codehaus/plexus/plexus-interactivity/1.0-alpha-6/plexus-interactivity-1.0-alpha-6.pom&#xD;&#xA;[INFO] Downloaded from nexus: http://nexus/repository/maven-group/org/codehaus/plexus/plexus-interactivity/1.0-alpha-6/plexus-interactivity-1.0-alpha-6.pom (1.1 kB at 9.7 kB/s)&#xD;&#xA;[INFO] Downloading from nexus: http://nexus/repository/maven-group/org/codehaus/plexus/plexus-components/1.1.9/plexus-components-1.1.9.pom&#xD;&#xA;[INFO] Downloaded from nexus: http://nexus/repository/maven-group/org/codehaus/plexus/plexus-components/1.1.9/plexus-components-1.1.9.pom (2.4 kB at 37 kB/s)&#xD;&#xA;[INFO] Downloading from nexus: http://nexus/repository/maven-group/org/codehaus/plexus/plexus-utils/1.4/plexus-utils-1.4.pom&#xD;&#xA;[INFO] Downloaded from nexus: http://nexus/repository/maven-group/org/codehaus/plexus/plexus-utils/1.4/plexus-utils-1.4.pom (1.2 kB at 20 kB/s)&#xD;&#xA;[INFO] Downloading from nexus: http://nexus/repository/maven-group/org/codehaus/plexus/plexus/1.0.9/plexus-1.0.9.pom&#xD;&#xA;[INFO] Downloaded from nexus: http://nexus/repository/maven-group/org/codehaus/plexus/plexus/1.0.9/plexus-1.0.9.pom (7.7 kB at 160 kB/s)&#xD;&#xA;[INFO] Downloading from nexus: http://nexus/repository/maven-group/org/codehaus/plexus/plexus-i18n/1.0-beta-10/plexus-i18n-1.0-beta-10.pom&#xD;&#xA;[INFO] Downloaded from nexus: http://nexus/repository/maven-group/org/codehaus/plexus/plexus-i18n/1.0-beta-10/plexus-i18n-1.0-beta-10.pom (2.1 kB at 11 kB/s)&#xD;&#xA;[INFO] Downloading from nexus: http://nexus/repository/maven-group/org/codehaus/woodstox/woodstox-core-asl/4.2.0/woodstox-core-asl-4.2.0.pom&#xD;&#xA;[INFO] Downloaded from nexus: http://nexus/repository/maven-group/org/codehaus/woodstox/woodstox-core-asl/4.2.0/woodstox-core-asl-4.2.0.pom (1.8 kB at 31 kB/s)&#xD;&#xA;[INFO] Downloading from nexus: http://nexus/repository/maven-group/javax/xml/stream/stax-api/1.0-2/stax-api-1.0-2.pom&#xD;&#xA;[INFO] Downloaded from nexus: http://nexus/repository/maven-group/javax/xml/stream/stax-api/1.0-2/stax-api-1.0-2.pom (962 B at 14 kB/s)&#xD;&#xA;[INFO] Downloading from nexus: http://nexus/repository/maven-group/org/codehaus/woodstox/stax2-api/3.1.1/stax2-api-3.1.1.pom&#xD;&#xA;[INFO] Downloaded from nexus: http://nexus/repository/maven-group/org/codehaus/woodstox/stax2-api/3.1.1/stax2-api-3.1.1.pom (1.4 kB at 20 kB/s)&#xD;&#xA;[INFO] Downloading from nexus: http://nexus/repository/maven-group/commons-lang/commons-lang/2.6/commons-lang-2.6.pom&#xD;&#xA;[INFO] Downloaded from nexus: http://nexus/repository/maven-group/commons-lang/commons-lang/2.6/commons-lang-2.6.pom (17 kB at 261 kB/s)&#xD;&#xA;[INFO] Downloading from nexus: http://nexus/repository/maven-group/org/apache/commons/commons-parent/17/commons-parent-17.pom&#xD;&#xA;[INFO] Downloaded from nexus: http://nexus/repository/maven-group/org/apache/commons/commons-parent/17/commons-parent-17.pom (31 kB at 480 kB/s)&#xD;&#xA;[INFO] Downloading from nexus: http://nexus/repository/maven-group/org/apache/maven/maven-artifact/2.2.1/maven-artifact-2.2.1.jar&#xD;&#xA;[INFO] Downloading from nexus: http://nexus/repository/maven-group/org/apache/maven/maven-repository-metadata/2.2.1/maven-repository-metadata-2.2.1.jar&#xD;&#xA;[INFO] Downloading from nexus: http://nexus/repository/maven-group/backport-util-concurrent/backport-util-concurrent/3.1/backport-util-concurrent-3.1.jar&#xD;&#xA;[INFO] Downloading from nexus: http://nexus/repository/maven-group/org/apache/maven/maven-artifact-manager/2.2.1/maven-artifact-manager-2.2.1.jar&#xD;&#xA;[INFO] Downloading from nexus: http://nexus/repository/maven-group/org/apache/maven/maven-core/2.2.1/maven-core-2.2.1.jar&#xD;&#xA;[INFO] Downloaded from nexus: http://nexus/repository/maven-group/org/apache/maven/maven-repository-metadata/2.2.1/maven-repository-metadata-2.2.1.jar (26 kB at 111 kB/s)&#xD;&#xA;[INFO] Downloading from nexus: http://nexus/repository/maven-group/org/apache/maven/maven-plugin-parameter-documenter/2.2.1/maven-plugin-parameter-documenter-2.2.1.jar&#xD;&#xA;[INFO] Downloaded from nexus: http://nexus/repository/maven-group/org/apache/maven/maven-artifact/2.2.1/maven-artifact-2.2.1.jar (80 kB at 283 kB/s)&#xD;&#xA;[INFO] Downloading from nexus: http://nexus/repository/maven-group/org/slf4j/slf4j-jdk14/1.5.6/slf4j-jdk14-1.5.6.jar&#xD;&#xA;[INFO] Downloaded from nexus: http://nexus/repository/maven-group/org/apache/maven/maven-artifact-manager/2.2.1/maven-artifact-manager-2.2.1.jar (68 kB at 190 kB/s)&#xD;&#xA;[INFO] Downloading from nexus: http://nexus/repository/maven-group/org/slf4j/slf4j-api/1.5.6/slf4j-api-1.5.6.jar&#xD;&#xA;[INFO] Downloaded from nexus: http://nexus/repository/maven-group/org/apache/maven/maven-plugin-parameter-documenter/2.2.1/maven-plugin-parameter-documenter-2.2.1.jar (22 kB at 59 kB/s)&#xD;&#xA;[INFO] Downloading from nexus: http://nexus/repository/maven-group/org/slf4j/jcl-over-slf4j/1.5.6/jcl-over-slf4j-1.5.6.jar&#xD;&#xA;[INFO] Downloaded from nexus: http://nexus/repository/maven-group/backport-util-concurrent/backport-util-concurrent/3.1/backport-util-concurrent-3.1.jar (332 kB at 715 kB/s)&#xD;&#xA;[INFO] Downloading from nexus: http://nexus/repository/maven-group/org/apache/maven/maven-profile/2.2.1/maven-profile-2.2.1.jar&#xD;&#xA;[INFO] Downloaded from nexus: http://nexus/repository/maven-group/org/apache/maven/maven-core/2.2.1/maven-core-2.2.1.jar (178 kB at 352 kB/s)&#xD;&#xA;[INFO] Downloading from nexus: http://nexus/repository/maven-group/org/apache/maven/maven-error-diagnostics/2.2.1/maven-error-diagnostics-2.2.1.jar&#xD;&#xA;[INFO] Downloaded from nexus: http://nexus/repository/maven-group/org/slf4j/jcl-over-slf4j/1.5.6/jcl-over-slf4j-1.5.6.jar (17 kB at 31 kB/s)&#xD;&#xA;[INFO] Downloading from nexus: http://nexus/repository/maven-group/commons-cli/commons-cli/1.2/commons-cli-1.2.jar&#xD;&#xA;[INFO] Downloaded from nexus: http://nexus/repository/maven-group/org/slf4j/slf4j-jdk14/1.5.6/slf4j-jdk14-1.5.6.jar (8.8 kB at 14 kB/s)&#xD;&#xA;[INFO] Downloading from nexus: http://nexus/repository/maven-group/org/apache/maven/maven-plugin-descriptor/2.2.1/maven-plugin-descriptor-2.2.1.jar&#xD;&#xA;[INFO] Downloaded from nexus: http://nexus/repository/maven-group/org/slf4j/slf4j-api/1.5.6/slf4j-api-1.5.6.jar (22 kB at 34 kB/s)&#xD;&#xA;[INFO] Downloading from nexus: http://nexus/repository/maven-group/org/apache/maven/maven-monitor/2.2.1/maven-monitor-2.2.1.jar&#xD;&#xA;[INFO] Downloaded from nexus: http://nexus/repository/maven-group/commons-cli/commons-cli/1.2/commons-cli-1.2.jar (41 kB at 55 kB/s)&#xD;&#xA;[INFO] Downloading from nexus: http://nexus/repository/maven-group/classworlds/classworlds/1.1/classworlds-1.1.jar&#xD;&#xA;[INFO] Downloaded from nexus: http://nexus/repository/maven-group/org/apache/maven/maven-error-diagnostics/2.2.1/maven-error-diagnostics-2.2.1.jar (13 kB at 17 kB/s)&#xD;&#xA;[INFO] Downloading from nexus: http://nexus/repository/maven-group/org/sonatype/plexus/plexus-sec-dispatcher/1.3/plexus-sec-dispatcher-1.3.jar&#xD;&#xA;[INFO] Downloaded from nexus: http://nexus/repository/maven-group/org/apache/maven/maven-profile/2.2.1/maven-profile-2.2.1.jar (35 kB at 44 kB/s)&#xD;&#xA;[INFO] Downloading from nexus: http://nexus/repository/maven-group/org/sonatype/plexus/plexus-cipher/1.4/plexus-cipher-1.4.jar&#xD;&#xA;[INFO] Downloaded from nexus: http://nexus/repository/maven-group/org/apache/maven/maven-plugin-descriptor/2.2.1/maven-plugin-descriptor-2.2.1.jar (39 kB at 48 kB/s)&#xD;&#xA;[INFO] Downloading from nexus: http://nexus/repository/maven-group/org/apache/maven/maven-model/2.2.1/maven-model-2.2.1.jar&#xD;&#xA;[INFO] Downloaded from nexus: http://nexus/repository/maven-group/org/apache/maven/maven-monitor/2.2.1/maven-monitor-2.2.1.jar (10 kB at 12 kB/s)&#xD;&#xA;[INFO] Downloading from nexus: http://nexus/repository/maven-group/org/apache/maven/maven-plugin-api/2.2.1/maven-plugin-api-2.2.1.jar&#xD;&#xA;[INFO] Downloaded from nexus: http://nexus/repository/maven-group/classworlds/classworlds/1.1/classworlds-1.1.jar (38 kB at 40 kB/s)&#xD;&#xA;[INFO] Downloading from nexus: http://nexus/repository/maven-group/org/apache/maven/maven-settings/2.2.1/maven-settings-2.2.1.jar&#xD;&#xA;[INFO] Downloaded from nexus: http://nexus/repository/maven-group/org/sonatype/plexus/plexus-sec-dispatcher/1.3/plexus-sec-dispatcher-1.3.jar (29 kB at 29 kB/s)&#xD;&#xA;[INFO] Downloading from nexus: http://nexus/repository/maven-group/org/codehaus/plexus/plexus-interpolation/1.11/plexus-interpolation-1.11.jar&#xD;&#xA;[INFO] Downloaded from nexus: http://nexus/repository/maven-group/org/apache/maven/maven-plugin-api/2.2.1/maven-plugin-api-2.2.1.jar (12 kB at 12 kB/s)&#xD;&#xA;[INFO] Downloading from nexus: http://nexus/repository/maven-group/org/apache/maven/maven-project/2.2.1/maven-project-2.2.1.jar&#xD;&#xA;[INFO] Downloaded from nexus: http://nexus/repository/maven-group/org/sonatype/plexus/plexus-cipher/1.4/plexus-cipher-1.4.jar (13 kB at 13 kB/s)&#xD;&#xA;[INFO] Downloading from nexus: http://nexus/repository/maven-group/org/apache/maven/maven-plugin-registry/2.2.1/maven-plugin-registry-2.2.1.jar&#xD;&#xA;[INFO] Downloaded from nexus: http://nexus/repository/maven-group/org/apache/maven/maven-model/2.2.1/maven-model-2.2.1.jar (88 kB at 80 kB/s)&#xD;&#xA;[INFO] Downloading from nexus: http://nexus/repository/maven-group/org/apache/maven/reporting/maven-reporting-api/3.0/maven-reporting-api-3.0.jar&#xD;&#xA;[INFO] Downloaded from nexus: http://nexus/repository/maven-group/org/apache/maven/maven-settings/2.2.1/maven-settings-2.2.1.jar (49 kB at 42 kB/s)&#xD;&#xA;[INFO] Downloading from nexus: http://nexus/repository/maven-group/org/apache/maven/reporting/maven-reporting-impl/3.0.0/maven-reporting-impl-3.0.0.jar&#xD;&#xA;[INFO] Downloaded from nexus: http://nexus/repository/maven-group/org/codehaus/plexus/plexus-interpolation/1.11/plexus-interpolation-1.11.jar (51 kB at 44 kB/s)&#xD;&#xA;[INFO] Downloading from nexus: http://nexus/repository/maven-group/org/apache/maven/shared/maven-shared-utils/3.2.0/maven-shared-utils-3.2.0.jar&#xD;&#xA;[INFO] Downloaded from nexus: http://nexus/repository/maven-group/org/apache/maven/maven-plugin-registry/2.2.1/maven-plugin-registry-2.2.1.jar (30 kB at 25 kB/s)&#xD;&#xA;[INFO] Downloading from nexus: http://nexus/repository/maven-group/commons-io/commons-io/2.5/commons-io-2.5.jar&#xD;&#xA;[INFO] Downloaded from nexus: http://nexus/repository/maven-group/org/apache/maven/maven-project/2.2.1/maven-project-2.2.1.jar (156 kB at 124 kB/s)&#xD;&#xA;[INFO] Downloading from nexus: http://nexus/repository/maven-group/org/apache/maven/doxia/doxia-decoration-model/1.7.4/doxia-decoration-model-1.7.4.jar&#xD;&#xA;[INFO] Downloaded from nexus: http://nexus/repository/maven-group/org/apache/maven/reporting/maven-reporting-impl/3.0.0/maven-reporting-impl-3.0.0.jar (18 kB at 14 kB/s)&#xD;&#xA;[INFO] Downloading from nexus: http://nexus/repository/maven-group/org/apache/maven/shared/maven-common-artifact-filters/3.0.1/maven-common-artifact-filters-3.0.1.jar&#xD;&#xA;[INFO] Downloaded from nexus: http://nexus/repository/maven-group/org/apache/maven/reporting/maven-reporting-api/3.0/maven-reporting-api-3.0.jar (11 kB at 8.4 kB/s)&#xD;&#xA;[INFO] Downloading from nexus: http://nexus/repository/maven-group/org/sonatype/sisu/sisu-inject-plexus/1.4.2/sisu-inject-plexus-1.4.2.jar&#xD;&#xA;[INFO] Downloaded from nexus: http://nexus/repository/maven-group/org/apache/maven/shared/maven-shared-utils/3.2.0/maven-shared-utils-3.2.0.jar (165 kB at 114 kB/s)&#xD;&#xA;[INFO] Downloading from nexus: http://nexus/repository/maven-group/org/sonatype/sisu/sisu-inject-bean/1.4.2/sisu-inject-bean-1.4.2.jar&#xD;&#xA;[INFO] Downloaded from nexus: http://nexus/repository/maven-group/commons-io/commons-io/2.5/commons-io-2.5.jar (209 kB at 143 kB/s)&#xD;&#xA;[INFO] Downloading from nexus: http://nexus/repository/maven-group/org/sonatype/sisu/sisu-guice/2.1.7/sisu-guice-2.1.7-noaop.jar&#xD;&#xA;[INFO] Downloaded from nexus: http://nexus/repository/maven-group/org/apache/maven/doxia/doxia-decoration-model/1.7.4/doxia-decoration-model-1.7.4.jar (61 kB at 42 kB/s)&#xD;&#xA;[INFO] Downloading from nexus: http://nexus/repository/maven-group/org/apache/maven/wagon/wagon-provider-api/2.12/wagon-provider-api-2.12.jar&#xD;&#xA;[INFO] Downloaded from nexus: http://nexus/repository/maven-group/org/sonatype/sisu/sisu-inject-bean/1.4.2/sisu-inject-bean-1.4.2.jar (153 kB at 92 kB/s)&#xD;&#xA;[INFO] Downloading from nexus: http://nexus/repository/maven-group/org/apache/maven/wagon/wagon-file/2.12/wagon-file-2.12.jar&#xD;&#xA;[INFO] Downloaded from nexus: http://nexus/repository/maven-group/org/apache/maven/shared/maven-common-artifact-filters/3.0.1/maven-common-artifact-filters-3.0.1.jar (61 kB at 37 kB/s)&#xD;&#xA;[INFO] Downloading from nexus: http://nexus/repository/maven-group/org/apache/maven/doxia/doxia-core/1.7/doxia-core-1.7.jar&#xD;&#xA;[INFO] Downloaded from nexus: http://nexus/repository/maven-group/org/sonatype/sisu/sisu-inject-plexus/1.4.2/sisu-inject-plexus-1.4.2.jar (202 kB at 117 kB/s)&#xD;&#xA;[INFO] Downloading from nexus: http://nexus/repository/maven-group/org/apache/maven/doxia/doxia-logging-api/1.7/doxia-logging-api-1.7.jar&#xD;&#xA;[INFO] Downloaded from nexus: http://nexus/repository/maven-group/org/apache/maven/wagon/wagon-file/2.12/wagon-file-2.12.jar (12 kB at 5.8 kB/s)&#xD;&#xA;[INFO] Downloading from nexus: http://nexus/repository/maven-group/org/codehaus/plexus/plexus-component-annotations/1.5.5/plexus-component-annotations-1.5.5.jar&#xD;&#xA;[INFO] Downloaded from nexus: http://nexus/repository/maven-group/org/apache/maven/wagon/wagon-provider-api/2.12/wagon-provider-api-2.12.jar (55 kB at 27 kB/s)&#xD;&#xA;[INFO] Downloading from nexus: http://nexus/repository/maven-group/org/apache/httpcomponents/httpclient/4.0.2/httpclient-4.0.2.jar&#xD;&#xA;[INFO] Downloaded from nexus: http://nexus/repository/maven-group/org/apache/maven/doxia/doxia-logging-api/1.7/doxia-logging-api-1.7.jar (12 kB at 5.4 kB/s)&#xD;&#xA;[INFO] Downloading from nexus: http://nexus/repository/maven-group/commons-logging/commons-logging/1.1.1/commons-logging-1.1.1.jar&#xD;&#xA;[INFO] Downloaded from nexus: http://nexus/repository/maven-group/org/apache/maven/doxia/doxia-core/1.7/doxia-core-1.7.jar (167 kB at 78 kB/s)&#xD;&#xA;[INFO] Downloading from nexus: http://nexus/repository/maven-group/commons-codec/commons-codec/1.3/commons-codec-1.3.jar&#xD;&#xA;[INFO] Downloaded from nexus: http://nexus/repository/maven-group/org/codehaus/plexus/plexus-component-annotations/1.5.5/plexus-component-annotations-1.5.5.jar (4.2 kB at 1.9 kB/s)&#xD;&#xA;[INFO] Downloading from nexus: http://nexus/repository/maven-group/org/apache/httpcomponents/httpcore/4.0.1/httpcore-4.0.1.jar&#xD;&#xA;[INFO] Downloaded from nexus: http://nexus/repository/maven-group/org/sonatype/sisu/sisu-guice/2.1.7/sisu-guice-2.1.7-noaop.jar (472 kB at 211 kB/s)&#xD;&#xA;[INFO] Downloading from nexus: http://nexus/repository/maven-group/xmlunit/xmlunit/1.5/xmlunit-1.5.jar&#xD;&#xA;[INFO] Downloaded from nexus: http://nexus/repository/maven-group/org/apache/httpcomponents/httpclient/4.0.2/httpclient-4.0.2.jar (293 kB at 126 kB/s)&#xD;&#xA;[INFO] Downloading from nexus: http://nexus/repository/maven-group/org/apache/maven/doxia/doxia-sink-api/1.7/doxia-sink-api-1.7.jar&#xD;&#xA;[INFO] Downloaded from nexus: http://nexus/repository/maven-group/commons-codec/commons-codec/1.3/commons-codec-1.3.jar (47 kB at 20 kB/s)&#xD;&#xA;[INFO] Downloading from nexus: http://nexus/repository/maven-group/org/apache/maven/doxia/doxia-site-renderer/1.7/doxia-site-renderer-1.7.jar&#xD;&#xA;[INFO] Downloaded from nexus: http://nexus/repository/maven-group/commons-logging/commons-logging/1.1.1/commons-logging-1.1.1.jar (61 kB at 25 kB/s)&#xD;&#xA;[INFO] Downloading from nexus: http://nexus/repository/maven-group/org/apache/maven/doxia/doxia-skin-model/1.7/doxia-skin-model-1.7.jar&#xD;&#xA;[INFO] Downloaded from nexus: http://nexus/repository/maven-group/xmlunit/xmlunit/1.5/xmlunit-1.5.jar (98 kB at 41 kB/s)&#xD;&#xA;[INFO] Downloading from nexus: http://nexus/repository/maven-group/org/apache/maven/doxia/doxia-module-xhtml/1.7/doxia-module-xhtml-1.7.jar&#xD;&#xA;[INFO] Downloaded from nexus: http://nexus/repository/maven-group/org/apache/httpcomponents/httpcore/4.0.1/httpcore-4.0.1.jar (173 kB at 70 kB/s)&#xD;&#xA;[INFO] Downloading from nexus: http://nexus/repository/maven-group/org/apache/maven/doxia/doxia-module-fml/1.7/doxia-module-fml-1.7.jar&#xD;&#xA;[INFO] Downloaded from nexus: http://nexus/repository/maven-group/org/apache/maven/doxia/doxia-sink-api/1.7/doxia-sink-api-1.7.jar (11 kB at 4.5 kB/s)&#xD;&#xA;[INFO] Downloading from nexus: http://nexus/repository/maven-group/org/codehaus/plexus/plexus-velocity/1.1.7/plexus-velocity-1.1.7.jar&#xD;&#xA;[INFO] Downloaded from nexus: http://nexus/repository/maven-group/org/apache/maven/doxia/doxia-module-xhtml/1.7/doxia-module-xhtml-1.7.jar (17 kB at 6.7 kB/s)&#xD;&#xA;[INFO] Downloading from nexus: http://nexus/repository/maven-group/org/apache/velocity/velocity/1.7/velocity-1.7.jar&#xD;&#xA;[INFO] Downloaded from nexus: http://nexus/repository/maven-group/org/apache/maven/doxia/doxia-skin-model/1.7/doxia-skin-model-1.7.jar (16 kB at 6.1 kB/s)&#xD;&#xA;[INFO] Downloading from nexus: http://nexus/repository/maven-group/org/apache/velocity/velocity-tools/2.0/velocity-tools-2.0.jar&#xD;&#xA;[INFO] Downloaded from nexus: http://nexus/repository/maven-group/org/apache/maven/doxia/doxia-site-renderer/1.7/doxia-site-renderer-1.7.jar (62 kB at 24 kB/s)&#xD;&#xA;[INFO] Downloading from nexus: http://nexus/repository/maven-group/commons-beanutils/commons-beanutils/1.7.0/commons-beanutils-1.7.0.jar&#xD;&#xA;[INFO] Downloaded from nexus: http://nexus/repository/maven-group/org/apache/maven/doxia/doxia-module-fml/1.7/doxia-module-fml-1.7.jar (39 kB at 15 kB/s)&#xD;&#xA;[INFO] Downloading from nexus: http://nexus/repository/maven-group/commons-digester/commons-digester/1.8/commons-digester-1.8.jar&#xD;&#xA;[INFO] Downloaded from nexus: http://nexus/repository/maven-group/org/codehaus/plexus/plexus-velocity/1.1.7/plexus-velocity-1.1.7.jar (7.7 kB at 2.8 kB/s)&#xD;&#xA;[INFO] Downloading from nexus: http://nexus/repository/maven-group/commons-chain/commons-chain/1.1/commons-chain-1.1.jar&#xD;&#xA;[INFO] Downloaded from nexus: http://nexus/repository/maven-group/commons-beanutils/commons-beanutils/1.7.0/commons-beanutils-1.7.0.jar (189 kB at 66 kB/s)&#xD;&#xA;[INFO] Downloading from nexus: http://nexus/repository/maven-group/commons-validator/commons-validator/1.3.1/commons-validator-1.3.1.jar&#xD;&#xA;[INFO] Downloaded from nexus: http://nexus/repository/maven-group/commons-digester/commons-digester/1.8/commons-digester-1.8.jar (144 kB at 49 kB/s)&#xD;&#xA;[INFO] Downloading from nexus: http://nexus/repository/maven-group/dom4j/dom4j/1.1/dom4j-1.1.jar&#xD;&#xA;[INFO] Downloaded from nexus: http://nexus/repository/maven-group/org/apache/velocity/velocity-tools/2.0/velocity-tools-2.0.jar (347 kB at 116 kB/s)&#xD;&#xA;[INFO] Downloading from nexus: http://nexus/repository/maven-group/oro/oro/2.0.8/oro-2.0.8.jar&#xD;&#xA;[INFO] Downloaded from nexus: http://nexus/repository/maven-group/org/apache/velocity/velocity/1.7/velocity-1.7.jar (450 kB at 148 kB/s)&#xD;&#xA;[INFO] Downloading from nexus: http://nexus/repository/maven-group/sslext/sslext/1.2-0/sslext-1.2-0.jar&#xD;&#xA;[INFO] Downloaded from nexus: http://nexus/repository/maven-group/commons-validator/commons-validator/1.3.1/commons-validator-1.3.1.jar (139 kB at 45 kB/s)&#xD;&#xA;[INFO] Downloading from nexus: http://nexus/repository/maven-group/org/apache/struts/struts-core/1.3.8/struts-core-1.3.8.jar&#xD;&#xA;[INFO] Downloaded from nexus: http://nexus/repository/maven-group/commons-chain/commons-chain/1.1/commons-chain-1.1.jar (90 kB at 29 kB/s)&#xD;&#xA;[INFO] Downloading from nexus: http://nexus/repository/maven-group/antlr/antlr/2.7.2/antlr-2.7.2.jar&#xD;&#xA;[INFO] Downloaded from nexus: http://nexus/repository/maven-group/oro/oro/2.0.8/oro-2.0.8.jar (65 kB at 20 kB/s)&#xD;&#xA;[INFO] Downloading from nexus: http://nexus/repository/maven-group/org/apache/struts/struts-taglib/1.3.8/struts-taglib-1.3.8.jar&#xD;&#xA;[INFO] Downloaded from nexus: http://nexus/repository/maven-group/sslext/sslext/1.2-0/sslext-1.2-0.jar (26 kB at 8.0 kB/s)&#xD;&#xA;[INFO] Downloading from nexus: http://nexus/repository/maven-group/org/apache/struts/struts-tiles/1.3.8/struts-tiles-1.3.8.jar&#xD;&#xA;[INFO] Downloaded from nexus: http://nexus/repository/maven-group/antlr/antlr/2.7.2/antlr-2.7.2.jar (358 kB at 107 kB/s)&#xD;&#xA;[INFO] Downloading from nexus: http://nexus/repository/maven-group/commons-collections/commons-collections/3.2.1/commons-collections-3.2.1.jar&#xD;&#xA;[INFO] Downloaded from nexus: http://nexus/repository/maven-group/org/apache/struts/struts-core/1.3.8/struts-core-1.3.8.jar (329 kB at 97 kB/s)&#xD;&#xA;[INFO] Downloading from nexus: http://nexus/repository/maven-group/org/codehaus/plexus/plexus-utils/3.0.24/plexus-utils-3.0.24.jar&#xD;&#xA;[INFO] Downloaded from nexus: http://nexus/repository/maven-group/dom4j/dom4j/1.1/dom4j-1.1.jar (457 kB at 133 kB/s)&#xD;&#xA;[INFO] Downloading from nexus: http://nexus/repository/maven-group/org/codehaus/plexus/plexus-container-default/1.7.1/plexus-container-default-1.7.1.jar&#xD;&#xA;[INFO] Downloaded from nexus: http://nexus/repository/maven-group/org/apache/struts/struts-tiles/1.3.8/struts-tiles-1.3.8.jar (120 kB at 34 kB/s)&#xD;&#xA;[INFO] Downloading from nexus: http://nexus/repository/maven-group/org/codehaus/plexus/plexus-classworlds/2.5.1/plexus-classworlds-2.5.1.jar&#xD;&#xA;[INFO] Downloaded from nexus: http://nexus/repository/maven-group/org/apache/struts/struts-taglib/1.3.8/struts-taglib-1.3.8.jar (252 kB at 71 kB/s)&#xD;&#xA;[INFO] Downloading from nexus: http://nexus/repository/maven-group/org/apache/xbean/xbean-reflect/3.7/xbean-reflect-3.7.jar&#xD;&#xA;[INFO] Downloaded from nexus: http://nexus/repository/maven-group/org/codehaus/plexus/plexus-utils/3.0.24/plexus-utils-3.0.24.jar (247 kB at 68 kB/s)&#xD;&#xA;[INFO] Downloading from nexus: http://nexus/repository/maven-group/com/google/collections/google-collections/1.0/google-collections-1.0.jar&#xD;&#xA;[INFO] Downloaded from nexus: http://nexus/repository/maven-group/commons-collections/commons-collections/3.2.1/commons-collections-3.2.1.jar (575 kB at 157 kB/s)&#xD;&#xA;[INFO] Downloading from nexus: http://nexus/repository/maven-group/org/codehaus/plexus/plexus-interactivity-api/1.0-alpha-6/plexus-interactivity-api-1.0-alpha-6.jar&#xD;&#xA;[INFO] Downloaded from nexus: http://nexus/repository/maven-group/org/codehaus/plexus/plexus-classworlds/2.5.1/plexus-classworlds-2.5.1.jar (50 kB at 13 kB/s)&#xD;&#xA;[INFO] Downloading from nexus: http://nexus/repository/maven-group/org/codehaus/plexus/plexus-i18n/1.0-beta-10/plexus-i18n-1.0-beta-10.jar&#xD;&#xA;[INFO] Downloaded from nexus: http://nexus/repository/maven-group/org/codehaus/plexus/plexus-container-default/1.7.1/plexus-container-default-1.7.1.jar (231 kB at 61 kB/s)&#xD;&#xA;[INFO] Downloading from nexus: http://nexus/repository/maven-group/org/codehaus/woodstox/woodstox-core-asl/4.2.0/woodstox-core-asl-4.2.0.jar&#xD;&#xA;[INFO] Downloaded from nexus: http://nexus/repository/maven-group/org/codehaus/plexus/plexus-interactivity-api/1.0-alpha-6/plexus-interactivity-api-1.0-alpha-6.jar (12 kB at 3.0 kB/s)&#xD;&#xA;[INFO] Downloading from nexus: http://nexus/repository/maven-group/javax/xml/stream/stax-api/1.0-2/stax-api-1.0-2.jar&#xD;&#xA;[INFO] Downloaded from nexus: http://nexus/repository/maven-group/org/apache/xbean/xbean-reflect/3.7/xbean-reflect-3.7.jar (148 kB at 37 kB/s)&#xD;&#xA;[INFO] Downloading from nexus: http://nexus/repository/maven-group/org/codehaus/woodstox/stax2-api/3.1.1/stax2-api-3.1.1.jar&#xD;&#xA;[INFO] Downloaded from nexus: http://nexus/repository/maven-group/org/codehaus/plexus/plexus-i18n/1.0-beta-10/plexus-i18n-1.0-beta-10.jar (12 kB at 3.0 kB/s)&#xD;&#xA;[INFO] Downloading from nexus: http://nexus/repository/maven-group/commons-lang/commons-lang/2.6/commons-lang-2.6.jar&#xD;&#xA;[INFO] Downloaded from nexus: http://nexus/repository/maven-group/javax/xml/stream/stax-api/1.0-2/stax-api-1.0-2.jar (23 kB at 5.6 kB/s)&#xD;&#xA;[INFO] Downloaded from nexus: http://nexus/repository/maven-group/org/codehaus/woodstox/woodstox-core-asl/4.2.0/woodstox-core-asl-4.2.0.jar (482 kB at 113 kB/s)&#xD;&#xA;[INFO] Downloaded from nexus: http://nexus/repository/maven-group/com/google/collections/google-collections/1.0/google-collections-1.0.jar (640 kB at 147 kB/s)&#xD;&#xA;[INFO] Downloaded from nexus: http://nexus/repository/maven-group/commons-lang/commons-lang/2.6/commons-lang-2.6.jar (284 kB at 65 kB/s)&#xD;&#xA;[INFO] Downloaded from nexus: http://nexus/repository/maven-group/org/codehaus/woodstox/stax2-api/3.1.1/stax2-api-3.1.1.jar (182 kB at 42 kB/s)&#xD;&#xA;[INFO] Searching for local aggregator root...&#xD;&#xA;[INFO] Local aggregation root: /home/jenkins/workspace/sts_bdd-spring-1547468057_master&#xD;&#xA;[INFO] Processing change of com.example:bdd-spring-1547468057:0.0.1-SNAPSHOT -&gt; 0.0.1&#xD;&#xA;[INFO] Processing com.example:bdd-spring-1547468057&#xD;&#xA;[INFO]     Updating project com.example:bdd-spring-1547468057&#xD;&#xA;[INFO]         from version 0.0.1-SNAPSHOT to 0.0.1&#xD;&#xA;[INFO] &#xD;&#xA;[INFO] ------------------------------------------------------------------------&#xD;&#xA;[INFO] BUILD SUCCESS&#xD;&#xA;[INFO] ------------------------------------------------------------------------&#xD;&#xA;[INFO] Total time: 53.594 s&#xD;&#xA;[INFO] Finished at: 2019-01-14T12:29:23Z&#xD;&#xA;[INFO] ------------------------------------------------------------------------&#xD;&#xA;[Pipeline] sh&#xD;&#xA;++ cat VERSION&#xD;&#xA;+ jx step tag --version 0.0.1&#xD;&#xA;Tag v0.0.1 created and pushed to remote origin&#xD;&#xA;[Pipeline] sh&#xD;&#xA;+ mvn clean deploy&#xD;&#xA;Picked up _JAVA_OPTIONS: -XX:+UnlockExperimentalVMOptions -XX:+UseCGroupMemoryLimitForHeap -Dsun.zip.disableMemoryMapping=true -XX:+UseParallelGC -XX:MinHeapFreeRatio=5 -XX:MaxHeapFreeRatio=10 -XX:GCTimeRatio=4 -XX:AdaptiveSizePolicyWeight=90 -Xms10m -Xmx192m&#xD;&#xA;OpenJDK 64-Bit Server VM warning: If the number of processors is expected to increase from one, then you should configure the number of parallel GC threads appropriately using -XX:ParallelGCThreads=N&#xD;&#xA;[INFO] Scanning for projects...&#xD;&#xA;[INFO] &#xD;&#xA;[INFO] -----------------&lt; com.example:bdd-spring-1547468057 &gt;------------------&#xD;&#xA;[INFO] Building demo 0.0.1&#xD;&#xA;[INFO] --------------------------------[ jar ]---------------------------------&#xD;&#xA;[INFO] Downloading from nexus: http://nexus/repository/maven-group/org/springframework/boot/spring-boot-starter-actuator/2.1.2.RELEASE/spring-boot-starter-actuator-2.1.2.RELEASE.pom&#xD;&#xA;[INFO] Downloaded from nexus: http://nexus/repository/maven-group/org/springframework/boot/spring-boot-starter-actuator/2.1.2.RELEASE/spring-boot-starter-actuator-2.1.2.RELEASE.pom (2.6 kB at 5.7 kB/s)&#xD;&#xA;[INFO] Downloading from nexus: http://nexus/repository/maven-group/org/springframework/boot/spring-boot-starters/2.1.2.RELEASE/spring-boot-starters-2.1.2.RELEASE.pom&#xD;&#xA;[INFO] Downloaded from nexus: http://nexus/repository/maven-group/org/springframework/boot/spring-boot-starters/2.1.2.RELEASE/spring-boot-starters-2.1.2.RELEASE.pom (1.8 kB at 12 kB/s)&#xD;&#xA;[INFO] Downloading from nexus: http://nexus/repository/maven-group/org/springframework/boot/spring-boot-starter/2.1.2.RELEASE/spring-boot-starter-2.1.2.RELEASE.pom&#xD;&#xA;[INFO] Downloaded from nexus: http://nexus/repository/maven-group/org/springframework/boot/spring-boot-starter/2.1.2.RELEASE/spring-boot-starter-2.1.2.RELEASE.pom (3.1 kB at 37 kB/s)&#xD;&#xA;[INFO] Downloading from nexus: http://nexus/repository/maven-group/org/springframework/boot/spring-boot/2.1.2.RELEASE/spring-boot-2.1.2.RELEASE.pom&#xD;&#xA;[INFO] Downloaded from nexus: http://nexus/repository/maven-group/org/springframework/boot/spring-boot/2.1.2.RELEASE/spring-boot-2.1.2.RELEASE.pom (14 kB at 154 kB/s)&#xD;&#xA;[INFO] Downloading from nexus: http://nexus/repository/maven-group/org/springframework/spring-core/5.1.4.RELEASE/spring-core-5.1.4.RELEASE.pom&#xD;&#xA;[INFO] Downloaded from nexus: http://nexus/repository/maven-group/org/springframework/spring-core/5.1.4.RELEASE/spring-core-5.1.4.RELEASE.pom (3.6 kB at 41 kB/s)&#xD;&#xA;[INFO] Downloading from nexus: http://nexus/repository/maven-group/org/springframework/spring-jcl/5.1.4.RELEASE/spring-jcl-5.1.4.RELEASE.pom&#xD;&#xA;[INFO] Downloaded from nexus: http://nexus/repository/maven-group/org/springframework/spring-jcl/5.1.4.RELEASE/spring-jcl-5.1.4.RELEASE.pom (1.9 kB at 23 kB/s)&#xD;&#xA;[INFO] Downloading from nexus: http://nexus/repository/maven-group/org/springframework/spring-context/5.1.4.RELEASE/spring-context-5.1.4.RELEASE.pom&#xD;&#xA;[INFO] Downloaded from nexus: http://nexus/repository/maven-group/org/springframework/spring-context/5.1.4.RELEASE/spring-context-5.1.4.RELEASE.pom (5.7 kB at 64 kB/s)&#xD;&#xA;[INFO] Downloading from nexus: http://nexus/repository/maven-group/org/springframework/spring-aop/5.1.4.RELEASE/spring-aop-5.1.4.RELEASE.pom&#xD;&#xA;[INFO] Downloaded from nexus: http://nexus/repository/maven-group/org/springframework/spring-aop/5.1.4.RELEASE/spring-aop-5.1.4.RELEASE.pom (2.5 kB at 27 kB/s)&#xD;&#xA;[INFO] Downloading from nexus: http://nexus/repository/maven-group/org/springframework/spring-beans/5.1.4.RELEASE/spring-beans-5.1.4.RELEASE.pom&#xD;&#xA;[INFO] Downloaded from nexus: http://nexus/repository/maven-group/org/springframework/spring-beans/5.1.4.RELEASE/spring-beans-5.1.4.RELEASE.pom (2.7 kB at 30 kB/s)&#xD;&#xA;[INFO] Downloading from nexus: http://nexus/repository/maven-group/org/springframework/spring-expression/5.1.4.RELEASE/spring-expression-5.1.4.RELEASE.pom&#xD;&#xA;[INFO] Downloaded from nexus: http://nexus/repository/maven-group/org/springframework/spring-expression/5.1.4.RELEASE/spring-expression-5.1.4.RELEASE.pom (1.7 kB at 15 kB/s)&#xD;&#xA;[INFO] Downloading from nexus: http://nexus/repository/maven-group/org/springframework/boot/spring-boot-autoconfigure/2.1.2.RELEASE/spring-boot-autoconfigure-2.1.2.RELEASE.pom&#xD;&#xA;[INFO] Downloaded from nexus: http://nexus/repository/maven-group/org/springframework/boot/spring-boot-autoconfigure/2.1.2.RELEASE/spring-boot-autoconfigure-2.1.2.RELEASE.pom (34 kB at 198 kB/s)&#xD;&#xA;[INFO] Downloading from nexus: http://nexus/repository/maven-group/org/springframework/boot/spring-boot-starter-logging/2.1.2.RELEASE/spring-boot-starter-logging-2.1.2.RELEASE.pom&#xD;&#xA;[INFO] Downloaded from nexus: http://nexus/repository/maven-group/org/springframework/boot/spring-boot-starter-logging/2.1.2.RELEASE/spring-boot-starter-logging-2.1.2.RELEASE.pom (2.5 kB at 23 kB/s)&#xD;&#xA;[INFO] Downloading from nexus: http://nexus/repository/maven-group/ch/qos/logback/logback-classic/1.2.3/logback-classic-1.2.3.pom&#xD;&#xA;[INFO] Downloaded from nexus: http://nexus/repository/maven-group/ch/qos/logback/logback-classic/1.2.3/logback-classic-1.2.3.pom (13 kB at 101 kB/s)&#xD;&#xA;[INFO] Downloading from nexus: http://nexus/repository/maven-group/ch/qos/logback/logback-parent/1.2.3/logback-parent-1.2.3.pom&#xD;&#xA;[INFO] Downloaded from nexus: http://nexus/repository/maven-group/ch/qos/logback/logback-parent/1.2.3/logback-parent-1.2.3.pom (18 kB at 87 kB/s)&#xD;&#xA;[INFO] Downloading from nexus: http://nexus/repository/maven-group/ch/qos/logback/logback-core/1.2.3/logback-core-1.2.3.pom&#xD;&#xA;[INFO] Downloaded from nexus: http://nexus/repository/maven-group/ch/qos/logback/logback-core/1.2.3/logback-core-1.2.3.pom (4.2 kB at 30 kB/s)&#xD;&#xA;[INFO] Downloading from nexus: http://nexus/repository/maven-group/org/slf4j/slf4j-api/1.7.25/slf4j-api-1.7.25.pom&#xD;&#xA;[INFO] Downloaded from nexus: http://nexus/repository/maven-group/org/slf4j/slf4j-api/1.7.25/slf4j-api-1.7.25.pom (3.8 kB at 44 kB/s)&#xD;&#xA;[INFO] Downloading from nexus: http://nexus/repository/maven-group/org/slf4j/slf4j-parent/1.7.25/slf4j-parent-1.7.25.pom&#xD;&#xA;[INFO] Downloaded from nexus: http://nexus/repository/maven-group/org/slf4j/slf4j-parent/1.7.25/slf4j-parent-1.7.25.pom (14 kB at 154 kB/s)&#xD;&#xA;[INFO] Downloading from nexus: http://nexus/repository/maven-group/org/apache/logging/log4j/log4j-to-slf4j/2.11.1/log4j-to-slf4j-2.11.1.pom&#xD;&#xA;[INFO] Downloaded from nexus: http://nexus/repository/maven-group/org/apache/logging/log4j/log4j-to-slf4j/2.11.1/log4j-to-slf4j-2.11.1.pom (7.2 kB at 77 kB/s)&#xD;&#xA;[INFO] Downloading from nexus: http://nexus/repository/maven-group/org/apache/logging/log4j/log4j/2.11.1/log4j-2.11.1.pom&#xD;&#xA;[INFO] Downloaded from nexus: http://nexus/repository/maven-group/org/apache/logging/log4j/log4j/2.11.1/log4j-2.11.1.pom (59 kB at 403 kB/s)&#xD;&#xA;[INFO] Downloading from nexus: http://nexus/repository/maven-group/org/apache/logging/log4j/log4j-api/2.11.1/log4j-api-2.11.1.pom&#xD;&#xA;[INFO] Downloaded from nexus: http://nexus/repository/maven-group/org/apache/logging/log4j/log4j-api/2.11.1/log4j-api-2.11.1.pom (14 kB at 143 kB/s)&#xD;&#xA;[INFO] Downloading from nexus: http://nexus/repository/maven-group/org/slf4j/jul-to-slf4j/1.7.25/jul-to-slf4j-1.7.25.pom&#xD;&#xA;[INFO] Downloaded from nexus: http://nexus/repository/maven-group/org/slf4j/jul-to-slf4j/1.7.25/jul-to-slf4j-1.7.25.pom (986 B at 9.5 kB/s)&#xD;&#xA;[INFO] Downloading from nexus: http://nexus/repository/maven-group/javax/annotation/javax.annotation-api/1.3.2/javax.annotation-api-1.3.2.pom&#xD;&#xA;[INFO] Downloaded from nexus: http://nexus/repository/maven-group/javax/annotation/javax.annotation-api/1.3.2/javax.annotation-api-1.3.2.pom (14 kB at 172 kB/s)&#xD;&#xA;[INFO] Downloading from nexus: http://nexus/repository/maven-group/net/java/jvnet-parent/3/jvnet-parent-3.pom&#xD;&#xA;[INFO] Downloaded from nexus: http://nexus/repository/maven-group/net/java/jvnet-parent/3/jvnet-parent-3.pom (4.8 kB at 90 kB/s)&#xD;&#xA;[INFO] Downloading from nexus: http://nexus/repository/maven-group/org/yaml/snakeyaml/1.23/snakeyaml-1.23.pom&#xD;&#xA;[INFO] Downloaded from nexus: http://nexus/repository/maven-group/org/yaml/snakeyaml/1.23/snakeyaml-1.23.pom (38 kB at 386 kB/s)&#xD;&#xA;[INFO] Downloading from nexus: http://nexus/repository/maven-group/org/springframework/boot/spring-boot-actuator-autoconfigure/2.1.2.RELEASE/spring-boot-actuator-autoconfigure-2.1.2.RELEASE.pom&#xD;&#xA;[INFO] Downloaded from nexus: http://nexus/repository/maven-group/org/springframework/boot/spring-boot-actuator-autoconfigure/2.1.2.RELEASE/spring-boot-actuator-autoconfigure-2.1.2.RELEASE.pom (22 kB at 233 kB/s)&#xD;&#xA;[INFO] Downloading from nexus: http://nexus/repository/maven-group/org/springframework/boot/spring-boot-actuator/2.1.2.RELEASE/spring-boot-actuator-2.1.2.RELEASE.pom&#xD;&#xA;[INFO] Downloaded from nexus: http://nexus/repository/maven-group/org/springframework/boot/spring-boot-actuator/2.1.2.RELEASE/spring-boot-actuator-2.1.2.RELEASE.pom (14 kB at 99 kB/s)&#xD;&#xA;[INFO] Downloading from nexus: http://nexus/repository/maven-group/com/fasterxml/jackson/core/jackson-databind/2.9.8/jackson-databind-2.9.8.pom&#xD;&#xA;[INFO] Downloaded from nexus: http://nexus/repository/maven-group/com/fasterxml/jackson/core/jackson-databind/2.9.8/jackson-databind-2.9.8.pom (6.3 kB at 16 kB/s)&#xD;&#xA;[INFO] Downloading from nexus: http://nexus/repository/maven-group/com/fasterxml/jackson/jackson-base/2.9.8/jackson-base-2.9.8.pom&#xD;&#xA;[INFO] Downloaded from nexus: http://nexus/repository/maven-group/com/fasterxml/jackson/jackson-base/2.9.8/jackson-base-2.9.8.pom (5.5 kB at 54 kB/s)&#xD;&#xA;[INFO] Downloading from nexus: http://nexus/repository/maven-group/com/fasterxml/jackson/core/jackson-annotations/2.9.0/jackson-annotations-2.9.0.pom&#xD;&#xA;[INFO] Downloaded from nexus: http://nexus/repository/maven-group/com/fasterxml/jackson/core/jackson-annotations/2.9.0/jackson-annotations-2.9.0.pom (1.9 kB at 26 kB/s)&#xD;&#xA;[INFO] Downloading from nexus: http://nexus/repository/maven-group/com/fasterxml/jackson/jackson-parent/2.9.0/jackson-parent-2.9.0.pom&#xD;&#xA;[INFO] Downloaded from nexus: http://nexus/repository/maven-group/com/fasterxml/jackson/jackson-parent/2.9.0/jackson-parent-2.9.0.pom (7.8 kB at 110 kB/s)&#xD;&#xA;[INFO] Downloading from nexus: http://nexus/repository/maven-group/com/fasterxml/oss-parent/28/oss-parent-28.pom&#xD;&#xA;[INFO] Downloaded from nexus: http://nexus/repository/maven-group/com/fasterxml/oss-parent/28/oss-parent-28.pom (20 kB at 274 kB/s)&#xD;&#xA;[INFO] Downloading from nexus: http://nexus/repository/maven-group/com/fasterxml/jackson/core/jackson-core/2.9.8/jackson-core-2.9.8.pom&#xD;&#xA;[INFO] Downloaded from nexus: http://nexus/repository/maven-group/com/fasterxml/jackson/core/jackson-core/2.9.8/jackson-core-2.9.8.pom (4.1 kB at 51 kB/s)&#xD;&#xA;[INFO] Downloading from nexus: http://nexus/repository/maven-group/com/fasterxml/jackson/datatype/jackson-datatype-jsr310/2.9.8/jackson-datatype-jsr310-2.9.8.pom&#xD;&#xA;[INFO] Downloaded from nexus: http://nexus/repository/maven-group/com/fasterxml/jackson/datatype/jackson-datatype-jsr310/2.9.8/jackson-datatype-jsr310-2.9.8.pom (4.3 kB at 68 kB/s)&#xD;&#xA;[INFO] Downloading from nexus: http://nexus/repository/maven-group/com/fasterxml/jackson/module/jackson-modules-java8/2.9.8/jackson-modules-java8-2.9.8.pom&#xD;&#xA;[INFO] Downloaded from nexus: http://nexus/repository/maven-group/com/fasterxml/jackson/module/jackson-modules-java8/2.9.8/jackson-modules-java8-2.9.8.pom (2.8 kB at 41 kB/s)&#xD;&#xA;[INFO] Downloading from nexus: http://nexus/repository/maven-group/io/micrometer/micrometer-core/1.1.2/micrometer-core-1.1.2.pom&#xD;&#xA;[INFO] Downloaded from nexus: http://nexus/repository/maven-group/io/micrometer/micrometer-core/1.1.2/micrometer-core-1.1.2.pom (6.7 kB at 99 kB/s)&#xD;&#xA;[INFO] Downloading from nexus: http://nexus/repository/maven-group/org/hdrhistogram/HdrHistogram/2.1.9/HdrHistogram-2.1.9.pom&#xD;&#xA;[INFO] Downloaded from nexus: http://nexus/repository/maven-group/org/hdrhistogram/HdrHistogram/2.1.9/HdrHistogram-2.1.9.pom (9.7 kB at 156 kB/s)&#xD;&#xA;[INFO] Downloading from nexus: http://nexus/repository/maven-group/org/latencyutils/LatencyUtils/2.0.3/LatencyUtils-2.0.3.pom&#xD;&#xA;[INFO] Downloaded from nexus: http://nexus/repository/maven-group/org/latencyutils/LatencyUtils/2.0.3/LatencyUtils-2.0.3.pom (7.2 kB at 70 kB/s)&#xD;&#xA;[INFO] Downloading from nexus: http://nexus/repository/maven-group/org/springframework/boot/spring-boot-starter-web/2.1.2.RELEASE/spring-boot-starter-web-2.1.2.RELEASE.pom&#xD;&#xA;[INFO] Downloaded from nexus: http://nexus/repository/maven-group/org/springframework/boot/spring-boot-starter-web/2.1.2.RELEASE/spring-boot-starter-web-2.1.2.RELEASE.pom (3.2 kB at 51 kB/s)&#xD;&#xA;[INFO] Downloading from nexus: http://nexus/repository/maven-group/org/springframework/boot/spring-boot-starter-json/2.1.2.RELEASE/spring-boot-starter-json-2.1.2.RELEASE.pom&#xD;&#xA;[INFO] Downloaded from nexus: http://nexus/repository/maven-group/org/springframework/boot/spring-boot-starter-json/2.1.2.RELEASE/spring-boot-starter-json-2.1.2.RELEASE.pom (3.1 kB at 43 kB/s)&#xD;&#xA;[INFO] Downloading from nexus: http://nexus/repository/maven-group/org/springframework/spring-web/5.1.4.RELEASE/spring-web-5.1.4.RELEASE.pom&#xD;&#xA;[INFO] Downloaded from nexus: http://nexus/repository/maven-group/org/springframework/spring-web/5.1.4.RELEASE/spring-web-5.1.4.RELEASE.pom (12 kB at 178 kB/s)&#xD;&#xA;[INFO] Downloading from nexus: http://nexus/repository/maven-group/com/fasterxml/jackson/datatype/jackson-datatype-jdk8/2.9.8/jackson-datatype-jdk8-2.9.8.pom&#xD;&#xA;[INFO] Downloaded from nexus: http://nexus/repository/maven-group/com/fasterxml/jackson/datatype/jackson-datatype-jdk8/2.9.8/jackson-datatype-jdk8-2.9.8.pom (1.9 kB at 38 kB/s)&#xD;&#xA;[INFO] Downloading from nexus: http://nexus/repository/maven-group/com/fasterxml/jackson/module/jackson-module-parameter-names/2.9.8/jackson-module-parameter-names-2.9.8.pom&#xD;&#xA;[INFO] Downloaded from nexus: http://nexus/repository/maven-group/com/fasterxml/jackson/module/jackson-module-parameter-names/2.9.8/jackson-module-parameter-names-2.9.8.pom (3.7 kB at 32 kB/s)&#xD;&#xA;[INFO] Downloading from nexus: http://nexus/repository/maven-group/org/springframework/boot/spring-boot-starter-tomcat/2.1.2.RELEASE/spring-boot-starter-tomcat-2.1.2.RELEASE.pom&#xD;&#xA;[INFO] Downloaded from nexus: http://nexus/repository/maven-group/org/springframework/boot/spring-boot-starter-tomcat/2.1.2.RELEASE/spring-boot-starter-tomcat-2.1.2.RELEASE.pom (3.0 kB at 44 kB/s)&#xD;&#xA;[INFO] Downloading from nexus: http://nexus/repository/maven-group/org/apache/tomcat/embed/tomcat-embed-core/9.0.14/tomcat-embed-core-9.0.14.pom&#xD;&#xA;[INFO] Downloaded from nexus: http://nexus/repository/maven-group/org/apache/tomcat/embed/tomcat-embed-core/9.0.14/tomcat-embed-core-9.0.14.pom (1.8 kB at 16 kB/s)&#xD;&#xA;[INFO] Downloading from nexus: http://nexus/repository/maven-group/org/apache/tomcat/embed/tomcat-embed-el/9.0.14/tomcat-embed-el-9.0.14.pom&#xD;&#xA;[INFO] Downloaded from nexus: http://nexus/repository/maven-group/org/apache/tomcat/embed/tomcat-embed-el/9.0.14/tomcat-embed-el-9.0.14.pom (1.5 kB at 25 kB/s)&#xD;&#xA;[INFO] Downloading from nexus: http://nexus/repository/maven-group/org/apache/tomcat/embed/tomcat-embed-websocket/9.0.14/tomcat-embed-websocket-9.0.14.pom&#xD;&#xA;[INFO] Downloaded from nexus: http://nexus/repository/maven-group/org/apache/tomcat/embed/tomcat-embed-websocket/9.0.14/tomcat-embed-websocket-9.0.14.pom (1.8 kB at 36 kB/s)&#xD;&#xA;[INFO] Downloading from nexus: http://nexus/repository/maven-group/org/apache/tomcat/tomcat-annotations-api/9.0.14/tomcat-annotations-api-9.0.14.pom&#xD;&#xA;[INFO] Downloaded from nexus: http://nexus/repository/maven-group/org/apache/tomcat/tomcat-annotations-api/9.0.14/tomcat-annotations-api-9.0.14.pom (1.5 kB at 22 kB/s)&#xD;&#xA;[INFO] Downloading from nexus: http://nexus/repository/maven-group/org/hibernate/validator/hibernate-validator/6.0.14.Final/hibernate-validator-6.0.14.Final.pom&#xD;&#xA;[INFO] Downloaded from nexus: http://nexus/repository/maven-group/org/hibernate/validator/hibernate-validator/6.0.14.Final/hibernate-validator-6.0.14.Final.pom (15 kB at 199 kB/s)&#xD;&#xA;[INFO] Downloading from nexus: http://nexus/repository/maven-group/org/hibernate/validator/hibernate-validator-parent/6.0.14.Final/hibernate-validator-parent-6.0.14.Final.pom&#xD;&#xA;[INFO] Downloaded from nexus: http://nexus/repository/maven-group/org/hibernate/validator/hibernate-validator-parent/6.0.14.Final/hibernate-validator-parent-6.0.14.Final.pom (60 kB at 684 kB/s)&#xD;&#xA;[INFO] Downloading from nexus: http://nexus/repository/maven-group/org/jboss/arquillian/arquillian-bom/1.1.11.Final/arquillian-bom-1.1.11.Final.pom&#xD;&#xA;[INFO] Downloaded from nexus: http://nexus/repository/maven-group/org/jboss/arquillian/arquillian-bom/1.1.11.Final/arquillian-bom-1.1.11.Final.pom (11 kB at 118 kB/s)&#xD;&#xA;[INFO] Downloading from nexus: http://nexus/repository/maven-group/org/jboss/shrinkwrap/shrinkwrap-bom/1.2.3/shrinkwrap-bom-1.2.3.pom&#xD;&#xA;[INFO] Downloaded from nexus: http://nexus/repository/maven-group/org/jboss/shrinkwrap/shrinkwrap-bom/1.2.3/shrinkwrap-bom-1.2.3.pom (4.0 kB at 57 kB/s)&#xD;&#xA;[INFO] Downloading from nexus: http://nexus/repository/maven-group/org/jboss/shrinkwrap/resolver/shrinkwrap-resolver-bom/2.2.0/shrinkwrap-resolver-bom-2.2.0.pom&#xD;&#xA;[INFO] Downloaded from nexus: http://nexus/repository/maven-group/org/jboss/shrinkwrap/resolver/shrinkwrap-resolver-bom/2.2.0/shrinkwrap-resolver-bom-2.2.0.pom (5.3 kB at 83 kB/s)&#xD;&#xA;[INFO] Downloading from nexus: http://nexus/repository/maven-group/org/jboss/shrinkwrap/descriptors/shrinkwrap-descriptors-bom/2.0.0-alpha-8/shrinkwrap-descriptors-bom-2.0.0-alpha-8.pom&#xD;&#xA;[INFO] Downloaded from nexus: http://nexus/repository/maven-group/org/jboss/shrinkwrap/descriptors/shrinkwrap-descriptors-bom/2.0.0-alpha-8/shrinkwrap-descriptors-bom-2.0.0-alpha-8.pom (5.2 kB at 73 kB/s)&#xD;&#xA;[INFO] Downloading from nexus: http://nexus/repository/maven-group/javax/validation/validation-api/2.0.1.Final/validation-api-2.0.1.Final.pom&#xD;&#xA;[INFO] Downloaded from nexus: http://nexus/repository/maven-group/javax/validation/validation-api/2.0.1.Final/validation-api-2.0.1.Final.pom (12 kB at 65 kB/s)&#xD;&#xA;[INFO] Downloading from nexus: http://nexus/repository/maven-group/org/jboss/logging/jboss-logging/3.3.2.Final/jboss-logging-3.3.2.Final.pom&#xD;&#xA;[INFO] Downloaded from nexus: http://nexus/repository/maven-group/org/jboss/logging/jboss-logging/3.3.2.Final/jboss-logging-3.3.2.Final.pom (6.4 kB at 115 kB/s)&#xD;&#xA;[INFO] Downloading from nexus: http://nexus/repository/maven-group/org/jboss/jboss-parent/15/jboss-parent-15.pom&#xD;&#xA;[INFO] Downloaded from nexus: http://nexus/repository/maven-group/org/jboss/jboss-parent/15/jboss-parent-15.pom (32 kB at 493 kB/s)&#xD;&#xA;[INFO] Downloading from nexus: http://nexus/repository/maven-group/com/fasterxml/classmate/1.4.0/classmate-1.4.0.pom&#xD;&#xA;[INFO] Downloaded from nexus: http://nexus/repository/maven-group/com/fasterxml/classmate/1.4.0/classmate-1.4.0.pom (5.9 kB at 83 kB/s)&#xD;&#xA;[INFO] Downloading from nexus: http://nexus/repository/maven-group/com/fasterxml/oss-parent/24/oss-parent-24.pom&#xD;&#xA;[INFO] Downloaded from nexus: http://nexus/repository/maven-group/com/fasterxml/oss-parent/24/oss-parent-24.pom (19 kB at 259 kB/s)&#xD;&#xA;[INFO] Downloading from nexus: http://nexus/repository/maven-group/org/springframework/spring-webmvc/5.1.4.RELEASE/spring-webmvc-5.1.4.RELEASE.pom&#xD;&#xA;[INFO] Downloaded from nexus: http://nexus/repository/maven-group/org/springframework/spring-webmvc/5.1.4.RELEASE/spring-webmvc-5.1.4.RELEASE.pom (9.4 kB at 102 kB/s)&#xD;&#xA;[INFO] Downloading from nexus: http://nexus/repository/maven-group/org/springframework/boot/spring-boot-starter-test/2.1.2.RELEASE/spring-boot-starter-test-2.1.2.RELEASE.pom&#xD;&#xA;[INFO] Downloaded from nexus: http://nexus/repository/maven-group/org/springframework/boot/spring-boot-starter-test/2.1.2.RELEASE/spring-boot-starter-test-2.1.2.RELEASE.pom (4.4 kB at 74 kB/s)&#xD;&#xA;[INFO] Downloading from nexus: http://nexus/repository/maven-group/org/springframework/boot/spring-boot-test/2.1.2.RELEASE/spring-boot-test-2.1.2.RELEASE.pom&#xD;&#xA;[INFO] Downloaded from nexus: http://nexus/repository/maven-group/org/springframework/boot/spring-boot-test/2.1.2.RELEASE/spring-boot-test-2.1.2.RELEASE.pom (7.1 kB at 140 kB/s)&#xD;&#xA;[INFO] Downloading from nexus: http://nexus/repository/maven-group/org/springframework/boot/spring-boot-test-autoconfigure/2.1.2.RELEASE/spring-boot-test-autoconfigure-2.1.2.RELEASE.pom&#xD;&#xA;[INFO] Downloaded from nexus: http://nexus/repository/maven-group/org/springframework/boot/spring-boot-test-autoconfigure/2.1.2.RELEASE/spring-boot-test-autoconfigure-2.1.2.RELEASE.pom (9.9 kB at 79 kB/s)&#xD;&#xA;[INFO] Downloading from nexus: http://nexus/repository/maven-group/com/jayway/jsonpath/json-path/2.4.0/json-path-2.4.0.pom&#xD;&#xA;[INFO] Downloaded from nexus: http://nexus/repository/maven-group/com/jayway/jsonpath/json-path/2.4.0/json-path-2.4.0.pom (2.6 kB at 16 kB/s)&#xD;&#xA;[INFO] Downloading from nexus: http://nexus/repository/maven-group/net/minidev/json-smart/2.3/json-smart-2.3.pom&#xD;&#xA;[INFO] Downloaded from nexus: http://nexus/repository/maven-group/net/minidev/json-smart/2.3/json-smart-2.3.pom (9.0 kB at 77 kB/s)&#xD;&#xA;[INFO] Downloading from nexus: http://nexus/repository/maven-group/net/minidev/minidev-parent/2.3/minidev-parent-2.3.pom&#xD;&#xA;[INFO] Downloaded from nexus: http://nexus/repository/maven-group/net/minidev/minidev-parent/2.3/minidev-parent-2.3.pom (8.5 kB at 69 kB/s)&#xD;&#xA;[INFO] Downloading from nexus: http://nexus/repository/maven-group/net/minidev/accessors-smart/1.2/accessors-smart-1.2.pom&#xD;&#xA;[INFO] Downloaded from nexus: http://nexus/repository/maven-group/net/minidev/accessors-smart/1.2/accessors-smart-1.2.pom (12 kB at 187 kB/s)&#xD;&#xA;[INFO] Downloading from nexus: http://nexus/repository/maven-group/org/ow2/asm/asm/5.0.4/asm-5.0.4.pom&#xD;&#xA;[INFO] Downloaded from nexus: http://nexus/repository/maven-group/org/ow2/asm/asm/5.0.4/asm-5.0.4.pom (1.9 kB at 29 kB/s)&#xD;&#xA;[INFO] Downloading from nexus: http://nexus/repository/maven-group/org/ow2/asm/asm-parent/5.0.4/asm-parent-5.0.4.pom&#xD;&#xA;[INFO] Downloaded from nexus: http://nexus/repository/maven-group/org/ow2/asm/asm-parent/5.0.4/asm-parent-5.0.4.pom (5.5 kB at 92 kB/s)&#xD;&#xA;[INFO] Downloading from nexus: http://nexus/repository/maven-group/org/ow2/ow2/1.3/ow2-1.3.pom&#xD;&#xA;[INFO] Downloaded from nexus: http://nexus/repository/maven-group/org/ow2/ow2/1.3/ow2-1.3.pom (9.5 kB at 179 kB/s)&#xD;&#xA;[INFO] Downloading from nexus: http://nexus/repository/maven-group/org/assertj/assertj-core/3.11.1/assertj-core-3.11.1.pom&#xD;&#xA;[INFO] Downloaded from nexus: http://nexus/repository/maven-group/org/assertj/assertj-core/3.11.1/assertj-core-3.11.1.pom (14 kB at 188 kB/s)&#xD;&#xA;[INFO] Downloading from nexus: http://nexus/repository/maven-group/org/assertj/assertj-parent-pom/2.2.1/assertj-parent-pom-2.2.1.pom&#xD;&#xA;[INFO] Downloaded from nexus: http://nexus/repository/maven-group/org/assertj/assertj-parent-pom/2.2.1/assertj-parent-pom-2.2.1.pom (15 kB at 183 kB/s)&#xD;&#xA;[INFO] Downloading from nexus: http://nexus/repository/maven-group/org/junit/junit-bom/5.2.0/junit-bom-5.2.0.pom&#xD;&#xA;[INFO] Downloaded from nexus: http://nexus/repository/maven-group/org/junit/junit-bom/5.2.0/junit-bom-5.2.0.pom (4.2 kB at 68 kB/s)&#xD;&#xA;[INFO] Downloading from nexus: http://nexus/repository/maven-group/org/mockito/mockito-core/2.23.4/mockito-core-2.23.4.pom&#xD;&#xA;[INFO] Downloaded from nexus: http://nexus/repository/maven-group/org/mockito/mockito-core/2.23.4/mockito-core-2.23.4.pom (18 kB at 181 kB/s)&#xD;&#xA;[INFO] Downloading from nexus: http://nexus/repository/maven-group/net/bytebuddy/byte-buddy/1.9.7/byte-buddy-1.9.7.pom&#xD;&#xA;[INFO] Downloaded from nexus: http://nexus/repository/maven-group/net/bytebuddy/byte-buddy/1.9.7/byte-buddy-1.9.7.pom (10 kB at 144 kB/s)&#xD;&#xA;[INFO] Downloading from nexus: http://nexus/repository/maven-group/net/bytebuddy/byte-buddy-parent/1.9.7/byte-buddy-parent-1.9.7.pom&#xD;&#xA;[INFO] Downloaded from nexus: http://nexus/repository/maven-group/net/bytebuddy/byte-buddy-parent/1.9.7/byte-buddy-parent-1.9.7.pom (36 kB at 430 kB/s)&#xD;&#xA;[INFO] Downloading from nexus: http://nexus/repository/maven-group/net/bytebuddy/byte-buddy-agent/1.9.7/byte-buddy-agent-1.9.7.pom&#xD;&#xA;[INFO] Downloaded from nexus: http://nexus/repository/maven-group/net/bytebuddy/byte-buddy-agent/1.9.7/byte-buddy-agent-1.9.7.pom (6.0 kB at 83 kB/s)&#xD;&#xA;[INFO] Downloading from nexus: http://nexus/repository/maven-group/org/objenesis/objenesis/2.6/objenesis-2.6.pom&#xD;&#xA;[INFO] Downloaded from nexus: http://nexus/repository/maven-group/org/objenesis/objenesis/2.6/objenesis-2.6.pom (2.8 kB at 34 kB/s)&#xD;&#xA;[INFO] Downloading from nexus: http://nexus/repository/maven-group/org/objenesis/objenesis-parent/2.6/objenesis-parent-2.6.pom&#xD;&#xA;[INFO] Downloaded from nexus: http://nexus/repository/maven-group/org/objenesis/objenesis-parent/2.6/objenesis-parent-2.6.pom (17 kB at 217 kB/s)&#xD;&#xA;[INFO] Downloading from nexus: http://nexus/repository/maven-group/org/hamcrest/hamcrest-library/1.3/hamcrest-library-1.3.pom&#xD;&#xA;[INFO] Downloaded from nexus: http://nexus/repository/maven-group/org/hamcrest/hamcrest-library/1.3/hamcrest-library-1.3.pom (820 B at 12 kB/s)&#xD;&#xA;[INFO] Downloading from nexus: http://nexus/repository/maven-group/org/skyscreamer/jsonassert/1.5.0/jsonassert-1.5.0.pom&#xD;&#xA;[INFO] Downloaded from nexus: http://nexus/repository/maven-group/org/skyscreamer/jsonassert/1.5.0/jsonassert-1.5.0.pom (5.2 kB at 73 kB/s)&#xD;&#xA;[INFO] Downloading from nexus: http://nexus/repository/maven-group/com/vaadin/external/google/android-json/0.0.20131108.vaadin1/android-json-0.0.20131108.vaadin1.pom&#xD;&#xA;[INFO] Downloaded from nexus: http://nexus/repository/maven-group/com/vaadin/external/google/android-json/0.0.20131108.vaadin1/android-json-0.0.20131108.vaadin1.pom (2.8 kB at 44 kB/s)&#xD;&#xA;[INFO] Downloading from nexus: http://nexus/repository/maven-group/org/springframework/spring-test/5.1.4.RELEASE/spring-test-5.1.4.RELEASE.pom&#xD;&#xA;[INFO] Downloaded from nexus: http://nexus/repository/maven-group/org/springframework/spring-test/5.1.4.RELEASE/spring-test-5.1.4.RELEASE.pom (9.9 kB at 155 kB/s)&#xD;&#xA;[INFO] Downloading from nexus: http://nexus/repository/maven-group/org/xmlunit/xmlunit-core/2.6.2/xmlunit-core-2.6.2.pom&#xD;&#xA;[INFO] Downloaded from nexus: http://nexus/repository/maven-group/org/xmlunit/xmlunit-core/2.6.2/xmlunit-core-2.6.2.pom (2.7 kB at 39 kB/s)&#xD;&#xA;[INFO] Downloading from nexus: http://nexus/repository/maven-group/org/xmlunit/xmlunit-parent/2.6.2/xmlunit-parent-2.6.2.pom&#xD;&#xA;[INFO] Downloaded from nexus: http://nexus/repository/maven-group/org/xmlunit/xmlunit-parent/2.6.2/xmlunit-parent-2.6.2.pom (18 kB at 263 kB/s)&#xD;&#xA;[INFO] Downloading from nexus: http://nexus/repository/maven-group/org/springframework/boot/spring-boot-starter-actuator/2.1.2.RELEASE/spring-boot-starter-actuator-2.1.2.RELEASE.jar&#xD;&#xA;[INFO] Downloading from nexus: http://nexus/repository/maven-group/org/springframework/boot/spring-boot-starter/2.1.2.RELEASE/spring-boot-starter-2.1.2.RELEASE.jar&#xD;&#xA;[INFO] Downloading from nexus: http://nexus/repository/maven-group/org/springframework/boot/spring-boot-autoconfigure/2.1.2.RELEASE/spring-boot-autoconfigure-2.1.2.RELEASE.jar&#xD;&#xA;[INFO] Downloading from nexus: http://nexus/repository/maven-group/org/springframework/boot/spring-boot/2.1.2.RELEASE/spring-boot-2.1.2.RELEASE.jar&#xD;&#xA;[INFO] Downloading from nexus: http://nexus/repository/maven-group/org/springframework/boot/spring-boot-starter-logging/2.1.2.RELEASE/spring-boot-starter-logging-2.1.2.RELEASE.jar&#xD;&#xA;[INFO] Downloaded from nexus: http://nexus/repository/maven-group/org/springframework/boot/spring-boot-starter-actuator/2.1.2.RELEASE/spring-boot-starter-actuator-2.1.2.RELEASE.jar (408 B at 2.4 kB/s)&#xD;&#xA;[INFO] Downloading from nexus: http://nexus/repository/maven-group/ch/qos/logback/logback-classic/1.2.3/logback-classic-1.2.3.jar&#xD;&#xA;[INFO] Downloaded from nexus: http://nexus/repository/maven-group/org/springframework/boot/spring-boot-starter/2.1.2.RELEASE/spring-boot-starter-2.1.2.RELEASE.jar (399 B at 1.4 kB/s)&#xD;&#xA;[INFO] Downloading from nexus: http://nexus/repository/maven-group/ch/qos/logback/logback-core/1.2.3/logback-core-1.2.3.jar&#xD;&#xA;[INFO] Downloaded from nexus: http://nexus/repository/maven-group/org/springframework/boot/spring-boot-starter-logging/2.1.2.RELEASE/spring-boot-starter-logging-2.1.2.RELEASE.jar (407 B at 1.2 kB/s)&#xD;&#xA;[INFO] Downloading from nexus: http://nexus/repository/maven-group/org/apache/logging/log4j/log4j-to-slf4j/2.11.1/log4j-to-slf4j-2.11.1.jar&#xD;&#xA;[INFO] Downloaded from nexus: http://nexus/repository/maven-group/org/apache/logging/log4j/log4j-to-slf4j/2.11.1/log4j-to-slf4j-2.11.1.jar (18 kB at 36 kB/s)&#xD;&#xA;[INFO] Downloading from nexus: http://nexus/repository/maven-group/org/apache/logging/log4j/log4j-api/2.11.1/log4j-api-2.11.1.jar&#xD;&#xA;[INFO] Downloaded from nexus: http://nexus/repository/maven-group/ch/qos/logback/logback-classic/1.2.3/logback-classic-1.2.3.jar (290 kB at 565 kB/s)&#xD;&#xA;[INFO] Downloading from nexus: http://nexus/repository/maven-group/org/slf4j/jul-to-slf4j/1.7.25/jul-to-slf4j-1.7.25.jar&#xD;&#xA;[INFO] Downloaded from nexus: http://nexus/repository/maven-group/org/springframework/boot/spring-boot/2.1.2.RELEASE/spring-boot-2.1.2.RELEASE.jar (948 kB at 1.6 MB/s)&#xD;&#xA;[INFO] Downloading from nexus: http://nexus/repository/maven-group/javax/annotation/javax.annotation-api/1.3.2/javax.annotation-api-1.3.2.jar&#xD;&#xA;[INFO] Downloaded from nexus: http://nexus/repository/maven-group/ch/qos/logback/logback-core/1.2.3/logback-core-1.2.3.jar (472 kB at 749 kB/s)&#xD;&#xA;[INFO] Downloading from nexus: http://nexus/repository/maven-group/org/yaml/snakeyaml/1.23/snakeyaml-1.23.jar&#xD;&#xA;[INFO] Downloaded from nexus: http://nexus/repository/maven-group/org/springframework/boot/spring-boot-autoconfigure/2.1.2.RELEASE/spring-boot-autoconfigure-2.1.2.RELEASE.jar (1.3 MB at 1.7 MB/s)&#xD;&#xA;[INFO] Downloading from nexus: http://nexus/repository/maven-group/org/springframework/boot/spring-boot-actuator-autoconfigure/2.1.2.RELEASE/spring-boot-actuator-autoconfigure-2.1.2.RELEASE.jar&#xD;&#xA;[INFO] Downloaded from nexus: http://nexus/repository/maven-group/org/slf4j/jul-to-slf4j/1.7.25/jul-to-slf4j-1.7.25.jar (4.6 kB at 5.7 kB/s)&#xD;&#xA;[INFO] Downloading from nexus: http://nexus/repository/maven-group/org/springframework/boot/spring-boot-actuator/2.1.2.RELEASE/spring-boot-actuator-2.1.2.RELEASE.jar&#xD;&#xA;[INFO] Downloaded from nexus: http://nexus/repository/maven-group/javax/annotation/javax.annotation-api/1.3.2/javax.annotation-api-1.3.2.jar (27 kB at 33 kB/s)&#xD;&#xA;[INFO] Downloading from nexus: http://nexus/repository/maven-group/com/fasterxml/jackson/core/jackson-databind/2.9.8/jackson-databind-2.9.8.jar&#xD;&#xA;[INFO] Downloaded from nexus: http://nexus/repository/maven-group/org/apache/logging/log4j/log4j-api/2.11.1/log4j-api-2.11.1.jar (264 kB at 296 kB/s)&#xD;&#xA;[INFO] Downloading from nexus: http://nexus/repository/maven-group/com/fasterxml/jackson/core/jackson-annotations/2.9.0/jackson-annotations-2.9.0.jar&#xD;&#xA;[INFO] Downloaded from nexus: http://nexus/repository/maven-group/org/springframework/boot/spring-boot-actuator-autoconfigure/2.1.2.RELEASE/spring-boot-actuator-autoconfigure-2.1.2.RELEASE.jar (436 kB at 447 kB/s)&#xD;&#xA;[INFO] Downloading from nexus: http://nexus/repository/maven-group/com/fasterxml/jackson/core/jackson-core/2.9.8/jackson-core-2.9.8.jar&#xD;&#xA;[INFO] Downloaded from nexus: http://nexus/repository/maven-group/org/yaml/snakeyaml/1.23/snakeyaml-1.23.jar (301 kB at 307 kB/s)&#xD;&#xA;[INFO] Downloading from nexus: http://nexus/repository/maven-group/org/springframework/spring-context/5.1.4.RELEASE/spring-context-5.1.4.RELEASE.jar&#xD;&#xA;[INFO] Downloaded from nexus: http://nexus/repository/maven-group/com/fasterxml/jackson/core/jackson-annotations/2.9.0/jackson-annotations-2.9.0.jar (67 kB at 59 kB/s)&#xD;&#xA;[INFO] Downloading from nexus: http://nexus/repository/maven-group/com/fasterxml/jackson/datatype/jackson-datatype-jsr310/2.9.8/jackson-datatype-jsr310-2.9.8.jar&#xD;&#xA;[INFO] Downloaded from nexus: http://nexus/repository/maven-group/org/springframework/boot/spring-boot-actuator/2.1.2.RELEASE/spring-boot-actuator-2.1.2.RELEASE.jar (509 kB at 440 kB/s)&#xD;&#xA;[INFO] Downloading from nexus: http://nexus/repository/maven-group/io/micrometer/micrometer-core/1.1.2/micrometer-core-1.1.2.jar&#xD;&#xA;[INFO] Downloaded from nexus: http://nexus/repository/maven-group/org/springframework/spring-context/5.1.4.RELEASE/spring-context-5.1.4.RELEASE.jar (1.1 MB at 757 kB/s)&#xD;&#xA;[INFO] Downloading from nexus: http://nexus/repository/maven-group/org/hdrhistogram/HdrHistogram/2.1.9/HdrHistogram-2.1.9.jar&#xD;&#xA;[INFO] Downloaded from nexus: http://nexus/repository/maven-group/com/fasterxml/jackson/core/jackson-core/2.9.8/jackson-core-2.9.8.jar (326 kB at 222 kB/s)&#xD;&#xA;[INFO] Downloading from nexus: http://nexus/repository/maven-group/org/latencyutils/LatencyUtils/2.0.3/LatencyUtils-2.0.3.jar&#xD;&#xA;[INFO] Downloaded from nexus: http://nexus/repository/maven-group/com/fasterxml/jackson/datatype/jackson-datatype-jsr310/2.9.8/jackson-datatype-jsr310-2.9.8.jar (101 kB at 67 kB/s)&#xD;&#xA;[INFO] Downloading from nexus: http://nexus/repository/maven-group/org/springframework/boot/spring-boot-starter-web/2.1.2.RELEASE/spring-boot-starter-web-2.1.2.RELEASE.jar&#xD;&#xA;[INFO] Downloaded from nexus: http://nexus/repository/maven-group/org/hdrhistogram/HdrHistogram/2.1.9/HdrHistogram-2.1.9.jar (114 kB at 69 kB/s)&#xD;&#xA;[INFO] Downloading from nexus: http://nexus/repository/maven-group/org/springframework/boot/spring-boot-starter-json/2.1.2.RELEASE/spring-boot-starter-json-2.1.2.RELEASE.jar&#xD;&#xA;[INFO] Downloaded from nexus: http://nexus/repository/maven-group/org/springframework/boot/spring-boot-starter-web/2.1.2.RELEASE/spring-boot-starter-web-2.1.2.RELEASE.jar (405 B at 243 B/s)&#xD;&#xA;[INFO] Downloading from nexus: http://nexus/repository/maven-group/com/fasterxml/jackson/datatype/jackson-datatype-jdk8/2.9.8/jackson-datatype-jdk8-2.9.8.jar&#xD;&#xA;[INFO] Downloaded from nexus: http://nexus/repository/maven-group/com/fasterxml/jackson/core/jackson-databind/2.9.8/jackson-databind-2.9.8.jar (1.3 MB at 803 kB/s)&#xD;&#xA;[INFO] Downloading from nexus: http://nexus/repository/maven-group/com/fasterxml/jackson/module/jackson-module-parameter-names/2.9.8/jackson-module-parameter-names-2.9.8.jar&#xD;&#xA;[INFO] Downloaded from nexus: http://nexus/repository/maven-group/io/micrometer/micrometer-core/1.1.2/micrometer-core-1.1.2.jar (422 kB at 249 kB/s)&#xD;&#xA;[INFO] Downloading from nexus: http://nexus/repository/maven-group/org/springframework/boot/spring-boot-starter-tomcat/2.1.2.RELEASE/spring-boot-starter-tomcat-2.1.2.RELEASE.jar&#xD;&#xA;[INFO] Downloaded from nexus: http://nexus/repository/maven-group/org/latencyutils/LatencyUtils/2.0.3/LatencyUtils-2.0.3.jar (30 kB at 17 kB/s)&#xD;&#xA;[INFO] Downloading from nexus: http://nexus/repository/maven-group/org/apache/tomcat/embed/tomcat-embed-core/9.0.14/tomcat-embed-core-9.0.14.jar&#xD;&#xA;[INFO] Downloaded from nexus: http://nexus/repository/maven-group/org/springframework/boot/spring-boot-starter-json/2.1.2.RELEASE/spring-boot-starter-json-2.1.2.RELEASE.jar (405 B at 212 B/s)&#xD;&#xA;[INFO] Downloading from nexus: http://nexus/repository/maven-group/org/apache/tomcat/embed/tomcat-embed-el/9.0.14/tomcat-embed-el-9.0.14.jar&#xD;&#xA;[INFO] Downloaded from nexus: http://nexus/repository/maven-group/org/springframework/boot/spring-boot-starter-tomcat/2.1.2.RELEASE/spring-boot-starter-tomcat-2.1.2.RELEASE.jar (406 B at 207 B/s)&#xD;&#xA;[INFO] Downloading from nexus: http://nexus/repository/maven-group/org/apache/tomcat/embed/tomcat-embed-websocket/9.0.14/tomcat-embed-websocket-9.0.14.jar&#xD;&#xA;[INFO] Downloaded from nexus: http://nexus/repository/maven-group/com/fasterxml/jackson/datatype/jackson-datatype-jdk8/2.9.8/jackson-datatype-jdk8-2.9.8.jar (33 kB at 17 kB/s)&#xD;&#xA;[INFO] Downloading from nexus: http://nexus/repository/maven-group/org/hibernate/validator/hibernate-validator/6.0.14.Final/hibernate-validator-6.0.14.Final.jar&#xD;&#xA;[INFO] Downloaded from nexus: http://nexus/repository/maven-group/com/fasterxml/jackson/module/jackson-module-parameter-names/2.9.8/jackson-module-parameter-names-2.9.8.jar (8.6 kB at 4.3 kB/s)&#xD;&#xA;[INFO] Downloading from nexus: http://nexus/repository/maven-group/javax/validation/validation-api/2.0.1.Final/validation-api-2.0.1.Final.jar&#xD;&#xA;[INFO] Downloaded from nexus: http://nexus/repository/maven-group/org/apache/tomcat/embed/tomcat-embed-el/9.0.14/tomcat-embed-el-9.0.14.jar (250 kB at 113 kB/s)&#xD;&#xA;[INFO] Downloading from nexus: http://nexus/repository/maven-group/org/jboss/logging/jboss-logging/3.3.2.Final/jboss-logging-3.3.2.Final.jar&#xD;&#xA;[INFO] Downloaded from nexus: http://nexus/repository/maven-group/javax/validation/validation-api/2.0.1.Final/validation-api-2.0.1.Final.jar (93 kB at 42 kB/s)&#xD;&#xA;[INFO] Downloading from nexus: http://nexus/repository/maven-group/com/fasterxml/classmate/1.4.0/classmate-1.4.0.jar&#xD;&#xA;[INFO] Downloaded from nexus: http://nexus/repository/maven-group/org/apache/tomcat/embed/tomcat-embed-websocket/9.0.14/tomcat-embed-websocket-9.0.14.jar (263 kB at 117 kB/s)&#xD;&#xA;[INFO] Downloading from nexus: http://nexus/repository/maven-group/org/springframework/spring-web/5.1.4.RELEASE/spring-web-5.1.4.RELEASE.jar&#xD;&#xA;[INFO] Downloaded from nexus: http://nexus/repository/maven-group/com/fasterxml/classmate/1.4.0/classmate-1.4.0.jar (67 kB at 27 kB/s)&#xD;&#xA;[INFO] Downloading from nexus: http://nexus/repository/maven-group/org/springframework/spring-beans/5.1.4.RELEASE/spring-beans-5.1.4.RELEASE.jar&#xD;&#xA;[INFO] Downloaded from nexus: http://nexus/repository/maven-group/org/jboss/logging/jboss-logging/3.3.2.Final/jboss-logging-3.3.2.Final.jar (66 kB at 27 kB/s)&#xD;&#xA;[INFO] Downloading from nexus: http://nexus/repository/maven-group/org/springframework/spring-webmvc/5.1.4.RELEASE/spring-webmvc-5.1.4.RELEASE.jar&#xD;&#xA;[INFO] Downloaded from nexus: http://nexus/repository/maven-group/org/hibernate/validator/hibernate-validator/6.0.14.Final/hibernate-validator-6.0.14.Final.jar (1.2 MB at 459 kB/s)&#xD;&#xA;[INFO] Downloading from nexus: http://nexus/repository/maven-group/org/springframework/spring-aop/5.1.4.RELEASE/spring-aop-5.1.4.RELEASE.jar&#xD;&#xA;[INFO] Downloaded from nexus: http://nexus/repository/maven-group/org/springframework/spring-beans/5.1.4.RELEASE/spring-beans-5.1.4.RELEASE.jar (672 kB at 253 kB/s)&#xD;&#xA;[INFO] Downloading from nexus: http://nexus/repository/maven-group/org/springframework/spring-expression/5.1.4.RELEASE/spring-expression-5.1.4.RELEASE.jar&#xD;&#xA;[INFO] Downloaded from nexus: http://nexus/repository/maven-group/org/springframework/spring-aop/5.1.4.RELEASE/spring-aop-5.1.4.RELEASE.jar (369 kB at 133 kB/s)&#xD;&#xA;[INFO] Downloading from nexus: http://nexus/repository/maven-group/org/springframework/boot/spring-boot-starter-test/2.1.2.RELEASE/spring-boot-starter-test-2.1.2.RELEASE.jar&#xD;&#xA;[INFO] Downloaded from nexus: http://nexus/repository/maven-group/org/springframework/spring-webmvc/5.1.4.RELEASE/spring-webmvc-5.1.4.RELEASE.jar (800 kB at 272 kB/s)&#xD;&#xA;[INFO] Downloading from nexus: http://nexus/repository/maven-group/org/springframework/boot/spring-boot-test/2.1.2.RELEASE/spring-boot-test-2.1.2.RELEASE.jar&#xD;&#xA;[INFO] Downloaded from nexus: http://nexus/repository/maven-group/org/springframework/boot/spring-boot-starter-test/2.1.2.RELEASE/spring-boot-starter-test-2.1.2.RELEASE.jar (404 B at 135 B/s)&#xD;&#xA;[INFO] Downloading from nexus: http://nexus/repository/maven-group/org/springframework/boot/spring-boot-test-autoconfigure/2.1.2.RELEASE/spring-boot-test-autoconfigure-2.1.2.RELEASE.jar&#xD;&#xA;[INFO] Downloaded from nexus: http://nexus/repository/maven-group/org/springframework/spring-web/5.1.4.RELEASE/spring-web-5.1.4.RELEASE.jar (1.4 MB at 458 kB/s)&#xD;&#xA;[INFO] Downloading from nexus: http://nexus/repository/maven-group/com/jayway/jsonpath/json-path/2.4.0/json-path-2.4.0.jar&#xD;&#xA;[INFO] Downloaded from nexus: http://nexus/repository/maven-group/org/apache/tomcat/embed/tomcat-embed-core/9.0.14/tomcat-embed-core-9.0.14.jar (3.3 MB at 1.1 MB/s)&#xD;&#xA;[INFO] Downloading from nexus: http://nexus/repository/maven-group/net/minidev/json-smart/2.3/json-smart-2.3.jar&#xD;&#xA;[INFO] Downloaded from nexus: http://nexus/repository/maven-group/org/springframework/spring-expression/5.1.4.RELEASE/spring-expression-5.1.4.RELEASE.jar (280 kB at 90 kB/s)&#xD;&#xA;[INFO] Downloading from nexus: http://nexus/repository/maven-group/net/minidev/accessors-smart/1.2/accessors-smart-1.2.jar&#xD;&#xA;[INFO] Downloaded from nexus: http://nexus/repository/maven-group/org/springframework/boot/spring-boot-test/2.1.2.RELEASE/spring-boot-test-2.1.2.RELEASE.jar (197 kB at 61 kB/s)&#xD;&#xA;[INFO] Downloading from nexus: http://nexus/repository/maven-group/org/ow2/asm/asm/5.0.4/asm-5.0.4.jar&#xD;&#xA;[INFO] Downloaded from nexus: http://nexus/repository/maven-group/org/springframework/boot/spring-boot-test-autoconfigure/2.1.2.RELEASE/spring-boot-test-autoconfigure-2.1.2.RELEASE.jar (172 kB at 54 kB/s)&#xD;&#xA;[INFO] Downloading from nexus: http://nexus/repository/maven-group/org/slf4j/slf4j-api/1.7.25/slf4j-api-1.7.25.jar&#xD;&#xA;[INFO] Downloaded from nexus: http://nexus/repository/maven-group/net/minidev/json-smart/2.3/json-smart-2.3.jar (120 kB at 37 kB/s)&#xD;&#xA;[INFO] Downloading from nexus: http://nexus/repository/maven-group/junit/junit/4.12/junit-4.12.jar&#xD;&#xA;[INFO] Downloaded from nexus: http://nexus/repository/maven-group/com/jayway/jsonpath/json-path/2.4.0/json-path-2.4.0.jar (223 kB at 68 kB/s)&#xD;&#xA;[INFO] Downloading from nexus: http://nexus/repository/maven-group/org/assertj/assertj-core/3.11.1/assertj-core-3.11.1.jar&#xD;&#xA;[INFO] Downloaded from nexus: http://nexus/repository/maven-group/net/minidev/accessors-smart/1.2/accessors-smart-1.2.jar (30 kB at 8.8 kB/s)&#xD;&#xA;[INFO] Downloading from nexus: http://nexus/repository/maven-group/org/mockito/mockito-core/2.23.4/mockito-core-2.23.4.jar&#xD;&#xA;[INFO] Downloaded from nexus: http://nexus/repository/maven-group/org/ow2/asm/asm/5.0.4/asm-5.0.4.jar (53 kB at 16 kB/s)&#xD;&#xA;[INFO] Downloading from nexus: http://nexus/repository/maven-group/net/bytebuddy/byte-buddy/1.9.7/byte-buddy-1.9.7.jar&#xD;&#xA;[INFO] Downloaded from nexus: http://nexus/repository/maven-group/org/slf4j/slf4j-api/1.7.25/slf4j-api-1.7.25.jar (41 kB at 12 kB/s)&#xD;&#xA;[INFO] Downloading from nexus: http://nexus/repository/maven-group/net/bytebuddy/byte-buddy-agent/1.9.7/byte-buddy-agent-1.9.7.jar&#xD;&#xA;[INFO] Downloaded from nexus: http://nexus/repository/maven-group/org/mockito/mockito-core/2.23.4/mockito-core-2.23.4.jar (565 kB at 157 kB/s)&#xD;&#xA;[INFO] Downloading from nexus: http://nexus/repository/maven-group/org/objenesis/objenesis/2.6/objenesis-2.6.jar&#xD;&#xA;[INFO] Downloaded from nexus: http://nexus/repository/maven-group/junit/junit/4.12/junit-4.12.jar (315 kB at 87 kB/s)&#xD;&#xA;[INFO] Downloading from nexus: http://nexus/repository/maven-group/org/hamcrest/hamcrest-core/1.3/hamcrest-core-1.3.jar&#xD;&#xA;[INFO] Downloaded from nexus: http://nexus/repository/maven-group/net/bytebuddy/byte-buddy-agent/1.9.7/byte-buddy-agent-1.9.7.jar (43 kB at 12 kB/s)&#xD;&#xA;[INFO] Downloading from nexus: http://nexus/repository/maven-group/org/hamcrest/hamcrest-library/1.3/hamcrest-library-1.3.jar&#xD;&#xA;[INFO] Downloaded from nexus: http://nexus/repository/maven-group/org/hamcrest/hamcrest-library/1.3/hamcrest-library-1.3.jar (53 kB at 14 kB/s)&#xD;&#xA;[INFO] Downloading from nexus: http://nexus/repository/maven-group/org/skyscreamer/jsonassert/1.5.0/jsonassert-1.5.0.jar&#xD;&#xA;[INFO] Downloaded from nexus: http://nexus/repository/maven-group/org/objenesis/objenesis/2.6/objenesis-2.6.jar (56 kB at 15 kB/s)&#xD;&#xA;[INFO] Downloading from nexus: http://nexus/repository/maven-group/com/vaadin/external/google/android-json/0.0.20131108.vaadin1/android-json-0.0.20131108.vaadin1.jar&#xD;&#xA;[INFO] Downloaded from nexus: http://nexus/repository/maven-group/org/hamcrest/hamcrest-core/1.3/hamcrest-core-1.3.jar (45 kB at 12 kB/s)&#xD;&#xA;[INFO] Downloading from nexus: http://nexus/repository/maven-group/org/springframework/spring-core/5.1.4.RELEASE/spring-core-5.1.4.RELEASE.jar&#xD;&#xA;[INFO] Downloaded from nexus: http://nexus/repository/maven-group/com/vaadin/external/google/android-json/0.0.20131108.vaadin1/android-json-0.0.20131108.vaadin1.jar (18 kB at 4.6 kB/s)&#xD;&#xA;[INFO] Downloading from nexus: http://nexus/repository/maven-group/org/springframework/spring-jcl/5.1.4.RELEASE/spring-jcl-5.1.4.RELEASE.jar&#xD;&#xA;[INFO] Downloaded from nexus: http://nexus/repository/maven-group/org/skyscreamer/jsonassert/1.5.0/jsonassert-1.5.0.jar (30 kB at 7.5 kB/s)&#xD;&#xA;[INFO] Downloading from nexus: http://nexus/repository/maven-group/org/springframework/spring-test/5.1.4.RELEASE/spring-test-5.1.4.RELEASE.jar&#xD;&#xA;[INFO] Downloaded from nexus: http://nexus/repository/maven-group/org/springframework/spring-jcl/5.1.4.RELEASE/spring-jcl-5.1.4.RELEASE.jar (24 kB at 5.7 kB/s)&#xD;&#xA;[INFO] Downloading from nexus: http://nexus/repository/maven-group/org/xmlunit/xmlunit-core/2.6.2/xmlunit-core-2.6.2.jar&#xD;&#xA;[INFO] Downloaded from nexus: http://nexus/repository/maven-group/org/springframework/spring-test/5.1.4.RELEASE/spring-test-5.1.4.RELEASE.jar (619 kB at 142 kB/s)&#xD;&#xA;[INFO] Downloaded from nexus: http://nexus/repository/maven-group/org/xmlunit/xmlunit-core/2.6.2/xmlunit-core-2.6.2.jar (168 kB at 38 kB/s)&#xD;&#xA;[INFO] Downloaded from nexus: http://nexus/repository/maven-group/org/springframework/spring-core/5.1.4.RELEASE/spring-core-5.1.4.RELEASE.jar (1.3 MB at 284 kB/s)&#xD;&#xA;[INFO] Downloaded from nexus: http://nexus/repository/maven-group/net/bytebuddy/byte-buddy/1.9.7/byte-buddy-1.9.7.jar (3.3 MB at 707 kB/s)&#xD;&#xA;[INFO] Downloaded from nexus: http://nexus/repository/maven-group/org/assertj/assertj-core/3.11.1/assertj-core-3.11.1.jar (4.1 MB at 865 kB/s)&#xD;&#xA;[INFO] &#xD;&#xA;[INFO] --- maven-clean-plugin:3.1.0:clean (default-clean) @ bdd-spring-1547468057 ---&#xD;&#xA;[INFO] Downloading from nexus: http://nexus/repository/maven-group/org/codehaus/plexus/plexus-component-annotations/1.7.1/plexus-component-annotations-1.7.1.pom&#xD;&#xA;[INFO] Downloaded from nexus: http://nexus/repository/maven-group/org/codehaus/plexus/plexus-component-annotations/1.7.1/plexus-component-annotations-1.7.1.pom (770 B at 10 kB/s)&#xD;&#xA;[INFO] Downloading from nexus: http://nexus/repository/maven-group/org/apache/maven/shared/maven-shared-utils/3.2.1/maven-shared-utils-3.2.1.pom&#xD;&#xA;[INFO] Downloaded from nexus: http://nexus/repository/maven-group/org/apache/maven/shared/maven-shared-utils/3.2.1/maven-shared-utils-3.2.1.pom (5.6 kB at 106 kB/s)&#xD;&#xA;[INFO] Downloading from nexus: http://nexus/repository/maven-group/org/apache/maven/maven-plugin-api/3.0/maven-plugin-api-3.0.jar&#xD;&#xA;[INFO] Downloading from nexus: http://nexus/repository/maven-group/org/apache/maven/maven-model/3.0/maven-model-3.0.jar&#xD;&#xA;[INFO] Downloading from nexus: http://nexus/repository/maven-group/org/codehaus/plexus/plexus-utils/2.0.4/plexus-utils-2.0.4.jar&#xD;&#xA;[INFO] Downloading from nexus: http://nexus/repository/maven-group/org/apache/maven/maven-artifact/3.0/maven-artifact-3.0.jar&#xD;&#xA;[INFO] Downloading from nexus: http://nexus/repository/maven-group/org/codehaus/plexus/plexus-component-annotations/1.7.1/plexus-component-annotations-1.7.1.jar&#xD;&#xA;[INFO] Downloaded from nexus: http://nexus/repository/maven-group/org/apache/maven/maven-model/3.0/maven-model-3.0.jar (165 kB at 1.6 MB/s)&#xD;&#xA;[INFO] Downloading from nexus: http://nexus/repository/maven-group/org/codehaus/plexus/plexus-classworlds/2.2.3/plexus-classworlds-2.2.3.jar&#xD;&#xA;[INFO] Downloaded from nexus: http://nexus/repository/maven-group/org/apache/maven/maven-plugin-api/3.0/maven-plugin-api-3.0.jar (49 kB at 422 kB/s)&#xD;&#xA;[INFO] Downloading from nexus: http://nexus/repository/maven-group/org/apache/maven/shared/maven-shared-utils/3.2.1/maven-shared-utils-3.2.1.jar&#xD;&#xA;[INFO] Downloaded from nexus: http://nexus/repository/maven-group/org/codehaus/plexus/plexus-component-annotations/1.7.1/plexus-component-annotations-1.7.1.jar (4.3 kB at 31 kB/s)&#xD;&#xA;[INFO] Downloaded from nexus: http://nexus/repository/maven-group/org/codehaus/plexus/plexus-utils/2.0.4/plexus-utils-2.0.4.jar (222 kB at 1.1 MB/s)&#xD;&#xA;[INFO] Downloaded from nexus: http://nexus/repository/maven-group/org/apache/maven/maven-artifact/3.0/maven-artifact-3.0.jar (52 kB at 212 kB/s)&#xD;&#xA;[INFO] Downloaded from nexus: http://nexus/repository/maven-group/org/codehaus/plexus/plexus-classworlds/2.2.3/plexus-classworlds-2.2.3.jar (46 kB at 177 kB/s)&#xD;&#xA;[INFO] Downloaded from nexus: http://nexus/repository/maven-group/org/apache/maven/shared/maven-shared-utils/3.2.1/maven-shared-utils-3.2.1.jar (167 kB at 548 kB/s)&#xD;&#xA;[INFO] &#xD;&#xA;[INFO] --- maven-resources-plugin:3.1.0:resources (default-resources) @ bdd-spring-1547468057 ---&#xD;&#xA;[INFO] Downloading from nexus: http://nexus/repository/maven-group/org/codehaus/plexus/plexus-utils/3.1.0/plexus-utils-3.1.0.pom&#xD;&#xA;[INFO] Downloaded from nexus: http://nexus/repository/maven-group/org/codehaus/plexus/plexus-utils/3.1.0/plexus-utils-3.1.0.pom (4.7 kB at 49 kB/s)&#xD;&#xA;[INFO] Downloading from nexus: http://nexus/repository/maven-group/org/apache/maven/shared/maven-filtering/3.1.1/maven-filtering-3.1.1.pom&#xD;&#xA;[INFO] Downloaded from nexus: http://nexus/repository/maven-group/org/apache/maven/shared/maven-filtering/3.1.1/maven-filtering-3.1.1.pom (5.7 kB at 93 kB/s)&#xD;&#xA;[INFO] Downloading from nexus: http://nexus/repository/maven-group/org/apache/maven/shared/maven-shared-utils/3.0.0/maven-shared-utils-3.0.0.pom&#xD;&#xA;[INFO] Downloaded from nexus: http://nexus/repository/maven-group/org/apache/maven/shared/maven-shared-utils/3.0.0/maven-shared-utils-3.0.0.pom (5.6 kB at 42 kB/s)&#xD;&#xA;[INFO] Downloading from nexus: http://nexus/repository/maven-group/org/apache/maven/shared/maven-shared-components/21/maven-shared-components-21.pom&#xD;&#xA;[INFO] Downloaded from nexus: http://nexus/repository/maven-group/org/apache/maven/shared/maven-shared-components/21/maven-shared-components-21.pom (5.1 kB at 96 kB/s)&#xD;&#xA;[INFO] Downloading from nexus: http://nexus/repository/maven-group/org/apache/maven/maven-parent/25/maven-parent-25.pom&#xD;&#xA;[INFO] Downloaded from nexus: http://nexus/repository/maven-group/org/apache/maven/maven-parent/25/maven-parent-25.pom (37 kB at 513 kB/s)&#xD;&#xA;[INFO] Downloading from nexus: http://nexus/repository/maven-group/org/apache/apache/15/apache-15.pom&#xD;&#xA;[INFO] Downloaded from nexus: http://nexus/repository/maven-group/org/apache/apache/15/apache-15.pom (15 kB at 206 kB/s)&#xD;&#xA;[INFO] Downloading from nexus: http://nexus/repository/maven-group/commons-io/commons-io/2.4/commons-io-2.4.pom&#xD;&#xA;[INFO] Downloaded from nexus: http://nexus/repository/maven-group/commons-io/commons-io/2.4/commons-io-2.4.pom (10 kB at 136 kB/s)&#xD;&#xA;[INFO] Downloading from nexus: http://nexus/repository/maven-group/org/apache/commons/commons-parent/25/commons-parent-25.pom&#xD;&#xA;[INFO] Downloaded from nexus: http://nexus/repository/maven-group/org/apache/commons/commons-parent/25/commons-parent-25.pom (48 kB at 636 kB/s)&#xD;&#xA;[INFO] Downloading from nexus: http://nexus/repository/maven-group/org/apache/apache/9/apache-9.pom&#xD;&#xA;[INFO] Downloaded from nexus: http://nexus/repository/maven-group/org/apache/apache/9/apache-9.pom (15 kB at 161 kB/s)&#xD;&#xA;[INFO] Downloading from nexus: http://nexus/repository/maven-group/com/google/code/findbugs/jsr305/2.0.1/jsr305-2.0.1.pom&#xD;&#xA;[INFO] Downloaded from nexus: http://nexus/repository/maven-group/com/google/code/findbugs/jsr305/2.0.1/jsr305-2.0.1.pom (965 B at 14 kB/s)&#xD;&#xA;[INFO] Downloading from nexus: http://nexus/repository/maven-group/org/codehaus/plexus/plexus-interpolation/1.22/plexus-interpolation-1.22.pom&#xD;&#xA;[INFO] Downloaded from nexus: http://nexus/repository/maven-group/org/codehaus/plexus/plexus-interpolation/1.22/plexus-interpolation-1.22.pom (1.5 kB at 18 kB/s)&#xD;&#xA;[INFO] Downloading from nexus: http://nexus/repository/maven-group/org/codehaus/plexus/plexus-components/1.3.1/plexus-components-1.3.1.pom&#xD;&#xA;[INFO] Downloaded from nexus: http://nexus/repository/maven-group/org/codehaus/plexus/plexus-components/1.3.1/plexus-components-1.3.1.pom (3.1 kB at 46 kB/s)&#xD;&#xA;[INFO] Downloading from nexus: http://nexus/repository/maven-group/org/sonatype/plexus/plexus-build-api/0.0.7/plexus-build-api-0.0.7.pom&#xD;&#xA;[INFO] Downloaded from nexus: http://nexus/repository/maven-group/org/sonatype/plexus/plexus-build-api/0.0.7/plexus-build-api-0.0.7.pom (3.2 kB at 42 kB/s)&#xD;&#xA;[INFO] Downloading from nexus: http://nexus/repository/maven-group/org/sonatype/spice/spice-parent/15/spice-parent-15.pom&#xD;&#xA;[INFO] Downloaded from nexus: http://nexus/repository/maven-group/org/sonatype/spice/spice-parent/15/spice-parent-15.pom (8.4 kB at 155 kB/s)&#xD;&#xA;[INFO] Downloading from nexus: http://nexus/repository/maven-group/org/sonatype/forge/forge-parent/5/forge-parent-5.pom&#xD;&#xA;[INFO] Downloaded from nexus: http://nexus/repository/maven-group/org/sonatype/forge/forge-parent/5/forge-parent-5.pom (8.4 kB at 103 kB/s)&#xD;&#xA;[INFO] Downloading from nexus: http://nexus/repository/maven-group/org/codehaus/plexus/plexus-utils/1.5.8/plexus-utils-1.5.8.pom&#xD;&#xA;[INFO] Downloaded from nexus: http://nexus/repository/maven-group/org/codehaus/plexus/plexus-utils/1.5.8/plexus-utils-1.5.8.pom (8.1 kB at 88 kB/s)&#xD;&#xA;[INFO] Downloading from nexus: http://nexus/repository/maven-group/org/codehaus/plexus/plexus-interpolation/1.24/plexus-interpolation-1.24.pom&#xD;&#xA;[INFO] Downloaded from nexus: http://nexus/repository/maven-group/org/codehaus/plexus/plexus-interpolation/1.24/plexus-interpolation-1.24.pom (2.6 kB at 37 kB/s)&#xD;&#xA;[INFO] Downloading from nexus: http://nexus/repository/maven-group/org/apache/maven/maven-core/3.0/maven-core-3.0.jar&#xD;&#xA;[INFO] Downloading from nexus: http://nexus/repository/maven-group/org/apache/maven/maven-settings-builder/3.0/maven-settings-builder-3.0.jar&#xD;&#xA;[INFO] Downloading from nexus: http://nexus/repository/maven-group/org/apache/maven/maven-repository-metadata/3.0/maven-repository-metadata-3.0.jar&#xD;&#xA;[INFO] Downloading from nexus: http://nexus/repository/maven-group/org/apache/maven/maven-settings/3.0/maven-settings-3.0.jar&#xD;&#xA;[INFO] Downloading from nexus: http://nexus/repository/maven-group/org/apache/maven/maven-model-builder/3.0/maven-model-builder-3.0.jar&#xD;&#xA;[INFO] Downloaded from nexus: http://nexus/repository/maven-group/org/apache/maven/maven-settings/3.0/maven-settings-3.0.jar (47 kB at 241 kB/s)&#xD;&#xA;[INFO] Downloading from nexus: http://nexus/repository/maven-group/org/apache/maven/maven-aether-provider/3.0/maven-aether-provider-3.0.jar&#xD;&#xA;[INFO] Downloaded from nexus: http://nexus/repository/maven-group/org/apache/maven/maven-repository-metadata/3.0/maven-repository-metadata-3.0.jar (30 kB at 98 kB/s)&#xD;&#xA;[INFO] Downloading from nexus: http://nexus/repository/maven-group/org/sonatype/aether/aether-impl/1.7/aether-impl-1.7.jar&#xD;&#xA;[INFO] Downloaded from nexus: http://nexus/repository/maven-group/org/apache/maven/maven-settings-builder/3.0/maven-settings-builder-3.0.jar (38 kB at 120 kB/s)&#xD;&#xA;[INFO] Downloading from nexus: http://nexus/repository/maven-group/org/sonatype/aether/aether-spi/1.7/aether-spi-1.7.jar&#xD;&#xA;[INFO] Downloaded from nexus: http://nexus/repository/maven-group/org/apache/maven/maven-model-builder/3.0/maven-model-builder-3.0.jar (148 kB at 430 kB/s)&#xD;&#xA;[INFO] Downloading from nexus: http://nexus/repository/maven-group/org/sonatype/aether/aether-api/1.7/aether-api-1.7.jar&#xD;&#xA;[INFO] Downloaded from nexus: http://nexus/repository/maven-group/org/apache/maven/maven-aether-provider/3.0/maven-aether-provider-3.0.jar (51 kB at 128 kB/s)&#xD;&#xA;[INFO] Downloading from nexus: http://nexus/repository/maven-group/org/sonatype/aether/aether-util/1.7/aether-util-1.7.jar&#xD;&#xA;[INFO] Downloaded from nexus: http://nexus/repository/maven-group/org/sonatype/aether/aether-spi/1.7/aether-spi-1.7.jar (14 kB at 31 kB/s)&#xD;&#xA;[INFO] Downloading from nexus: http://nexus/repository/maven-group/org/codehaus/plexus/plexus-utils/3.1.0/plexus-utils-3.1.0.jar&#xD;&#xA;[INFO] Downloaded from nexus: http://nexus/repository/maven-group/org/sonatype/aether/aether-impl/1.7/aether-impl-1.7.jar (106 kB at 233 kB/s)&#xD;&#xA;[INFO] Downloading from nexus: http://nexus/repository/maven-group/org/apache/maven/shared/maven-filtering/3.1.1/maven-filtering-3.1.1.jar&#xD;&#xA;[INFO] Downloaded from nexus: http://nexus/repository/maven-group/org/apache/maven/shared/maven-filtering/3.1.1/maven-filtering-3.1.1.jar (51 kB at 87 kB/s)&#xD;&#xA;[INFO] Downloading from nexus: http://nexus/repository/maven-group/org/apache/maven/shared/maven-shared-utils/3.0.0/maven-shared-utils-3.0.0.jar&#xD;&#xA;[INFO] Downloaded from nexus: http://nexus/repository/maven-group/org/sonatype/aether/aether-api/1.7/aether-api-1.7.jar (74 kB at 125 kB/s)&#xD;&#xA;[INFO] Downloading from nexus: http://nexus/repository/maven-group/com/google/code/findbugs/jsr305/2.0.1/jsr305-2.0.1.jar&#xD;&#xA;[INFO] Downloaded from nexus: http://nexus/repository/maven-group/org/apache/maven/maven-core/3.0/maven-core-3.0.jar (527 kB at 839 kB/s)&#xD;&#xA;[INFO] Downloading from nexus: http://nexus/repository/maven-group/org/sonatype/plexus/plexus-build-api/0.0.7/plexus-build-api-0.0.7.jar&#xD;&#xA;[INFO] Downloaded from nexus: http://nexus/repository/maven-group/org/sonatype/aether/aether-util/1.7/aether-util-1.7.jar (108 kB at 158 kB/s)&#xD;&#xA;[INFO] Downloading from nexus: http://nexus/repository/maven-group/org/codehaus/plexus/plexus-interpolation/1.24/plexus-interpolation-1.24.jar&#xD;&#xA;[INFO] Downloaded from nexus: http://nexus/repository/maven-group/com/google/code/findbugs/jsr305/2.0.1/jsr305-2.0.1.jar (32 kB at 42 kB/s)&#xD;&#xA;[INFO] Downloaded from nexus: http://nexus/repository/maven-group/org/codehaus/plexus/plexus-utils/3.1.0/plexus-utils-3.1.0.jar (262 kB at 333 kB/s)&#xD;&#xA;[INFO] Downloaded from nexus: http://nexus/repository/maven-group/org/codehaus/plexus/plexus-interpolation/1.24/plexus-interpolation-1.24.jar (79 kB at 100 kB/s)&#xD;&#xA;[INFO] Downloaded from nexus: http://nexus/repository/maven-group/org/sonatype/plexus/plexus-build-api/0.0.7/plexus-build-api-0.0.7.jar (8.5 kB at 11 kB/s)&#xD;&#xA;[INFO] Downloaded from nexus: http://nexus/repository/maven-group/org/apache/maven/shared/maven-shared-utils/3.0.0/maven-shared-utils-3.0.0.jar (155 kB at 192 kB/s)&#xD;&#xA;[INFO] Using &#39;UTF-8&#39; encoding to copy filtered resources.&#xD;&#xA;[INFO] Copying 1 resource&#xD;&#xA;[INFO] Copying 0 resource&#xD;&#xA;[INFO] &#xD;&#xA;[INFO] --- maven-compiler-plugin:3.8.0:compile (default-compile) @ bdd-spring-1547468057 ---&#xD;&#xA;[INFO] Downloading from nexus: http://nexus/repository/maven-group/org/apache/maven/shared/maven-shared-incremental/1.1/maven-shared-incremental-1.1.pom&#xD;&#xA;[INFO] Downloaded from nexus: http://nexus/repository/maven-group/org/apache/maven/shared/maven-shared-incremental/1.1/maven-shared-incremental-1.1.pom (4.7 kB at 71 kB/s)&#xD;&#xA;[INFO] Downloading from nexus: http://nexus/repository/maven-group/org/apache/maven/shared/maven-shared-components/19/maven-shared-components-19.pom&#xD;&#xA;[INFO] Downloaded from nexus: http://nexus/repository/maven-group/org/apache/maven/shared/maven-shared-components/19/maven-shared-components-19.pom (6.4 kB at 101 kB/s)&#xD;&#xA;[INFO] Downloading from nexus: http://nexus/repository/maven-group/org/apache/maven/maven-parent/23/maven-parent-23.pom&#xD;&#xA;[INFO] Downloaded from nexus: http://nexus/repository/maven-group/org/apache/maven/maven-parent/23/maven-parent-23.pom (33 kB at 343 kB/s)&#xD;&#xA;[INFO] Downloading from nexus: http://nexus/repository/maven-group/org/apache/apache/13/apache-13.pom&#xD;&#xA;[INFO] Downloaded from nexus: http://nexus/repository/maven-group/org/apache/apache/13/apache-13.pom (14 kB at 126 kB/s)&#xD;&#xA;[INFO] Downloading from nexus: http://nexus/repository/maven-group/org/apache/maven/shared/maven-shared-utils/0.1/maven-shared-utils-0.1.pom&#xD;&#xA;[INFO] Downloaded from nexus: http://nexus/repository/maven-group/org/apache/maven/shared/maven-shared-utils/0.1/maven-shared-utils-0.1.pom (4.0 kB at 42 kB/s)&#xD;&#xA;[INFO] Downloading from nexus: http://nexus/repository/maven-group/org/apache/maven/shared/maven-shared-components/18/maven-shared-components-18.pom&#xD;&#xA;[INFO] Downloaded from nexus: http://nexus/repository/maven-group/org/apache/maven/shared/maven-shared-components/18/maven-shared-components-18.pom (4.9 kB at 48 kB/s)&#xD;&#xA;[INFO] Downloading from nexus: http://nexus/repository/maven-group/org/apache/maven/maven-parent/22/maven-parent-22.pom&#xD;&#xA;[INFO] Downloaded from nexus: http://nexus/repository/maven-group/org/apache/maven/maven-parent/22/maven-parent-22.pom (30 kB at 281 kB/s)&#xD;&#xA;[INFO] Downloading from nexus: http://nexus/repository/maven-group/org/apache/apache/11/apache-11.pom&#xD;&#xA;[INFO] Downloaded from nexus: http://nexus/repository/maven-group/org/apache/apache/11/apache-11.pom (15 kB at 154 kB/s)&#xD;&#xA;[INFO] Downloading from nexus: http://nexus/repository/maven-group/org/codehaus/plexus/plexus-java/0.9.10/plexus-java-0.9.10.pom&#xD;&#xA;[INFO] Downloaded from nexus: http://nexus/repository/maven-group/org/codehaus/plexus/plexus-java/0.9.10/plexus-java-0.9.10.pom (5.1 kB at 49 kB/s)&#xD;&#xA;[INFO] Downloading from nexus: http://nexus/repository/maven-group/org/codehaus/plexus/plexus-languages/0.9.10/plexus-languages-0.9.10.pom&#xD;&#xA;[INFO] Downloaded from nexus: http://nexus/repository/maven-group/org/codehaus/plexus/plexus-languages/0.9.10/plexus-languages-0.9.10.pom (4.1 kB at 32 kB/s)&#xD;&#xA;[INFO] Downloading from nexus: http://nexus/repository/maven-group/org/ow2/asm/asm/6.2/asm-6.2.pom&#xD;&#xA;[INFO] Downloaded from nexus: http://nexus/repository/maven-group/org/ow2/asm/asm/6.2/asm-6.2.pom (2.9 kB at 29 kB/s)&#xD;&#xA;[INFO] Downloading from nexus: http://nexus/repository/maven-group/org/ow2/ow2/1.5/ow2-1.5.pom&#xD;&#xA;[INFO] Downloaded from nexus: http://nexus/repository/maven-group/org/ow2/ow2/1.5/ow2-1.5.pom (11 kB at 111 kB/s)&#xD;&#xA;[INFO] Downloading from nexus: http://nexus/repository/maven-group/com/thoughtworks/qdox/qdox/2.0-M9/qdox-2.0-M9.pom&#xD;&#xA;[INFO] Downloaded from nexus: http://nexus/repository/maven-group/com/thoughtworks/qdox/qdox/2.0-M9/qdox-2.0-M9.pom (16 kB at 211 kB/s)&#xD;&#xA;[INFO] Downloading from nexus: http://nexus/repository/maven-group/org/sonatype/oss/oss-parent/9/oss-parent-9.pom&#xD;&#xA;[INFO] Downloaded from nexus: http://nexus/repository/maven-group/org/sonatype/oss/oss-parent/9/oss-parent-9.pom (6.6 kB at 69 kB/s)&#xD;&#xA;[INFO] Downloading from nexus: http://nexus/repository/maven-group/org/codehaus/plexus/plexus-compiler-api/2.8.4/plexus-compiler-api-2.8.4.pom&#xD;&#xA;[INFO] Downloaded from nexus: http://nexus/repository/maven-group/org/codehaus/plexus/plexus-compiler-api/2.8.4/plexus-compiler-api-2.8.4.pom (867 B at 10 kB/s)&#xD;&#xA;[INFO] Downloading from nexus: http://nexus/repository/maven-group/org/codehaus/plexus/plexus-compiler/2.8.4/plexus-compiler-2.8.4.pom&#xD;&#xA;[INFO] Downloaded from nexus: http://nexus/repository/maven-group/org/codehaus/plexus/plexus-compiler/2.8.4/plexus-compiler-2.8.4.pom (6.0 kB at 69 kB/s)&#xD;&#xA;[INFO] Downloading from nexus: http://nexus/repository/maven-group/org/codehaus/plexus/plexus-compiler-manager/2.8.4/plexus-compiler-manager-2.8.4.pom&#xD;&#xA;[INFO] Downloaded from nexus: http://nexus/repository/maven-group/org/codehaus/plexus/plexus-compiler-manager/2.8.4/plexus-compiler-manager-2.8.4.pom (692 B at 4.7 kB/s)&#xD;&#xA;[INFO] Downloading from nexus: http://nexus/repository/maven-group/org/codehaus/plexus/plexus-compiler-javac/2.8.4/plexus-compiler-javac-2.8.4.pom&#xD;&#xA;[INFO] Downloaded from nexus: http://nexus/repository/maven-group/org/codehaus/plexus/plexus-compiler-javac/2.8.4/plexus-compiler-javac-2.8.4.pom (771 B at 8.3 kB/s)&#xD;&#xA;[INFO] Downloading from nexus: http://nexus/repository/maven-group/org/codehaus/plexus/plexus-compilers/2.8.4/plexus-compilers-2.8.4.pom&#xD;&#xA;[INFO] Downloaded from nexus: http://nexus/repository/maven-group/org/codehaus/plexus/plexus-compilers/2.8.4/plexus-compilers-2.8.4.pom (1.3 kB at 11 kB/s)&#xD;&#xA;[INFO] Downloading from nexus: http://nexus/repository/maven-group/org/codehaus/plexus/plexus-interpolation/1.14/plexus-interpolation-1.14.jar&#xD;&#xA;[INFO] Downloading from nexus: http://nexus/repository/maven-group/org/apache/maven/shared/maven-shared-incremental/1.1/maven-shared-incremental-1.1.jar&#xD;&#xA;[INFO] Downloading from nexus: http://nexus/repository/maven-group/org/ow2/asm/asm/6.2/asm-6.2.jar&#xD;&#xA;[INFO] Downloading from nexus: http://nexus/repository/maven-group/org/codehaus/plexus/plexus-java/0.9.10/plexus-java-0.9.10.jar&#xD;&#xA;[INFO] Downloading from nexus: http://nexus/repository/maven-group/com/thoughtworks/qdox/qdox/2.0-M9/qdox-2.0-M9.jar&#xD;&#xA;[INFO] Downloaded from nexus: http://nexus/repository/maven-group/org/apache/maven/shared/maven-shared-incremental/1.1/maven-shared-incremental-1.1.jar (14 kB at 64 kB/s)&#xD;&#xA;[INFO] Downloading from nexus: http://nexus/repository/maven-group/org/codehaus/plexus/plexus-compiler-api/2.8.4/plexus-compiler-api-2.8.4.jar&#xD;&#xA;[INFO] Downloaded from nexus: http://nexus/repository/maven-group/org/ow2/asm/asm/6.2/asm-6.2.jar (111 kB at 452 kB/s)&#xD;&#xA;[INFO] Downloading from nexus: http://nexus/repository/maven-group/org/codehaus/plexus/plexus-compiler-manager/2.8.4/plexus-compiler-manager-2.8.4.jar&#xD;&#xA;[INFO] Downloaded from nexus: http://nexus/repository/maven-group/org/codehaus/plexus/plexus-java/0.9.10/plexus-java-0.9.10.jar (39 kB at 140 kB/s)&#xD;&#xA;[INFO] Downloading from nexus: http://nexus/repository/maven-group/org/codehaus/plexus/plexus-compiler-javac/2.8.4/plexus-compiler-javac-2.8.4.jar&#xD;&#xA;[INFO] Downloaded from nexus: http://nexus/repository/maven-group/org/codehaus/plexus/plexus-interpolation/1.14/plexus-interpolation-1.14.jar (61 kB at 194 kB/s)&#xD;&#xA;[INFO] Downloaded from nexus: http://nexus/repository/maven-group/com/thoughtworks/qdox/qdox/2.0-M9/qdox-2.0-M9.jar (317 kB at 837 kB/s)&#xD;&#xA;[INFO] Downloaded from nexus: http://nexus/repository/maven-group/org/codehaus/plexus/plexus-compiler-manager/2.8.4/plexus-compiler-manager-2.8.4.jar (4.7 kB at 12 kB/s)&#xD;&#xA;[INFO] Downloaded from nexus: http://nexus/repository/maven-group/org/codehaus/plexus/plexus-compiler-api/2.8.4/plexus-compiler-api-2.8.4.jar (27 kB at 57 kB/s)&#xD;&#xA;[INFO] Downloaded from nexus: http://nexus/repository/maven-group/org/codehaus/plexus/plexus-compiler-javac/2.8.4/plexus-compiler-javac-2.8.4.jar (21 kB at 41 kB/s)&#xD;&#xA;[INFO] Changes detected - recompiling the module!&#xD;&#xA;[INFO] Compiling 1 source file to /home/jenkins/workspace/sts_bdd-spring-1547468057_master/target/classes&#xD;&#xA;[INFO] &#xD;&#xA;[INFO] --- maven-resources-plugin:3.1.0:testResources (default-testResources) @ bdd-spring-1547468057 ---&#xD;&#xA;[INFO] Using &#39;UTF-8&#39; encoding to copy filtered resources.&#xD;&#xA;[INFO] skip non existing resourceDirectory /home/jenkins/workspace/sts_bdd-spring-1547468057_master/src/test/resources&#xD;&#xA;[INFO] &#xD;&#xA;[INFO] --- maven-compiler-plugin:3.8.0:testCompile (default-testCompile) @ bdd-spring-1547468057 ---&#xD;&#xA;[INFO] Changes detected - recompiling the module!&#xD;&#xA;[INFO] Compiling 1 source file to /home/jenkins/workspace/sts_bdd-spring-1547468057_master/target/test-classes&#xD;&#xA;[INFO] &#xD;&#xA;[INFO] --- maven-surefire-plugin:3.0.0-M1:test (default-test) @ bdd-spring-1547468057 ---&#xD;&#xA;[INFO] Downloading from nexus: http://nexus/repository/maven-group/org/apache/maven/surefire/maven-surefire-common/3.0.0-M1/maven-surefire-common-3.0.0-M1.pom&#xD;&#xA;[INFO] Downloaded from nexus: http://nexus/repository/maven-group/org/apache/maven/surefire/maven-surefire-common/3.0.0-M1/maven-surefire-common-3.0.0-M1.pom (9.7 kB at 66 kB/s)&#xD;&#xA;[INFO] Downloading from nexus: http://nexus/repository/maven-group/org/apache/maven/surefire/surefire-api/3.0.0-M1/surefire-api-3.0.0-M1.pom&#xD;&#xA;[INFO] Downloaded from nexus: http://nexus/repository/maven-group/org/apache/maven/surefire/surefire-api/3.0.0-M1/surefire-api-3.0.0-M1.pom (3.5 kB at 22 kB/s)&#xD;&#xA;[INFO] Downloading from nexus: http://nexus/repository/maven-group/org/apache/maven/surefire/surefire-logger-api/3.0.0-M1/surefire-logger-api-3.0.0-M1.pom&#xD;&#xA;[INFO] Downloaded from nexus: http://nexus/repository/maven-group/org/apache/maven/surefire/surefire-logger-api/3.0.0-M1/surefire-logger-api-3.0.0-M1.pom (2.0 kB at 25 kB/s)&#xD;&#xA;[INFO] Downloading from nexus: http://nexus/repository/maven-group/org/apache/maven/surefire/surefire-booter/3.0.0-M1/surefire-booter-3.0.0-M1.pom&#xD;&#xA;[INFO] Downloaded from nexus: http://nexus/repository/maven-group/org/apache/maven/surefire/surefire-booter/3.0.0-M1/surefire-booter-3.0.0-M1.pom (7.4 kB at 119 kB/s)&#xD;&#xA;[INFO] Downloading from nexus: http://nexus/repository/maven-group/org/apache/maven/maven-toolchain/3.0-alpha-2/maven-toolchain-3.0-alpha-2.pom&#xD;&#xA;[INFO] Downloaded from nexus: http://nexus/repository/maven-group/org/apache/maven/maven-toolchain/3.0-alpha-2/maven-toolchain-3.0-alpha-2.pom (2.2 kB at 18 kB/s)&#xD;&#xA;[INFO] Downloading from nexus: http://nexus/repository/maven-group/org/apache/maven/maven/3.0-alpha-2/maven-3.0-alpha-2.pom&#xD;&#xA;[INFO] Downloaded from nexus: http://nexus/repository/maven-group/org/apache/maven/maven/3.0-alpha-2/maven-3.0-alpha-2.pom (21 kB at 293 kB/s)&#xD;&#xA;[INFO] Downloading from nexus: http://nexus/repository/maven-group/org/apache/maven/maven-compat/3.0/maven-compat-3.0.pom&#xD;&#xA;[INFO] Downloaded from nexus: http://nexus/repository/maven-group/org/apache/maven/maven-compat/3.0/maven-compat-3.0.pom (4.0 kB at 77 kB/s)&#xD;&#xA;[INFO] Downloading from nexus: http://nexus/repository/maven-group/org/apache/maven/wagon/wagon-provider-api/1.0-beta-6/wagon-provider-api-1.0-beta-6.pom&#xD;&#xA;[INFO] Downloaded from nexus: http://nexus/repository/maven-group/org/apache/maven/wagon/wagon-provider-api/1.0-beta-6/wagon-provider-api-1.0-beta-6.pom (1.8 kB at 12 kB/s)&#xD;&#xA;[INFO] Downloading from nexus: http://nexus/repository/maven-group/org/apache/maven/wagon/wagon/1.0-beta-6/wagon-1.0-beta-6.pom&#xD;&#xA;[INFO] Downloaded from nexus: http://nexus/repository/maven-group/org/apache/maven/wagon/wagon/1.0-beta-6/wagon-1.0-beta-6.pom (12 kB at 221 kB/s)&#xD;&#xA;[INFO] Downloading from nexus: http://nexus/repository/maven-group/org/codehaus/plexus/plexus-utils/1.4.2/plexus-utils-1.4.2.pom&#xD;&#xA;[INFO] Downloaded from nexus: http://nexus/repository/maven-group/org/codehaus/plexus/plexus-utils/1.4.2/plexus-utils-1.4.2.pom (2.0 kB at 30 kB/s)&#xD;&#xA;[INFO] Downloading from nexus: http://nexus/repository/maven-group/org/codehaus/plexus/plexus-java/0.9.11/plexus-java-0.9.11.pom&#xD;&#xA;[INFO] Downloaded from nexus: http://nexus/repository/maven-group/org/codehaus/plexus/plexus-java/0.9.11/plexus-java-0.9.11.pom (4.6 kB at 76 kB/s)&#xD;&#xA;[INFO] Downloading from nexus: http://nexus/repository/maven-group/org/codehaus/plexus/plexus-languages/0.9.11/plexus-languages-0.9.11.pom&#xD;&#xA;[INFO] Downloaded from nexus: http://nexus/repository/maven-group/org/codehaus/plexus/plexus-languages/0.9.11/plexus-languages-0.9.11.pom (4.1 kB at 50 kB/s)&#xD;&#xA;[INFO] Downloading from nexus: http://nexus/repository/maven-group/org/ow2/asm/asm/7.0-beta/asm-7.0-beta.pom&#xD;&#xA;[INFO] Downloaded from nexus: http://nexus/repository/maven-group/org/ow2/asm/asm/7.0-beta/asm-7.0-beta.pom (2.9 kB at 43 kB/s)&#xD;&#xA;[INFO] Downloading from nexus: http://nexus/repository/maven-group/org/apache/maven/surefire/maven-surefire-common/3.0.0-M1/maven-surefire-common-3.0.0-M1.jar&#xD;&#xA;[INFO] Downloading from nexus: http://nexus/repository/maven-group/org/apache/maven/surefire/surefire-api/3.0.0-M1/surefire-api-3.0.0-M1.jar&#xD;&#xA;[INFO] Downloading from nexus: http://nexus/repository/maven-group/org/apache/maven/surefire/surefire-logger-api/3.0.0-M1/surefire-logger-api-3.0.0-M1.jar&#xD;&#xA;[INFO] Downloading from nexus: http://nexus/repository/maven-group/org/apache/maven/surefire/surefire-booter/3.0.0-M1/surefire-booter-3.0.0-M1.jar&#xD;&#xA;[INFO] Downloading from nexus: http://nexus/repository/maven-group/org/apache/maven/maven-toolchain/3.0-alpha-2/maven-toolchain-3.0-alpha-2.jar&#xD;&#xA;[INFO] Downloaded from nexus: http://nexus/repository/maven-group/org/apache/maven/surefire/surefire-logger-api/3.0.0-M1/surefire-logger-api-3.0.0-M1.jar (13 kB at 76 kB/s)&#xD;&#xA;[INFO] Downloading from nexus: http://nexus/repository/maven-group/org/apache/maven/maven-compat/3.0/maven-compat-3.0.jar&#xD;&#xA;[INFO] Downloaded from nexus: http://nexus/repository/maven-group/org/apache/maven/surefire/maven-surefire-common/3.0.0-M1/maven-surefire-common-3.0.0-M1.jar (625 kB at 1.6 MB/s)&#xD;&#xA;[INFO] Downloading from nexus: http://nexus/repository/maven-group/org/apache/maven/wagon/wagon-provider-api/1.0-beta-6/wagon-provider-api-1.0-beta-6.jar&#xD;&#xA;[INFO] Downloaded from nexus: http://nexus/repository/maven-group/org/apache/maven/maven-toolchain/3.0-alpha-2/maven-toolchain-3.0-alpha-2.jar (36 kB at 82 kB/s)&#xD;&#xA;[INFO] Downloading from nexus: http://nexus/repository/maven-group/org/codehaus/plexus/plexus-java/0.9.11/plexus-java-0.9.11.jar&#xD;&#xA;[INFO] Downloaded from nexus: http://nexus/repository/maven-group/org/apache/maven/surefire/surefire-api/3.0.0-M1/surefire-api-3.0.0-M1.jar (178 kB at 387 kB/s)&#xD;&#xA;[INFO] Downloading from nexus: http://nexus/repository/maven-group/org/ow2/asm/asm/7.0-beta/asm-7.0-beta.jar&#xD;&#xA;[INFO] Downloaded from nexus: http://nexus/repository/maven-group/org/apache/maven/maven-compat/3.0/maven-compat-3.0.jar (285 kB at 617 kB/s)&#xD;&#xA;[INFO] Downloaded from nexus: http://nexus/repository/maven-group/org/apache/maven/surefire/surefire-booter/3.0.0-M1/surefire-booter-3.0.0-M1.jar (312 kB at 667 kB/s)&#xD;&#xA;[INFO] Downloaded from nexus: http://nexus/repository/maven-group/org/apache/maven/wagon/wagon-provider-api/1.0-beta-6/wagon-provider-api-1.0-beta-6.jar (53 kB at 103 kB/s)&#xD;&#xA;[INFO] Downloaded from nexus: http://nexus/repository/maven-group/org/codehaus/plexus/plexus-java/0.9.11/plexus-java-0.9.11.jar (50 kB at 95 kB/s)&#xD;&#xA;[INFO] Downloaded from nexus: http://nexus/repository/maven-group/org/ow2/asm/asm/7.0-beta/asm-7.0-beta.jar (114 kB at 198 kB/s)&#xD;&#xA;[INFO] Downloading from nexus: http://nexus/repository/maven-group/org/apache/maven/surefire/surefire-junit4/3.0.0-M1/surefire-junit4-3.0.0-M1.jar&#xD;&#xA;[INFO] Downloaded from nexus: http://nexus/repository/maven-group/org/apache/maven/surefire/surefire-junit4/3.0.0-M1/surefire-junit4-3.0.0-M1.jar (17 kB at 236 kB/s)&#xD;&#xA;[INFO] Downloading from nexus: http://nexus/repository/maven-group/org/apache/maven/surefire/surefire-junit4/3.0.0-M1/surefire-junit4-3.0.0-M1.pom&#xD;&#xA;[INFO] Downloaded from nexus: http://nexus/repository/maven-group/org/apache/maven/surefire/surefire-junit4/3.0.0-M1/surefire-junit4-3.0.0-M1.pom (1.7 kB at 22 kB/s)&#xD;&#xA;[INFO] Downloading from nexus: http://nexus/repository/maven-group/org/apache/maven/surefire/surefire-providers/3.0.0-M1/surefire-providers-3.0.0-M1.pom&#xD;&#xA;[INFO] Downloaded from nexus: http://nexus/repository/maven-group/org/apache/maven/surefire/surefire-providers/3.0.0-M1/surefire-providers-3.0.0-M1.pom (2.5 kB at 36 kB/s)&#xD;&#xA;[INFO] Downloading from nexus: http://nexus/repository/maven-group/org/apache/maven/surefire/common-junit4/3.0.0-M1/common-junit4-3.0.0-M1.pom&#xD;&#xA;[INFO] Downloaded from nexus: http://nexus/repository/maven-group/org/apache/maven/surefire/common-junit4/3.0.0-M1/common-junit4-3.0.0-M1.pom (2.1 kB at 22 kB/s)&#xD;&#xA;[INFO] Downloading from nexus: http://nexus/repository/maven-group/org/apache/maven/surefire/common-junit3/3.0.0-M1/common-junit3-3.0.0-M1.pom&#xD;&#xA;[INFO] Downloaded from nexus: http://nexus/repository/maven-group/org/apache/maven/surefire/common-junit3/3.0.0-M1/common-junit3-3.0.0-M1.pom (1.6 kB at 29 kB/s)&#xD;&#xA;[INFO] Downloading from nexus: http://nexus/repository/maven-group/org/apache/maven/surefire/common-java5/3.0.0-M1/common-java5-3.0.0-M1.pom&#xD;&#xA;[INFO] Downloaded from nexus: http://nexus/repository/maven-group/org/apache/maven/surefire/common-java5/3.0.0-M1/common-java5-3.0.0-M1.pom (3.1 kB at 28 kB/s)&#xD;&#xA;[INFO] Downloading from nexus: http://nexus/repository/maven-group/org/apache/maven/surefire/common-java5/3.0.0-M1/common-java5-3.0.0-M1.jar&#xD;&#xA;[INFO] Downloading from nexus: http://nexus/repository/maven-group/org/apache/maven/surefire/common-junit4/3.0.0-M1/common-junit4-3.0.0-M1.jar&#xD;&#xA;[INFO] Downloading from nexus: http://nexus/repository/maven-group/org/apache/maven/surefire/common-junit3/3.0.0-M1/common-junit3-3.0.0-M1.jar&#xD;&#xA;[INFO] Downloading from nexus: http://nexus/repository/maven-group/org/apache/maven/shared/maven-shared-utils/3.1.0/maven-shared-utils-3.1.0.jar&#xD;&#xA;[INFO] Downloaded from nexus: http://nexus/repository/maven-group/org/apache/maven/surefire/common-java5/3.0.0-M1/common-java5-3.0.0-M1.jar (32 kB at 321 kB/s)&#xD;&#xA;[INFO] Downloaded from nexus: http://nexus/repository/maven-group/org/apache/maven/surefire/common-junit3/3.0.0-M1/common-junit3-3.0.0-M1.jar (12 kB at 66 kB/s)&#xD;&#xA;[INFO] Downloaded from nexus: http://nexus/repository/maven-group/org/apache/maven/surefire/common-junit4/3.0.0-M1/common-junit4-3.0.0-M1.jar (28 kB at 135 kB/s)&#xD;&#xA;[INFO] Downloaded from nexus: http://nexus/repository/maven-group/org/apache/maven/shared/maven-shared-utils/3.1.0/maven-shared-utils-3.1.0.jar (164 kB at 604 kB/s)&#xD;&#xA;[INFO] &#xD;&#xA;[INFO] -------------------------------------------------------&#xD;&#xA;[INFO]  T E S T S&#xD;&#xA;[INFO] -------------------------------------------------------&#xD;&#xA;[INFO] Running com.example.bddspring1547468057.DemoApplicationTests&#xD;&#xA;12:30:15.140 [main] DEBUG org.springframework.test.context.junit4.SpringJUnit4ClassRunner - SpringJUnit4ClassRunner constructor called with [class com.example.bddspring1547468057.DemoApplicationTests]&#xD;&#xA;12:30:15.149 [main] DEBUG org.springframework.test.context.BootstrapUtils - Instantiating CacheAwareContextLoaderDelegate from class [org.springframework.test.context.cache.DefaultCacheAwareContextLoaderDelegate]&#xD;&#xA;12:30:15.162 [main] DEBUG org.springframework.test.context.BootstrapUtils - Instantiating BootstrapContext using constructor [public org.springframework.test.context.support.DefaultBootstrapContext(java.lang.Class,org.springframework.test.context.CacheAwareContextLoaderDelegate)]&#xD;&#xA;12:30:15.240 [main] DEBUG org.springframework.test.context.BootstrapUtils - Instantiating TestContextBootstrapper for test class [com.example.bddspring1547468057.DemoApplicationTests] from class [org.springframework.boot.test.context.SpringBootTestContextBootstrapper]&#xD;&#xA;12:30:15.258 [main] INFO org.springframework.boot.test.context.SpringBootTestContextBootstrapper - Neither @ContextConfiguration nor @ContextHierarchy found for test class [com.example.bddspring1547468057.DemoApplicationTests], using SpringBootContextLoader&#xD;&#xA;12:30:15.267 [main] DEBUG org.springframework.test.context.support.AbstractContextLoader - Did not detect default resource location for test class [com.example.bddspring1547468057.DemoApplicationTests]: class path resource [com/example/bddspring1547468057/DemoApplicationTests-context.xml] does not exist&#xD;&#xA;12:30:15.267 [main] DEBUG org.springframework.test.context.support.AbstractContextLoader - Did not detect default resource location for test class [com.example.bddspring1547468057.DemoApplicationTests]: class path resource [com/example/bddspring1547468057/DemoApplicationTestsContext.groovy] does not exist&#xD;&#xA;12:30:15.268 [main] INFO org.springframework.test.context.support.AbstractContextLoader - Could not detect default resource locations for test class [com.example.bddspring1547468057.DemoApplicationTests]: no resource found for suffixes {-context.xml, Context.groovy}.&#xD;&#xA;12:30:15.269 [main] INFO org.springframework.test.context.support.AnnotationConfigContextLoaderUtils - Could not detect default configuration classes for test class [com.example.bddspring1547468057.DemoApplicationTests]: DemoApplicationTests does not declare any static, non-private, non-final, nested classes annotated with @Configuration.&#xD;&#xA;12:30:15.453 [main] DEBUG org.springframework.test.context.support.ActiveProfilesUtils - Could not find an &#39;annotation declaring class&#39; for annotation type [org.springframework.test.context.ActiveProfiles] and class [com.example.bddspring1547468057.DemoApplicationTests]&#xD;&#xA;12:30:15.677 [main] DEBUG org.springframework.context.annotation.ClassPathScanningCandidateComponentProvider - Identified candidate component class: file [/home/jenkins/workspace/sts_bdd-spring-1547468057_master/target/classes/com/example/bddspring1547468057/DemoApplication.class]&#xD;&#xA;12:30:15.724 [main] INFO org.springframework.boot.test.context.SpringBootTestContextBootstrapper - Found @SpringBootConfiguration com.example.bddspring1547468057.DemoApplication for test class com.example.bddspring1547468057.DemoApplicationTests&#xD;&#xA;12:30:15.966 [main] DEBUG org.springframework.boot.test.context.SpringBootTestContextBootstrapper - @TestExecutionListeners is not present for class [com.example.bddspring1547468057.DemoApplicationTests]: using defaults.&#xD;&#xA;12:30:15.967 [main] INFO org.springframework.boot.test.context.SpringBootTestContextBootstrapper - Loaded default TestExecutionListener class names from location [META-INF/spring.factories]: [org.springframework.boot.test.mock.mockito.MockitoTestExecutionListener, org.springframework.boot.test.mock.mockito.ResetMocksTestExecutionListener, org.springframework.boot.test.autoconfigure.restdocs.RestDocsTestExecutionListener, org.springframework.boot.test.autoconfigure.web.client.MockRestServiceServerResetTestExecutionListener, org.springframework.boot.test.autoconfigure.web.servlet.MockMvcPrintOnlyOnFailureTestExecutionListener, org.springframework.boot.test.autoconfigure.web.servlet.WebDriverTestExecutionListener, org.springframework.test.context.web.ServletTestExecutionListener, org.springframework.test.context.support.DirtiesContextBeforeModesTestExecutionListener, org.springframework.test.context.support.DependencyInjectionTestExecutionListener, org.springframework.test.context.support.DirtiesContextTestExecutionListener, org.springframework.test.context.transaction.TransactionalTestExecutionListener, org.springframework.test.context.jdbc.SqlScriptsTestExecutionListener]&#xD;&#xA;12:30:16.027 [main] DEBUG org.springframework.boot.test.context.SpringBootTestContextBootstrapper - Skipping candidate TestExecutionListener [org.springframework.test.context.transaction.TransactionalTestExecutionListener] due to a missing dependency. Specify custom listener classes or make the default listener classes and their required dependencies available. Offending class: [org/springframework/transaction/TransactionDefinition]&#xD;&#xA;12:30:16.028 [main] DEBUG org.springframework.boot.test.context.SpringBootTestContextBootstrapper - Skipping candidate TestExecutionListener [org.springframework.test.context.jdbc.SqlScriptsTestExecutionListener] due to a missing dependency. Specify custom listener classes or make the default listener classes and their required dependencies available. Offending class: [org/springframework/transaction/interceptor/TransactionAttribute]&#xD;&#xA;12:30:16.028 [main] INFO org.springframework.boot.test.context.SpringBootTestContextBootstrapper - Using TestExecutionListeners: [org.springframework.test.context.web.ServletTestExecutionListener@31368b99, org.springframework.test.context.support.DirtiesContextBeforeModesTestExecutionListener@1725dc0f, org.springframework.boot.test.mock.mockito.MockitoTestExecutionListener@3911c2a7, org.springframework.boot.test.autoconfigure.SpringBootDependencyInjectionTestExecutionListener@4ac3c60d, org.springframework.test.context.support.DirtiesContextTestExecutionListener@4facf68f, org.springframework.boot.test.mock.mockito.ResetMocksTestExecutionListener@76508ed1, org.springframework.boot.test.autoconfigure.restdocs.RestDocsTestExecutionListener@41e36e46, org.springframework.boot.test.autoconfigure.web.client.MockRestServiceServerResetTestExecutionListener@15c43bd9, org.springframework.boot.test.autoconfigure.web.servlet.MockMvcPrintOnlyOnFailureTestExecutionListener@3d74bf60, org.springframework.boot.test.autoconfigure.web.servlet.WebDriverTestExecutionListener@4f209819]&#xD;&#xA;12:30:16.031 [main] DEBUG org.springframework.test.annotation.ProfileValueUtils - Retrieved @ProfileValueSourceConfiguration [null] for test class [com.example.bddspring1547468057.DemoApplicationTests]&#xD;&#xA;12:30:16.032 [main] DEBUG org.springframework.test.annotation.ProfileValueUtils - Retrieved ProfileValueSource type [class org.springframework.test.annotation.SystemProfileValueSource] for class [com.example.bddspring1547468057.DemoApplicationTests]&#xD;&#xA;12:30:16.046 [main] DEBUG org.springframework.test.annotation.ProfileValueUtils - Retrieved @ProfileValueSourceConfiguration [null] for test class [com.example.bddspring1547468057.DemoApplicationTests]&#xD;&#xA;12:30:16.047 [main] DEBUG org.springframework.test.annotation.ProfileValueUtils - Retrieved ProfileValueSource type [class org.springframework.test.annotation.SystemProfileValueSource] for class [com.example.bddspring1547468057.DemoApplicationTests]&#xD;&#xA;12:30:16.048 [main] DEBUG org.springframework.test.annotation.ProfileValueUtils - Retrieved @ProfileValueSourceConfiguration [null] for test class [com.example.bddspring1547468057.DemoApplicationTests]&#xD;&#xA;12:30:16.048 [main] DEBUG org.springframework.test.annotation.ProfileValueUtils - Retrieved ProfileValueSource type [class org.springframework.test.annotation.SystemProfileValueSource] for class [com.example.bddspring1547468057.DemoApplicationTests]&#xD;&#xA;12:30:16.058 [main] DEBUG org.springframework.test.context.support.AbstractDirtiesContextTestExecutionListener - Before test class: context [DefaultTestContext@3835c46 testClass = DemoApplicationTests, testInstance = [null], testMethod = [null], testException = [null], mergedContextConfiguration = [WebMergedContextConfiguration@1dde4cb2 testClass = DemoApplicationTests, locations = &#39;{}&#39;, classes = &#39;{class com.example.bddspring1547468057.DemoApplication}&#39;, contextInitializerClasses = &#39;[]&#39;, activeProfiles = &#39;{}&#39;, propertySourceLocations = &#39;{}&#39;, propertySourceProperties = &#39;{org.springframework.boot.test.context.SpringBootTestContextBootstrapper=true}&#39;, contextCustomizers = set[org.springframework.boot.test.context.filter.ExcludeFilterContextCustomizer@4e7dc304, org.springframework.boot.test.json.DuplicateJsonObjectContextCustomizerFactory$DuplicateJsonObjectContextCustomizer@48503868, org.springframework.boot.test.mock.mockito.MockitoContextCustomizer@0, org.springframework.boot.test.web.client.TestRestTemplateContextCustomizer@1f57539, org.springframework.boot.test.autoconfigure.properties.PropertyMappingContextCustomizer@0, org.springframework.boot.test.autoconfigure.web.servlet.WebDriverContextCustomizerFactory$Customizer@bd8db5a], resourceBasePath = &#39;src/main/webapp&#39;, contextLoader = &#39;org.springframework.boot.test.context.SpringBootContextLoader&#39;, parent = [null]], attributes = map[&#39;org.springframework.test.context.web.ServletTestExecutionListener.activateListener&#39; -&gt; true]], class annotated with @DirtiesContext [false] with mode [null].&#xD;&#xA;12:30:16.061 [main] DEBUG org.springframework.test.annotation.ProfileValueUtils - Retrieved @ProfileValueSourceConfiguration [null] for test class [com.example.bddspring1547468057.DemoApplicationTests]&#xD;&#xA;12:30:16.061 [main] DEBUG org.springframework.test.annotation.ProfileValueUtils - Retrieved ProfileValueSource type [class org.springframework.test.annotation.SystemProfileValueSource] for class [com.example.bddspring1547468057.DemoApplicationTests]&#xD;&#xA;12:30:16.130 [main] DEBUG org.springframework.test.context.support.TestPropertySourceUtils - Adding inlined properties to environment: {spring.jmx.enabled=false, org.springframework.boot.test.context.SpringBootTestContextBootstrapper=true, server.port=-1}&#xD;&#xA;&#xD;&#xA;  .   ____          _            __ _ _&#xD;&#xA; /\\ / ___&#39;_ __ _ _(_)_ __  __ _ \ \ \ \&#xD;&#xA;( ( )\___ | &#39;_ | &#39;_| | &#39;_ \/ _` | \ \ \ \&#xD;&#xA; \\/  ___)| |_)| | | | | || (_| |  ) ) ) )&#xD;&#xA;  &#39;  |____| .__|_| |_|_| |_\__, | / / / /&#xD;&#xA; =========|_|==============|___/=/_/_/_/&#xD;&#xA; :: Spring Boot ::        (v2.1.2.RELEASE)&#xD;&#xA;&#xD;&#xA;2019-01-14 12:30:17.370  INFO 290 --- [           main] c.e.b.DemoApplicationTests               : Starting DemoApplicationTests on maven-h36hp with PID 290 (started by root in /home/jenkins/workspace/sts_bdd-spring-1547468057_master)&#xD;&#xA;2019-01-14 12:30:17.373  INFO 290 --- [           main] c.e.b.DemoApplicationTests               : No active profile set, falling back to default profiles: default&#xD;&#xA;2019-01-14 12:30:27.575  INFO 290 --- [           main] o.s.s.concurrent.ThreadPoolTaskExecutor  : Initializing ExecutorService &#39;applicationTaskExecutor&#39;&#xD;&#xA;2019-01-14 12:30:30.950  INFO 290 --- [           main] o.s.b.a.e.web.EndpointLinksResolver      : Exposing 2 endpoint(s) beneath base path &#39;/actuator&#39;&#xD;&#xA;2019-01-14 12:30:31.463  INFO 290 --- [           main] c.e.b.DemoApplicationTests               : Started DemoApplicationTests in 15.321 seconds (JVM running for 17.624)&#xD;&#xA;[INFO] Tests run: 1, Failures: 0, Errors: 0, Skipped: 0, Time elapsed: 17.379 s - in com.example.bddspring1547468057.DemoApplicationTests&#xD;&#xA;2019-01-14 12:30:32.140  INFO 290 --- [       Thread-4] o.s.s.concurrent.ThreadPoolTaskExecutor  : Shutting down ExecutorService &#39;applicationTaskExecutor&#39;&#xD;&#xA;[INFO] &#xD;&#xA;[INFO] Results:&#xD;&#xA;[INFO] &#xD;&#xA;[INFO] Tests run: 1, Failures: 0, Errors: 0, Skipped: 0&#xD;&#xA;[INFO] &#xD;&#xA;[INFO] &#xD;&#xA;[INFO] --- maven-jar-plugin:3.1.1:jar (default-jar) @ bdd-spring-1547468057 ---&#xD;&#xA;[INFO] Downloading from nexus: http://nexus/repository/maven-group/org/apache/maven/maven-archiver/3.3.0/maven-archiver-3.3.0.pom&#xD;&#xA;[INFO] Downloaded from nexus: http://nexus/repository/maven-group/org/apache/maven/maven-archiver/3.3.0/maven-archiver-3.3.0.pom (4.4 kB at 43 kB/s)&#xD;&#xA;[INFO] Downloading from nexus: http://nexus/repository/maven-group/org/apache/maven/shared/maven-shared-components/33/maven-shared-components-33.pom&#xD;&#xA;[INFO] Downloaded from nexus: http://nexus/repository/maven-group/org/apache/maven/shared/maven-shared-components/33/maven-shared-components-33.pom (5.1 kB at 93 kB/s)&#xD;&#xA;[INFO] Downloading from nexus: http://nexus/repository/maven-group/org/codehaus/plexus/plexus-archiver/3.6.0/plexus-archiver-3.6.0.pom&#xD;&#xA;[INFO] Downloaded from nexus: http://nexus/repository/maven-group/org/codehaus/plexus/plexus-archiver/3.6.0/plexus-archiver-3.6.0.pom (4.8 kB at 59 kB/s)&#xD;&#xA;[INFO] Downloading from nexus: http://nexus/repository/maven-group/org/codehaus/plexus/plexus/5.0/plexus-5.0.pom&#xD;&#xA;[INFO] Downloaded from nexus: http://nexus/repository/maven-group/org/codehaus/plexus/plexus/5.0/plexus-5.0.pom (21 kB at 344 kB/s)&#xD;&#xA;[INFO] Downloading from nexus: http://nexus/repository/maven-group/org/codehaus/plexus/plexus-io/3.0.1/plexus-io-3.0.1.pom&#xD;&#xA;[INFO] Downloaded from nexus: http://nexus/repository/maven-group/org/codehaus/plexus/plexus-io/3.0.1/plexus-io-3.0.1.pom (4.5 kB at 66 kB/s)&#xD;&#xA;[INFO] Downloading from nexus: http://nexus/repository/maven-group/commons-io/commons-io/2.6/commons-io-2.6.pom&#xD;&#xA;[INFO] Downloaded from nexus: http://nexus/repository/maven-group/commons-io/commons-io/2.6/commons-io-2.6.pom (14 kB at 317 kB/s)&#xD;&#xA;[INFO] Downloading from nexus: http://nexus/repository/maven-group/org/apache/commons/commons-parent/42/commons-parent-42.pom&#xD;&#xA;[INFO] Downloaded from nexus: http://nexus/repository/maven-group/org/apache/commons/commons-parent/42/commons-parent-42.pom (68 kB at 1.3 MB/s)&#xD;&#xA;[INFO] Downloading from nexus: http://nexus/repository/maven-group/org/apache/commons/commons-compress/1.16.1/commons-compress-1.16.1.pom&#xD;&#xA;[INFO] Downloaded from nexus: http://nexus/repository/maven-group/org/apache/commons/commons-compress/1.16.1/commons-compress-1.16.1.pom (16 kB at 153 kB/s)&#xD;&#xA;[INFO] Downloading from nexus: http://nexus/repository/maven-group/org/apache/commons/commons-parent/43/commons-parent-43.pom&#xD;&#xA;[INFO] Downloaded from nexus: http://nexus/repository/maven-group/org/apache/commons/commons-parent/43/commons-parent-43.pom (70 kB at 701 kB/s)&#xD;&#xA;[INFO] Downloading from nexus: http://nexus/repository/maven-group/org/iq80/snappy/snappy/0.4/snappy-0.4.pom&#xD;&#xA;[INFO] Downloaded from nexus: http://nexus/repository/maven-group/org/iq80/snappy/snappy/0.4/snappy-0.4.pom (15 kB at 196 kB/s)&#xD;&#xA;[INFO] Downloading from nexus: http://nexus/repository/maven-group/org/tukaani/xz/1.8/xz-1.8.pom&#xD;&#xA;[INFO] Downloaded from nexus: http://nexus/repository/maven-group/org/tukaani/xz/1.8/xz-1.8.pom (1.9 kB at 28 kB/s)&#xD;&#xA;[INFO] Downloading from nexus: http://nexus/repository/maven-group/org/codehaus/plexus/plexus-interpolation/1.25/plexus-interpolation-1.25.pom&#xD;&#xA;[INFO] Downloaded from nexus: http://nexus/repository/maven-group/org/codehaus/plexus/plexus-interpolation/1.25/plexus-interpolation-1.25.pom (2.6 kB at 41 kB/s)&#xD;&#xA;[INFO] Downloading from nexus: http://nexus/repository/maven-group/org/codehaus/plexus/plexus/5.1/plexus-5.1.pom&#xD;&#xA;[INFO] Downloaded from nexus: http://nexus/repository/maven-group/org/codehaus/plexus/plexus/5.1/plexus-5.1.pom (23 kB at 459 kB/s)&#xD;&#xA;[INFO] Downloading from nexus: http://nexus/repository/maven-group/org/codehaus/plexus/plexus-archiver/3.7.0/plexus-archiver-3.7.0.pom&#xD;&#xA;[INFO] Downloaded from nexus: http://nexus/repository/maven-group/org/codehaus/plexus/plexus-archiver/3.7.0/plexus-archiver-3.7.0.pom (4.8 kB at 79 kB/s)&#xD;&#xA;[INFO] Downloading from nexus: http://nexus/repository/maven-group/org/codehaus/plexus/plexus-io/3.1.0/plexus-io-3.1.0.pom&#xD;&#xA;[INFO] Downloaded from nexus: http://nexus/repository/maven-group/org/codehaus/plexus/plexus-io/3.1.0/plexus-io-3.1.0.pom (4.5 kB at 93 kB/s)&#xD;&#xA;[INFO] Downloading from nexus: http://nexus/repository/maven-group/org/apache/commons/commons-compress/1.18/commons-compress-1.18.pom&#xD;&#xA;[INFO] Downloaded from nexus: http://nexus/repository/maven-group/org/apache/commons/commons-compress/1.18/commons-compress-1.18.pom (18 kB at 380 kB/s)&#xD;&#xA;[INFO] Downloading from nexus: http://nexus/repository/maven-group/org/apache/commons/commons-parent/47/commons-parent-47.pom&#xD;&#xA;[INFO] Downloaded from nexus: http://nexus/repository/maven-group/org/apache/commons/commons-parent/47/commons-parent-47.pom (78 kB at 1.3 MB/s)&#xD;&#xA;[INFO] Downloading from nexus: http://nexus/repository/maven-group/org/apache/maven/maven-archiver/3.3.0/maven-archiver-3.3.0.jar&#xD;&#xA;[INFO] Downloading from nexus: http://nexus/repository/maven-group/org/codehaus/plexus/plexus-archiver/3.7.0/plexus-archiver-3.7.0.jar&#xD;&#xA;[INFO] Downloading from nexus: http://nexus/repository/maven-group/org/codehaus/plexus/plexus-io/3.1.0/plexus-io-3.1.0.jar&#xD;&#xA;[INFO] Downloading from nexus: http://nexus/repository/maven-group/org/iq80/snappy/snappy/0.4/snappy-0.4.jar&#xD;&#xA;[INFO] Downloading from nexus: http://nexus/repository/maven-group/org/apache/commons/commons-compress/1.18/commons-compress-1.18.jar&#xD;&#xA;[INFO] Downloaded from nexus: http://nexus/repository/maven-group/org/iq80/snappy/snappy/0.4/snappy-0.4.jar (58 kB at 522 kB/s)&#xD;&#xA;[INFO] Downloading from nexus: http://nexus/repository/maven-group/org/tukaani/xz/1.8/xz-1.8.jar&#xD;&#xA;[INFO] Downloaded from nexus: http://nexus/repository/maven-group/org/codehaus/plexus/plexus-io/3.1.0/plexus-io-3.1.0.jar (75 kB at 401 kB/s)&#xD;&#xA;[INFO] Downloaded from nexus: http://nexus/repository/maven-group/org/apache/maven/maven-archiver/3.3.0/maven-archiver-3.3.0.jar (24 kB at 122 kB/s)&#xD;&#xA;[INFO] Downloaded from nexus: http://nexus/repository/maven-group/org/codehaus/plexus/plexus-archiver/3.7.0/plexus-archiver-3.7.0.jar (192 kB at 944 kB/s)&#xD;&#xA;[INFO] Downloaded from nexus: http://nexus/repository/maven-group/org/tukaani/xz/1.8/xz-1.8.jar (109 kB at 424 kB/s)&#xD;&#xA;[INFO] Downloaded from nexus: http://nexus/repository/maven-group/org/apache/commons/commons-compress/1.18/commons-compress-1.18.jar (592 kB at 2.1 MB/s)&#xD;&#xA;[INFO] Building jar: /home/jenkins/workspace/sts_bdd-spring-1547468057_master/target/bdd-spring-1547468057-0.0.1.jar&#xD;&#xA;[INFO] &#xD;&#xA;[INFO] --- spring-boot-maven-plugin:2.1.2.RELEASE:repackage (repackage) @ bdd-spring-1547468057 ---&#xD;&#xA;[INFO] Downloading from nexus: http://nexus/repository/maven-group/org/springframework/boot/spring-boot-loader-tools/2.1.2.RELEASE/spring-boot-loader-tools-2.1.2.RELEASE.pom&#xD;&#xA;[INFO] Downloaded from nexus: http://nexus/repository/maven-group/org/springframework/boot/spring-boot-loader-tools/2.1.2.RELEASE/spring-boot-loader-tools-2.1.2.RELEASE.pom (2.7 kB at 28 kB/s)&#xD;&#xA;[INFO] Downloading from nexus: http://nexus/repository/maven-group/org/apache/maven/maven-archiver/3.2.0/maven-archiver-3.2.0.pom&#xD;&#xA;[INFO] Downloaded from nexus: http://nexus/repository/maven-group/org/apache/maven/maven-archiver/3.2.0/maven-archiver-3.2.0.pom (4.3 kB at 45 kB/s)&#xD;&#xA;[INFO] Downloading from nexus: http://nexus/repository/maven-group/org/codehaus/plexus/plexus-archiver/3.5/plexus-archiver-3.5.pom&#xD;&#xA;[INFO] Downloaded from nexus: http://nexus/repository/maven-group/org/codehaus/plexus/plexus-archiver/3.5/plexus-archiver-3.5.pom (4.8 kB at 50 kB/s)&#xD;&#xA;[INFO] Downloading from nexus: http://nexus/repository/maven-group/org/codehaus/plexus/plexus-io/3.0.0/plexus-io-3.0.0.pom&#xD;&#xA;[INFO] Downloaded from nexus: http://nexus/repository/maven-group/org/codehaus/plexus/plexus-io/3.0.0/plexus-io-3.0.0.pom (4.5 kB at 63 kB/s)&#xD;&#xA;[INFO] Downloading from nexus: http://nexus/repository/maven-group/org/apache/commons/commons-compress/1.14/commons-compress-1.14.pom&#xD;&#xA;[INFO] Downloaded from nexus: http://nexus/repository/maven-group/org/apache/commons/commons-compress/1.14/commons-compress-1.14.pom (13 kB at 94 kB/s)&#xD;&#xA;[INFO] Downloading from nexus: http://nexus/repository/maven-group/org/tukaani/xz/1.6/xz-1.6.pom&#xD;&#xA;[INFO] Downloaded from nexus: http://nexus/repository/maven-group/org/tukaani/xz/1.6/xz-1.6.pom (1.9 kB at 19 kB/s)&#xD;&#xA;[INFO] Downloading from nexus: http://nexus/repository/maven-group/org/apache/maven/maven-artifact/3.3.9/maven-artifact-3.3.9.pom&#xD;&#xA;[INFO] Downloaded from nexus: http://nexus/repository/maven-group/org/apache/maven/maven-artifact/3.3.9/maven-artifact-3.3.9.pom (2.1 kB at 22 kB/s)&#xD;&#xA;[INFO] Downloading from nexus: http://nexus/repository/maven-group/org/apache/maven/maven/3.3.9/maven-3.3.9.pom&#xD;&#xA;[INFO] Downloaded from nexus: http://nexus/repository/maven-group/org/apache/maven/maven/3.3.9/maven-3.3.9.pom (24 kB at 230 kB/s)&#xD;&#xA;[INFO] Downloading from nexus: http://nexus/repository/maven-group/org/apache/commons/commons-lang3/3.8.1/commons-lang3-3.8.1.pom&#xD;&#xA;[INFO] Downloaded from nexus: http://nexus/repository/maven-group/org/apache/commons/commons-lang3/3.8.1/commons-lang3-3.8.1.pom (28 kB at 321 kB/s)&#xD;&#xA;[INFO] Downloading from nexus: http://nexus/repository/maven-group/org/apache/maven/maven-core/3.3.9/maven-core-3.3.9.pom&#xD;&#xA;[INFO] Downloaded from nexus: http://nexus/repository/maven-group/org/apache/maven/maven-core/3.3.9/maven-core-3.3.9.pom (8.3 kB at 151 kB/s)&#xD;&#xA;[INFO] Downloading from nexus: http://nexus/repository/maven-group/org/apache/maven/maven-model/3.3.9/maven-model-3.3.9.pom&#xD;&#xA;[INFO] Downloaded from nexus: http://nexus/repository/maven-group/org/apache/maven/maven-model/3.3.9/maven-model-3.3.9.pom (4.0 kB at 84 kB/s)&#xD;&#xA;[INFO] Downloading from nexus: http://nexus/repository/maven-group/org/apache/maven/maven-settings/3.3.9/maven-settings-3.3.9.pom&#xD;&#xA;[INFO] Downloaded from nexus: http://nexus/repository/maven-group/org/apache/maven/maven-settings/3.3.9/maven-settings-3.3.9.pom (1.8 kB at 35 kB/s)&#xD;&#xA;[INFO] Downloading from nexus: http://nexus/repository/maven-group/org/apache/maven/maven-settings-builder/3.3.9/maven-settings-builder-3.3.9.pom&#xD;&#xA;[INFO] Downloaded from nexus: http://nexus/repository/maven-group/org/apache/maven/maven-settings-builder/3.3.9/maven-settings-builder-3.3.9.pom (2.6 kB at 16 kB/s)&#xD;&#xA;[INFO] Downloading from nexus: http://nexus/repository/maven-group/org/apache/maven/maven-builder-support/3.3.9/maven-builder-support-3.3.9.pom&#xD;&#xA;[INFO] Downloaded from nexus: http://nexus/repository/maven-group/org/apache/maven/maven-builder-support/3.3.9/maven-builder-support-3.3.9.pom (1.7 kB at 29 kB/s)&#xD;&#xA;[INFO] Downloading from nexus: http://nexus/repository/maven-group/org/codehaus/plexus/plexus-interpolation/1.21/plexus-interpolation-1.21.pom&#xD;&#xA;[INFO] Downloaded from nexus: http://nexus/repository/maven-group/org/codehaus/plexus/plexus-interpolation/1.21/plexus-interpolation-1.21.pom (1.5 kB at 20 kB/s)&#xD;&#xA;[INFO] Downloading from nexus: http://nexus/repository/maven-group/org/apache/maven/maven-repository-metadata/3.3.9/maven-repository-metadata-3.3.9.pom&#xD;&#xA;[INFO] Downloaded from nexus: http://nexus/repository/maven-group/org/apache/maven/maven-repository-metadata/3.3.9/maven-repository-metadata-3.3.9.pom (1.9 kB at 34 kB/s)&#xD;&#xA;[INFO] Downloading from nexus: http://nexus/repository/maven-group/org/apache/maven/maven-plugin-api/3.3.9/maven-plugin-api-3.3.9.pom&#xD;&#xA;[INFO] Downloaded from nexus: http://nexus/repository/maven-group/org/apache/maven/maven-plugin-api/3.3.9/maven-plugin-api-3.3.9.pom (2.7 kB at 63 kB/s)&#xD;&#xA;[INFO] Downloading from nexus: http://nexus/repository/maven-group/org/eclipse/sisu/org.eclipse.sisu.plexus/0.3.2/org.eclipse.sisu.plexus-0.3.2.pom&#xD;&#xA;[INFO] Downloaded from nexus: http://nexus/repository/maven-group/org/eclipse/sisu/org.eclipse.sisu.plexus/0.3.2/org.eclipse.sisu.plexus-0.3.2.pom (4.2 kB at 95 kB/s)&#xD;&#xA;[INFO] Downloading from nexus: http://nexus/repository/maven-group/org/eclipse/sisu/sisu-plexus/0.3.2/sisu-plexus-0.3.2.pom&#xD;&#xA;[INFO] Downloaded from nexus: http://nexus/repository/maven-group/org/eclipse/sisu/sisu-plexus/0.3.2/sisu-plexus-0.3.2.pom (14 kB at 176 kB/s)&#xD;&#xA;[INFO] Downloading from nexus: http://nexus/repository/maven-group/javax/enterprise/cdi-api/1.0/cdi-api-1.0.pom&#xD;&#xA;[INFO] Downloaded from nexus: http://nexus/repository/maven-group/javax/enterprise/cdi-api/1.0/cdi-api-1.0.pom (1.4 kB at 13 kB/s)&#xD;&#xA;[INFO] Downloading from nexus: http://nexus/repository/maven-group/org/jboss/weld/weld-api-parent/1.0/weld-api-parent-1.0.pom&#xD;&#xA;[INFO] Downloaded from nexus: http://nexus/repository/maven-group/org/jboss/weld/weld-api-parent/1.0/weld-api-parent-1.0.pom (2.4 kB at 36 kB/s)&#xD;&#xA;[INFO] Downloading from nexus: http://nexus/repository/maven-group/org/jboss/weld/weld-api-bom/1.0/weld-api-bom-1.0.pom&#xD;&#xA;[INFO] Downloaded from nexus: http://nexus/repository/maven-group/org/jboss/weld/weld-api-bom/1.0/weld-api-bom-1.0.pom (7.9 kB at 83 kB/s)&#xD;&#xA;[INFO] Downloading from nexus: http://nexus/repository/maven-group/org/jboss/weld/weld-parent/6/weld-parent-6.pom&#xD;&#xA;[INFO] Downloaded from nexus: http://nexus/repository/maven-group/org/jboss/weld/weld-parent/6/weld-parent-6.pom (21 kB at 318 kB/s)&#xD;&#xA;[INFO] Downloading from nexus: http://nexus/repository/maven-group/javax/annotation/jsr250-api/1.0/jsr250-api-1.0.pom&#xD;&#xA;[INFO] Downloaded from nexus: http://nexus/repository/maven-group/javax/annotation/jsr250-api/1.0/jsr250-api-1.0.pom (1.0 kB at 17 kB/s)&#xD;&#xA;[INFO] Downloading from nexus: http://nexus/repository/maven-group/javax/inject/javax.inject/1/javax.inject-1.pom&#xD;&#xA;[INFO] Downloaded from nexus: http://nexus/repository/maven-group/javax/inject/javax.inject/1/javax.inject-1.pom (612 B at 9.4 kB/s)&#xD;&#xA;[INFO] Downloading from nexus: http://nexus/repository/maven-group/org/eclipse/sisu/org.eclipse.sisu.inject/0.3.2/org.eclipse.sisu.inject-0.3.2.pom&#xD;&#xA;[INFO] Downloaded from nexus: http://nexus/repository/maven-group/org/eclipse/sisu/org.eclipse.sisu.inject/0.3.2/org.eclipse.sisu.inject-0.3.2.pom (2.6 kB at 44 kB/s)&#xD;&#xA;[INFO] Downloading from nexus: http://nexus/repository/maven-group/org/eclipse/sisu/sisu-inject/0.3.2/sisu-inject-0.3.2.pom&#xD;&#xA;[INFO] Downloaded from nexus: http://nexus/repository/maven-group/org/eclipse/sisu/sisu-inject/0.3.2/sisu-inject-0.3.2.pom (14 kB at 84 kB/s)&#xD;&#xA;[INFO] Downloading from nexus: http://nexus/repository/maven-group/org/codehaus/plexus/plexus-classworlds/2.5.2/plexus-classworlds-2.5.2.pom&#xD;&#xA;[INFO] Downloaded from nexus: http://nexus/repository/maven-group/org/codehaus/plexus/plexus-classworlds/2.5.2/plexus-classworlds-2.5.2.pom (7.3 kB at 96 kB/s)&#xD;&#xA;[INFO] Downloading from nexus: http://nexus/repository/maven-group/org/codehaus/plexus/plexus-utils/3.0.17/plexus-utils-3.0.17.pom&#xD;&#xA;[INFO] Downloaded from nexus: http://nexus/repository/maven-group/org/codehaus/plexus/plexus-utils/3.0.17/plexus-utils-3.0.17.pom (3.4 kB at 46 kB/s)&#xD;&#xA;[INFO] Downloading from nexus: http://nexus/repository/maven-group/org/apache/maven/maven-model-builder/3.3.9/maven-model-builder-3.3.9.pom&#xD;&#xA;[INFO] Downloaded from nexus: http://nexus/repository/maven-group/org/apache/maven/maven-model-builder/3.3.9/maven-model-builder-3.3.9.pom (3.1 kB at 60 kB/s)&#xD;&#xA;[INFO] Downloading from nexus: http://nexus/repository/maven-group/com/google/guava/guava/18.0/guava-18.0.pom&#xD;&#xA;[INFO] Downloaded from nexus: http://nexus/repository/maven-group/com/google/guava/guava/18.0/guava-18.0.pom (5.7 kB at 40 kB/s)&#xD;&#xA;[INFO] Downloading from nexus: http://nexus/repository/maven-group/com/google/guava/guava-parent/18.0/guava-parent-18.0.pom&#xD;&#xA;[INFO] Downloaded from nexus: http://nexus/repository/maven-group/com/google/guava/guava-parent/18.0/guava-parent-18.0.pom (7.7 kB at 42 kB/s)&#xD;&#xA;[INFO] Downloading from nexus: http://nexus/repository/maven-group/org/apache/maven/maven-aether-provider/3.3.9/maven-aether-provider-3.3.9.pom&#xD;&#xA;[INFO] Downloaded from nexus: http://nexus/repository/maven-group/org/apache/maven/maven-aether-provider/3.3.9/maven-aether-provider-3.3.9.pom (4.0 kB at 51 kB/s)&#xD;&#xA;[INFO] Downloading from nexus: http://nexus/repository/maven-group/org/eclipse/aether/aether-api/1.0.2.v20150114/aether-api-1.0.2.v20150114.pom&#xD;&#xA;[INFO] Downloaded from nexus: http://nexus/repository/maven-group/org/eclipse/aether/aether-api/1.0.2.v20150114/aether-api-1.0.2.v20150114.pom (1.8 kB at 25 kB/s)&#xD;&#xA;[INFO] Downloading from nexus: http://nexus/repository/maven-group/org/eclipse/aether/aether/1.0.2.v20150114/aether-1.0.2.v20150114.pom&#xD;&#xA;[INFO] Downloaded from nexus: http://nexus/repository/maven-group/org/eclipse/aether/aether/1.0.2.v20150114/aether-1.0.2.v20150114.pom (29 kB at 267 kB/s)&#xD;&#xA;[INFO] Downloading from nexus: http://nexus/repository/maven-group/org/eclipse/aether/aether-spi/1.0.2.v20150114/aether-spi-1.0.2.v20150114.pom&#xD;&#xA;[INFO] Downloaded from nexus: http://nexus/repository/maven-group/org/eclipse/aether/aether-spi/1.0.2.v20150114/aether-spi-1.0.2.v20150114.pom (2.0 kB at 18 kB/s)&#xD;&#xA;[INFO] Downloading from nexus: http://nexus/repository/maven-group/org/eclipse/aether/aether-util/1.0.2.v20150114/aether-util-1.0.2.v20150114.pom&#xD;&#xA;[INFO] Downloaded from nexus: http://nexus/repository/maven-group/org/eclipse/aether/aether-util/1.0.2.v20150114/aether-util-1.0.2.v20150114.pom (2.1 kB at 13 kB/s)&#xD;&#xA;[INFO] Downloading from nexus: http://nexus/repository/maven-group/org/eclipse/aether/aether-impl/1.0.2.v20150114/aether-impl-1.0.2.v20150114.pom&#xD;&#xA;[INFO] Downloaded from nexus: http://nexus/repository/maven-group/org/eclipse/aether/aether-impl/1.0.2.v20150114/aether-impl-1.0.2.v20150114.pom (3.4 kB at 57 kB/s)&#xD;&#xA;[INFO] Downloading from nexus: http://nexus/repository/maven-group/com/google/inject/guice/4.0/guice-4.0.pom&#xD;&#xA;[INFO] Downloaded from nexus: http://nexus/repository/maven-group/com/google/inject/guice/4.0/guice-4.0.pom (11 kB at 164 kB/s)&#xD;&#xA;[INFO] Downloading from nexus: http://nexus/repository/maven-group/com/google/inject/guice-parent/4.0/guice-parent-4.0.pom&#xD;&#xA;[INFO] Downloaded from nexus: http://nexus/repository/maven-group/com/google/inject/guice-parent/4.0/guice-parent-4.0.pom (15 kB at 242 kB/s)&#xD;&#xA;[INFO] Downloading from nexus: http://nexus/repository/maven-group/com/google/google/5/google-5.pom&#xD;&#xA;[INFO] Downloaded from nexus: http://nexus/repository/maven-group/com/google/google/5/google-5.pom (2.5 kB at 26 kB/s)&#xD;&#xA;[INFO] Downloading from nexus: http://nexus/repository/maven-group/aopalliance/aopalliance/1.0/aopalliance-1.0.pom&#xD;&#xA;[INFO] Downloaded from nexus: http://nexus/repository/maven-group/aopalliance/aopalliance/1.0/aopalliance-1.0.pom (363 B at 6.0 kB/s)&#xD;&#xA;[INFO] Downloading from nexus: http://nexus/repository/maven-group/com/google/guava/guava/16.0.1/guava-16.0.1.pom&#xD;&#xA;[INFO] Downloaded from nexus: http://nexus/repository/maven-group/com/google/guava/guava/16.0.1/guava-16.0.1.pom (6.1 kB at 117 kB/s)&#xD;&#xA;[INFO] Downloading from nexus: http://nexus/repository/maven-group/com/google/guava/guava-parent/16.0.1/guava-parent-16.0.1.pom&#xD;&#xA;[INFO] Downloaded from nexus: http://nexus/repository/maven-group/com/google/guava/guava-parent/16.0.1/guava-parent-16.0.1.pom (7.3 kB at 150 kB/s)&#xD;&#xA;[INFO] Downloading from nexus: http://nexus/repository/maven-group/org/apache/maven/shared/maven-artifact-transfer/0.10.0/maven-artifact-transfer-0.10.0.pom&#xD;&#xA;[INFO] Downloaded from nexus: http://nexus/repository/maven-group/org/apache/maven/shared/maven-artifact-transfer/0.10.0/maven-artifact-transfer-0.10.0.pom (12 kB at 59 kB/s)&#xD;&#xA;[INFO] Downloading from nexus: http://nexus/repository/maven-group/org/apache/maven/shared/maven-shared-components/31/maven-shared-components-31.pom&#xD;&#xA;[INFO] Downloaded from nexus: http://nexus/repository/maven-group/org/apache/maven/shared/maven-shared-components/31/maven-shared-components-31.pom (5.1 kB at 23 kB/s)&#xD;&#xA;[INFO] Downloading from nexus: http://nexus/repository/maven-group/commons-codec/commons-codec/1.11/commons-codec-1.11.pom&#xD;&#xA;[INFO] Downloaded from nexus: http://nexus/repository/maven-group/commons-codec/commons-codec/1.11/commons-codec-1.11.pom (14 kB at 125 kB/s)&#xD;&#xA;[INFO] Downloading from nexus: http://nexus/repository/maven-group/org/ow2/asm/asm/7.0/asm-7.0.pom&#xD;&#xA;[INFO] Downloaded from nexus: http://nexus/repository/maven-group/org/ow2/asm/asm/7.0/asm-7.0.pom (2.9 kB at 12 kB/s)&#xD;&#xA;[INFO] Downloading from nexus: http://nexus/repository/maven-group/org/ow2/asm/asm-commons/7.0/asm-commons-7.0.pom&#xD;&#xA;[INFO] Downloaded from nexus: http://nexus/repository/maven-group/org/ow2/asm/asm-commons/7.0/asm-commons-7.0.pom (3.7 kB at 16 kB/s)&#xD;&#xA;[INFO] Downloading from nexus: http://nexus/repository/maven-group/org/ow2/asm/asm-tree/7.0/asm-tree-7.0.pom&#xD;&#xA;[INFO] Downloaded from nexus: http://nexus/repository/maven-group/org/ow2/asm/asm-tree/7.0/asm-tree-7.0.pom (3.1 kB at 23 kB/s)&#xD;&#xA;[INFO] Downloading from nexus: http://nexus/repository/maven-group/org/ow2/asm/asm-analysis/7.0/asm-analysis-7.0.pom&#xD;&#xA;[INFO] Downloaded from nexus: http://nexus/repository/maven-group/org/ow2/asm/asm-analysis/7.0/asm-analysis-7.0.pom (3.2 kB at 43 kB/s)&#xD;&#xA;[INFO] Downloading from nexus: http://nexus/repository/maven-group/org/jdom/jdom2/2.0.6/jdom2-2.0.6.pom&#xD;&#xA;[INFO] Downloaded from nexus: http://nexus/repository/maven-group/org/jdom/jdom2/2.0.6/jdom2-2.0.6.pom (4.6 kB at 69 kB/s)&#xD;&#xA;[INFO] Downloading from nexus: http://nexus/repository/maven-group/org/apache/maven/shared/maven-dependency-tree/3.0.1/maven-dependency-tree-3.0.1.pom&#xD;&#xA;[INFO] Downloaded from nexus: http://nexus/repository/maven-group/org/apache/maven/shared/maven-dependency-tree/3.0.1/maven-dependency-tree-3.0.1.pom (7.5 kB at 81 kB/s)&#xD;&#xA;[INFO] Downloading from nexus: http://nexus/repository/maven-group/org/eclipse/aether/aether-util/0.9.0.M2/aether-util-0.9.0.M2.pom&#xD;&#xA;[INFO] Downloaded from nexus: http://nexus/repository/maven-group/org/eclipse/aether/aether-util/0.9.0.M2/aether-util-0.9.0.M2.pom (2.0 kB at 39 kB/s)&#xD;&#xA;[INFO] Downloading from nexus: http://nexus/repository/maven-group/org/eclipse/aether/aether/0.9.0.M2/aether-0.9.0.M2.pom&#xD;&#xA;[INFO] Downloaded from nexus: http://nexus/repository/maven-group/org/eclipse/aether/aether/0.9.0.M2/aether-0.9.0.M2.pom (28 kB at 507 kB/s)&#xD;&#xA;[INFO] Downloading from nexus: http://nexus/repository/maven-group/org/vafer/jdependency/2.1.1/jdependency-2.1.1.pom&#xD;&#xA;[INFO] Downloaded from nexus: http://nexus/repository/maven-group/org/vafer/jdependency/2.1.1/jdependency-2.1.1.pom (11 kB at 230 kB/s)&#xD;&#xA;[INFO] Downloading from nexus: http://nexus/repository/maven-group/org/ow2/asm/asm-analysis/7.0-beta/asm-analysis-7.0-beta.pom&#xD;&#xA;[INFO] Downloaded from nexus: http://nexus/repository/maven-group/org/ow2/asm/asm-analysis/7.0-beta/asm-analysis-7.0-beta.pom (3.2 kB at 57 kB/s)&#xD;&#xA;[INFO] Downloading from nexus: http://nexus/repository/maven-group/org/ow2/asm/asm-tree/7.0-beta/asm-tree-7.0-beta.pom&#xD;&#xA;[INFO] Downloaded from nexus: http://nexus/repository/maven-group/org/ow2/asm/asm-tree/7.0-beta/asm-tree-7.0-beta.pom (3.1 kB at 54 kB/s)&#xD;&#xA;[INFO] Downloading from nexus: http://nexus/repository/maven-group/org/ow2/asm/asm-commons/7.0-beta/asm-commons-7.0-beta.pom&#xD;&#xA;[INFO] Downloaded from nexus: http://nexus/repository/maven-group/org/ow2/asm/asm-commons/7.0-beta/asm-commons-7.0-beta.pom (3.7 kB at 62 kB/s)&#xD;&#xA;[INFO] Downloading from nexus: http://nexus/repository/maven-group/org/ow2/asm/asm-util/7.0-beta/asm-util-7.0-beta.pom&#xD;&#xA;[INFO] Downloaded from nexus: http://nexus/repository/maven-group/org/ow2/asm/asm-util/7.0-beta/asm-util-7.0-beta.pom (3.7 kB at 67 kB/s)&#xD;&#xA;[INFO] Downloading from nexus: http://nexus/repository/maven-group/com/google/guava/guava/19.0/guava-19.0.pom&#xD;&#xA;[INFO] Downloaded from nexus: http://nexus/repository/maven-group/com/google/guava/guava/19.0/guava-19.0.pom (6.8 kB at 121 kB/s)&#xD;&#xA;[INFO] Downloading from nexus: http://nexus/repository/maven-group/com/google/guava/guava-parent/19.0/guava-parent-19.0.pom&#xD;&#xA;[INFO] Downloaded from nexus: http://nexus/repository/maven-group/com/google/guava/guava-parent/19.0/guava-parent-19.0.pom (9.9 kB at 167 kB/s)&#xD;&#xA;[INFO] Downloading from nexus: http://nexus/repository/maven-group/org/springframework/boot/spring-boot-loader-tools/2.1.2.RELEASE/spring-boot-loader-tools-2.1.2.RELEASE.jar&#xD;&#xA;[INFO] Downloading from nexus: http://nexus/repository/maven-group/org/apache/maven/maven-archiver/3.2.0/maven-archiver-3.2.0.jar&#xD;&#xA;[INFO] Downloading from nexus: http://nexus/repository/maven-group/org/codehaus/plexus/plexus-interpolation/1.22/plexus-interpolation-1.22.jar&#xD;&#xA;[INFO] Downloading from nexus: http://nexus/repository/maven-group/org/apache/maven/maven-artifact/3.3.9/maven-artifact-3.3.9.jar&#xD;&#xA;[INFO] Downloading from nexus: http://nexus/repository/maven-group/org/apache/commons/commons-lang3/3.8.1/commons-lang3-3.8.1.jar&#xD;&#xA;[INFO] Downloaded from nexus: http://nexus/repository/maven-group/org/apache/maven/maven-archiver/3.2.0/maven-archiver-3.2.0.jar (24 kB at 93 kB/s)&#xD;&#xA;[INFO] Downloading from nexus: http://nexus/repository/maven-group/org/apache/maven/maven-core/3.3.9/maven-core-3.3.9.jar&#xD;&#xA;[INFO] Downloaded from nexus: http://nexus/repository/maven-group/org/apache/maven/maven-artifact/3.3.9/maven-artifact-3.3.9.jar (55 kB at 194 kB/s)&#xD;&#xA;[INFO] Downloading from nexus: http://nexus/repository/maven-group/org/apache/maven/maven-settings-builder/3.3.9/maven-settings-builder-3.3.9.jar&#xD;&#xA;[INFO] Downloaded from nexus: http://nexus/repository/maven-group/org/codehaus/plexus/plexus-interpolation/1.22/plexus-interpolation-1.22.jar (77 kB at 193 kB/s)&#xD;&#xA;[INFO] Downloading from nexus: http://nexus/repository/maven-group/org/apache/maven/maven-builder-support/3.3.9/maven-builder-support-3.3.9.jar&#xD;&#xA;[INFO] Downloaded from nexus: http://nexus/repository/maven-group/org/springframework/boot/spring-boot-loader-tools/2.1.2.RELEASE/spring-boot-loader-tools-2.1.2.RELEASE.jar (149 kB at 348 kB/s)&#xD;&#xA;[INFO] Downloading from nexus: http://nexus/repository/maven-group/org/apache/maven/maven-repository-metadata/3.3.9/maven-repository-metadata-3.3.9.jar&#xD;&#xA;[INFO] Downloaded from nexus: http://nexus/repository/maven-group/org/apache/commons/commons-lang3/3.8.1/commons-lang3-3.8.1.jar (502 kB at 965 kB/s)&#xD;&#xA;[INFO] Downloading from nexus: http://nexus/repository/maven-group/org/apache/maven/maven-model-builder/3.3.9/maven-model-builder-3.3.9.jar&#xD;&#xA;[INFO] Downloaded from nexus: http://nexus/repository/maven-group/org/apache/maven/maven-settings-builder/3.3.9/maven-settings-builder-3.3.9.jar (43 kB at 74 kB/s)&#xD;&#xA;[INFO] Downloading from nexus: http://nexus/repository/maven-group/org/apache/maven/maven-aether-provider/3.3.9/maven-aether-provider-3.3.9.jar&#xD;&#xA;[INFO] Downloaded from nexus: http://nexus/repository/maven-group/org/apache/maven/maven-repository-metadata/3.3.9/maven-repository-metadata-3.3.9.jar (27 kB at 45 kB/s)&#xD;&#xA;[INFO] Downloading from nexus: http://nexus/repository/maven-group/org/eclipse/aether/aether-spi/1.0.2.v20150114/aether-spi-1.0.2.v20150114.jar&#xD;&#xA;[INFO] Downloaded from nexus: http://nexus/repository/maven-group/org/apache/maven/maven-builder-support/3.3.9/maven-builder-support-3.3.9.jar (15 kB at 23 kB/s)&#xD;&#xA;[INFO] Downloading from nexus: http://nexus/repository/maven-group/org/eclipse/aether/aether-impl/1.0.2.v20150114/aether-impl-1.0.2.v20150114.jar&#xD;&#xA;[INFO] Downloaded from nexus: http://nexus/repository/maven-group/org/eclipse/aether/aether-spi/1.0.2.v20150114/aether-spi-1.0.2.v20150114.jar (31 kB at 40 kB/s)&#xD;&#xA;[INFO] Downloading from nexus: http://nexus/repository/maven-group/org/eclipse/aether/aether-api/1.0.2.v20150114/aether-api-1.0.2.v20150114.jar&#xD;&#xA;[INFO] Downloaded from nexus: http://nexus/repository/maven-group/org/apache/maven/maven-core/3.3.9/maven-core-3.3.9.jar (638 kB at 764 kB/s)&#xD;&#xA;[INFO] Downloading from nexus: http://nexus/repository/maven-group/org/eclipse/aether/aether-util/1.0.2.v20150114/aether-util-1.0.2.v20150114.jar&#xD;&#xA;[INFO] Downloaded from nexus: http://nexus/repository/maven-group/org/apache/maven/maven-aether-provider/3.3.9/maven-aether-provider-3.3.9.jar (67 kB at 80 kB/s)&#xD;&#xA;[INFO] Downloading from nexus: http://nexus/repository/maven-group/org/eclipse/sisu/org.eclipse.sisu.plexus/0.3.2/org.eclipse.sisu.plexus-0.3.2.jar&#xD;&#xA;[INFO] Downloaded from nexus: http://nexus/repository/maven-group/org/apache/maven/maven-model-builder/3.3.9/maven-model-builder-3.3.9.jar (177 kB at 204 kB/s)&#xD;&#xA;[INFO] Downloading from nexus: http://nexus/repository/maven-group/javax/enterprise/cdi-api/1.0/cdi-api-1.0.jar&#xD;&#xA;[INFO] Downloaded from nexus: http://nexus/repository/maven-group/org/eclipse/aether/aether-api/1.0.2.v20150114/aether-api-1.0.2.v20150114.jar (136 kB at 137 kB/s)&#xD;&#xA;[INFO] Downloading from nexus: http://nexus/repository/maven-group/javax/annotation/jsr250-api/1.0/jsr250-api-1.0.jar&#xD;&#xA;[INFO] Downloaded from nexus: http://nexus/repository/maven-group/javax/enterprise/cdi-api/1.0/cdi-api-1.0.jar (45 kB at 42 kB/s)&#xD;&#xA;[INFO] Downloading from nexus: http://nexus/repository/maven-group/org/eclipse/sisu/org.eclipse.sisu.inject/0.3.2/org.eclipse.sisu.inject-0.3.2.jar&#xD;&#xA;[INFO] Downloaded from nexus: http://nexus/repository/maven-group/org/eclipse/aether/aether-impl/1.0.2.v20150114/aether-impl-1.0.2.v20150114.jar (173 kB at 153 kB/s)&#xD;&#xA;[INFO] Downloading from nexus: http://nexus/repository/maven-group/com/google/inject/guice/4.0/guice-4.0-no_aop.jar&#xD;&#xA;[INFO] Downloaded from nexus: http://nexus/repository/maven-group/org/eclipse/aether/aether-util/1.0.2.v20150114/aether-util-1.0.2.v20150114.jar (147 kB at 129 kB/s)&#xD;&#xA;[INFO] Downloading from nexus: http://nexus/repository/maven-group/javax/inject/javax.inject/1/javax.inject-1.jar&#xD;&#xA;[INFO] Downloaded from nexus: http://nexus/repository/maven-group/org/eclipse/sisu/org.eclipse.sisu.plexus/0.3.2/org.eclipse.sisu.plexus-0.3.2.jar (205 kB at 175 kB/s)&#xD;&#xA;[INFO] Downloading from nexus: http://nexus/repository/maven-group/aopalliance/aopalliance/1.0/aopalliance-1.0.jar&#xD;&#xA;[INFO] Downloaded from nexus: http://nexus/repository/maven-group/javax/annotation/jsr250-api/1.0/jsr250-api-1.0.jar (5.8 kB at 4.9 kB/s)&#xD;&#xA;[INFO] Downloading from nexus: http://nexus/repository/maven-group/org/codehaus/plexus/plexus-classworlds/2.5.2/plexus-classworlds-2.5.2.jar&#xD;&#xA;[INFO] Downloaded from nexus: http://nexus/repository/maven-group/org/eclipse/sisu/org.eclipse.sisu.inject/0.3.2/org.eclipse.sisu.inject-0.3.2.jar (378 kB at 282 kB/s)&#xD;&#xA;[INFO] Downloading from nexus: http://nexus/repository/maven-group/org/codehaus/plexus/plexus-component-annotations/1.6/plexus-component-annotations-1.6.jar&#xD;&#xA;[INFO] Downloaded from nexus: http://nexus/repository/maven-group/aopalliance/aopalliance/1.0/aopalliance-1.0.jar (4.5 kB at 3.3 kB/s)&#xD;&#xA;[INFO] Downloading from nexus: http://nexus/repository/maven-group/org/apache/maven/maven-model/3.3.9/maven-model-3.3.9.jar&#xD;&#xA;[INFO] Downloaded from nexus: http://nexus/repository/maven-group/javax/inject/javax.inject/1/javax.inject-1.jar (2.5 kB at 1.8 kB/s)&#xD;&#xA;[INFO] Downloading from nexus: http://nexus/repository/maven-group/org/apache/maven/maven-plugin-api/3.3.9/maven-plugin-api-3.3.9.jar&#xD;&#xA;[INFO] Downloaded from nexus: http://nexus/repository/maven-group/org/codehaus/plexus/plexus-classworlds/2.5.2/plexus-classworlds-2.5.2.jar (53 kB at 39 kB/s)&#xD;&#xA;[INFO] Downloading from nexus: http://nexus/repository/maven-group/org/apache/maven/maven-settings/3.3.9/maven-settings-3.3.9.jar&#xD;&#xA;[INFO] Downloaded from nexus: http://nexus/repository/maven-group/org/codehaus/plexus/plexus-component-annotations/1.6/plexus-component-annotations-1.6.jar (4.3 kB at 2.9 kB/s)&#xD;&#xA;[INFO] Downloading from nexus: http://nexus/repository/maven-group/org/codehaus/plexus/plexus-archiver/3.6.0/plexus-archiver-3.6.0.jar&#xD;&#xA;[INFO] Downloaded from nexus: http://nexus/repository/maven-group/com/google/inject/guice/4.0/guice-4.0-no_aop.jar (424 kB at 287 kB/s)&#xD;&#xA;[INFO] Downloading from nexus: http://nexus/repository/maven-group/org/codehaus/plexus/plexus-io/3.0.1/plexus-io-3.0.1.jar&#xD;&#xA;[INFO] Downloaded from nexus: http://nexus/repository/maven-group/org/apache/maven/maven-plugin-api/3.3.9/maven-plugin-api-3.3.9.jar (47 kB at 31 kB/s)&#xD;&#xA;[INFO] Downloading from nexus: http://nexus/repository/maven-group/org/apache/maven/shared/maven-artifact-transfer/0.10.0/maven-artifact-transfer-0.10.0.jar&#xD;&#xA;[INFO] Downloaded from nexus: http://nexus/repository/maven-group/org/apache/maven/maven-settings/3.3.9/maven-settings-3.3.9.jar (44 kB at 28 kB/s)&#xD;&#xA;[INFO] Downloading from nexus: http://nexus/repository/maven-group/commons-codec/commons-codec/1.11/commons-codec-1.11.jar&#xD;&#xA;[INFO] Downloaded from nexus: http://nexus/repository/maven-group/org/apache/maven/maven-model/3.3.9/maven-model-3.3.9.jar (164 kB at 100 kB/s)&#xD;&#xA;[INFO] Downloading from nexus: http://nexus/repository/maven-group/org/ow2/asm/asm/7.0/asm-7.0.jar&#xD;&#xA;[INFO] Downloaded from nexus: http://nexus/repository/maven-group/org/codehaus/plexus/plexus-io/3.0.1/plexus-io-3.0.1.jar (74 kB at 44 kB/s)&#xD;&#xA;[INFO] Downloading from nexus: http://nexus/repository/maven-group/org/ow2/asm/asm-commons/7.0/asm-commons-7.0.jar&#xD;&#xA;[INFO] Downloaded from nexus: http://nexus/repository/maven-group/org/codehaus/plexus/plexus-archiver/3.6.0/plexus-archiver-3.6.0.jar (191 kB at 110 kB/s)&#xD;&#xA;[INFO] Downloading from nexus: http://nexus/repository/maven-group/org/ow2/asm/asm-tree/7.0/asm-tree-7.0.jar&#xD;&#xA;[INFO] Downloaded from nexus: http://nexus/repository/maven-group/org/apache/maven/shared/maven-artifact-transfer/0.10.0/maven-artifact-transfer-0.10.0.jar (128 kB at 73 kB/s)&#xD;&#xA;[INFO] Downloading from nexus: http://nexus/repository/maven-group/org/ow2/asm/asm-analysis/7.0/asm-analysis-7.0.jar&#xD;&#xA;[INFO] Downloaded from nexus: http://nexus/repository/maven-group/org/ow2/asm/asm-commons/7.0/asm-commons-7.0.jar (80 kB at 44 kB/s)&#xD;&#xA;[INFO] Downloading from nexus: http://nexus/repository/maven-group/org/jdom/jdom2/2.0.6/jdom2-2.0.6.jar&#xD;&#xA;[INFO] Downloaded from nexus: http://nexus/repository/maven-group/org/ow2/asm/asm/7.0/asm-7.0.jar (114 kB at 61 kB/s)&#xD;&#xA;[INFO] Downloading from nexus: http://nexus/repository/maven-group/org/apache/maven/shared/maven-dependency-tree/3.0.1/maven-dependency-tree-3.0.1.jar&#xD;&#xA;[INFO] Downloaded from nexus: http://nexus/repository/maven-group/commons-codec/commons-codec/1.11/commons-codec-1.11.jar (335 kB at 176 kB/s)&#xD;&#xA;[INFO] Downloading from nexus: http://nexus/repository/maven-group/org/vafer/jdependency/2.1.1/jdependency-2.1.1.jar&#xD;&#xA;[INFO] Downloaded from nexus: http://nexus/repository/maven-group/org/ow2/asm/asm-analysis/7.0/asm-analysis-7.0.jar (33 kB at 17 kB/s)&#xD;&#xA;[INFO] Downloading from nexus: http://nexus/repository/maven-group/org/ow2/asm/asm-util/7.0-beta/asm-util-7.0-beta.jar&#xD;&#xA;[INFO] Downloaded from nexus: http://nexus/repository/maven-group/org/ow2/asm/asm-tree/7.0/asm-tree-7.0.jar (50 kB at 26 kB/s)&#xD;&#xA;[INFO] Downloading from nexus: http://nexus/repository/maven-group/com/google/guava/guava/19.0/guava-19.0.jar&#xD;&#xA;[INFO] Downloaded from nexus: http://nexus/repository/maven-group/org/apache/maven/shared/maven-dependency-tree/3.0.1/maven-dependency-tree-3.0.1.jar (37 kB at 18 kB/s)&#xD;&#xA;[INFO] Downloaded from nexus: http://nexus/repository/maven-group/org/jdom/jdom2/2.0.6/jdom2-2.0.6.jar (305 kB at 146 kB/s)&#xD;&#xA;[INFO] Downloaded from nexus: http://nexus/repository/maven-group/org/ow2/asm/asm-util/7.0-beta/asm-util-7.0-beta.jar (81 kB at 38 kB/s)&#xD;&#xA;[INFO] Downloaded from nexus: http://nexus/repository/maven-group/org/vafer/jdependency/2.1.1/jdependency-2.1.1.jar (186 kB at 88 kB/s)&#xD;&#xA;[INFO] Downloaded from nexus: http://nexus/repository/maven-group/com/google/guava/guava/19.0/guava-19.0.jar (2.3 MB at 1.0 MB/s)&#xD;&#xA;[INFO] Replacing main artifact with repackaged archive&#xD;&#xA;[INFO] &#xD;&#xA;[INFO] --- maven-install-plugin:2.5.2:install (default-install) @ bdd-spring-1547468057 ---&#xD;&#xA;[INFO] Downloading from nexus: http://nexus/repository/maven-group/junit/junit/3.8.1/junit-3.8.1.pom&#xD;&#xA;[INFO] Downloaded from nexus: http://nexus/repository/maven-group/junit/junit/3.8.1/junit-3.8.1.pom (998 B at 24 kB/s)&#xD;&#xA;[INFO] Downloading from nexus: http://nexus/repository/maven-group/commons-codec/commons-codec/1.6/commons-codec-1.6.pom&#xD;&#xA;[INFO] Downloaded from nexus: http://nexus/repository/maven-group/commons-codec/commons-codec/1.6/commons-codec-1.6.pom (11 kB at 203 kB/s)&#xD;&#xA;[INFO] Downloading from nexus: http://nexus/repository/maven-group/org/apache/commons/commons-parent/22/commons-parent-22.pom&#xD;&#xA;[INFO] Downloaded from nexus: http://nexus/repository/maven-group/org/apache/commons/commons-parent/22/commons-parent-22.pom (42 kB at 892 kB/s)&#xD;&#xA;[INFO] Downloading from nexus: http://nexus/repository/maven-group/org/apache/maven/shared/maven-shared-utils/0.4/maven-shared-utils-0.4.pom&#xD;&#xA;[INFO] Downloaded from nexus: http://nexus/repository/maven-group/org/apache/maven/shared/maven-shared-utils/0.4/maven-shared-utils-0.4.pom (4.0 kB at 79 kB/s)&#xD;&#xA;[INFO] Downloading from nexus: http://nexus/repository/maven-group/org/codehaus/plexus/plexus-utils/3.0.15/plexus-utils-3.0.15.pom&#xD;&#xA;[INFO] Downloaded from nexus: http://nexus/repository/maven-group/org/codehaus/plexus/plexus-utils/3.0.15/plexus-utils-3.0.15.pom (3.1 kB at 54 kB/s)&#xD;&#xA;[INFO] Downloading from nexus: http://nexus/repository/maven-group/org/codehaus/plexus/plexus-container-default/1.0-alpha-9-stable-1/plexus-container-default-1.0-alpha-9-stable-1.jar&#xD;&#xA;[INFO] Downloading from nexus: http://nexus/repository/maven-group/classworlds/classworlds/1.1-alpha-2/classworlds-1.1-alpha-2.jar&#xD;&#xA;[INFO] Downloading from nexus: http://nexus/repository/maven-group/commons-codec/commons-codec/1.6/commons-codec-1.6.jar&#xD;&#xA;[INFO] Downloading from nexus: http://nexus/repository/maven-group/junit/junit/3.8.1/junit-3.8.1.jar&#xD;&#xA;[INFO] Downloading from nexus: http://nexus/repository/maven-group/org/apache/maven/shared/maven-shared-utils/0.4/maven-shared-utils-0.4.jar&#xD;&#xA;[INFO] Downloaded from nexus: http://nexus/repository/maven-group/junit/junit/3.8.1/junit-3.8.1.jar (121 kB at 684 kB/s)&#xD;&#xA;[INFO] Downloading from nexus: http://nexus/repository/maven-group/org/codehaus/plexus/plexus-utils/3.0.15/plexus-utils-3.0.15.jar&#xD;&#xA;[INFO] Downloaded from nexus: http://nexus/repository/maven-group/commons-codec/commons-codec/1.6/commons-codec-1.6.jar (233 kB at 1.2 MB/s)&#xD;&#xA;[INFO] Downloaded from nexus: http://nexus/repository/maven-group/classworlds/classworlds/1.1-alpha-2/classworlds-1.1-alpha-2.jar (38 kB at 177 kB/s)&#xD;&#xA;[INFO] Downloaded from nexus: http://nexus/repository/maven-group/org/apache/maven/shared/maven-shared-utils/0.4/maven-shared-utils-0.4.jar (155 kB at 733 kB/s)&#xD;&#xA;[INFO] Downloaded from nexus: http://nexus/repository/maven-group/org/codehaus/plexus/plexus-container-default/1.0-alpha-9-stable-1/plexus-container-default-1.0-alpha-9-stable-1.jar (194 kB at 844 kB/s)&#xD;&#xA;[INFO] Downloaded from nexus: http://nexus/repository/maven-group/org/codehaus/plexus/plexus-utils/3.0.15/plexus-utils-3.0.15.jar (239 kB at 818 kB/s)&#xD;&#xA;[INFO] Installing /home/jenkins/workspace/sts_bdd-spring-1547468057_master/target/bdd-spring-1547468057-0.0.1.jar to /root/.mvnrepository/com/example/bdd-spring-1547468057/0.0.1/bdd-spring-1547468057-0.0.1.jar&#xD;&#xA;[INFO] Installing /home/jenkins/workspace/sts_bdd-spring-1547468057_master/pom.xml to /root/.mvnrepository/com/example/bdd-spring-1547468057/0.0.1/bdd-spring-1547468057-0.0.1.pom&#xD;&#xA;[INFO] &#xD;&#xA;[INFO] --- maven-deploy-plugin:2.8.2:deploy (default-deploy) @ bdd-spring-1547468057 ---&#xD;&#xA;[INFO] Using alternate deployment repository local-nexus::default::http://nexus/repository/maven-releases/&#xD;&#xA;[INFO] Uploading to local-nexus: http://nexus/repository/maven-releases/com/example/bdd-spring-1547468057/0.0.1/bdd-spring-1547468057-0.0.1.jar&#xD;&#xA;[INFO] Uploaded to local-nexus: http://nexus/repository/maven-releases/com/example/bdd-spring-1547468057/0.0.1/bdd-spring-1547468057-0.0.1.jar (18 MB at 18 MB/s)&#xD;&#xA;[INFO] Uploading to local-nexus: http://nexus/repository/maven-releases/com/example/bdd-spring-1547468057/0.0.1/bdd-spring-1547468057-0.0.1.pom&#xD;&#xA;[INFO] Uploaded to local-nexus: http://nexus/repository/maven-releases/com/example/bdd-spring-1547468057/0.0.1/bdd-spring-1547468057-0.0.1.pom (1.7 kB at 12 kB/s)&#xD;&#xA;[INFO] Downloading from local-nexus: http://nexus/repository/maven-releases/com/example/bdd-spring-1547468057/maven-metadata.xml&#xD;&#xA;[INFO] Uploading to local-nexus: http://nexus/repository/maven-releases/com/example/bdd-spring-1547468057/maven-metadata.xml&#xD;&#xA;[INFO] Uploaded to local-nexus: http://nexus/repository/maven-releases/com/example/bdd-spring-1547468057/maven-metadata.xml (312 B at 4.3 kB/s)&#xD;&#xA;[INFO] ------------------------------------------------------------------------&#xD;&#xA;[INFO] BUILD SUCCESS&#xD;&#xA;[INFO] ------------------------------------------------------------------------&#xD;&#xA;[INFO] Total time: 01:07 min&#xD;&#xA;[INFO] Finished at: 2019-01-14T12:30:46Z&#xD;&#xA;[INFO] ------------------------------------------------------------------------&#xD;&#xA;[Pipeline] sh&#xD;&#xA;++ cat VERSION&#xD;&#xA;+ export VERSION=0.0.1&#xD;&#xA;+ VERSION=0.0.1&#xD;&#xA;+ skaffold build -f skaffold.yaml&#xD;&#xA;time=&#34;2019-01-14T12:30:52Z&#34; level=warning msg=&#34;config version (skaffold/v1alpha2) out of date: upgrading to latest (skaffold/v1beta2)&#34;&#xD;&#xA;Starting build...&#xD;&#xA;Building [changeme]...&#xD;&#xA;Sending build context to Docker daemon  528.4kB&#xD;Sending build context to Docker daemon  12.78MB&#xD;Sending build context to Docker daemon  18.19MB&#xD;&#xD;&#xA;Step 1/8 : FROM openjdk:8-jdk-slim&#xD;&#xA; ---&gt; c088942b2c41&#xD;&#xA;Step 2/8 : ENV PORT 8080&#xD;&#xA; ---&gt; Using cache&#xD;&#xA; ---&gt; 2399f86f5d9e&#xD;&#xA;Step 3/8 : ENV CLASSPATH /opt/lib&#xD;&#xA; ---&gt; Using cache&#xD;&#xA; ---&gt; 8eb7adfb245a&#xD;&#xA;Step 4/8 : EXPOSE 8080&#xD;&#xA; ---&gt; Using cache&#xD;&#xA; ---&gt; 09cde55f4ae0&#xD;&#xA;Step 5/8 : COPY pom.xml target/lib* /opt/lib/&#xD;&#xA; ---&gt; 8dc3757d098c&#xD;&#xA;Step 6/8 : COPY target/*.jar /opt/app.jar&#xD;&#xA; ---&gt; 69814abb6a5e&#xD;&#xA;Step 7/8 : WORKDIR /opt&#xD;&#xA; ---&gt; df9ca879418b&#xD;&#xA;Step 8/8 : CMD java -jar app.jar&#xD;&#xA; ---&gt; Running in 6eed6c6d9f39&#xD;&#xA; ---&gt; a9e45ce51bfb&#xD;&#xA;Successfully built a9e45ce51bfb&#xD;&#xA;The push refers to a repository [10.39.253.134:5000/jenkins-x-tests/bdd-spring-1547468057]&#xD;&#xA;7867ed582432: Preparing&#xD;&#xA;fcccd246adc3: Preparing&#xD;&#xA;31dbf282e74e: Preparing&#xD;&#xA;09f15d699241: Preparing&#xD;&#xA;01c0163977b5: Preparing&#xD;&#xA;d4a1eb055c1f: Preparing&#xD;&#xA;7b4e562e58dc: Preparing&#xD;&#xA;d4a1eb055c1f: Waiting&#xD;&#xA;7b4e562e58dc: Waiting&#xD;&#xA;fcccd246adc3: Pushed&#xD;&#xA;09f15d699241: Pushed&#xD;&#xA;01c0163977b5: Pushed&#xD;&#xA;d4a1eb055c1f: Pushed&#xD;&#xA;7867ed582432: Pushed&#xD;&#xA;7b4e562e58dc: Pushed&#xD;&#xA;31dbf282e74e: Pushed&#xD;&#xA;0.0.1: digest: sha256:75945fb60e2667a04dc9b880f7268dac9025179ae588f6db27d980bb7595b374 size: 1784&#xD;&#xA;Build complete in 17.59038031s&#xD;&#xA;Starting test...&#xD;&#xA;Test complete in 36.462µs&#xD;&#xA;changeme -&gt; 10.39.253.134:5000/jenkins-x-tests/bdd-spring-1547468057:0.0.1&#xD;&#xA;[Pipeline] sh&#xD;&#xA;++ cat VERSION&#xD;&#xA;+ jx step post build --image 10.39.253.134:5000/jenkins-x-tests/bdd-spring-1547468057:0.0.1&#xD;&#xA;[Pipeline] }&#xD;&#xA;[Pipeline] // container&#xD;&#xA;[Pipeline] }&#xD;&#xA;[Pipeline] // stage&#xD;&#xA;[Pipeline] stage&#xD;&#xA;[Pipeline] { (Promote to Environments)&#xD;&#xA;[Pipeline] container&#xD;&#xA;[Pipeline] {&#xD;&#xA;[Pipeline] dir&#xD;&#xA;Running in /home/jenkins/workspace/sts_bdd-spring-1547468057_master/charts/bdd-spring-1547468057&#xD;&#xA;[Pipeline] {&#xD;&#xA;[Pipeline] sh&#xD;&#xA;++ cat ../../VERSION&#xD;&#xA;+ jx step changelog --version v0.0.1&#xD;&#xA;Using batch mode as inside a pipeline&#xD;&#xA;Generating change log from git ref 8880f8eda56467f42082d2cb89309e2160502dcd =&gt; c9a24d777a7df5030a46f6d4ede44a74e68e68c2&#xD;&#xA;Unable to find user: jenkins-x.googlegroups.com -- users.jenkins.io &#34;jenkins-x.googlegroups.com&#34; not found&#xD;&#xA;Unable to find user: jenkins-x.googlegroups.com -- users.jenkins.io &#34;jenkins-x.googlegroups.com&#34; not found&#xD;&#xA;Finding issues in commit messages using git format&#xD;&#xA;No release found for jenkins-x-tests/bdd-spring-1547468057 and tag v0.0.1 so creating a new release&#xD;&#xA;Updated the release information at https://github.beescloud.com/jenkins-x-tests/bdd-spring-1547468057/releases/tag/v0.0.1&#xD;&#xA;generated: /home/jenkins/workspace/sts_bdd-spring-1547468057_master/charts/bdd-spring-1547468057/templates/release.yaml&#xD;&#xA;Created Release bdd-spring-1547468057-0-0-1 resource in namespace bdd-ghe-base-qs-22&#xD;&#xA;Updating PipelineActivity jenkins-x-tests-bdd-spring-1547468057-master-1 with version 0.0.1&#xD;&#xA;Updated PipelineActivities jenkins-x-tests-bdd-spring-1547468057-master-1 with release notes URL: https://github.beescloud.com/jenkins-x-tests/bdd-spring-1547468057/releases/tag/v0.0.1&#xD;&#xA;[Pipeline] sh&#xD;&#xA;+ jx step helm release&#xD;&#xA;No $CHART_REPOSITORY defined so using the default value of: http://jenkins-x-chartmuseum:8080&#xD;&#xA;Adding missing Helm repo: jenkins-x http://chartmuseum.jenkins-x.io&#xD;&#xA;Successfully added Helm repository jenkins-x.&#xD;&#xA;Adding missing Helm repo: releases http://jenkins-x-chartmuseum:8080&#xD;&#xA;Successfully added Helm repository releases.&#xD;&#xA;No $CHART_REPOSITORY defined so using the default value of: http://jenkins-x-chartmuseum:8080&#xD;&#xA;Uploading chart file bdd-spring-1547468057-0.0.1.tgz to http://jenkins-x-chartmuseum:8080/api/charts&#xD;&#xA;Received 201 response: {&#34;saved&#34;:true}&#xD;&#xA;[Pipeline] sh&#xD;&#xA;++ cat ../../VERSION&#xD;&#xA;+ jx promote -b --all-auto --timeout 1h --version 0.0.1&#xD;&#xA;Promoting app bdd-spring-1547468057 version 0.0.1 to namespace bdd-ghe-base-qs-22-staging&#xD;&#xA;Created Pull Request: https://github.beescloud.com/dev1/environment-bdd-ghe-base-qs-22-staging/pull/1&#xD;&#xA;&#xD;&#xA;Failed to query the Pull Request last commit status for https://github.beescloud.com/dev1/environment-bdd-ghe-base-qs-22-staging/pull/1 ref cbec16bd29948d0f4f2c8afbfaa5f7a71aa21218 Could not find a status for repository dev1/environment-bdd-ghe-base-qs-22-staging with ref cbec16bd29948d0f4f2c8afbfaa5f7a71aa21218&#xD;&#xA;Failed to query the Pull Request last commit status for https://github.beescloud.com/dev1/environment-bdd-ghe-base-qs-22-staging/pull/1 ref cbec16bd29948d0f4f2c8afbfaa5f7a71aa21218 Could not find a status for repository dev1/environment-bdd-ghe-base-qs-22-staging with ref cbec16bd29948d0f4f2c8afbfaa5f7a71aa21218&#xD;&#xA;Failed to query the Pull Request last commit status for https://github.beescloud.com/dev1/environment-bdd-ghe-base-qs-22-staging/pull/1 ref cbec16bd29948d0f4f2c8afbfaa5f7a71aa21218 Could not find a status for repository dev1/environment-bdd-ghe-base-qs-22-staging with ref cbec16bd29948d0f4f2c8afbfaa5f7a71aa21218&#xD;&#xA;Failed to query the Pull Request last commit status for https://github.beescloud.com/dev1/environment-bdd-ghe-base-qs-22-staging/pull/1 ref cbec16bd29948d0f4f2c8afbfaa5f7a71aa21218 Could not find a status for repository dev1/environment-bdd-ghe-base-qs-22-staging with ref cbec16bd29948d0f4f2c8afbfaa5f7a71aa21218&#xD;&#xA;</system-out>
      </testcase>
      <testcase name="quickstart open-liberty Creates an app" classname="BddJx Suite" time="0">
          <skipped></skipped>
      </testcase>
      <testcase name="quickstart vertx-rest-prometheus Creates an app" classname="BddJx Suite" time="0">
          <skipped></skipped>
      </testcase>
      <testcase name="quickstart android-quickstart Creates an app" classname="BddJx Suite" time="0">
          <skipped></skipped>
      </testcase>
      <testcase name="quickstart node-http&#xA; Given valid parameters when operating on the quickstart creates a node-http quickstart and promotes it to staging&#xA;" classname="BddJx Suite" time="0.440501419">
          <failure type="Failure">/home/jenkins/go/jenkins-x/bdd-jx/main.go:325&#xA;No future change is possible.  Bailing out early after 0.000s.&#xA;Expected&#xA;    &lt;int&gt;: 1&#xA;to match exit code:&#xA;    &lt;int&gt;: 0&#xA;/home/jenkins/go/jenkins-x/bdd-jx/main.go:340</failure>
          <system-out>      Creating app bdd-node-http-1547468057 in dir /tmp/bdd-205797989&#xA;      Using Git provider URL https://github.beescloud.com&#xA;error: failed to load quickstarts: Running in batch mode and no default API token found&#xA;</system-out>
      </testcase>
      <testcase name="quickstart node-http&#xA; Given invalid parameters when -p param (project name) is missing exits with signal 1&#xA;" classname="BddJx Suite" time="0.27049503"></testcase>
      <testcase name="quickstart node-http&#xA; Given invalid parameters when -f param (filter) does not match any quickstart exits with signal 1&#xA;" classname="BddJx Suite" time="0.301605434"></testcase>
      <testcase name="quickstart scala-akka-http-quickstart&#xA; Given valid parameters when operating on the quickstart creates a scala-akka-http-quickstart quickstart and promotes it to staging&#xA;" classname="BddJx Suite" time="0.278252694">
          <failure type="Failure">/home/jenkins/go/jenkins-x/bdd-jx/main.go:325&#xA;No future change is possible.  Bailing out early after 0.000s.&#xA;Expected&#xA;    &lt;int&gt;: 1&#xA;to match exit code:&#xA;    &lt;int&gt;: 0&#xA;/home/jenkins/go/jenkins-x/bdd-jx/main.go:340</failure>
          <system-out>      Creating app bdd-scala-akka-http-quickstart-1547468057 in dir /tmp/bdd-205797989&#xA;      Using Git provider URL https://github.beescloud.com&#xA;error: failed to load quickstarts: Running in batch mode and no default API token found&#xA;</system-out>
      </testcase>
      <testcase name="quickstart scala-akka-http-quickstart&#xA; Given invalid parameters when -p param (project name) is missing exits with signal 1&#xA;" classname="BddJx Suite" time="0.205101831"></testcase>
      <testcase name="quickstart scala-akka-http-quickstart&#xA; Given invalid parameters when -f param (filter) does not match any quickstart exits with signal 1&#xA;" classname="BddJx Suite" time="0.219759851"></testcase>
      <testcase name="quickstart python-http&#xA; Given valid parameters when operating on the quickstart creates a python-http quickstart and promotes it to staging&#xA;" classname="BddJx Suite" time="0.251874732">
          <failure type="Failure">/home/jenkins/go/jenkins-x/bdd-jx/main.go:325&#xA;No future change is possible.  Bailing out early after 0.000s.&#xA;Expected&#xA;    &lt;int&gt;: 1&#xA;to match exit code:&#xA;    &lt;int&gt;: 0&#xA;/home/jenkins/go/jenkins-x/bdd-jx/main.go:340</failure>
          <system-out>      Creating app bdd-python-http-1547468057 in dir /tmp/bdd-205797989&#xA;      Using Git provider URL https://github.beescloud.com&#xA;error: failed to load quickstarts: Running in batch mode and no default API token found&#xA;</system-out>
      </testcase>
      <testcase name="quickstart python-http&#xA; Given invalid parameters when -p param (project name) is missing exits with signal 1&#xA;" classname="BddJx Suite" time="0.259744972"></testcase>
      <testcase name="quickstart python-http&#xA; Given invalid parameters when -f param (filter) does not match any quickstart exits with signal 1&#xA;" classname="BddJx Suite" time="0.195619145"></testcase>
      <testcase name="quickstart rust-http&#xA; Given valid parameters when operating on the quickstart creates a rust-http quickstart and promotes it to staging&#xA;" classname="BddJx Suite" time="0.272765756">
          <failure type="Failure">/home/jenkins/go/jenkins-x/bdd-jx/main.go:325&#xA;No future change is possible.  Bailing out early after 0.000s.&#xA;Expected&#xA;    &lt;int&gt;: 1&#xA;to match exit code:&#xA;    &lt;int&gt;: 0&#xA;/home/jenkins/go/jenkins-x/bdd-jx/main.go:340</failure>
          <system-out>      Creating app bdd-rust-http-1547468057 in dir /tmp/bdd-205797989&#xA;      Using Git provider URL https://github.beescloud.com&#xA;error: failed to load quickstarts: Running in batch mode and no default API token found&#xA;</system-out>
      </testcase>
      <testcase name="quickstart rust-http&#xA; Given invalid parameters when -p param (project name) is missing exits with signal 1&#xA;" classname="BddJx Suite" time="0.27579162"></testcase>
      <testcase name="quickstart rust-http&#xA; Given invalid parameters when -f param (filter) does not match any quickstart exits with signal 1&#xA;" classname="BddJx Suite" time="0.417391335"></testcase>
      <testcase name="quickstart spring-boot-rest-prometheus Creates an app" classname="BddJx Suite" time="0">
          <skipped></skipped>
      </testcase>
      <testcase name="quickstart angular-io-quickstart Creates an app" classname="BddJx Suite" time="0">
          <skipped></skipped>
      </testcase>
      <testcase name="import&#xA; Given valid parameters when running import creates an app from the specified folder and promotes it to staging&#xA;" classname="BddJx Suite" time="652.783365447">
          <failure type="Failure">/home/jenkins/go/jenkins-x/bdd-jx/jx_import.go:33&#xA;Timed out after 600.000s.&#xA;Expected process to exit.  It did not.&#xA;/home/jenkins/go/jenkins-x/bdd-jx/main.go:250</failure>
          <system-out>Enumerating objects: 258, done.&#xA;Total 258 (delta 0), reused 0 (delta 0), pack-reused 258&#xA;&#xA;Git repository created&#xA;selected pack: /builder/home/.jx/draft/packs/github.com/jenkins-x-buildpacks/jenkins-x-kubernetes/packs/appserver&#xA;replacing placeholders in directory /tmp/bdd-205797989/bdd-import-1547468057&#xA;app name: bdd-import-1547468057, git server: github.beescloud.com, org: jenkins-x-tests, Docker registry org: jenkins-x-tests&#xA;skipping directory &#34;/tmp/bdd-205797989/bdd-import-1547468057/.git&#34;&#xA;Using Git provider ghe at https://github.beescloud.com&#xA;&#xA;&#xA;About to create repository bdd-import-1547468057 on server https://github.beescloud.com with user dev1&#xA;&#xA;&#xA;Creating repository jenkins-x-tests/bdd-import-1547468057&#xA;Pushed Git repository to https://github.beescloud.com/jenkins-x-tests/bdd-import-1547468057&#xA;&#xA;Created Jenkins Project: http://jenkins.bdd-ghe-base-qs-22.104.155.31.11.nip.io/job/jenkins-x-tests/job/bdd-import-1547468057/&#xA;&#xA;Watch pipeline activity via:    jx get activity -f bdd-import-1547468057 -w&#xA;Browse the pipeline log via:    jx get build logs jenkins-x-tests/bdd-import-1547468057/master&#xA;Open the Jenkins console via    jx console&#xA;You can list the pipelines via: jx get pipelines&#xA;When the pipeline is complete:  jx get applications&#xA;&#xA;For more help on available commands see: https://jenkins-x.io/developing/browsing/&#xA;&#xA;Note that your first pipeline may take a few minutes to start while the necessary images get downloaded!&#xA;&#xA;Creating GitHub webhook for jenkins-x-tests/bdd-import-1547468057 for url http://jenkins.bdd-ghe-base-qs-22.104.155.31.11.nip.io/github-webhook/&#xA;      Checking that there is a job built successfully for jenkins-x-tests/bdd-import-1547468057/master&#xA;retrying after error:No Job exists yet called jenkins-x-tests/bdd-import-1547468057/master&#xA;view the log at: http://jenkins.bdd-ghe-base-qs-22.104.155.31.11.nip.io/job/jenkins-x-tests/job/bdd-import-1547468057/job/master/1/console&#xA;tailing the log of jenkins-x-tests/bdd-import-1547468057/master #1&#xA;Branch indexing&#xD;&#xA;Connecting to https://github.beescloud.com/api/v3 using dev1/****** (API Token for acccessing https://github.beescloud.com Git service inside pipelines)&#xD;&#xA;Obtained Jenkinsfile from 2ba2812f03134543d28e869c14349bc7a61e857b&#xD;&#xA;Running in Durability level: MAX_SURVIVABILITY&#xD;&#xA;[Pipeline] node&#xD;&#xA;Still waiting to schedule task&#xD;&#xA;Waiting for next available executor on ‘maven-h36hp’&#xD;&#xA;Pull Request https://github.beescloud.com/dev1/environment-bdd-ghe-base-qs-22-staging/pull/1 is merged at sha edcdf90e78eae8b463dcc69d8c54f59d80039d19&#xD;&#xA;Merge commit has not yet any statuses on repo dev1/environment-bdd-ghe-base-qs-22-staging merge sha edcdf90e78eae8b463dcc69d8c54f59d80039d19&#xD;&#xA;Agent maven-2jbd0 is provisioned from template Kubernetes Pod Template&#xD;&#xA;Agent specification [Kubernetes Pod Template] (jenkins-maven): &#xD;&#xA;* [jnlp] jenkinsci/jnlp-slave:3.26-1-alpine(resourceRequestCpu: 100m, resourceRequestMemory: 128Mi)&#xD;&#xA;* [maven] jenkinsxio/builder-maven:0.1.185(resourceRequestCpu: 400m, resourceRequestMemory: 512Mi, resourceLimitCpu: 1, resourceLimitMemory: 1024Mi)&#xD;&#xA;&#xD;&#xA;Running on maven-2jbd0 in /home/jenkins/workspace/sts_bdd-import-1547468057_master&#xD;&#xA;[Pipeline] {&#xD;&#xA;[Pipeline] stage&#xD;&#xA;[Pipeline] { (Declarative: Checkout SCM)&#xD;&#xA;[Pipeline] checkout&#xD;&#xA;Cloning the remote Git repository&#xD;&#xA;Cloning with configured refspecs honoured and without tags&#xD;&#xA;Cloning repository https://github.beescloud.com/jenkins-x-tests/bdd-import-1547468057.git&#xD;&#xA; &gt; git init /home/jenkins/workspace/sts_bdd-import-1547468057_master # timeout=10&#xD;&#xA;Fetching upstream changes from https://github.beescloud.com/jenkins-x-tests/bdd-import-1547468057.git&#xD;&#xA; &gt; git --version # timeout=10&#xD;&#xA;using GIT_ASKPASS to set credentials API Token for acccessing https://github.beescloud.com Git service inside pipelines&#xD;&#xA; &gt; git fetch --no-tags --progress https://github.beescloud.com/jenkins-x-tests/bdd-import-1547468057.git +refs/heads/master:refs/remotes/origin/master&#xD;&#xA;Fetching without tags&#xD;&#xA;Checking out Revision 2ba2812f03134543d28e869c14349bc7a61e857b (master)&#xD;&#xA; &gt; git config remote.origin.url https://github.beescloud.com/jenkins-x-tests/bdd-import-1547468057.git # timeout=10&#xD;&#xA; &gt; git config --add remote.origin.fetch +refs/heads/master:refs/remotes/origin/master # timeout=10&#xD;&#xA; &gt; git config remote.origin.url https://github.beescloud.com/jenkins-x-tests/bdd-import-1547468057.git # timeout=10&#xD;&#xA;Fetching upstream changes from https://github.beescloud.com/jenkins-x-tests/bdd-import-1547468057.git&#xD;&#xA;using GIT_ASKPASS to set credentials API Token for acccessing https://github.beescloud.com Git service inside pipelines&#xD;&#xA; &gt; git fetch --no-tags --progress https://github.beescloud.com/jenkins-x-tests/bdd-import-1547468057.git +refs/heads/master:refs/remotes/origin/master&#xD;&#xA; &gt; git config core.sparsecheckout # timeout=10&#xD;&#xA; &gt; git checkout -f 2ba2812f03134543d28e869c14349bc7a61e857b&#xD;&#xA;Commit message: &#34;fix:(plugins) use a better version of maven plugins&#34;&#xD;&#xA;First time build. Skipping changelog.&#xD;&#xA;[Pipeline] }&#xD;&#xA;[Pipeline] // stage&#xD;&#xA;[Pipeline] withEnv&#xD;&#xA;[Pipeline] {&#xD;&#xA;[Pipeline] withCredentials&#xD;&#xA;[Pipeline] {&#xD;&#xA;[Pipeline] withEnv&#xD;&#xA;[Pipeline] {&#xD;&#xA;[Pipeline] stage&#xD;&#xA;[Pipeline] { (CI Build and push snapshot)&#xD;&#xA;Stage &#34;CI Build and push snapshot&#34; skipped due to when conditional&#xD;&#xA;[Pipeline] }&#xD;&#xA;[Pipeline] // stage&#xD;&#xA;[Pipeline] stage&#xD;&#xA;[Pipeline] { (Build Release)&#xD;&#xA;[Pipeline] container&#xD;&#xA;[Pipeline] {&#xD;&#xA;[Pipeline] sh&#xD;&#xA;+ git checkout master&#xD;&#xA;Switched to a new branch &#39;master&#39;&#xD;&#xA;Branch master set up to track remote branch master from origin.&#xD;&#xA;[Pipeline] sh&#xD;&#xA;+ git config --global credential.helper store&#xD;&#xA;[Pipeline] sh&#xD;&#xA;+ jx step git credentials&#xD;&#xA;Generated Git credentials file /home/jenkins/git/credentials&#xD;&#xA;[Pipeline] sh&#xD;&#xA;++ jx-release-version&#xD;&#xA;+ echo 1.0.0&#xD;&#xA;[Pipeline] sh&#xD;&#xA;++ cat VERSION&#xD;&#xA;+ mvn versions:set -DnewVersion=1.0.0&#xD;&#xA;Picked up _JAVA_OPTIONS: -XX:+UnlockExperimentalVMOptions -XX:+UseCGroupMemoryLimitForHeap -Dsun.zip.disableMemoryMapping=true -XX:+UseParallelGC -XX:MinHeapFreeRatio=5 -XX:MaxHeapFreeRatio=10 -XX:GCTimeRatio=4 -XX:AdaptiveSizePolicyWeight=90 -Xms10m -Xmx192m&#xD;&#xA;OpenJDK 64-Bit Server VM warning: If the number of processors is expected to increase from one, then you should configure the number of parallel GC threads appropriately using -XX:ParallelGCThreads=N&#xD;&#xA;[INFO] Scanning for projects...&#xD;&#xA;[INFO] Downloading from nexus: http://nexus/repository/maven-group/org/springframework/boot/spring-boot-starter-parent/2.0.0.RELEASE/spring-boot-starter-parent-2.0.0.RELEASE.pom&#xD;&#xA;[INFO] Downloaded from nexus: http://nexus/repository/maven-group/org/springframework/boot/spring-boot-starter-parent/2.0.0.RELEASE/spring-boot-starter-parent-2.0.0.RELEASE.pom (11 kB at 16 kB/s)&#xD;&#xA;[INFO] Downloading from nexus: http://nexus/repository/maven-group/org/springframework/boot/spring-boot-dependencies/2.0.0.RELEASE/spring-boot-dependencies-2.0.0.RELEASE.pom&#xD;&#xA;[INFO] Downloaded from nexus: http://nexus/repository/maven-group/org/springframework/boot/spring-boot-dependencies/2.0.0.RELEASE/spring-boot-dependencies-2.0.0.RELEASE.pom (123 kB at 704 kB/s)&#xD;&#xA;[INFO] Downloading from nexus: http://nexus/repository/maven-group/com/fasterxml/jackson/jackson-bom/2.9.4/jackson-bom-2.9.4.pom&#xD;&#xA;[INFO] Downloaded from nexus: http://nexus/repository/maven-group/com/fasterxml/jackson/jackson-bom/2.9.4/jackson-bom-2.9.4.pom (12 kB at 74 kB/s)&#xD;&#xA;[INFO] Downloading from nexus: http://nexus/repository/maven-group/com/fasterxml/jackson/jackson-parent/2.9.1/jackson-parent-2.9.1.pom&#xD;&#xA;[INFO] Downloaded from nexus: http://nexus/repository/maven-group/com/fasterxml/jackson/jackson-parent/2.9.1/jackson-parent-2.9.1.pom (8.0 kB at 79 kB/s)&#xD;&#xA;[INFO] Downloading from nexus: http://nexus/repository/maven-group/com/fasterxml/oss-parent/30/oss-parent-30.pom&#xD;&#xA;[INFO] Downloaded from nexus: http://nexus/repository/maven-group/com/fasterxml/oss-parent/30/oss-parent-30.pom (21 kB at 232 kB/s)&#xD;&#xA;[INFO] Downloading from nexus: http://nexus/repository/maven-group/io/netty/netty-bom/4.1.22.Final/netty-bom-4.1.22.Final.pom&#xD;&#xA;[INFO] Downloaded from nexus: http://nexus/repository/maven-group/io/netty/netty-bom/4.1.22.Final/netty-bom-4.1.22.Final.pom (7.9 kB at 50 kB/s)&#xD;&#xA;[INFO] Downloading from nexus: http://nexus/repository/maven-group/org/sonatype/oss/oss-parent/7/oss-parent-7.pom&#xD;&#xA;[INFO] Downloaded from nexus: http://nexus/repository/maven-group/org/sonatype/oss/oss-parent/7/oss-parent-7.pom (4.8 kB at 95 kB/s)&#xD;&#xA;[INFO] Downloading from nexus: http://nexus/repository/maven-group/io/projectreactor/reactor-bom/Bismuth-SR7/reactor-bom-Bismuth-SR7.pom&#xD;&#xA;[INFO] Downloaded from nexus: http://nexus/repository/maven-group/io/projectreactor/reactor-bom/Bismuth-SR7/reactor-bom-Bismuth-SR7.pom (3.6 kB at 35 kB/s)&#xD;&#xA;[INFO] Downloading from nexus: http://nexus/repository/maven-group/org/apache/logging/log4j/log4j-bom/2.10.0/log4j-bom-2.10.0.pom&#xD;&#xA;[INFO] Downloaded from nexus: http://nexus/repository/maven-group/org/apache/logging/log4j/log4j-bom/2.10.0/log4j-bom-2.10.0.pom (5.6 kB at 68 kB/s)&#xD;&#xA;[INFO] Downloading from nexus: http://nexus/repository/maven-group/org/apache/logging/logging-parent/1/logging-parent-1.pom&#xD;&#xA;[INFO] Downloaded from nexus: http://nexus/repository/maven-group/org/apache/logging/logging-parent/1/logging-parent-1.pom (3.2 kB at 34 kB/s)&#xD;&#xA;[INFO] Downloading from nexus: http://nexus/repository/maven-group/org/apache/apache/18/apache-18.pom&#xD;&#xA;[INFO] Downloaded from nexus: http://nexus/repository/maven-group/org/apache/apache/18/apache-18.pom (16 kB at 301 kB/s)&#xD;&#xA;[INFO] Downloading from nexus: http://nexus/repository/maven-group/org/eclipse/jetty/jetty-bom/9.4.8.v20171121/jetty-bom-9.4.8.v20171121.pom&#xD;&#xA;[INFO] Downloaded from nexus: http://nexus/repository/maven-group/org/eclipse/jetty/jetty-bom/9.4.8.v20171121/jetty-bom-9.4.8.v20171121.pom (17 kB at 194 kB/s)&#xD;&#xA;[INFO] Downloading from nexus: http://nexus/repository/maven-group/org/springframework/spring-framework-bom/5.0.4.RELEASE/spring-framework-bom-5.0.4.RELEASE.pom&#xD;&#xA;[INFO] Downloaded from nexus: http://nexus/repository/maven-group/org/springframework/spring-framework-bom/5.0.4.RELEASE/spring-framework-bom-5.0.4.RELEASE.pom (5.3 kB at 70 kB/s)&#xD;&#xA;[INFO] Downloading from nexus: http://nexus/repository/maven-group/org/springframework/data/spring-data-releasetrain/Kay-SR5/spring-data-releasetrain-Kay-SR5.pom&#xD;&#xA;merge status: pending for URL https://github.beescloud.com/api/v3/repos/dev1/environment-bdd-ghe-base-qs-22-staging/statuses/edcdf90e78eae8b463dcc69d8c54f59d80039d19 with target: http://jenkins.bdd-ghe-base-qs-22.104.155.31.11.nip.io/job/dev1/job/environment-bdd-ghe-base-qs-22-staging/job/master/2/display/redirect description: This commit is being built&#xD;&#xA;[INFO] Downloaded from nexus: http://nexus/repository/maven-group/org/springframework/data/spring-data-releasetrain/Kay-SR5/spring-data-releasetrain-Kay-SR5.pom (4.4 kB at 52 kB/s)&#xD;&#xA;[INFO] Downloading from nexus: http://nexus/repository/maven-group/org/springframework/data/build/spring-data-build/2.0.5.RELEASE/spring-data-build-2.0.5.RELEASE.pom&#xD;&#xA;[INFO] Downloaded from nexus: http://nexus/repository/maven-group/org/springframework/data/build/spring-data-build/2.0.5.RELEASE/spring-data-build-2.0.5.RELEASE.pom (6.4 kB at 42 kB/s)&#xD;&#xA;[INFO] Downloading from nexus: http://nexus/repository/maven-group/org/springframework/integration/spring-integration-bom/5.0.3.RELEASE/spring-integration-bom-5.0.3.RELEASE.pom&#xD;&#xA;[INFO] Downloaded from nexus: http://nexus/repository/maven-group/org/springframework/integration/spring-integration-bom/5.0.3.RELEASE/spring-integration-bom-5.0.3.RELEASE.pom (8.9 kB at 60 kB/s)&#xD;&#xA;[INFO] Downloading from nexus: http://nexus/repository/maven-group/org/springframework/security/spring-security-bom/5.0.3.RELEASE/spring-security-bom-5.0.3.RELEASE.pom&#xD;&#xA;[INFO] Downloaded from nexus: http://nexus/repository/maven-group/org/springframework/security/spring-security-bom/5.0.3.RELEASE/spring-security-bom-5.0.3.RELEASE.pom (4.8 kB at 23 kB/s)&#xD;&#xA;[INFO] Downloading from nexus: http://nexus/repository/maven-group/org/springframework/session/spring-session-bom/Apple-SR1/spring-session-bom-Apple-SR1.pom&#xD;&#xA;[INFO] Downloaded from nexus: http://nexus/repository/maven-group/org/springframework/session/spring-session-bom/Apple-SR1/spring-session-bom-Apple-SR1.pom (2.6 kB at 38 kB/s)&#xD;&#xA;[INFO] Downloading from nexus: http://nexus/repository/maven-group/org/springframework/boot/spring-boot-maven-plugin/2.0.0.RELEASE/spring-boot-maven-plugin-2.0.0.RELEASE.pom&#xD;&#xA;[INFO] Downloaded from nexus: http://nexus/repository/maven-group/org/springframework/boot/spring-boot-maven-plugin/2.0.0.RELEASE/spring-boot-maven-plugin-2.0.0.RELEASE.pom (4.8 kB at 20 kB/s)&#xD;&#xA;[INFO] Downloading from nexus: http://nexus/repository/maven-group/org/springframework/boot/spring-boot-tools/2.0.0.RELEASE/spring-boot-tools-2.0.0.RELEASE.pom&#xD;&#xA;[INFO] Downloaded from nexus: http://nexus/repository/maven-group/org/springframework/boot/spring-boot-tools/2.0.0.RELEASE/spring-boot-tools-2.0.0.RELEASE.pom (1.8 kB at 8.5 kB/s)&#xD;&#xA;[INFO] Downloading from nexus: http://nexus/repository/maven-group/org/springframework/boot/spring-boot-parent/2.0.0.RELEASE/spring-boot-parent-2.0.0.RELEASE.pom&#xD;&#xA;[INFO] Downloaded from nexus: http://nexus/repository/maven-group/org/springframework/boot/spring-boot-parent/2.0.0.RELEASE/spring-boot-parent-2.0.0.RELEASE.pom (1.8 kB at 20 kB/s)&#xD;&#xA;[INFO] Downloading from nexus: http://nexus/repository/maven-group/org/springframework/boot/spring-boot-maven-plugin/2.0.0.RELEASE/spring-boot-maven-plugin-2.0.0.RELEASE.jar&#xD;&#xA;[INFO] Downloaded from nexus: http://nexus/repository/maven-group/org/springframework/boot/spring-boot-maven-plugin/2.0.0.RELEASE/spring-boot-maven-plugin-2.0.0.RELEASE.jar (64 kB at 330 kB/s)&#xD;&#xA;[INFO] Downloading from nexus: http://nexus/repository/maven-group/org/apache/maven/plugins/maven-deploy-plugin/2.8.2/maven-deploy-plugin-2.8.2.pom&#xD;&#xA;[INFO] Downloaded from nexus: http://nexus/repository/maven-group/org/apache/maven/plugins/maven-deploy-plugin/2.8.2/maven-deploy-plugin-2.8.2.pom (7.1 kB at 446 kB/s)&#xD;&#xA;[INFO] Downloading from nexus: http://nexus/repository/maven-group/org/apache/maven/plugins/maven-plugins/25/maven-plugins-25.pom&#xD;&#xA;[INFO] Downloaded from nexus: http://nexus/repository/maven-group/org/apache/maven/plugins/maven-plugins/25/maven-plugins-25.pom (9.6 kB at 562 kB/s)&#xD;&#xA;[INFO] Downloading from nexus: http://nexus/repository/maven-group/org/apache/maven/maven-parent/24/maven-parent-24.pom&#xD;&#xA;[INFO] Downloaded from nexus: http://nexus/repository/maven-group/org/apache/maven/maven-parent/24/maven-parent-24.pom (37 kB at 2.2 MB/s)&#xD;&#xA;[INFO] Downloading from nexus: http://nexus/repository/maven-group/org/apache/apache/14/apache-14.pom&#xD;&#xA;[INFO] Downloaded from nexus: http://nexus/repository/maven-group/org/apache/apache/14/apache-14.pom (15 kB at 612 kB/s)&#xD;&#xA;[INFO] Downloading from nexus: http://nexus/repository/maven-group/org/apache/maven/plugins/maven-deploy-plugin/2.8.2/maven-deploy-plugin-2.8.2.jar&#xD;&#xA;[INFO] Downloaded from nexus: http://nexus/repository/maven-group/org/apache/maven/plugins/maven-deploy-plugin/2.8.2/maven-deploy-plugin-2.8.2.jar (34 kB at 1.0 MB/s)&#xD;&#xA;[INFO] Downloading from nexus: http://nexus/repository/maven-group/org/apache/maven/plugins/maven-surefire-plugin/3.0.0-M1/maven-surefire-plugin-3.0.0-M1.pom&#xD;&#xA;[INFO] Downloaded from nexus: http://nexus/repository/maven-group/org/apache/maven/plugins/maven-surefire-plugin/3.0.0-M1/maven-surefire-plugin-3.0.0-M1.pom (6.4 kB at 122 kB/s)&#xD;&#xA;[INFO] Downloading from nexus: http://nexus/repository/maven-group/org/apache/maven/surefire/surefire/3.0.0-M1/surefire-3.0.0-M1.pom&#xD;&#xA;[INFO] Downloaded from nexus: http://nexus/repository/maven-group/org/apache/maven/surefire/surefire/3.0.0-M1/surefire-3.0.0-M1.pom (22 kB at 1.4 MB/s)&#xD;&#xA;[INFO] Downloading from nexus: http://nexus/repository/maven-group/org/apache/maven/maven-parent/33/maven-parent-33.pom&#xD;&#xA;[INFO] Downloaded from nexus: http://nexus/repository/maven-group/org/apache/maven/maven-parent/33/maven-parent-33.pom (44 kB at 2.9 MB/s)&#xD;&#xA;[INFO] Downloading from nexus: http://nexus/repository/maven-group/org/apache/apache/21/apache-21.pom&#xD;&#xA;[INFO] Downloaded from nexus: http://nexus/repository/maven-group/org/apache/apache/21/apache-21.pom (17 kB at 815 kB/s)&#xD;&#xA;[INFO] Downloading from nexus: http://nexus/repository/maven-group/org/apache/maven/plugins/maven-surefire-plugin/3.0.0-M1/maven-surefire-plugin-3.0.0-M1.jar&#xD;&#xA;[INFO] Downloaded from nexus: http://nexus/repository/maven-group/org/apache/maven/plugins/maven-surefire-plugin/3.0.0-M1/maven-surefire-plugin-3.0.0-M1.jar (40 kB at 929 kB/s)&#xD;&#xA;[INFO] Downloading from nexus: http://nexus/repository/maven-group/org/apache/maven/plugins/maven-clean-plugin/3.0.0/maven-clean-plugin-3.0.0.pom&#xD;&#xA;[INFO] Downloaded from nexus: http://nexus/repository/maven-group/org/apache/maven/plugins/maven-clean-plugin/3.0.0/maven-clean-plugin-3.0.0.pom (4.8 kB at 65 kB/s)&#xD;&#xA;[INFO] Downloading from nexus: http://nexus/repository/maven-group/org/apache/maven/plugins/maven-plugins/28/maven-plugins-28.pom&#xD;&#xA;[INFO] Downloaded from nexus: http://nexus/repository/maven-group/org/apache/maven/plugins/maven-plugins/28/maven-plugins-28.pom (12 kB at 59 kB/s)&#xD;&#xA;[INFO] Downloading from nexus: http://nexus/repository/maven-group/org/apache/maven/maven-parent/27/maven-parent-27.pom&#xD;&#xA;[INFO] Downloaded from nexus: http://nexus/repository/maven-group/org/apache/maven/maven-parent/27/maven-parent-27.pom (41 kB at 2.0 MB/s)&#xD;&#xA;[INFO] Downloading from nexus: http://nexus/repository/maven-group/org/apache/apache/17/apache-17.pom&#xD;&#xA;[INFO] Downloaded from nexus: http://nexus/repository/maven-group/org/apache/apache/17/apache-17.pom (16 kB at 765 kB/s)&#xD;&#xA;[INFO] Downloading from nexus: http://nexus/repository/maven-group/org/apache/maven/plugins/maven-clean-plugin/3.0.0/maven-clean-plugin-3.0.0.jar&#xD;&#xA;[INFO] Downloaded from nexus: http://nexus/repository/maven-group/org/apache/maven/plugins/maven-clean-plugin/3.0.0/maven-clean-plugin-3.0.0.jar (31 kB at 238 kB/s)&#xD;&#xA;[INFO] Downloading from nexus: http://nexus/repository/maven-group/org/apache/maven/plugins/maven-resources-plugin/3.0.1/maven-resources-plugin-3.0.1.pom&#xD;&#xA;[INFO] Downloaded from nexus: http://nexus/repository/maven-group/org/apache/maven/plugins/maven-resources-plugin/3.0.1/maven-resources-plugin-3.0.1.pom (7.2 kB at 58 kB/s)&#xD;&#xA;[INFO] Downloading from nexus: http://nexus/repository/maven-group/org/apache/maven/plugins/maven-plugins/30/maven-plugins-30.pom&#xD;&#xA;[INFO] Downloaded from nexus: http://nexus/repository/maven-group/org/apache/maven/plugins/maven-plugins/30/maven-plugins-30.pom (10 kB at 727 kB/s)&#xD;&#xA;[INFO] Downloading from nexus: http://nexus/repository/maven-group/org/apache/maven/maven-parent/30/maven-parent-30.pom&#xD;&#xA;[INFO] Downloaded from nexus: http://nexus/repository/maven-group/org/apache/maven/maven-parent/30/maven-parent-30.pom (41 kB at 1.0 MB/s)&#xD;&#xA;[INFO] Downloading from nexus: http://nexus/repository/maven-group/org/apache/maven/plugins/maven-resources-plugin/3.0.1/maven-resources-plugin-3.0.1.jar&#xD;&#xA;[INFO] Downloaded from nexus: http://nexus/repository/maven-group/org/apache/maven/plugins/maven-resources-plugin/3.0.1/maven-resources-plugin-3.0.1.jar (31 kB at 127 kB/s)&#xD;&#xA;[INFO] Downloading from nexus: http://nexus/repository/maven-group/org/apache/maven/plugins/maven-war-plugin/3.1.0/maven-war-plugin-3.1.0.pom&#xD;&#xA;[INFO] Downloaded from nexus: http://nexus/repository/maven-group/org/apache/maven/plugins/maven-war-plugin/3.1.0/maven-war-plugin-3.1.0.pom (9.3 kB at 28 kB/s)&#xD;&#xA;[INFO] Downloading from nexus: http://nexus/repository/maven-group/org/apache/maven/plugins/maven-war-plugin/3.1.0/maven-war-plugin-3.1.0.jar&#xD;&#xA;[INFO] Downloaded from nexus: http://nexus/repository/maven-group/org/apache/maven/plugins/maven-war-plugin/3.1.0/maven-war-plugin-3.1.0.jar (91 kB at 1.3 MB/s)&#xD;&#xA;[INFO] Downloading from nexus: http://nexus/repository/maven-group/org/apache/maven/plugins/maven-compiler-plugin/3.7.0/maven-compiler-plugin-3.7.0.pom&#xD;&#xA;[INFO] Downloaded from nexus: http://nexus/repository/maven-group/org/apache/maven/plugins/maven-compiler-plugin/3.7.0/maven-compiler-plugin-3.7.0.pom (11 kB at 153 kB/s)&#xD;&#xA;[INFO] Downloading from nexus: http://nexus/repository/maven-group/org/apache/maven/plugins/maven-compiler-plugin/3.7.0/maven-compiler-plugin-3.7.0.jar&#xD;&#xA;[INFO] Downloaded from nexus: http://nexus/repository/maven-group/org/apache/maven/plugins/maven-compiler-plugin/3.7.0/maven-compiler-plugin-3.7.0.jar (58 kB at 820 kB/s)&#xD;&#xA;[INFO] Downloading from nexus: http://nexus/repository/maven-group/org/apache/maven/plugins/maven-install-plugin/2.5.2/maven-install-plugin-2.5.2.pom&#xD;&#xA;[INFO] Downloaded from nexus: http://nexus/repository/maven-group/org/apache/maven/plugins/maven-install-plugin/2.5.2/maven-install-plugin-2.5.2.pom (6.4 kB at 115 kB/s)&#xD;&#xA;[INFO] Downloading from nexus: http://nexus/repository/maven-group/org/apache/maven/plugins/maven-install-plugin/2.5.2/maven-install-plugin-2.5.2.jar&#xD;&#xA;[INFO] Downloaded from nexus: http://nexus/repository/maven-group/org/apache/maven/plugins/maven-install-plugin/2.5.2/maven-install-plugin-2.5.2.jar (33 kB at 409 kB/s)&#xD;&#xA;[INFO] Downloading from nexus: http://nexus/repository/maven-group/org/apache/maven/plugins/maven-site-plugin/3.6/maven-site-plugin-3.6.pom&#xD;&#xA;[INFO] Downloaded from nexus: http://nexus/repository/maven-group/org/apache/maven/plugins/maven-site-plugin/3.6/maven-site-plugin-3.6.pom (18 kB at 54 kB/s)&#xD;&#xA;[INFO] Downloading from nexus: http://nexus/repository/maven-group/org/apache/maven/plugins/maven-site-plugin/3.6/maven-site-plugin-3.6.jar&#xD;&#xA;[INFO] Downloaded from nexus: http://nexus/repository/maven-group/org/apache/maven/plugins/maven-site-plugin/3.6/maven-site-plugin-3.6.jar (132 kB at 760 kB/s)&#xD;&#xA;[INFO] Downloading from nexus: http://nexus/repository/maven-group/org/jetbrains/kotlin/kotlin-maven-plugin/1.2.21/kotlin-maven-plugin-1.2.21.pom&#xD;&#xA;[INFO] Downloaded from nexus: http://nexus/repository/maven-group/org/jetbrains/kotlin/kotlin-maven-plugin/1.2.21/kotlin-maven-plugin-1.2.21.pom (5.9 kB at 40 kB/s)&#xD;&#xA;[INFO] Downloading from nexus: http://nexus/repository/maven-group/org/jetbrains/kotlin/kotlin-project/1.2.21/kotlin-project-1.2.21.pom&#xD;&#xA;[INFO] Downloaded from nexus: http://nexus/repository/maven-group/org/jetbrains/kotlin/kotlin-project/1.2.21/kotlin-project-1.2.21.pom (10 kB at 149 kB/s)&#xD;&#xA;[INFO] Downloading from nexus: http://nexus/repository/maven-group/org/jetbrains/kotlin/kotlin-maven-plugin/1.2.21/kotlin-maven-plugin-1.2.21.jar&#xD;&#xA;[INFO] Downloaded from nexus: http://nexus/repository/maven-group/org/jetbrains/kotlin/kotlin-maven-plugin/1.2.21/kotlin-maven-plugin-1.2.21.jar (73 kB at 1.3 MB/s)&#xD;&#xA;[INFO] Downloading from nexus: http://nexus/repository/maven-group/org/jooq/jooq-codegen-maven/3.10.5/jooq-codegen-maven-3.10.5.pom&#xD;&#xA;[INFO] Downloaded from nexus: http://nexus/repository/maven-group/org/jooq/jooq-codegen-maven/3.10.5/jooq-codegen-maven-3.10.5.pom (3.3 kB at 38 kB/s)&#xD;&#xA;[INFO] Downloading from nexus: http://nexus/repository/maven-group/org/jooq/jooq-parent/3.10.5/jooq-parent-3.10.5.pom&#xD;&#xA;[INFO] Downloaded from nexus: http://nexus/repository/maven-group/org/jooq/jooq-parent/3.10.5/jooq-parent-3.10.5.pom (11 kB at 64 kB/s)&#xD;&#xA;[INFO] Downloading from nexus: http://nexus/repository/maven-group/org/jooq/jooq-codegen-maven/3.10.5/jooq-codegen-maven-3.10.5.jar&#xD;&#xA;[INFO] Downloaded from nexus: http://nexus/repository/maven-group/org/jooq/jooq-codegen-maven/3.10.5/jooq-codegen-maven-3.10.5.jar (16 kB at 244 kB/s)&#xD;&#xA;[INFO] Downloading from nexus: http://nexus/repository/maven-group/org/apache/maven/plugins/maven-antrun-plugin/1.8/maven-antrun-plugin-1.8.pom&#xD;&#xA;[INFO] Downloaded from nexus: http://nexus/repository/maven-group/org/apache/maven/plugins/maven-antrun-plugin/1.8/maven-antrun-plugin-1.8.pom (3.3 kB at 276 kB/s)&#xD;&#xA;[INFO] Downloading from nexus: http://nexus/repository/maven-group/org/apache/maven/plugins/maven-plugins/27/maven-plugins-27.pom&#xD;&#xA;[INFO] Downloaded from nexus: http://nexus/repository/maven-group/org/apache/maven/plugins/maven-plugins/27/maven-plugins-27.pom (11 kB at 947 kB/s)&#xD;&#xA;[INFO] Downloading from nexus: http://nexus/repository/maven-group/org/apache/maven/maven-parent/26/maven-parent-26.pom&#xD;&#xA;[INFO] Downloaded from nexus: http://nexus/repository/maven-group/org/apache/maven/maven-parent/26/maven-parent-26.pom (40 kB at 2.1 MB/s)&#xD;&#xA;[INFO] Downloading from nexus: http://nexus/repository/maven-group/org/apache/apache/16/apache-16.pom&#xD;&#xA;[INFO] Downloaded from nexus: http://nexus/repository/maven-group/org/apache/apache/16/apache-16.pom (15 kB at 261 kB/s)&#xD;&#xA;[INFO] Downloading from nexus: http://nexus/repository/maven-group/org/apache/maven/plugins/maven-antrun-plugin/1.8/maven-antrun-plugin-1.8.jar&#xD;&#xA;[INFO] Downloaded from nexus: http://nexus/repository/maven-group/org/apache/maven/plugins/maven-antrun-plugin/1.8/maven-antrun-plugin-1.8.jar (36 kB at 857 kB/s)&#xD;&#xA;[INFO] Downloading from nexus: http://nexus/repository/maven-group/org/apache/maven/plugins/maven-assembly-plugin/3.1.0/maven-assembly-plugin-3.1.0.pom&#xD;&#xA;[INFO] Downloaded from nexus: http://nexus/repository/maven-group/org/apache/maven/plugins/maven-assembly-plugin/3.1.0/maven-assembly-plugin-3.1.0.pom (16 kB at 239 kB/s)&#xD;&#xA;[INFO] Downloading from nexus: http://nexus/repository/maven-group/org/apache/maven/plugins/maven-assembly-plugin/3.1.0/maven-assembly-plugin-3.1.0.jar&#xD;&#xA;[INFO] Downloaded from nexus: http://nexus/repository/maven-group/org/apache/maven/plugins/maven-assembly-plugin/3.1.0/maven-assembly-plugin-3.1.0.jar (241 kB at 3.2 MB/s)&#xD;&#xA;[INFO] Downloading from nexus: http://nexus/repository/maven-group/org/apache/maven/plugins/maven-dependency-plugin/3.0.1/maven-dependency-plugin-3.0.1.pom&#xD;&#xA;[INFO] Downloaded from nexus: http://nexus/repository/maven-group/org/apache/maven/plugins/maven-dependency-plugin/3.0.1/maven-dependency-plugin-3.0.1.pom (14 kB at 287 kB/s)&#xD;&#xA;[INFO] Downloading from nexus: http://nexus/repository/maven-group/org/apache/maven/plugins/maven-dependency-plugin/3.0.1/maven-dependency-plugin-3.0.1.jar&#xD;&#xA;[INFO] Downloaded from nexus: http://nexus/repository/maven-group/org/apache/maven/plugins/maven-dependency-plugin/3.0.1/maven-dependency-plugin-3.0.1.jar (164 kB at 2.2 MB/s)&#xD;&#xA;[INFO] Downloading from nexus: http://nexus/repository/maven-group/org/apache/maven/plugins/maven-release-plugin/2.5.3/maven-release-plugin-2.5.3.pom&#xD;&#xA;[INFO] Downloaded from nexus: http://nexus/repository/maven-group/org/apache/maven/plugins/maven-release-plugin/2.5.3/maven-release-plugin-2.5.3.pom (11 kB at 792 kB/s)&#xD;&#xA;[INFO] Downloading from nexus: http://nexus/repository/maven-group/org/apache/maven/release/maven-release/2.5.3/maven-release-2.5.3.pom&#xD;&#xA;[INFO] Downloaded from nexus: http://nexus/repository/maven-group/org/apache/maven/release/maven-release/2.5.3/maven-release-2.5.3.pom (5.0 kB at 152 kB/s)&#xD;&#xA;[INFO] Downloading from nexus: http://nexus/repository/maven-group/org/apache/maven/plugins/maven-release-plugin/2.5.3/maven-release-plugin-2.5.3.jar&#xD;&#xA;[INFO] Downloaded from nexus: http://nexus/repository/maven-group/org/apache/maven/plugins/maven-release-plugin/2.5.3/maven-release-plugin-2.5.3.jar (53 kB at 356 kB/s)&#xD;&#xA;[INFO] Downloading from nexus: http://nexus/repository/maven-group/org/apache/maven/plugins/maven-eclipse-plugin/2.10/maven-eclipse-plugin-2.10.pom&#xD;&#xA;[INFO] Downloaded from nexus: http://nexus/repository/maven-group/org/apache/maven/plugins/maven-eclipse-plugin/2.10/maven-eclipse-plugin-2.10.pom (19 kB at 345 kB/s)&#xD;&#xA;[INFO] Downloading from nexus: http://nexus/repository/maven-group/org/apache/maven/plugins/maven-eclipse-plugin/2.10/maven-eclipse-plugin-2.10.jar&#xD;&#xA;[INFO] Downloaded from nexus: http://nexus/repository/maven-group/org/apache/maven/plugins/maven-eclipse-plugin/2.10/maven-eclipse-plugin-2.10.jar (224 kB at 3.3 MB/s)&#xD;&#xA;[INFO] Downloading from nexus: http://nexus/repository/maven-group/org/apache/maven/plugins/maven-enforcer-plugin/3.0.0-M1/maven-enforcer-plugin-3.0.0-M1.pom&#xD;&#xA;[INFO] Downloaded from nexus: http://nexus/repository/maven-group/org/apache/maven/plugins/maven-enforcer-plugin/3.0.0-M1/maven-enforcer-plugin-3.0.0-M1.pom (7.2 kB at 75 kB/s)&#xD;&#xA;[INFO] Downloading from nexus: http://nexus/repository/maven-group/org/apache/maven/enforcer/enforcer/3.0.0-M1/enforcer-3.0.0-M1.pom&#xD;&#xA;[INFO] Downloaded from nexus: http://nexus/repository/maven-group/org/apache/maven/enforcer/enforcer/3.0.0-M1/enforcer-3.0.0-M1.pom (8.3 kB at 167 kB/s)&#xD;&#xA;[INFO] Downloading from nexus: http://nexus/repository/maven-group/org/apache/maven/plugins/maven-enforcer-plugin/3.0.0-M1/maven-enforcer-plugin-3.0.0-M1.jar&#xD;&#xA;[INFO] Downloaded from nexus: http://nexus/repository/maven-group/org/apache/maven/plugins/maven-enforcer-plugin/3.0.0-M1/maven-enforcer-plugin-3.0.0-M1.jar (26 kB at 481 kB/s)&#xD;&#xA;[INFO] Downloading from nexus: http://nexus/repository/maven-group/org/apache/maven/plugins/maven-failsafe-plugin/2.20.1/maven-failsafe-plugin-2.20.1.pom&#xD;&#xA;[INFO] Downloaded from nexus: http://nexus/repository/maven-group/org/apache/maven/plugins/maven-failsafe-plugin/2.20.1/maven-failsafe-plugin-2.20.1.pom (11 kB at 168 kB/s)&#xD;&#xA;[INFO] Downloading from nexus: http://nexus/repository/maven-group/org/apache/maven/surefire/surefire/2.20.1/surefire-2.20.1.pom&#xD;&#xA;[INFO] Downloaded from nexus: http://nexus/repository/maven-group/org/apache/maven/surefire/surefire/2.20.1/surefire-2.20.1.pom (25 kB at 409 kB/s)&#xD;&#xA;[INFO] Downloading from nexus: http://nexus/repository/maven-group/org/apache/maven/plugins/maven-failsafe-plugin/2.20.1/maven-failsafe-plugin-2.20.1.jar&#xD;&#xA;[INFO] Downloaded from nexus: http://nexus/repository/maven-group/org/apache/maven/plugins/maven-failsafe-plugin/2.20.1/maven-failsafe-plugin-2.20.1.jar (293 kB at 3.5 MB/s)&#xD;&#xA;[INFO] Downloading from nexus: http://nexus/repository/maven-group/org/apache/maven/plugins/maven-invoker-plugin/3.0.0/maven-invoker-plugin-3.0.0.pom&#xD;&#xA;[INFO] Downloaded from nexus: http://nexus/repository/maven-group/org/apache/maven/plugins/maven-invoker-plugin/3.0.0/maven-invoker-plugin-3.0.0.pom (14 kB at 230 kB/s)&#xD;&#xA;[INFO] Downloading from nexus: http://nexus/repository/maven-group/org/apache/maven/plugins/maven-invoker-plugin/3.0.0/maven-invoker-plugin-3.0.0.jar&#xD;&#xA;[INFO] Downloaded from nexus: http://nexus/repository/maven-group/org/apache/maven/plugins/maven-invoker-plugin/3.0.0/maven-invoker-plugin-3.0.0.jar (113 kB at 1.6 MB/s)&#xD;&#xA;[INFO] Downloading from nexus: http://nexus/repository/maven-group/org/apache/maven/plugins/maven-help-plugin/2.2/maven-help-plugin-2.2.pom&#xD;&#xA;[INFO] Downloaded from nexus: http://nexus/repository/maven-group/org/apache/maven/plugins/maven-help-plugin/2.2/maven-help-plugin-2.2.pom (8.7 kB at 174 kB/s)&#xD;&#xA;[INFO] Downloading from nexus: http://nexus/repository/maven-group/org/apache/maven/plugins/maven-plugins/24/maven-plugins-24.pom&#xD;&#xA;[INFO] Downloaded from nexus: http://nexus/repository/maven-group/org/apache/maven/plugins/maven-plugins/24/maven-plugins-24.pom (11 kB at 200 kB/s)&#xD;&#xA;[INFO] Downloading from nexus: http://nexus/repository/maven-group/org/apache/maven/maven-parent/23/maven-parent-23.pom&#xD;&#xA;[INFO] Downloaded from nexus: http://nexus/repository/maven-group/org/apache/maven/maven-parent/23/maven-parent-23.pom (33 kB at 2.7 MB/s)&#xD;&#xA;[INFO] Downloading from nexus: http://nexus/repository/maven-group/org/apache/apache/13/apache-13.pom&#xD;&#xA;[INFO] Downloaded from nexus: http://nexus/repository/maven-group/org/apache/apache/13/apache-13.pom (14 kB at 1.3 MB/s)&#xD;&#xA;[INFO] Downloading from nexus: http://nexus/repository/maven-group/org/apache/maven/plugins/maven-help-plugin/2.2/maven-help-plugin-2.2.jar&#xD;&#xA;[INFO] Downloaded from nexus: http://nexus/repository/maven-group/org/apache/maven/plugins/maven-help-plugin/2.2/maven-help-plugin-2.2.jar (68 kB at 1.5 MB/s)&#xD;&#xA;[INFO] Downloading from nexus: http://nexus/repository/maven-group/org/apache/maven/plugins/maven-jar-plugin/3.0.2/maven-jar-plugin-3.0.2.pom&#xD;&#xA;[INFO] Downloaded from nexus: http://nexus/repository/maven-group/org/apache/maven/plugins/maven-jar-plugin/3.0.2/maven-jar-plugin-3.0.2.pom (6.2 kB at 79 kB/s)&#xD;&#xA;[INFO] Downloading from nexus: http://nexus/repository/maven-group/org/apache/maven/plugins/maven-jar-plugin/3.0.2/maven-jar-plugin-3.0.2.jar&#xD;&#xA;[INFO] Downloaded from nexus: http://nexus/repository/maven-group/org/apache/maven/plugins/maven-jar-plugin/3.0.2/maven-jar-plugin-3.0.2.jar (27 kB at 574 kB/s)&#xD;&#xA;[INFO] Downloading from nexus: http://nexus/repository/maven-group/org/apache/maven/plugins/maven-javadoc-plugin/3.0.0-M1/maven-javadoc-plugin-3.0.0-M1.pom&#xD;&#xA;[INFO] Downloaded from nexus: http://nexus/repository/maven-group/org/apache/maven/plugins/maven-javadoc-plugin/3.0.0-M1/maven-javadoc-plugin-3.0.0-M1.pom (16 kB at 248 kB/s)&#xD;&#xA;[INFO] Downloading from nexus: http://nexus/repository/maven-group/org/apache/maven/plugins/maven-javadoc-plugin/3.0.0-M1/maven-javadoc-plugin-3.0.0-M1.jar&#xD;&#xA;[INFO] Downloaded from nexus: http://nexus/repository/maven-group/org/apache/maven/plugins/maven-javadoc-plugin/3.0.0-M1/maven-javadoc-plugin-3.0.0-M1.jar (408 kB at 4.9 MB/s)&#xD;&#xA;[INFO] Downloading from nexus: http://nexus/repository/maven-group/org/apache/maven/plugins/maven-shade-plugin/2.4.3/maven-shade-plugin-2.4.3.pom&#xD;&#xA;[INFO] Downloaded from nexus: http://nexus/repository/maven-group/org/apache/maven/plugins/maven-shade-plugin/2.4.3/maven-shade-plugin-2.4.3.pom (8.5 kB at 166 kB/s)&#xD;&#xA;[INFO] Downloading from nexus: http://nexus/repository/maven-group/org/apache/maven/plugins/maven-shade-plugin/2.4.3/maven-shade-plugin-2.4.3.jar&#xD;&#xA;[INFO] Downloaded from nexus: http://nexus/repository/maven-group/org/apache/maven/plugins/maven-shade-plugin/2.4.3/maven-shade-plugin-2.4.3.jar (104 kB at 2.2 MB/s)&#xD;&#xA;[INFO] Downloading from nexus: http://nexus/repository/maven-group/org/apache/maven/plugins/maven-source-plugin/3.0.1/maven-source-plugin-3.0.1.pom&#xD;&#xA;[INFO] Downloaded from nexus: http://nexus/repository/maven-group/org/apache/maven/plugins/maven-source-plugin/3.0.1/maven-source-plugin-3.0.1.pom (5.7 kB at 517 kB/s)&#xD;&#xA;[INFO] Downloading from nexus: http://nexus/repository/maven-group/org/apache/maven/plugins/maven-source-plugin/3.0.1/maven-source-plugin-3.0.1.jar&#xD;&#xA;[INFO] Downloaded from nexus: http://nexus/repository/maven-group/org/apache/maven/plugins/maven-source-plugin/3.0.1/maven-source-plugin-3.0.1.jar (31 kB at 2.2 MB/s)&#xD;&#xA;[INFO] Downloading from nexus: http://nexus/repository/maven-group/org/apache/maven/plugins/maven-surefire-plugin/2.20.1/maven-surefire-plugin-2.20.1.pom&#xD;&#xA;[INFO] Downloaded from nexus: http://nexus/repository/maven-group/org/apache/maven/plugins/maven-surefire-plugin/2.20.1/maven-surefire-plugin-2.20.1.pom (5.2 kB at 111 kB/s)&#xD;&#xA;[INFO] Downloading from nexus: http://nexus/repository/maven-group/org/apache/maven/plugins/maven-surefire-plugin/2.20.1/maven-surefire-plugin-2.20.1.jar&#xD;&#xA;[INFO] Downloaded from nexus: http://nexus/repository/maven-group/org/apache/maven/plugins/maven-surefire-plugin/2.20.1/maven-surefire-plugin-2.20.1.jar (40 kB at 783 kB/s)&#xD;&#xA;[INFO] Downloading from nexus: http://nexus/repository/maven-group/org/codehaus/mojo/build-helper-maven-plugin/3.0.0/build-helper-maven-plugin-3.0.0.pom&#xD;&#xA;[INFO] Downloaded from nexus: http://nexus/repository/maven-group/org/codehaus/mojo/build-helper-maven-plugin/3.0.0/build-helper-maven-plugin-3.0.0.pom (5.8 kB at 340 kB/s)&#xD;&#xA;[INFO] Downloading from nexus: http://nexus/repository/maven-group/org/codehaus/mojo/mojo-parent/40/mojo-parent-40.pom&#xD;&#xA;[INFO] Downloaded from nexus: http://nexus/repository/maven-group/org/codehaus/mojo/mojo-parent/40/mojo-parent-40.pom (34 kB at 1.5 MB/s)&#xD;&#xA;[INFO] Downloading from nexus: http://nexus/repository/maven-group/org/codehaus/mojo/build-helper-maven-plugin/3.0.0/build-helper-maven-plugin-3.0.0.jar&#xD;&#xA;[INFO] Downloaded from nexus: http://nexus/repository/maven-group/org/codehaus/mojo/build-helper-maven-plugin/3.0.0/build-helper-maven-plugin-3.0.0.jar (64 kB at 5.4 MB/s)&#xD;&#xA;[INFO] Downloading from nexus: http://nexus/repository/maven-group/org/codehaus/mojo/exec-maven-plugin/1.5.0/exec-maven-plugin-1.5.0.pom&#xD;&#xA;[INFO] Downloaded from nexus: http://nexus/repository/maven-group/org/codehaus/mojo/exec-maven-plugin/1.5.0/exec-maven-plugin-1.5.0.pom (12 kB at 187 kB/s)&#xD;&#xA;[INFO] Downloading from nexus: http://nexus/repository/maven-group/org/codehaus/mojo/mojo-parent/38/mojo-parent-38.pom&#xD;&#xA;[INFO] Downloaded from nexus: http://nexus/repository/maven-group/org/codehaus/mojo/mojo-parent/38/mojo-parent-38.pom (33 kB at 561 kB/s)&#xD;&#xA;[INFO] Downloading from nexus: http://nexus/repository/maven-group/org/codehaus/mojo/exec-maven-plugin/1.5.0/exec-maven-plugin-1.5.0.jar&#xD;&#xA;[INFO] Downloaded from nexus: http://nexus/repository/maven-group/org/codehaus/mojo/exec-maven-plugin/1.5.0/exec-maven-plugin-1.5.0.jar (53 kB at 874 kB/s)&#xD;&#xA;[INFO] Downloading from nexus: http://nexus/repository/maven-group/org/codehaus/mojo/versions-maven-plugin/2.3/versions-maven-plugin-2.3.pom&#xD;&#xA;[INFO] Downloaded from nexus: http://nexus/repository/maven-group/org/codehaus/mojo/versions-maven-plugin/2.3/versions-maven-plugin-2.3.pom (16 kB at 293 kB/s)&#xD;&#xA;[INFO] Downloading from nexus: http://nexus/repository/maven-group/org/codehaus/mojo/mojo-parent/39/mojo-parent-39.pom&#xD;&#xA;[INFO] Downloaded from nexus: http://nexus/repository/maven-group/org/codehaus/mojo/mojo-parent/39/mojo-parent-39.pom (34 kB at 440 kB/s)&#xD;&#xA;[INFO] Downloading from nexus: http://nexus/repository/maven-group/org/codehaus/mojo/versions-maven-plugin/2.3/versions-maven-plugin-2.3.jar&#xD;&#xA;[INFO] Downloaded from nexus: http://nexus/repository/maven-group/org/codehaus/mojo/versions-maven-plugin/2.3/versions-maven-plugin-2.3.jar (263 kB at 3.5 MB/s)&#xD;&#xA;[INFO] &#xD;&#xA;[INFO] -----------------&lt; com.example:bdd-import-1547468057 &gt;------------------&#xD;&#xA;[INFO] Building Spring Boot Web Example 1.0&#xD;&#xA;[INFO] --------------------------------[ war ]---------------------------------&#xD;&#xA;[INFO] &#xD;&#xA;[INFO] --- versions-maven-plugin:2.3:set (default-cli) @ bdd-import-1547468057 ---&#xD;&#xA;[INFO] Downloading from nexus: http://nexus/repository/maven-group/org/apache/maven/maven-artifact/2.2.1/maven-artifact-2.2.1.pom&#xD;&#xA;[INFO] Downloaded from nexus: http://nexus/repository/maven-group/org/apache/maven/maven-artifact/2.2.1/maven-artifact-2.2.1.pom (1.6 kB at 56 kB/s)&#xD;&#xA;[INFO] Downloading from nexus: http://nexus/repository/maven-group/org/apache/maven/maven/2.2.1/maven-2.2.1.pom&#xD;&#xA;[INFO] Downloaded from nexus: http://nexus/repository/maven-group/org/apache/maven/maven/2.2.1/maven-2.2.1.pom (22 kB at 1.9 MB/s)&#xD;&#xA;[INFO] Downloading from nexus: http://nexus/repository/maven-group/org/apache/maven/maven-parent/11/maven-parent-11.pom&#xD;&#xA;[INFO] Downloaded from nexus: http://nexus/repository/maven-group/org/apache/maven/maven-parent/11/maven-parent-11.pom (32 kB at 2.9 MB/s)&#xD;&#xA;[INFO] Downloading from nexus: http://nexus/repository/maven-group/org/apache/apache/5/apache-5.pom&#xD;&#xA;[INFO] Downloaded from nexus: http://nexus/repository/maven-group/org/apache/apache/5/apache-5.pom (4.1 kB at 341 kB/s)&#xD;&#xA;[INFO] Downloading from nexus: http://nexus/repository/maven-group/org/codehaus/plexus/plexus-utils/1.5.15/plexus-utils-1.5.15.pom&#xD;&#xA;[INFO] Downloaded from nexus: http://nexus/repository/maven-group/org/codehaus/plexus/plexus-utils/1.5.15/plexus-utils-1.5.15.pom (6.8 kB at 527 kB/s)&#xD;&#xA;[INFO] Downloading from nexus: http://nexus/repository/maven-group/org/codehaus/plexus/plexus/2.0.2/plexus-2.0.2.pom&#xD;&#xA;[INFO] Downloaded from nexus: http://nexus/repository/maven-group/org/codehaus/plexus/plexus/2.0.2/plexus-2.0.2.pom (12 kB at 774 kB/s)&#xD;&#xA;[INFO] Downloading from nexus: http://nexus/repository/maven-group/org/apache/maven/maven-artifact-manager/2.2.1/maven-artifact-manager-2.2.1.pom&#xD;&#xA;[INFO] Downloaded from nexus: http://nexus/repository/maven-group/org/apache/maven/maven-artifact-manager/2.2.1/maven-artifact-manager-2.2.1.pom (3.1 kB at 310 kB/s)&#xD;&#xA;[INFO] Downloading from nexus: http://nexus/repository/maven-group/org/apache/maven/maven-repository-metadata/2.2.1/maven-repository-metadata-2.2.1.pom&#xD;&#xA;[INFO] Downloaded from nexus: http://nexus/repository/maven-group/org/apache/maven/maven-repository-metadata/2.2.1/maven-repository-metadata-2.2.1.pom (1.9 kB at 170 kB/s)&#xD;&#xA;[INFO] Downloading from nexus: http://nexus/repository/maven-group/org/codehaus/plexus/plexus-container-default/1.0-alpha-9-stable-1/plexus-container-default-1.0-alpha-9-stable-1.pom&#xD;&#xA;[INFO] Downloaded from nexus: http://nexus/repository/maven-group/org/codehaus/plexus/plexus-container-default/1.0-alpha-9-stable-1/plexus-container-default-1.0-alpha-9-stable-1.pom (3.9 kB at 304 kB/s)&#xD;&#xA;[INFO] Downloading from nexus: http://nexus/repository/maven-group/org/codehaus/plexus/plexus-containers/1.0.3/plexus-containers-1.0.3.pom&#xD;&#xA;[INFO] Downloaded from nexus: http://nexus/repository/maven-group/org/codehaus/plexus/plexus-containers/1.0.3/plexus-containers-1.0.3.pom (492 B at 41 kB/s)&#xD;&#xA;[INFO] Downloading from nexus: http://nexus/repository/maven-group/org/codehaus/plexus/plexus/1.0.4/plexus-1.0.4.pom&#xD;&#xA;[INFO] Downloaded from nexus: http://nexus/repository/maven-group/org/codehaus/plexus/plexus/1.0.4/plexus-1.0.4.pom (5.7 kB at 478 kB/s)&#xD;&#xA;[INFO] Downloading from nexus: http://nexus/repository/maven-group/junit/junit/4.12/junit-4.12.pom&#xD;&#xA;[INFO] Downloaded from nexus: http://nexus/repository/maven-group/junit/junit/4.12/junit-4.12.pom (24 kB at 1.2 MB/s)&#xD;&#xA;[INFO] Downloading from nexus: http://nexus/repository/maven-group/org/hamcrest/hamcrest-core/1.3/hamcrest-core-1.3.pom&#xD;&#xA;[INFO] Downloaded from nexus: http://nexus/repository/maven-group/org/hamcrest/hamcrest-core/1.3/hamcrest-core-1.3.pom (766 B at 64 kB/s)&#xD;&#xA;[INFO] Downloading from nexus: http://nexus/repository/maven-group/org/hamcrest/hamcrest-parent/1.3/hamcrest-parent-1.3.pom&#xD;&#xA;[INFO] Downloaded from nexus: http://nexus/repository/maven-group/org/hamcrest/hamcrest-parent/1.3/hamcrest-parent-1.3.pom (2.0 kB at 179 kB/s)&#xD;&#xA;[INFO] Downloading from nexus: http://nexus/repository/maven-group/org/codehaus/plexus/plexus-utils/1.0.4/plexus-utils-1.0.4.pom&#xD;&#xA;[INFO] Downloaded from nexus: http://nexus/repository/maven-group/org/codehaus/plexus/plexus-utils/1.0.4/plexus-utils-1.0.4.pom (6.9 kB at 527 kB/s)&#xD;&#xA;[INFO] Downloading from nexus: http://nexus/repository/maven-group/classworlds/classworlds/1.1-alpha-2/classworlds-1.1-alpha-2.pom&#xD;&#xA;[INFO] Downloaded from nexus: http://nexus/repository/maven-group/classworlds/classworlds/1.1-alpha-2/classworlds-1.1-alpha-2.pom (3.1 kB at 284 kB/s)&#xD;&#xA;[INFO] Downloading from nexus: http://nexus/repository/maven-group/backport-util-concurrent/backport-util-concurrent/3.1/backport-util-concurrent-3.1.pom&#xD;&#xA;[INFO] Downloaded from nexus: http://nexus/repository/maven-group/backport-util-concurrent/backport-util-concurrent/3.1/backport-util-concurrent-3.1.pom (880 B at 88 kB/s)&#xD;&#xA;[INFO] Downloading from nexus: http://nexus/repository/maven-group/org/apache/maven/maven-core/2.2.1/maven-core-2.2.1.pom&#xD;&#xA;[INFO] Downloaded from nexus: http://nexus/repository/maven-group/org/apache/maven/maven-core/2.2.1/maven-core-2.2.1.pom (12 kB at 291 kB/s)&#xD;&#xA;[INFO] Downloading from nexus: http://nexus/repository/maven-group/org/apache/maven/maven-settings/2.2.1/maven-settings-2.2.1.pom&#xD;&#xA;[INFO] Downloaded from nexus: http://nexus/repository/maven-group/org/apache/maven/maven-settings/2.2.1/maven-settings-2.2.1.pom (2.2 kB at 156 kB/s)&#xD;&#xA;[INFO] Downloading from nexus: http://nexus/repository/maven-group/org/apache/maven/maven-model/2.2.1/maven-model-2.2.1.pom&#xD;&#xA;[INFO] Downloaded from nexus: http://nexus/repository/maven-group/org/apache/maven/maven-model/2.2.1/maven-model-2.2.1.pom (3.2 kB at 112 kB/s)&#xD;&#xA;[INFO] Downloading from nexus: http://nexus/repository/maven-group/org/codehaus/plexus/plexus-interpolation/1.11/plexus-interpolation-1.11.pom&#xD;&#xA;[INFO] Downloaded from nexus: http://nexus/repository/maven-group/org/codehaus/plexus/plexus-interpolation/1.11/plexus-interpolation-1.11.pom (889 B at 89 kB/s)&#xD;&#xA;[INFO] Downloading from nexus: http://nexus/repository/maven-group/org/codehaus/plexus/plexus-components/1.1.14/plexus-components-1.1.14.pom&#xD;&#xA;[INFO] Downloaded from nexus: http://nexus/repository/maven-group/org/codehaus/plexus/plexus-components/1.1.14/plexus-components-1.1.14.pom (5.8 kB at 487 kB/s)&#xD;&#xA;[INFO] Downloading from nexus: http://nexus/repository/maven-group/org/apache/maven/maven-plugin-parameter-documenter/2.2.1/maven-plugin-parameter-documenter-2.2.1.pom&#xD;&#xA;[INFO] Downloaded from nexus: http://nexus/repository/maven-group/org/apache/maven/maven-plugin-parameter-documenter/2.2.1/maven-plugin-parameter-documenter-2.2.1.pom (2.0 kB at 61 kB/s)&#xD;&#xA;[INFO] Downloading from nexus: http://nexus/repository/maven-group/org/slf4j/slf4j-jdk14/1.5.6/slf4j-jdk14-1.5.6.pom&#xD;&#xA;[INFO] Downloaded from nexus: http://nexus/repository/maven-group/org/slf4j/slf4j-jdk14/1.5.6/slf4j-jdk14-1.5.6.pom (1.9 kB at 119 kB/s)&#xD;&#xA;[INFO] Downloading from nexus: http://nexus/repository/maven-group/org/slf4j/slf4j-parent/1.5.6/slf4j-parent-1.5.6.pom&#xD;&#xA;[INFO] Downloaded from nexus: http://nexus/repository/maven-group/org/slf4j/slf4j-parent/1.5.6/slf4j-parent-1.5.6.pom (7.9 kB at 528 kB/s)&#xD;&#xA;[INFO] Downloading from nexus: http://nexus/repository/maven-group/org/slf4j/slf4j-api/1.5.6/slf4j-api-1.5.6.pom&#xD;&#xA;[INFO] Downloaded from nexus: http://nexus/repository/maven-group/org/slf4j/slf4j-api/1.5.6/slf4j-api-1.5.6.pom (3.0 kB at 38 kB/s)&#xD;&#xA;[INFO] Downloading from nexus: http://nexus/repository/maven-group/org/slf4j/jcl-over-slf4j/1.5.6/jcl-over-slf4j-1.5.6.pom&#xD;&#xA;[INFO] Downloaded from nexus: http://nexus/repository/maven-group/org/slf4j/jcl-over-slf4j/1.5.6/jcl-over-slf4j-1.5.6.pom (2.2 kB at 145 kB/s)&#xD;&#xA;[INFO] Downloading from nexus: http://nexus/repository/maven-group/org/apache/maven/reporting/maven-reporting-api/2.2.1/maven-reporting-api-2.2.1.pom&#xD;&#xA;[INFO] Downloaded from nexus: http://nexus/repository/maven-group/org/apache/maven/reporting/maven-reporting-api/2.2.1/maven-reporting-api-2.2.1.pom (1.9 kB at 168 kB/s)&#xD;&#xA;[INFO] Downloading from nexus: http://nexus/repository/maven-group/org/apache/maven/reporting/maven-reporting/2.2.1/maven-reporting-2.2.1.pom&#xD;&#xA;[INFO] Downloaded from nexus: http://nexus/repository/maven-group/org/apache/maven/reporting/maven-reporting/2.2.1/maven-reporting-2.2.1.pom (1.4 kB at 13 kB/s)&#xD;&#xA;[INFO] Downloading from nexus: http://nexus/repository/maven-group/org/apache/maven/doxia/doxia-sink-api/1.1/doxia-sink-api-1.1.pom&#xD;&#xA;[INFO] Downloaded from nexus: http://nexus/repository/maven-group/org/apache/maven/doxia/doxia-sink-api/1.1/doxia-sink-api-1.1.pom (2.0 kB at 157 kB/s)&#xD;&#xA;[INFO] Downloading from nexus: http://nexus/repository/maven-group/org/apache/maven/doxia/doxia/1.1/doxia-1.1.pom&#xD;&#xA;[INFO] Downloaded from nexus: http://nexus/repository/maven-group/org/apache/maven/doxia/doxia/1.1/doxia-1.1.pom (15 kB at 949 kB/s)&#xD;&#xA;[INFO] Downloading from nexus: http://nexus/repository/maven-group/org/apache/maven/doxia/doxia-logging-api/1.1/doxia-logging-api-1.1.pom&#xD;&#xA;[INFO] Downloaded from nexus: http://nexus/repository/maven-group/org/apache/maven/doxia/doxia-logging-api/1.1/doxia-logging-api-1.1.pom (1.6 kB at 79 kB/s)&#xD;&#xA;[INFO] Downloading from nexus: http://nexus/repository/maven-group/org/codehaus/plexus/plexus-container-default/1.0-alpha-30/plexus-container-default-1.0-alpha-30.pom&#xD;&#xA;[INFO] Downloaded from nexus: http://nexus/repository/maven-group/org/codehaus/plexus/plexus-container-default/1.0-alpha-30/plexus-container-default-1.0-alpha-30.pom (3.5 kB at 348 kB/s)&#xD;&#xA;[INFO] Downloading from nexus: http://nexus/repository/maven-group/org/codehaus/plexus/plexus-containers/1.0-alpha-30/plexus-containers-1.0-alpha-30.pom&#xD;&#xA;[INFO] Downloaded from nexus: http://nexus/repository/maven-group/org/codehaus/plexus/plexus-containers/1.0-alpha-30/plexus-containers-1.0-alpha-30.pom (1.9 kB at 172 kB/s)&#xD;&#xA;[INFO] Downloading from nexus: http://nexus/repository/maven-group/org/codehaus/plexus/plexus/1.0.11/plexus-1.0.11.pom&#xD;&#xA;[INFO] Downloaded from nexus: http://nexus/repository/maven-group/org/codehaus/plexus/plexus/1.0.11/plexus-1.0.11.pom (9.0 kB at 897 kB/s)&#xD;&#xA;[INFO] Downloading from nexus: http://nexus/repository/maven-group/org/codehaus/plexus/plexus-utils/1.4.5/plexus-utils-1.4.5.pom&#xD;&#xA;[INFO] Downloaded from nexus: http://nexus/repository/maven-group/org/codehaus/plexus/plexus-utils/1.4.5/plexus-utils-1.4.5.pom (2.3 kB at 226 kB/s)&#xD;&#xA;[INFO] Downloading from nexus: http://nexus/repository/maven-group/org/codehaus/plexus/plexus-classworlds/1.2-alpha-9/plexus-classworlds-1.2-alpha-9.pom&#xD;&#xA;[INFO] Downloaded from nexus: http://nexus/repository/maven-group/org/codehaus/plexus/plexus-classworlds/1.2-alpha-9/plexus-classworlds-1.2-alpha-9.pom (3.2 kB at 48 kB/s)&#xD;&#xA;[INFO] Downloading from nexus: http://nexus/repository/maven-group/org/codehaus/plexus/plexus/1.0.10/plexus-1.0.10.pom&#xD;&#xA;[INFO] Downloaded from nexus: http://nexus/repository/maven-group/org/codehaus/plexus/plexus/1.0.10/plexus-1.0.10.pom (8.2 kB at 217 kB/s)&#xD;&#xA;[INFO] Downloading from nexus: http://nexus/repository/maven-group/org/apache/maven/maven-profile/2.2.1/maven-profile-2.2.1.pom&#xD;&#xA;[INFO] Downloaded from nexus: http://nexus/repository/maven-group/org/apache/maven/maven-profile/2.2.1/maven-profile-2.2.1.pom (2.2 kB at 22 kB/s)&#xD;&#xA;[INFO] Downloading from nexus: http://nexus/repository/maven-group/org/apache/maven/maven-error-diagnostics/2.2.1/maven-error-diagnostics-2.2.1.pom&#xD;&#xA;[INFO] Downloaded from nexus: http://nexus/repository/maven-group/org/apache/maven/maven-error-diagnostics/2.2.1/maven-error-diagnostics-2.2.1.pom (1.7 kB at 18 kB/s)&#xD;&#xA;[INFO] Downloading from nexus: http://nexus/repository/maven-group/org/apache/maven/maven-project/2.2.1/maven-project-2.2.1.pom&#xD;&#xA;[INFO] Downloaded from nexus: http://nexus/repository/maven-group/org/apache/maven/maven-project/2.2.1/maven-project-2.2.1.pom (2.8 kB at 45 kB/s)&#xD;&#xA;[INFO] Downloading from nexus: http://nexus/repository/maven-group/org/apache/maven/maven-plugin-registry/2.2.1/maven-plugin-registry-2.2.1.pom&#xD;&#xA;[INFO] Downloaded from nexus: http://nexus/repository/maven-group/org/apache/maven/maven-plugin-registry/2.2.1/maven-plugin-registry-2.2.1.pom (1.9 kB at 175 kB/s)&#xD;&#xA;[INFO] Downloading from nexus: http://nexus/repository/maven-group/commons-cli/commons-cli/1.2/commons-cli-1.2.pom&#xD;&#xA;[INFO] Downloaded from nexus: http://nexus/repository/maven-group/commons-cli/commons-cli/1.2/commons-cli-1.2.pom (8.0 kB at 125 kB/s)&#xD;&#xA;[INFO] Downloading from nexus: http://nexus/repository/maven-group/org/apache/commons/commons-parent/11/commons-parent-11.pom&#xD;&#xA;[INFO] Downloaded from nexus: http://nexus/repository/maven-group/org/apache/commons/commons-parent/11/commons-parent-11.pom (25 kB at 1.9 MB/s)&#xD;&#xA;[INFO] Downloading from nexus: http://nexus/repository/maven-group/org/apache/apache/4/apache-4.pom&#xD;&#xA;[INFO] Downloaded from nexus: http://nexus/repository/maven-group/org/apache/apache/4/apache-4.pom (4.5 kB at 499 kB/s)&#xD;&#xA;[INFO] Downloading from nexus: http://nexus/repository/maven-group/org/apache/maven/maven-plugin-api/2.2.1/maven-plugin-api-2.2.1.pom&#xD;&#xA;[INFO] Downloaded from nexus: http://nexus/repository/maven-group/org/apache/maven/maven-plugin-api/2.2.1/maven-plugin-api-2.2.1.pom (1.5 kB at 25 kB/s)&#xD;&#xA;[INFO] Downloading from nexus: http://nexus/repository/maven-group/org/apache/maven/maven-plugin-descriptor/2.2.1/maven-plugin-descriptor-2.2.1.pom&#xD;&#xA;[INFO] Downloaded from nexus: http://nexus/repository/maven-group/org/apache/maven/maven-plugin-descriptor/2.2.1/maven-plugin-descriptor-2.2.1.pom (2.1 kB at 188 kB/s)&#xD;&#xA;[INFO] Downloading from nexus: http://nexus/repository/maven-group/org/codehaus/plexus/plexus-interactivity-api/1.0-alpha-4/plexus-interactivity-api-1.0-alpha-4.pom&#xD;&#xA;[INFO] Downloaded from nexus: http://nexus/repository/maven-group/org/codehaus/plexus/plexus-interactivity-api/1.0-alpha-4/plexus-interactivity-api-1.0-alpha-4.pom (7.1 kB at 89 kB/s)&#xD;&#xA;[INFO] Downloading from nexus: http://nexus/repository/maven-group/org/apache/maven/maven-monitor/2.2.1/maven-monitor-2.2.1.pom&#xD;&#xA;[INFO] Downloaded from nexus: http://nexus/repository/maven-group/org/apache/maven/maven-monitor/2.2.1/maven-monitor-2.2.1.pom (1.3 kB at 126 kB/s)&#xD;&#xA;[INFO] Downloading from nexus: http://nexus/repository/maven-group/classworlds/classworlds/1.1/classworlds-1.1.pom&#xD;&#xA;[INFO] Downloaded from nexus: http://nexus/repository/maven-group/classworlds/classworlds/1.1/classworlds-1.1.pom (3.3 kB at 44 kB/s)&#xD;&#xA;[INFO] Downloading from nexus: http://nexus/repository/maven-group/org/sonatype/plexus/plexus-sec-dispatcher/1.3/plexus-sec-dispatcher-1.3.pom&#xD;&#xA;[INFO] Downloaded from nexus: http://nexus/repository/maven-group/org/sonatype/plexus/plexus-sec-dispatcher/1.3/plexus-sec-dispatcher-1.3.pom (3.0 kB at 296 kB/s)&#xD;&#xA;[INFO] Downloading from nexus: http://nexus/repository/maven-group/org/sonatype/spice/spice-parent/12/spice-parent-12.pom&#xD;&#xA;[INFO] Downloaded from nexus: http://nexus/repository/maven-group/org/sonatype/spice/spice-parent/12/spice-parent-12.pom (6.8 kB at 755 kB/s)&#xD;&#xA;[INFO] Downloading from nexus: http://nexus/repository/maven-group/org/sonatype/forge/forge-parent/4/forge-parent-4.pom&#xD;&#xA;[INFO] Downloaded from nexus: http://nexus/repository/maven-group/org/sonatype/forge/forge-parent/4/forge-parent-4.pom (8.4 kB at 78 kB/s)&#xD;&#xA;[INFO] Downloading from nexus: http://nexus/repository/maven-group/org/codehaus/plexus/plexus-utils/1.5.5/plexus-utils-1.5.5.pom&#xD;&#xA;[INFO] Downloaded from nexus: http://nexus/repository/maven-group/org/codehaus/plexus/plexus-utils/1.5.5/plexus-utils-1.5.5.pom (5.1 kB at 76 kB/s)&#xD;&#xA;[INFO] Downloading from nexus: http://nexus/repository/maven-group/org/sonatype/plexus/plexus-cipher/1.4/plexus-cipher-1.4.pom&#xD;&#xA;[INFO] Downloaded from nexus: http://nexus/repository/maven-group/org/sonatype/plexus/plexus-cipher/1.4/plexus-cipher-1.4.pom (2.1 kB at 129 kB/s)&#xD;&#xA;[INFO] Downloading from nexus: http://nexus/repository/maven-group/org/apache/maven/reporting/maven-reporting-api/3.0/maven-reporting-api-3.0.pom&#xD;&#xA;[INFO] Downloaded from nexus: http://nexus/repository/maven-group/org/apache/maven/reporting/maven-reporting-api/3.0/maven-reporting-api-3.0.pom (2.4 kB at 41 kB/s)&#xD;&#xA;[INFO] Downloading from nexus: http://nexus/repository/maven-group/org/apache/maven/shared/maven-shared-components/15/maven-shared-components-15.pom&#xD;&#xA;[INFO] Downloaded from nexus: http://nexus/repository/maven-group/org/apache/maven/shared/maven-shared-components/15/maven-shared-components-15.pom (9.3 kB at 359 kB/s)&#xD;&#xA;[INFO] Downloading from nexus: http://nexus/repository/maven-group/org/apache/maven/maven-parent/16/maven-parent-16.pom&#xD;&#xA;[INFO] Downloaded from nexus: http://nexus/repository/maven-group/org/apache/maven/maven-parent/16/maven-parent-16.pom (23 kB at 369 kB/s)&#xD;&#xA;[INFO] Downloading from nexus: http://nexus/repository/maven-group/org/apache/apache/7/apache-7.pom&#xD;&#xA;[INFO] Downloaded from nexus: http://nexus/repository/maven-group/org/apache/apache/7/apache-7.pom (14 kB at 1.0 MB/s)&#xD;&#xA;[INFO] Downloading from nexus: http://nexus/repository/maven-group/org/apache/maven/doxia/doxia-sink-api/1.0/doxia-sink-api-1.0.pom&#xD;&#xA;[INFO] Downloaded from nexus: http://nexus/repository/maven-group/org/apache/maven/doxia/doxia-sink-api/1.0/doxia-sink-api-1.0.pom (1.4 kB at 126 kB/s)&#xD;&#xA;[INFO] Downloading from nexus: http://nexus/repository/maven-group/org/apache/maven/doxia/doxia/1.0/doxia-1.0.pom&#xD;&#xA;[INFO] Downloaded from nexus: http://nexus/repository/maven-group/org/apache/maven/doxia/doxia/1.0/doxia-1.0.pom (9.6 kB at 158 kB/s)&#xD;&#xA;[INFO] Downloading from nexus: http://nexus/repository/maven-group/org/apache/maven/maven-parent/10/maven-parent-10.pom&#xD;&#xA;[INFO] Downloaded from nexus: http://nexus/repository/maven-group/org/apache/maven/maven-parent/10/maven-parent-10.pom (32 kB at 3.2 MB/s)&#xD;&#xA;[INFO] Downloading from nexus: http://nexus/repository/maven-group/org/apache/maven/reporting/maven-reporting-impl/2.2/maven-reporting-impl-2.2.pom&#xD;&#xA;[INFO] Downloaded from nexus: http://nexus/repository/maven-group/org/apache/maven/reporting/maven-reporting-impl/2.2/maven-reporting-impl-2.2.pom (4.7 kB at 42 kB/s)&#xD;&#xA;[INFO] Downloading from nexus: http://nexus/repository/maven-group/org/apache/maven/shared/maven-shared-components/17/maven-shared-components-17.pom&#xD;&#xA;[INFO] Downloaded from nexus: http://nexus/repository/maven-group/org/apache/maven/shared/maven-shared-components/17/maven-shared-components-17.pom (8.7 kB at 51 kB/s)&#xD;&#xA;[INFO] Downloading from nexus: http://nexus/repository/maven-group/org/apache/maven/maven-parent/21/maven-parent-21.pom&#xD;&#xA;[INFO] Downloaded from nexus: http://nexus/repository/maven-group/org/apache/maven/maven-parent/21/maven-parent-21.pom (26 kB at 223 kB/s)&#xD;&#xA;[INFO] Downloading from nexus: http://nexus/repository/maven-group/org/apache/apache/10/apache-10.pom&#xD;&#xA;[INFO] Downloaded from nexus: http://nexus/repository/maven-group/org/apache/apache/10/apache-10.pom (15 kB at 89 kB/s)&#xD;&#xA;[INFO] Downloading from nexus: http://nexus/repository/maven-group/org/apache/maven/doxia/doxia-sink-api/1.2/doxia-sink-api-1.2.pom&#xD;&#xA;[INFO] Downloaded from nexus: http://nexus/repository/maven-group/org/apache/maven/doxia/doxia-sink-api/1.2/doxia-sink-api-1.2.pom (1.6 kB at 16 kB/s)&#xD;&#xA;[INFO] Downloading from nexus: http://nexus/repository/maven-group/org/apache/maven/doxia/doxia/1.2/doxia-1.2.pom&#xD;&#xA;[INFO] Downloaded from nexus: http://nexus/repository/maven-group/org/apache/maven/doxia/doxia/1.2/doxia-1.2.pom (19 kB at 194 kB/s)&#xD;&#xA;[INFO] Downloading from nexus: http://nexus/repository/maven-group/org/apache/maven/maven-parent/19/maven-parent-19.pom&#xD;&#xA;[INFO] Downloaded from nexus: http://nexus/repository/maven-group/org/apache/maven/maven-parent/19/maven-parent-19.pom (25 kB at 98 kB/s)&#xD;&#xA;[INFO] Downloading from nexus: http://nexus/repository/maven-group/org/apache/apache/9/apache-9.pom&#xD;&#xA;[INFO] Downloaded from nexus: http://nexus/repository/maven-group/org/apache/apache/9/apache-9.pom (15 kB at 1.1 MB/s)&#xD;&#xA;[INFO] Downloading from nexus: http://nexus/repository/maven-group/org/apache/maven/doxia/doxia-logging-api/1.2/doxia-logging-api-1.2.pom&#xD;&#xA;[INFO] Downloaded from nexus: http://nexus/repository/maven-group/org/apache/maven/doxia/doxia-logging-api/1.2/doxia-logging-api-1.2.pom (1.6 kB at 14 kB/s)&#xD;&#xA;[INFO] Downloading from nexus: http://nexus/repository/maven-group/org/apache/maven/doxia/doxia-core/1.2/doxia-core-1.2.pom&#xD;&#xA;[INFO] Downloaded from nexus: http://nexus/repository/maven-group/org/apache/maven/doxia/doxia-core/1.2/doxia-core-1.2.pom (4.0 kB at 39 kB/s)&#xD;&#xA;[INFO] Downloading from nexus: http://nexus/repository/maven-group/org/codehaus/plexus/plexus-utils/2.0.5/plexus-utils-2.0.5.pom&#xD;&#xA;[INFO] Downloaded from nexus: http://nexus/repository/maven-group/org/codehaus/plexus/plexus-utils/2.0.5/plexus-utils-2.0.5.pom (3.3 kB at 36 kB/s)&#xD;&#xA;[INFO] Downloading from nexus: http://nexus/repository/maven-group/org/codehaus/plexus/plexus/2.0.6/plexus-2.0.6.pom&#xD;&#xA;[INFO] Downloaded from nexus: http://nexus/repository/maven-group/org/codehaus/plexus/plexus/2.0.6/plexus-2.0.6.pom (17 kB at 1.5 MB/s)&#xD;&#xA;[INFO] Downloading from nexus: http://nexus/repository/maven-group/xerces/xercesImpl/2.9.1/xercesImpl-2.9.1.pom&#xD;&#xA;[INFO] Downloaded from nexus: http://nexus/repository/maven-group/xerces/xercesImpl/2.9.1/xercesImpl-2.9.1.pom (1.4 kB at 14 kB/s)&#xD;&#xA;[INFO] Downloading from nexus: http://nexus/repository/maven-group/xml-apis/xml-apis/1.3.04/xml-apis-1.3.04.pom&#xD;&#xA;[INFO] Downloaded from nexus: http://nexus/repository/maven-group/xml-apis/xml-apis/1.3.04/xml-apis-1.3.04.pom (1.8 kB at 18 kB/s)&#xD;&#xA;[INFO] Downloading from nexus: http://nexus/repository/maven-group/org/apache/apache/3/apache-3.pom&#xD;&#xA;[INFO] Downloaded from nexus: http://nexus/repository/maven-group/org/apache/apache/3/apache-3.pom (3.4 kB at 34 kB/s)&#xD;&#xA;[INFO] Downloading from nexus: http://nexus/repository/maven-group/commons-lang/commons-lang/2.4/commons-lang-2.4.pom&#xD;&#xA;[INFO] Downloaded from nexus: http://nexus/repository/maven-group/commons-lang/commons-lang/2.4/commons-lang-2.4.pom (14 kB at 776 kB/s)&#xD;&#xA;[INFO] Downloading from nexus: http://nexus/repository/maven-group/org/apache/commons/commons-parent/9/commons-parent-9.pom&#xD;&#xA;[INFO] Downloaded from nexus: http://nexus/repository/maven-group/org/apache/commons/commons-parent/9/commons-parent-9.pom (22 kB at 2.2 MB/s)&#xD;&#xA;[INFO] Downloading from nexus: http://nexus/repository/maven-group/org/apache/httpcomponents/httpclient/4.0.2/httpclient-4.0.2.pom&#xD;&#xA;[INFO] Downloaded from nexus: http://nexus/repository/maven-group/org/apache/httpcomponents/httpclient/4.0.2/httpclient-4.0.2.pom (7.5 kB at 468 kB/s)&#xD;&#xA;[INFO] Downloading from nexus: http://nexus/repository/maven-group/org/apache/httpcomponents/httpcomponents-client/4.0.2/httpcomponents-client-4.0.2.pom&#xD;&#xA;[INFO] Downloaded from nexus: http://nexus/repository/maven-group/org/apache/httpcomponents/httpcomponents-client/4.0.2/httpcomponents-client-4.0.2.pom (9.0 kB at 448 kB/s)&#xD;&#xA;[INFO] Downloading from nexus: http://nexus/repository/maven-group/org/apache/httpcomponents/project/4.1/project-4.1.pom&#xD;&#xA;[INFO] Downloaded from nexus: http://nexus/repository/maven-group/org/apache/httpcomponents/project/4.1/project-4.1.pom (16 kB at 1.5 MB/s)&#xD;&#xA;[INFO] Downloading from nexus: http://nexus/repository/maven-group/org/apache/httpcomponents/httpcore/4.0.1/httpcore-4.0.1.pom&#xD;&#xA;[INFO] Downloaded from nexus: http://nexus/repository/maven-group/org/apache/httpcomponents/httpcore/4.0.1/httpcore-4.0.1.pom (4.9 kB at 444 kB/s)&#xD;&#xA;[INFO] Downloading from nexus: http://nexus/repository/maven-group/org/apache/httpcomponents/httpcomponents-core/4.0.1/httpcomponents-core-4.0.1.pom&#xD;&#xA;[INFO] Downloaded from nexus: http://nexus/repository/maven-group/org/apache/httpcomponents/httpcomponents-core/4.0.1/httpcomponents-core-4.0.1.pom (9.4 kB at 779 kB/s)&#xD;&#xA;[INFO] Downloading from nexus: http://nexus/repository/maven-group/org/apache/httpcomponents/project/4.0/project-4.0.pom&#xD;&#xA;[INFO] Downloaded from nexus: http://nexus/repository/maven-group/org/apache/httpcomponents/project/4.0/project-4.0.pom (13 kB at 190 kB/s)&#xD;&#xA;[INFO] Downloading from nexus: http://nexus/repository/maven-group/commons-logging/commons-logging/1.1.1/commons-logging-1.1.1.pom&#xD;&#xA;[INFO] Downloaded from nexus: http://nexus/repository/maven-group/commons-logging/commons-logging/1.1.1/commons-logging-1.1.1.pom (18 kB at 1.5 MB/s)&#xD;&#xA;[INFO] Downloading from nexus: http://nexus/repository/maven-group/org/apache/commons/commons-parent/5/commons-parent-5.pom&#xD;&#xA;[INFO] Downloaded from nexus: http://nexus/repository/maven-group/org/apache/commons/commons-parent/5/commons-parent-5.pom (16 kB at 1.1 MB/s)&#xD;&#xA;[INFO] Downloading from nexus: http://nexus/repository/maven-group/commons-codec/commons-codec/1.3/commons-codec-1.3.pom&#xD;&#xA;[INFO] Downloaded from nexus: http://nexus/repository/maven-group/commons-codec/commons-codec/1.3/commons-codec-1.3.pom (6.1 kB at 191 kB/s)&#xD;&#xA;[INFO] Downloading from nexus: http://nexus/repository/maven-group/org/apache/maven/doxia/doxia-site-renderer/1.2/doxia-site-renderer-1.2.pom&#xD;&#xA;[INFO] Downloaded from nexus: http://nexus/repository/maven-group/org/apache/maven/doxia/doxia-site-renderer/1.2/doxia-site-renderer-1.2.pom (6.2 kB at 61 kB/s)&#xD;&#xA;[INFO] Downloading from nexus: http://nexus/repository/maven-group/org/apache/maven/doxia/doxia-sitetools/1.2/doxia-sitetools-1.2.pom&#xD;&#xA;[INFO] Downloaded from nexus: http://nexus/repository/maven-group/org/apache/maven/doxia/doxia-sitetools/1.2/doxia-sitetools-1.2.pom (16 kB at 171 kB/s)&#xD;&#xA;[INFO] Downloading from nexus: http://nexus/repository/maven-group/org/apache/maven/doxia/doxia-decoration-model/1.2/doxia-decoration-model-1.2.pom&#xD;&#xA;[INFO] Downloaded from nexus: http://nexus/repository/maven-group/org/apache/maven/doxia/doxia-decoration-model/1.2/doxia-decoration-model-1.2.pom (3.1 kB at 18 kB/s)&#xD;&#xA;[INFO] Downloading from nexus: http://nexus/repository/maven-group/org/apache/maven/doxia/doxia-module-xhtml/1.2/doxia-module-xhtml-1.2.pom&#xD;&#xA;[INFO] Downloaded from nexus: http://nexus/repository/maven-group/org/apache/maven/doxia/doxia-module-xhtml/1.2/doxia-module-xhtml-1.2.pom (1.8 kB at 8.5 kB/s)&#xD;&#xA;[INFO] Downloading from nexus: http://nexus/repository/maven-group/org/apache/maven/doxia/doxia-modules/1.2/doxia-modules-1.2.pom&#xD;&#xA;[INFO] Downloaded from nexus: http://nexus/repository/maven-group/org/apache/maven/doxia/doxia-modules/1.2/doxia-modules-1.2.pom (2.5 kB at 23 kB/s)&#xD;&#xA;[INFO] Downloading from nexus: http://nexus/repository/maven-group/org/apache/maven/doxia/doxia-module-fml/1.2/doxia-module-fml-1.2.pom&#xD;&#xA;[INFO] Downloaded from nexus: http://nexus/repository/maven-group/org/apache/maven/doxia/doxia-module-fml/1.2/doxia-module-fml-1.2.pom (5.6 kB at 47 kB/s)&#xD;&#xA;[INFO] Downloading from nexus: http://nexus/repository/maven-group/org/codehaus/plexus/plexus-i18n/1.0-beta-7/plexus-i18n-1.0-beta-7.pom&#xD;&#xA;[INFO] Downloaded from nexus: http://nexus/repository/maven-group/org/codehaus/plexus/plexus-i18n/1.0-beta-7/plexus-i18n-1.0-beta-7.pom (1.1 kB at 96 kB/s)&#xD;&#xA;[INFO] Downloading from nexus: http://nexus/repository/maven-group/org/codehaus/plexus/plexus-components/1.1.12/plexus-components-1.1.12.pom&#xD;&#xA;[INFO] Downloaded from nexus: http://nexus/repository/maven-group/org/codehaus/plexus/plexus-components/1.1.12/plexus-components-1.1.12.pom (3.0 kB at 300 kB/s)&#xD;&#xA;[INFO] Downloading from nexus: http://nexus/repository/maven-group/org/codehaus/plexus/plexus-utils/1.4.1/plexus-utils-1.4.1.pom&#xD;&#xA;[INFO] Downloaded from nexus: http://nexus/repository/maven-group/org/codehaus/plexus/plexus-utils/1.4.1/plexus-utils-1.4.1.pom (1.9 kB at 47 kB/s)&#xD;&#xA;[INFO] Downloading from nexus: http://nexus/repository/maven-group/org/codehaus/plexus/plexus-velocity/1.1.7/plexus-velocity-1.1.7.pom&#xD;&#xA;[INFO] Downloaded from nexus: http://nexus/repository/maven-group/org/codehaus/plexus/plexus-velocity/1.1.7/plexus-velocity-1.1.7.pom (2.0 kB at 37 kB/s)&#xD;&#xA;[INFO] Downloading from nexus: http://nexus/repository/maven-group/org/codehaus/plexus/plexus-container-default/1.0-alpha-20/plexus-container-default-1.0-alpha-20.pom&#xD;&#xA;[INFO] Downloaded from nexus: http://nexus/repository/maven-group/org/codehaus/plexus/plexus-container-default/1.0-alpha-20/plexus-container-default-1.0-alpha-20.pom (3.0 kB at 53 kB/s)&#xD;&#xA;[INFO] Downloading from nexus: http://nexus/repository/maven-group/org/codehaus/plexus/plexus-containers/1.0-alpha-20/plexus-containers-1.0-alpha-20.pom&#xD;&#xA;[INFO] Downloaded from nexus: http://nexus/repository/maven-group/org/codehaus/plexus/plexus-containers/1.0-alpha-20/plexus-containers-1.0-alpha-20.pom (1.9 kB at 15 kB/s)&#xD;&#xA;[INFO] Downloading from nexus: http://nexus/repository/maven-group/org/codehaus/plexus/plexus-utils/1.3/plexus-utils-1.3.pom&#xD;&#xA;[INFO] Downloaded from nexus: http://nexus/repository/maven-group/org/codehaus/plexus/plexus-utils/1.3/plexus-utils-1.3.pom (1.0 kB at 16 kB/s)&#xD;&#xA;[INFO] Downloading from nexus: http://nexus/repository/maven-group/org/codehaus/plexus/plexus/1.0.8/plexus-1.0.8.pom&#xD;&#xA;[INFO] Downloaded from nexus: http://nexus/repository/maven-group/org/codehaus/plexus/plexus/1.0.8/plexus-1.0.8.pom (7.2 kB at 33 kB/s)&#xD;&#xA;[INFO] Downloading from nexus: http://nexus/repository/maven-group/org/codehaus/plexus/plexus-classworlds/1.2-alpha-7/plexus-classworlds-1.2-alpha-7.pom&#xD;&#xA;[INFO] Downloaded from nexus: http://nexus/repository/maven-group/org/codehaus/plexus/plexus-classworlds/1.2-alpha-7/plexus-classworlds-1.2-alpha-7.pom (2.4 kB at 30 kB/s)&#xD;&#xA;[INFO] Downloading from nexus: http://nexus/repository/maven-group/org/codehaus/plexus/plexus/1.0.9/plexus-1.0.9.pom&#xD;&#xA;[INFO] Downloaded from nexus: http://nexus/repository/maven-group/org/codehaus/plexus/plexus/1.0.9/plexus-1.0.9.pom (7.7 kB at 853 kB/s)&#xD;&#xA;[INFO] Downloading from nexus: http://nexus/repository/maven-group/org/apache/velocity/velocity/1.5/velocity-1.5.pom&#xD;&#xA;[INFO] Downloaded from nexus: http://nexus/repository/maven-group/org/apache/velocity/velocity/1.5/velocity-1.5.pom (7.8 kB at 39 kB/s)&#xD;&#xA;[INFO] Downloading from nexus: http://nexus/repository/maven-group/commons-collections/commons-collections/3.1/commons-collections-3.1.pom&#xD;&#xA;[INFO] Downloaded from nexus: http://nexus/repository/maven-group/commons-collections/commons-collections/3.1/commons-collections-3.1.pom (6.1 kB at 608 kB/s)&#xD;&#xA;[INFO] Downloading from nexus: http://nexus/repository/maven-group/commons-lang/commons-lang/2.1/commons-lang-2.1.pom&#xD;&#xA;[INFO] Downloaded from nexus: http://nexus/repository/maven-group/commons-lang/commons-lang/2.1/commons-lang-2.1.pom (9.9 kB at 36 kB/s)&#xD;&#xA;[INFO] Downloading from nexus: http://nexus/repository/maven-group/oro/oro/2.0.8/oro-2.0.8.pom&#xD;&#xA;[INFO] Downloaded from nexus: http://nexus/repository/maven-group/oro/oro/2.0.8/oro-2.0.8.pom (140 B at 6.7 kB/s)&#xD;&#xA;[INFO] Downloading from nexus: http://nexus/repository/maven-group/commons-collections/commons-collections/3.2.1/commons-collections-3.2.1.pom&#xD;&#xA;[INFO] Downloaded from nexus: http://nexus/repository/maven-group/commons-collections/commons-collections/3.2.1/commons-collections-3.2.1.pom (13 kB at 782 kB/s)&#xD;&#xA;[INFO] Downloading from nexus: http://nexus/repository/maven-group/commons-validator/commons-validator/1.3.1/commons-validator-1.3.1.pom&#xD;&#xA;[INFO] Downloaded from nexus: http://nexus/repository/maven-group/commons-validator/commons-validator/1.3.1/commons-validator-1.3.1.pom (9.0 kB at 430 kB/s)&#xD;&#xA;[INFO] Downloading from nexus: http://nexus/repository/maven-group/commons-beanutils/commons-beanutils/1.7.0/commons-beanutils-1.7.0.pom&#xD;&#xA;[INFO] Downloaded from nexus: http://nexus/repository/maven-group/commons-beanutils/commons-beanutils/1.7.0/commons-beanutils-1.7.0.pom (357 B at 13 kB/s)&#xD;&#xA;[INFO] Downloading from nexus: http://nexus/repository/maven-group/commons-logging/commons-logging/1.0.3/commons-logging-1.0.3.pom&#xD;&#xA;[INFO] Downloaded from nexus: http://nexus/repository/maven-group/commons-logging/commons-logging/1.0.3/commons-logging-1.0.3.pom (866 B at 96 kB/s)&#xD;&#xA;[INFO] Downloading from nexus: http://nexus/repository/maven-group/commons-digester/commons-digester/1.6/commons-digester-1.6.pom&#xD;&#xA;[INFO] Downloaded from nexus: http://nexus/repository/maven-group/commons-digester/commons-digester/1.6/commons-digester-1.6.pom (974 B at 97 kB/s)&#xD;&#xA;[INFO] Downloading from nexus: http://nexus/repository/maven-group/commons-beanutils/commons-beanutils/1.6/commons-beanutils-1.6.pom&#xD;&#xA;[INFO] Downloaded from nexus: http://nexus/repository/maven-group/commons-beanutils/commons-beanutils/1.6/commons-beanutils-1.6.pom (2.3 kB at 210 kB/s)&#xD;&#xA;[INFO] Downloading from nexus: http://nexus/repository/maven-group/commons-logging/commons-logging/1.0/commons-logging-1.0.pom&#xD;&#xA;[INFO] Downloaded from nexus: http://nexus/repository/maven-group/commons-logging/commons-logging/1.0/commons-logging-1.0.pom (163 B at 16 kB/s)&#xD;&#xA;[INFO] Downloading from nexus: http://nexus/repository/maven-group/commons-collections/commons-collections/2.0/commons-collections-2.0.pom&#xD;&#xA;[INFO] Downloaded from nexus: http://nexus/repository/maven-group/commons-collections/commons-collections/2.0/commons-collections-2.0.pom (171 B at 17 kB/s)&#xD;&#xA;[INFO] Downloading from nexus: http://nexus/repository/maven-group/commons-collections/commons-collections/2.1/commons-collections-2.1.pom&#xD;&#xA;[INFO] Downloaded from nexus: http://nexus/repository/maven-group/commons-collections/commons-collections/2.1/commons-collections-2.1.pom (3.3 kB at 371 kB/s)&#xD;&#xA;[INFO] Downloading from nexus: http://nexus/repository/maven-group/xml-apis/xml-apis/1.0.b2/xml-apis-1.0.b2.pom&#xD;&#xA;[INFO] Downloaded from nexus: http://nexus/repository/maven-group/xml-apis/xml-apis/1.0.b2/xml-apis-1.0.b2.pom (2.2 kB at 250 kB/s)&#xD;&#xA;[INFO] Downloading from nexus: http://nexus/repository/maven-group/commons-logging/commons-logging/1.0.4/commons-logging-1.0.4.pom&#xD;&#xA;[INFO] Downloaded from nexus: http://nexus/repository/maven-group/commons-logging/commons-logging/1.0.4/commons-logging-1.0.4.pom (5.3 kB at 376 kB/s)&#xD;&#xA;[INFO] Downloading from nexus: http://nexus/repository/maven-group/org/codehaus/plexus/plexus-utils/1.5.8/plexus-utils-1.5.8.pom&#xD;&#xA;[INFO] Downloaded from nexus: http://nexus/repository/maven-group/org/codehaus/plexus/plexus-utils/1.5.8/plexus-utils-1.5.8.pom (8.1 kB at 620 kB/s)&#xD;&#xA;[INFO] Downloading from nexus: http://nexus/repository/maven-group/org/apache/maven/shared/maven-common-artifact-filters/1.4/maven-common-artifact-filters-1.4.pom&#xD;&#xA;[INFO] Downloaded from nexus: http://nexus/repository/maven-group/org/apache/maven/shared/maven-common-artifact-filters/1.4/maven-common-artifact-filters-1.4.pom (3.8 kB at 58 kB/s)&#xD;&#xA;[INFO] Downloading from nexus: http://nexus/repository/maven-group/org/apache/maven/maven-artifact/2.0.8/maven-artifact-2.0.8.pom&#xD;&#xA;[INFO] Downloaded from nexus: http://nexus/repository/maven-group/org/apache/maven/maven-artifact/2.0.8/maven-artifact-2.0.8.pom (1.6 kB at 9.3 kB/s)&#xD;&#xA;[INFO] Downloading from nexus: http://nexus/repository/maven-group/org/apache/maven/maven/2.0.8/maven-2.0.8.pom&#xD;&#xA;[INFO] Downloaded from nexus: http://nexus/repository/maven-group/org/apache/maven/maven/2.0.8/maven-2.0.8.pom (12 kB at 189 kB/s)&#xD;&#xA;[INFO] Downloading from nexus: http://nexus/repository/maven-group/org/apache/maven/maven-parent/6/maven-parent-6.pom&#xD;&#xA;[INFO] Downloaded from nexus: http://nexus/repository/maven-group/org/apache/maven/maven-parent/6/maven-parent-6.pom (20 kB at 205 kB/s)&#xD;&#xA;[INFO] Downloading from nexus: http://nexus/repository/maven-group/org/codehaus/plexus/plexus-utils/1.4.6/plexus-utils-1.4.6.pom&#xD;&#xA;[INFO] Downloaded from nexus: http://nexus/repository/maven-group/org/codehaus/plexus/plexus-utils/1.4.6/plexus-utils-1.4.6.pom (2.3 kB at 34 kB/s)&#xD;&#xA;[INFO] Downloading from nexus: http://nexus/repository/maven-group/org/apache/maven/maven-model/2.0.8/maven-model-2.0.8.pom&#xD;&#xA;[INFO] Downloaded from nexus: http://nexus/repository/maven-group/org/apache/maven/maven-model/2.0.8/maven-model-2.0.8.pom (3.1 kB at 27 kB/s)&#xD;&#xA;[INFO] Downloading from nexus: http://nexus/repository/maven-group/org/apache/maven/maven-project/2.0.8/maven-project-2.0.8.pom&#xD;&#xA;[INFO] Downloaded from nexus: http://nexus/repository/maven-group/org/apache/maven/maven-project/2.0.8/maven-project-2.0.8.pom (2.7 kB at 15 kB/s)&#xD;&#xA;[INFO] Downloading from nexus: http://nexus/repository/maven-group/org/apache/maven/maven-settings/2.0.8/maven-settings-2.0.8.pom&#xD;&#xA;[INFO] Downloaded from nexus: http://nexus/repository/maven-group/org/apache/maven/maven-settings/2.0.8/maven-settings-2.0.8.pom (2.1 kB at 12 kB/s)&#xD;&#xA;[INFO] Downloading from nexus: http://nexus/repository/maven-group/org/apache/maven/maven-profile/2.0.8/maven-profile-2.0.8.pom&#xD;&#xA;[INFO] Downloaded from nexus: http://nexus/repository/maven-group/org/apache/maven/maven-profile/2.0.8/maven-profile-2.0.8.pom (2.0 kB at 22 kB/s)&#xD;&#xA;[INFO] Downloading from nexus: http://nexus/repository/maven-group/org/apache/maven/maven-artifact-manager/2.0.8/maven-artifact-manager-2.0.8.pom&#xD;&#xA;[INFO] Downloaded from nexus: http://nexus/repository/maven-group/org/apache/maven/maven-artifact-manager/2.0.8/maven-artifact-manager-2.0.8.pom (2.7 kB at 28 kB/s)&#xD;&#xA;[INFO] Downloading from nexus: http://nexus/repository/maven-group/org/apache/maven/maven-repository-metadata/2.0.8/maven-repository-metadata-2.0.8.pom&#xD;&#xA;[INFO] Downloaded from nexus: http://nexus/repository/maven-group/org/apache/maven/maven-repository-metadata/2.0.8/maven-repository-metadata-2.0.8.pom (1.9 kB at 21 kB/s)&#xD;&#xA;[INFO] Downloading from nexus: http://nexus/repository/maven-group/org/apache/maven/maven-plugin-registry/2.0.8/maven-plugin-registry-2.0.8.pom&#xD;&#xA;[INFO] Downloaded from nexus: http://nexus/repository/maven-group/org/apache/maven/maven-plugin-registry/2.0.8/maven-plugin-registry-2.0.8.pom (2.0 kB at 19 kB/s)&#xD;&#xA;[INFO] Downloading from nexus: http://nexus/repository/maven-group/org/codehaus/plexus/plexus-container-default/1.5.5/plexus-container-default-1.5.5.pom&#xD;&#xA;[INFO] Downloaded from nexus: http://nexus/repository/maven-group/org/codehaus/plexus/plexus-container-default/1.5.5/plexus-container-default-1.5.5.pom (2.8 kB at 42 kB/s)&#xD;&#xA;[INFO] Downloading from nexus: http://nexus/repository/maven-group/org/codehaus/plexus/plexus-containers/1.5.5/plexus-containers-1.5.5.pom&#xD;&#xA;[INFO] Downloaded from nexus: http://nexus/repository/maven-group/org/codehaus/plexus/plexus-containers/1.5.5/plexus-containers-1.5.5.pom (4.2 kB at 424 kB/s)&#xD;&#xA;[INFO] Downloading from nexus: http://nexus/repository/maven-group/org/codehaus/plexus/plexus/2.0.7/plexus-2.0.7.pom&#xD;&#xA;[INFO] Downloaded from nexus: http://nexus/repository/maven-group/org/codehaus/plexus/plexus/2.0.7/plexus-2.0.7.pom (17 kB at 1.6 MB/s)&#xD;&#xA;[INFO] Downloading from nexus: http://nexus/repository/maven-group/org/codehaus/plexus/plexus-classworlds/2.2.2/plexus-classworlds-2.2.2.pom&#xD;&#xA;[INFO] Downloaded from nexus: http://nexus/repository/maven-group/org/codehaus/plexus/plexus-classworlds/2.2.2/plexus-classworlds-2.2.2.pom (4.0 kB at 66 kB/s)&#xD;&#xA;[INFO] Downloading from nexus: http://nexus/repository/maven-group/org/codehaus/plexus/plexus/2.0.3/plexus-2.0.3.pom&#xD;&#xA;[INFO] Downloaded from nexus: http://nexus/repository/maven-group/org/codehaus/plexus/plexus/2.0.3/plexus-2.0.3.pom (15 kB at 227 kB/s)&#xD;&#xA;[INFO] Downloading from nexus: http://nexus/repository/maven-group/org/apache/xbean/xbean-reflect/3.4/xbean-reflect-3.4.pom&#xD;&#xA;[INFO] Downloaded from nexus: http://nexus/repository/maven-group/org/apache/xbean/xbean-reflect/3.4/xbean-reflect-3.4.pom (2.8 kB at 32 kB/s)&#xD;&#xA;[INFO] Downloading from nexus: http://nexus/repository/maven-group/org/apache/xbean/xbean/3.4/xbean-3.4.pom&#xD;&#xA;[INFO] Downloaded from nexus: http://nexus/repository/maven-group/org/apache/xbean/xbean/3.4/xbean-3.4.pom (19 kB at 195 kB/s)&#xD;&#xA;[INFO] Downloading from nexus: http://nexus/repository/maven-group/log4j/log4j/1.2.12/log4j-1.2.12.pom&#xD;&#xA;[INFO] Downloaded from nexus: http://nexus/repository/maven-group/log4j/log4j/1.2.12/log4j-1.2.12.pom (145 B at 16 kB/s)&#xD;&#xA;[INFO] Downloading from nexus: http://nexus/repository/maven-group/commons-logging/commons-logging-api/1.1/commons-logging-api-1.1.pom&#xD;&#xA;[INFO] Downloaded from nexus: http://nexus/repository/maven-group/commons-logging/commons-logging-api/1.1/commons-logging-api-1.1.pom (5.3 kB at 92 kB/s)&#xD;&#xA;[INFO] Downloading from nexus: http://nexus/repository/maven-group/com/google/collections/google-collections/1.0/google-collections-1.0.pom&#xD;&#xA;[INFO] Downloaded from nexus: http://nexus/repository/maven-group/com/google/collections/google-collections/1.0/google-collections-1.0.pom (2.5 kB at 225 kB/s)&#xD;&#xA;[INFO] Downloading from nexus: http://nexus/repository/maven-group/com/google/google/1/google-1.pom&#xD;&#xA;[INFO] Downloaded from nexus: http://nexus/repository/maven-group/com/google/google/1/google-1.pom (1.6 kB at 141 kB/s)&#xD;&#xA;[INFO] Downloading from nexus: http://nexus/repository/maven-group/org/codehaus/plexus/plexus-utils/2.1/plexus-utils-2.1.pom&#xD;&#xA;[INFO] Downloaded from nexus: http://nexus/repository/maven-group/org/codehaus/plexus/plexus-utils/2.1/plexus-utils-2.1.pom (4.0 kB at 62 kB/s)&#xD;&#xA;[INFO] Downloading from nexus: http://nexus/repository/maven-group/org/sonatype/spice/spice-parent/16/spice-parent-16.pom&#xD;&#xA;[INFO] Downloaded from nexus: http://nexus/repository/maven-group/org/sonatype/spice/spice-parent/16/spice-parent-16.pom (8.4 kB at 93 kB/s)&#xD;&#xA;[INFO] Downloading from nexus: http://nexus/repository/maven-group/org/sonatype/forge/forge-parent/5/forge-parent-5.pom&#xD;&#xA;[INFO] Downloaded from nexus: http://nexus/repository/maven-group/org/sonatype/forge/forge-parent/5/forge-parent-5.pom (8.4 kB at 836 kB/s)&#xD;&#xA;[INFO] Downloading from nexus: http://nexus/repository/maven-group/org/apache/maven/wagon/wagon-provider-api/2.5/wagon-provider-api-2.5.pom&#xD;&#xA;[INFO] Downloaded from nexus: http://nexus/repository/maven-group/org/apache/maven/wagon/wagon-provider-api/2.5/wagon-provider-api-2.5.pom (1.7 kB at 13 kB/s)&#xD;&#xA;[INFO] Downloading from nexus: http://nexus/repository/maven-group/org/apache/maven/wagon/wagon/2.5/wagon-2.5.pom&#xD;&#xA;[INFO] Downloaded from nexus: http://nexus/repository/maven-group/org/apache/maven/wagon/wagon/2.5/wagon-2.5.pom (20 kB at 129 kB/s)&#xD;&#xA;[INFO] Downloading from nexus: http://nexus/repository/maven-group/org/codehaus/plexus/plexus-utils/3.0.8/plexus-utils-3.0.8.pom&#xD;&#xA;[INFO] Downloaded from nexus: http://nexus/repository/maven-group/org/codehaus/plexus/plexus-utils/3.0.8/plexus-utils-3.0.8.pom (3.1 kB at 52 kB/s)&#xD;&#xA;[INFO] Downloading from nexus: http://nexus/repository/maven-group/org/codehaus/plexus/plexus/3.2/plexus-3.2.pom&#xD;&#xA;[INFO] Downloaded from nexus: http://nexus/repository/maven-group/org/codehaus/plexus/plexus/3.2/plexus-3.2.pom (19 kB at 143 kB/s)&#xD;&#xA;[INFO] Downloading from nexus: http://nexus/repository/maven-group/org/sonatype/spice/spice-parent/17/spice-parent-17.pom&#xD;&#xA;[INFO] Downloaded from nexus: http://nexus/repository/maven-group/org/sonatype/spice/spice-parent/17/spice-parent-17.pom (6.8 kB at 89 kB/s)&#xD;&#xA;[INFO] Downloading from nexus: http://nexus/repository/maven-group/org/sonatype/forge/forge-parent/10/forge-parent-10.pom&#xD;&#xA;[INFO] Downloaded from nexus: http://nexus/repository/maven-group/org/sonatype/forge/forge-parent/10/forge-parent-10.pom (14 kB at 848 kB/s)&#xD;&#xA;[INFO] Downloading from nexus: http://nexus/repository/maven-group/org/apache/maven/wagon/wagon-file/2.5/wagon-file-2.5.pom&#xD;&#xA;[INFO] Downloaded from nexus: http://nexus/repository/maven-group/org/apache/maven/wagon/wagon-file/2.5/wagon-file-2.5.pom (1.6 kB at 15 kB/s)&#xD;&#xA;[INFO] Downloading from nexus: http://nexus/repository/maven-group/org/apache/maven/wagon/wagon-providers/2.5/wagon-providers-2.5.pom&#xD;&#xA;[INFO] Downloaded from nexus: http://nexus/repository/maven-group/org/apache/maven/wagon/wagon-providers/2.5/wagon-providers-2.5.pom (2.7 kB at 14 kB/s)&#xD;&#xA;[INFO] Downloading from nexus: http://nexus/repository/maven-group/commons-lang/commons-lang/2.6/commons-lang-2.6.pom&#xD;&#xA;[INFO] Downloaded from nexus: http://nexus/repository/maven-group/commons-lang/commons-lang/2.6/commons-lang-2.6.pom (17 kB at 1.2 MB/s)&#xD;&#xA;[INFO] Downloading from nexus: http://nexus/repository/maven-group/org/apache/commons/commons-parent/17/commons-parent-17.pom&#xD;&#xA;[INFO] Downloaded from nexus: http://nexus/repository/maven-group/org/apache/commons/commons-parent/17/commons-parent-17.pom (31 kB at 2.8 MB/s)&#xD;&#xA;[INFO] Downloading from nexus: http://nexus/repository/maven-group/org/apache/maven/doxia/doxia-core/1.4/doxia-core-1.4.pom&#xD;&#xA;[INFO] Downloaded from nexus: http://nexus/repository/maven-group/org/apache/maven/doxia/doxia-core/1.4/doxia-core-1.4.pom (4.1 kB at 41 kB/s)&#xD;&#xA;[INFO] Downloading from nexus: http://nexus/repository/maven-group/org/apache/maven/doxia/doxia/1.4/doxia-1.4.pom&#xD;&#xA;[INFO] Downloaded from nexus: http://nexus/repository/maven-group/org/apache/maven/doxia/doxia/1.4/doxia-1.4.pom (18 kB at 104 kB/s)&#xD;&#xA;[INFO] Downloading from nexus: http://nexus/repository/maven-group/org/apache/maven/doxia/doxia-sink-api/1.4/doxia-sink-api-1.4.pom&#xD;&#xA;[INFO] Downloaded from nexus: http://nexus/repository/maven-group/org/apache/maven/doxia/doxia-sink-api/1.4/doxia-sink-api-1.4.pom (1.5 kB at 11 kB/s)&#xD;&#xA;[INFO] Downloading from nexus: http://nexus/repository/maven-group/org/apache/maven/doxia/doxia-logging-api/1.4/doxia-logging-api-1.4.pom&#xD;&#xA;[INFO] Downloaded from nexus: http://nexus/repository/maven-group/org/apache/maven/doxia/doxia-logging-api/1.4/doxia-logging-api-1.4.pom (1.5 kB at 14 kB/s)&#xD;&#xA;[INFO] Downloading from nexus: http://nexus/repository/maven-group/org/codehaus/plexus/plexus-utils/3.0.10/plexus-utils-3.0.10.pom&#xD;&#xA;[INFO] Downloaded from nexus: http://nexus/repository/maven-group/org/codehaus/plexus/plexus-utils/3.0.10/plexus-utils-3.0.10.pom (3.1 kB at 51 kB/s)&#xD;&#xA;[INFO] Downloading from nexus: http://nexus/repository/maven-group/org/codehaus/plexus/plexus/3.3/plexus-3.3.pom&#xD;&#xA;[INFO] Downloaded from nexus: http://nexus/repository/maven-group/org/codehaus/plexus/plexus/3.3/plexus-3.3.pom (20 kB at 249 kB/s)&#xD;&#xA;[INFO] Downloading from nexus: http://nexus/repository/maven-group/org/codehaus/plexus/plexus-component-annotations/1.5.5/plexus-component-annotations-1.5.5.pom&#xD;&#xA;[INFO] Downloaded from nexus: http://nexus/repository/maven-group/org/codehaus/plexus/plexus-component-annotations/1.5.5/plexus-component-annotations-1.5.5.pom (815 B at 68 kB/s)&#xD;&#xA;[INFO] Downloading from nexus: http://nexus/repository/maven-group/org/apache/maven/doxia/doxia-site-renderer/1.4/doxia-site-renderer-1.4.pom&#xD;&#xA;[INFO] Downloaded from nexus: http://nexus/repository/maven-group/org/apache/maven/doxia/doxia-site-renderer/1.4/doxia-site-renderer-1.4.pom (6.1 kB at 95 kB/s)&#xD;&#xA;[INFO] Downloading from nexus: http://nexus/repository/maven-group/org/apache/maven/doxia/doxia-sitetools/1.4/doxia-sitetools-1.4.pom&#xD;&#xA;[INFO] Downloaded from nexus: http://nexus/repository/maven-group/org/apache/maven/doxia/doxia-sitetools/1.4/doxia-sitetools-1.4.pom (17 kB at 67 kB/s)&#xD;&#xA;[INFO] Downloading from nexus: http://nexus/repository/maven-group/org/apache/maven/doxia/doxia-decoration-model/1.4/doxia-decoration-model-1.4.pom&#xD;&#xA;[INFO] Downloaded from nexus: http://nexus/repository/maven-group/org/apache/maven/doxia/doxia-decoration-model/1.4/doxia-decoration-model-1.4.pom (2.7 kB at 18 kB/s)&#xD;&#xA;[INFO] Downloading from nexus: http://nexus/repository/maven-group/org/apache/maven/doxia/doxia-module-xhtml/1.4/doxia-module-xhtml-1.4.pom&#xD;&#xA;[INFO] Downloaded from nexus: http://nexus/repository/maven-group/org/apache/maven/doxia/doxia-module-xhtml/1.4/doxia-module-xhtml-1.4.pom (1.6 kB at 24 kB/s)&#xD;&#xA;[INFO] Downloading from nexus: http://nexus/repository/maven-group/org/apache/maven/doxia/doxia-modules/1.4/doxia-modules-1.4.pom&#xD;&#xA;[INFO] Downloaded from nexus: http://nexus/repository/maven-group/org/apache/maven/doxia/doxia-modules/1.4/doxia-modules-1.4.pom (2.6 kB at 38 kB/s)&#xD;&#xA;[INFO] Downloading from nexus: http://nexus/repository/maven-group/org/apache/maven/doxia/doxia-module-fml/1.4/doxia-module-fml-1.4.pom&#xD;&#xA;[INFO] Downloaded from nexus: http://nexus/repository/maven-group/org/apache/maven/doxia/doxia-module-fml/1.4/doxia-module-fml-1.4.pom (4.8 kB at 52 kB/s)&#xD;&#xA;[INFO] Downloading from nexus: http://nexus/repository/maven-group/org/apache/velocity/velocity-tools/2.0/velocity-tools-2.0.pom&#xD;&#xA;[INFO] Downloaded from nexus: http://nexus/repository/maven-group/org/apache/velocity/velocity-tools/2.0/velocity-tools-2.0.pom (18 kB at 1.5 MB/s)&#xD;&#xA;[INFO] Downloading from nexus: http://nexus/repository/maven-group/commons-digester/commons-digester/1.8/commons-digester-1.8.pom&#xD;&#xA;[INFO] Downloaded from nexus: http://nexus/repository/maven-group/commons-digester/commons-digester/1.8/commons-digester-1.8.pom (7.0 kB at 109 kB/s)&#xD;&#xA;[INFO] Downloading from nexus: http://nexus/repository/maven-group/commons-logging/commons-logging/1.1/commons-logging-1.1.pom&#xD;&#xA;[INFO] Downloaded from nexus: http://nexus/repository/maven-group/commons-logging/commons-logging/1.1/commons-logging-1.1.pom (6.2 kB at 476 kB/s)&#xD;&#xA;[INFO] Downloading from nexus: http://nexus/repository/maven-group/logkit/logkit/1.0.1/logkit-1.0.1.pom&#xD;&#xA;[INFO] Downloaded from nexus: http://nexus/repository/maven-group/logkit/logkit/1.0.1/logkit-1.0.1.pom (147 B at 7.7 kB/s)&#xD;&#xA;[INFO] Downloading from nexus: http://nexus/repository/maven-group/avalon-framework/avalon-framework/4.1.3/avalon-framework-4.1.3.pom&#xD;&#xA;[INFO] Downloaded from nexus: http://nexus/repository/maven-group/avalon-framework/avalon-framework/4.1.3/avalon-framework-4.1.3.pom (167 B at 4.5 kB/s)&#xD;&#xA;[INFO] Downloading from nexus: http://nexus/repository/maven-group/javax/servlet/servlet-api/2.3/servlet-api-2.3.pom&#xD;&#xA;[INFO] Downloaded from nexus: http://nexus/repository/maven-group/javax/servlet/servlet-api/2.3/servlet-api-2.3.pom (156 B at 12 kB/s)&#xD;&#xA;[INFO] Downloading from nexus: http://nexus/repository/maven-group/commons-chain/commons-chain/1.1/commons-chain-1.1.pom&#xD;&#xA;[INFO] Downloaded from nexus: http://nexus/repository/maven-group/commons-chain/commons-chain/1.1/commons-chain-1.1.pom (6.0 kB at 376 kB/s)&#xD;&#xA;[INFO] Downloading from nexus: http://nexus/repository/maven-group/commons-collections/commons-collections/3.2/commons-collections-3.2.pom&#xD;&#xA;[INFO] Downloaded from nexus: http://nexus/repository/maven-group/commons-collections/commons-collections/3.2/commons-collections-3.2.pom (11 kB at 197 kB/s)&#xD;&#xA;[INFO] Downloading from nexus: http://nexus/repository/maven-group/dom4j/dom4j/1.1/dom4j-1.1.pom&#xD;&#xA;[INFO] Downloaded from nexus: http://nexus/repository/maven-group/dom4j/dom4j/1.1/dom4j-1.1.pom (142 B at 11 kB/s)&#xD;&#xA;[INFO] Downloading from nexus: http://nexus/repository/maven-group/sslext/sslext/1.2-0/sslext-1.2-0.pom&#xD;&#xA;[INFO] Downloaded from nexus: http://nexus/repository/maven-group/sslext/sslext/1.2-0/sslext-1.2-0.pom (653 B at 47 kB/s)&#xD;&#xA;[INFO] Downloading from nexus: http://nexus/repository/maven-group/org/apache/struts/struts-core/1.3.8/struts-core-1.3.8.pom&#xD;&#xA;[INFO] Downloaded from nexus: http://nexus/repository/maven-group/org/apache/struts/struts-core/1.3.8/struts-core-1.3.8.pom (4.3 kB at 254 kB/s)&#xD;&#xA;[INFO] Downloading from nexus: http://nexus/repository/maven-group/org/apache/struts/struts-parent/1.3.8/struts-parent-1.3.8.pom&#xD;&#xA;[INFO] Downloaded from nexus: http://nexus/repository/maven-group/org/apache/struts/struts-parent/1.3.8/struts-parent-1.3.8.pom (9.8 kB at 167 kB/s)&#xD;&#xA;[INFO] Downloading from nexus: http://nexus/repository/maven-group/org/apache/struts/struts-master/4/struts-master-4.pom&#xD;&#xA;[INFO] Downloaded from nexus: http://nexus/repository/maven-group/org/apache/struts/struts-master/4/struts-master-4.pom (12 kB at 252 kB/s)&#xD;&#xA;[INFO] Downloading from nexus: http://nexus/repository/maven-group/org/apache/apache/2/apache-2.pom&#xD;&#xA;[INFO] Downloaded from nexus: http://nexus/repository/maven-group/org/apache/apache/2/apache-2.pom (3.4 kB at 262 kB/s)&#xD;&#xA;[INFO] Downloading from nexus: http://nexus/repository/maven-group/antlr/antlr/2.7.2/antlr-2.7.2.pom&#xD;&#xA;[INFO] Downloaded from nexus: http://nexus/repository/maven-group/antlr/antlr/2.7.2/antlr-2.7.2.pom (145 B at 12 kB/s)&#xD;&#xA;[INFO] Downloading from nexus: http://nexus/repository/maven-group/org/apache/struts/struts-taglib/1.3.8/struts-taglib-1.3.8.pom&#xD;&#xA;[INFO] Downloaded from nexus: http://nexus/repository/maven-group/org/apache/struts/struts-taglib/1.3.8/struts-taglib-1.3.8.pom (3.1 kB at 192 kB/s)&#xD;&#xA;[INFO] Downloading from nexus: http://nexus/repository/maven-group/org/apache/struts/struts-tiles/1.3.8/struts-tiles-1.3.8.pom&#xD;&#xA;[INFO] Downloaded from nexus: http://nexus/repository/maven-group/org/apache/struts/struts-tiles/1.3.8/struts-tiles-1.3.8.pom (2.9 kB at 242 kB/s)&#xD;&#xA;[INFO] Downloading from nexus: http://nexus/repository/maven-group/org/apache/velocity/velocity/1.6.2/velocity-1.6.2.pom&#xD;&#xA;[INFO] Downloaded from nexus: http://nexus/repository/maven-group/org/apache/velocity/velocity/1.6.2/velocity-1.6.2.pom (11 kB at 708 kB/s)&#xD;&#xA;[INFO] Downloading from nexus: http://nexus/repository/maven-group/org/codehaus/plexus/plexus-utils/3.0.20/plexus-utils-3.0.20.pom&#xD;&#xA;[INFO] Downloaded from nexus: http://nexus/repository/maven-group/org/codehaus/plexus/plexus-utils/3.0.20/plexus-utils-3.0.20.pom (3.8 kB at 75 kB/s)&#xD;&#xA;[INFO] Downloading from nexus: http://nexus/repository/maven-group/org/codehaus/plexus/plexus/3.3.1/plexus-3.3.1.pom&#xD;&#xA;[INFO] Downloaded from nexus: http://nexus/repository/maven-group/org/codehaus/plexus/plexus/3.3.1/plexus-3.3.1.pom (20 kB at 1.6 MB/s)&#xD;&#xA;[INFO] Downloading from nexus: http://nexus/repository/maven-group/org/codehaus/plexus/plexus-interactivity-api/1.0-alpha-6/plexus-interactivity-api-1.0-alpha-6.pom&#xD;&#xA;[INFO] Downloaded from nexus: http://nexus/repository/maven-group/org/codehaus/plexus/plexus-interactivity-api/1.0-alpha-6/plexus-interactivity-api-1.0-alpha-6.pom (726 B at 73 kB/s)&#xD;&#xA;[INFO] Downloading from nexus: http://nexus/repository/maven-group/org/codehaus/plexus/plexus-interactivity/1.0-alpha-6/plexus-interactivity-1.0-alpha-6.pom&#xD;&#xA;[INFO] Downloaded from nexus: http://nexus/repository/maven-group/org/codehaus/plexus/plexus-interactivity/1.0-alpha-6/plexus-interactivity-1.0-alpha-6.pom (1.1 kB at 98 kB/s)&#xD;&#xA;[INFO] Downloading from nexus: http://nexus/repository/maven-group/org/codehaus/plexus/plexus-components/1.1.9/plexus-components-1.1.9.pom&#xD;&#xA;[INFO] Downloaded from nexus: http://nexus/repository/maven-group/org/codehaus/plexus/plexus-components/1.1.9/plexus-components-1.1.9.pom (2.4 kB at 128 kB/s)&#xD;&#xA;[INFO] Downloading from nexus: http://nexus/repository/maven-group/org/codehaus/plexus/plexus-utils/1.4/plexus-utils-1.4.pom&#xD;&#xA;[INFO] Downloaded from nexus: http://nexus/repository/maven-group/org/codehaus/plexus/plexus-utils/1.4/plexus-utils-1.4.pom (1.2 kB at 43 kB/s)&#xD;&#xA;[INFO] Downloading from nexus: http://nexus/repository/maven-group/org/codehaus/plexus/plexus-i18n/1.0-beta-10/plexus-i18n-1.0-beta-10.pom&#xD;&#xA;[INFO] Downloaded from nexus: http://nexus/repository/maven-group/org/codehaus/plexus/plexus-i18n/1.0-beta-10/plexus-i18n-1.0-beta-10.pom (2.1 kB at 189 kB/s)&#xD;&#xA;[INFO] Downloading from nexus: http://nexus/repository/maven-group/org/codehaus/woodstox/woodstox-core-asl/4.2.0/woodstox-core-asl-4.2.0.pom&#xD;&#xA;[INFO] Downloaded from nexus: http://nexus/repository/maven-group/org/codehaus/woodstox/woodstox-core-asl/4.2.0/woodstox-core-asl-4.2.0.pom (1.8 kB at 25 kB/s)&#xD;&#xA;[INFO] Downloading from nexus: http://nexus/repository/maven-group/javax/xml/stream/stax-api/1.0-2/stax-api-1.0-2.pom&#xD;&#xA;[INFO] Downloaded from nexus: http://nexus/repository/maven-group/javax/xml/stream/stax-api/1.0-2/stax-api-1.0-2.pom (962 B at 69 kB/s)&#xD;&#xA;[INFO] Downloading from nexus: http://nexus/repository/maven-group/org/codehaus/woodstox/stax2-api/3.1.1/stax2-api-3.1.1.pom&#xD;&#xA;[INFO] Downloaded from nexus: http://nexus/repository/maven-group/org/codehaus/woodstox/stax2-api/3.1.1/stax2-api-3.1.1.pom (1.4 kB at 24 kB/s)&#xD;&#xA;[INFO] Downloading from nexus: http://nexus/repository/maven-group/org/apache/maven/maven-artifact/2.2.1/maven-artifact-2.2.1.jar&#xD;&#xA;[INFO] Downloading from nexus: http://nexus/repository/maven-group/org/apache/maven/maven-artifact-manager/2.2.1/maven-artifact-manager-2.2.1.jar&#xD;&#xA;[INFO] Downloading from nexus: http://nexus/repository/maven-group/org/apache/maven/maven-repository-metadata/2.2.1/maven-repository-metadata-2.2.1.jar&#xD;&#xA;[INFO] Downloading from nexus: http://nexus/repository/maven-group/backport-util-concurrent/backport-util-concurrent/3.1/backport-util-concurrent-3.1.jar&#xD;&#xA;[INFO] Downloading from nexus: http://nexus/repository/maven-group/org/apache/maven/maven-core/2.2.1/maven-core-2.2.1.jar&#xD;&#xA;[INFO] Downloaded from nexus: http://nexus/repository/maven-group/org/apache/maven/maven-artifact/2.2.1/maven-artifact-2.2.1.jar (80 kB at 2.0 MB/s)&#xD;&#xA;[INFO] Downloading from nexus: http://nexus/repository/maven-group/org/apache/maven/maven-plugin-parameter-documenter/2.2.1/maven-plugin-parameter-documenter-2.2.1.jar&#xD;&#xA;[INFO] Downloaded from nexus: http://nexus/repository/maven-group/backport-util-concurrent/backport-util-concurrent/3.1/backport-util-concurrent-3.1.jar (332 kB at 7.1 MB/s)&#xD;&#xA;[INFO] Downloading from nexus: http://nexus/repository/maven-group/org/slf4j/slf4j-jdk14/1.5.6/slf4j-jdk14-1.5.6.jar&#xD;&#xA;[INFO] Downloaded from nexus: http://nexus/repository/maven-group/org/apache/maven/maven-repository-metadata/2.2.1/maven-repository-metadata-2.2.1.jar (26 kB at 395 kB/s)&#xD;&#xA;[INFO] Downloading from nexus: http://nexus/repository/maven-group/org/slf4j/slf4j-api/1.5.6/slf4j-api-1.5.6.jar&#xD;&#xA;[INFO] Downloaded from nexus: http://nexus/repository/maven-group/org/apache/maven/maven-artifact-manager/2.2.1/maven-artifact-manager-2.2.1.jar (68 kB at 786 kB/s)&#xD;&#xA;[INFO] Downloading from nexus: http://nexus/repository/maven-group/org/slf4j/jcl-over-slf4j/1.5.6/jcl-over-slf4j-1.5.6.jar&#xD;&#xA;[INFO] Downloaded from nexus: http://nexus/repository/maven-group/org/apache/maven/maven-plugin-parameter-documenter/2.2.1/maven-plugin-parameter-documenter-2.2.1.jar (22 kB at 258 kB/s)&#xD;&#xA;[INFO] Downloading from nexus: http://nexus/repository/maven-group/org/apache/maven/maven-profile/2.2.1/maven-profile-2.2.1.jar&#xD;&#xA;[INFO] Downloaded from nexus: http://nexus/repository/maven-group/org/slf4j/slf4j-jdk14/1.5.6/slf4j-jdk14-1.5.6.jar (8.8 kB at 94 kB/s)&#xD;&#xA;[INFO] Downloading from nexus: http://nexus/repository/maven-group/org/apache/maven/maven-error-diagnostics/2.2.1/maven-error-diagnostics-2.2.1.jar&#xD;&#xA;[INFO] Downloaded from nexus: http://nexus/repository/maven-group/org/slf4j/slf4j-api/1.5.6/slf4j-api-1.5.6.jar (22 kB at 201 kB/s)&#xD;&#xA;[INFO] Downloading from nexus: http://nexus/repository/maven-group/commons-cli/commons-cli/1.2/commons-cli-1.2.jar&#xD;&#xA;[INFO] Downloaded from nexus: http://nexus/repository/maven-group/org/apache/maven/maven-core/2.2.1/maven-core-2.2.1.jar (178 kB at 1.6 MB/s)&#xD;&#xA;[INFO] Downloading from nexus: http://nexus/repository/maven-group/org/apache/maven/maven-monitor/2.2.1/maven-monitor-2.2.1.jar&#xD;&#xA;[INFO] Downloaded from nexus: http://nexus/repository/maven-group/commons-cli/commons-cli/1.2/commons-cli-1.2.jar (41 kB at 284 kB/s)&#xD;&#xA;[INFO] Downloading from nexus: http://nexus/repository/maven-group/classworlds/classworlds/1.1/classworlds-1.1.jar&#xD;&#xA;[INFO] Downloaded from nexus: http://nexus/repository/maven-group/org/apache/maven/maven-error-diagnostics/2.2.1/maven-error-diagnostics-2.2.1.jar (13 kB at 85 kB/s)&#xD;&#xA;[INFO] Downloading from nexus: http://nexus/repository/maven-group/org/sonatype/plexus/plexus-sec-dispatcher/1.3/plexus-sec-dispatcher-1.3.jar&#xD;&#xA;[INFO] Downloaded from nexus: http://nexus/repository/maven-group/org/slf4j/jcl-over-slf4j/1.5.6/jcl-over-slf4j-1.5.6.jar (17 kB at 101 kB/s)&#xD;&#xA;[INFO] Downloading from nexus: http://nexus/repository/maven-group/org/sonatype/plexus/plexus-cipher/1.4/plexus-cipher-1.4.jar&#xD;&#xA;[INFO] Downloaded from nexus: http://nexus/repository/maven-group/org/apache/maven/maven-monitor/2.2.1/maven-monitor-2.2.1.jar (10 kB at 56 kB/s)&#xD;&#xA;[INFO] Downloaded from nexus: http://nexus/repository/maven-group/org/apache/maven/maven-profile/2.2.1/maven-profile-2.2.1.jar (35 kB at 189 kB/s)&#xD;&#xA;[INFO] Downloading from nexus: http://nexus/repository/maven-group/org/apache/maven/maven-model/2.2.1/maven-model-2.2.1.jar&#xD;&#xA;[INFO] Downloading from nexus: http://nexus/repository/maven-group/org/apache/maven/maven-plugin-api/2.2.1/maven-plugin-api-2.2.1.jar&#xD;&#xA;[INFO] Downloaded from nexus: http://nexus/repository/maven-group/org/sonatype/plexus/plexus-sec-dispatcher/1.3/plexus-sec-dispatcher-1.3.jar (29 kB at 132 kB/s)&#xD;&#xA;[INFO] Downloading from nexus: http://nexus/repository/maven-group/org/apache/maven/maven-plugin-descriptor/2.2.1/maven-plugin-descriptor-2.2.1.jar&#xD;&#xA;[INFO] Downloaded from nexus: http://nexus/repository/maven-group/classworlds/classworlds/1.1/classworlds-1.1.jar (38 kB at 174 kB/s)&#xD;&#xA;[INFO] Downloading from nexus: http://nexus/repository/maven-group/org/apache/maven/maven-settings/2.2.1/maven-settings-2.2.1.jar&#xD;&#xA;[INFO] Downloaded from nexus: http://nexus/repository/maven-group/org/apache/maven/maven-settings/2.2.1/maven-settings-2.2.1.jar (49 kB at 188 kB/s)&#xD;&#xA;[INFO] Downloading from nexus: http://nexus/repository/maven-group/org/codehaus/plexus/plexus-interpolation/1.11/plexus-interpolation-1.11.jar&#xD;&#xA;[INFO] Downloaded from nexus: http://nexus/repository/maven-group/org/apache/maven/maven-plugin-api/2.2.1/maven-plugin-api-2.2.1.jar (12 kB at 47 kB/s)&#xD;&#xA;[INFO] Downloading from nexus: http://nexus/repository/maven-group/org/apache/maven/maven-project/2.2.1/maven-project-2.2.1.jar&#xD;&#xA;[INFO] Downloaded from nexus: http://nexus/repository/maven-group/org/sonatype/plexus/plexus-cipher/1.4/plexus-cipher-1.4.jar (13 kB at 50 kB/s)&#xD;&#xA;[INFO] Downloading from nexus: http://nexus/repository/maven-group/org/apache/maven/maven-plugin-registry/2.2.1/maven-plugin-registry-2.2.1.jar&#xD;&#xA;[INFO] Downloaded from nexus: http://nexus/repository/maven-group/org/codehaus/plexus/plexus-interpolation/1.11/plexus-interpolation-1.11.jar (51 kB at 185 kB/s)&#xD;&#xA;[INFO] Downloading from nexus: http://nexus/repository/maven-group/org/apache/maven/reporting/maven-reporting-api/3.0/maven-reporting-api-3.0.jar&#xD;&#xA;[INFO] Downloaded from nexus: http://nexus/repository/maven-group/org/apache/maven/maven-plugin-descriptor/2.2.1/maven-plugin-descriptor-2.2.1.jar (39 kB at 137 kB/s)&#xD;&#xA;[INFO] Downloading from nexus: http://nexus/repository/maven-group/org/apache/maven/reporting/maven-reporting-impl/2.2/maven-reporting-impl-2.2.jar&#xD;&#xA;[INFO] Downloaded from nexus: http://nexus/repository/maven-group/org/apache/maven/maven-model/2.2.1/maven-model-2.2.1.jar (88 kB at 298 kB/s)&#xD;&#xA;[INFO] Downloading from nexus: http://nexus/repository/maven-group/commons-validator/commons-validator/1.3.1/commons-validator-1.3.1.jar&#xD;&#xA;[INFO] Downloaded from nexus: http://nexus/repository/maven-group/org/apache/maven/maven-plugin-registry/2.2.1/maven-plugin-registry-2.2.1.jar (30 kB at 94 kB/s)&#xD;&#xA;[INFO] Downloading from nexus: http://nexus/repository/maven-group/commons-beanutils/commons-beanutils/1.7.0/commons-beanutils-1.7.0.jar&#xD;&#xA;[INFO] Downloaded from nexus: http://nexus/repository/maven-group/org/apache/maven/maven-project/2.2.1/maven-project-2.2.1.jar (156 kB at 490 kB/s)&#xD;&#xA;[INFO] Downloading from nexus: http://nexus/repository/maven-group/commons-digester/commons-digester/1.6/commons-digester-1.6.jar&#xD;&#xA;[INFO] Downloaded from nexus: http://nexus/repository/maven-group/org/apache/maven/reporting/maven-reporting-api/3.0/maven-reporting-api-3.0.jar (11 kB at 33 kB/s)&#xD;&#xA;[INFO] Downloading from nexus: http://nexus/repository/maven-group/commons-logging/commons-logging/1.0.4/commons-logging-1.0.4.jar&#xD;&#xA;[INFO] Downloaded from nexus: http://nexus/repository/maven-group/commons-validator/commons-validator/1.3.1/commons-validator-1.3.1.jar (139 kB at 396 kB/s)&#xD;&#xA;[INFO] Downloading from nexus: http://nexus/repository/maven-group/org/apache/maven/shared/maven-common-artifact-filters/1.4/maven-common-artifact-filters-1.4.jar&#xD;&#xA;[INFO] Downloaded from nexus: http://nexus/repository/maven-group/commons-beanutils/commons-beanutils/1.7.0/commons-beanutils-1.7.0.jar (189 kB at 446 kB/s)&#xD;&#xA;[INFO] Downloading from nexus: http://nexus/repository/maven-group/org/apache/maven/wagon/wagon-provider-api/2.5/wagon-provider-api-2.5.jar&#xD;&#xA;[INFO] Downloaded from nexus: http://nexus/repository/maven-group/org/apache/maven/reporting/maven-reporting-impl/2.2/maven-reporting-impl-2.2.jar (17 kB at 30 kB/s)&#xD;&#xA;[INFO] Downloading from nexus: http://nexus/repository/maven-group/org/apache/maven/wagon/wagon-file/2.5/wagon-file-2.5.jar&#xD;&#xA;[INFO] Downloaded from nexus: http://nexus/repository/maven-group/commons-logging/commons-logging/1.0.4/commons-logging-1.0.4.jar (38 kB at 66 kB/s)&#xD;&#xA;[INFO] Downloading from nexus: http://nexus/repository/maven-group/org/apache/maven/doxia/doxia-core/1.4/doxia-core-1.4.jar&#xD;&#xA;[INFO] Downloaded from nexus: http://nexus/repository/maven-group/org/apache/maven/wagon/wagon-provider-api/2.5/wagon-provider-api-2.5.jar (53 kB at 86 kB/s)&#xD;&#xA;[INFO] Downloading from nexus: http://nexus/repository/maven-group/org/apache/maven/doxia/doxia-logging-api/1.4/doxia-logging-api-1.4.jar&#xD;&#xA;[INFO] Downloaded from nexus: http://nexus/repository/maven-group/org/apache/maven/wagon/wagon-file/2.5/wagon-file-2.5.jar (11 kB at 16 kB/s)&#xD;&#xA;[INFO] Downloading from nexus: http://nexus/repository/maven-group/org/codehaus/plexus/plexus-component-annotations/1.5.5/plexus-component-annotations-1.5.5.jar&#xD;&#xA;[INFO] Downloaded from nexus: http://nexus/repository/maven-group/org/codehaus/plexus/plexus-component-annotations/1.5.5/plexus-component-annotations-1.5.5.jar (4.2 kB at 5.2 kB/s)&#xD;&#xA;[INFO] Downloading from nexus: http://nexus/repository/maven-group/xerces/xercesImpl/2.9.1/xercesImpl-2.9.1.jar&#xD;&#xA;[INFO] Downloaded from nexus: http://nexus/repository/maven-group/commons-digester/commons-digester/1.6/commons-digester-1.6.jar (168 kB at 198 kB/s)&#xD;&#xA;[INFO] Downloading from nexus: http://nexus/repository/maven-group/xml-apis/xml-apis/1.3.04/xml-apis-1.3.04.jar&#xD;&#xA;[INFO] Downloaded from nexus: http://nexus/repository/maven-group/org/apache/maven/shared/maven-common-artifact-filters/1.4/maven-common-artifact-filters-1.4.jar (32 kB at 25 kB/s)&#xD;&#xA;[INFO] Downloading from nexus: http://nexus/repository/maven-group/org/apache/httpcomponents/httpclient/4.0.2/httpclient-4.0.2.jar&#xD;&#xA;[INFO] Downloaded from nexus: http://nexus/repository/maven-group/org/apache/maven/doxia/doxia-core/1.4/doxia-core-1.4.jar (165 kB at 127 kB/s)&#xD;&#xA;[INFO] Downloading from nexus: http://nexus/repository/maven-group/commons-codec/commons-codec/1.3/commons-codec-1.3.jar&#xD;&#xA;[INFO] Downloaded from nexus: http://nexus/repository/maven-group/commons-codec/commons-codec/1.3/commons-codec-1.3.jar (47 kB at 31 kB/s)&#xD;&#xA;[INFO] Downloading from nexus: http://nexus/repository/maven-group/org/apache/httpcomponents/httpcore/4.0.1/httpcore-4.0.1.jar&#xD;&#xA;[INFO] Downloaded from nexus: http://nexus/repository/maven-group/org/apache/maven/doxia/doxia-logging-api/1.4/doxia-logging-api-1.4.jar (11 kB at 6.5 kB/s)&#xD;&#xA;[INFO] Downloading from nexus: http://nexus/repository/maven-group/org/apache/maven/doxia/doxia-sink-api/1.4/doxia-sink-api-1.4.jar&#xD;&#xA;[INFO] Downloaded from nexus: http://nexus/repository/maven-group/org/apache/httpcomponents/httpclient/4.0.2/httpclient-4.0.2.jar (293 kB at 169 kB/s)&#xD;&#xA;[INFO] Downloading from nexus: http://nexus/repository/maven-group/org/apache/maven/doxia/doxia-site-renderer/1.4/doxia-site-renderer-1.4.jar&#xD;&#xA;[INFO] Downloaded from nexus: http://nexus/repository/maven-group/org/apache/httpcomponents/httpcore/4.0.1/httpcore-4.0.1.jar (173 kB at 99 kB/s)&#xD;&#xA;[INFO] Downloading from nexus: http://nexus/repository/maven-group/org/apache/maven/doxia/doxia-decoration-model/1.4/doxia-decoration-model-1.4.jar&#xD;&#xA;[INFO] Downloaded from nexus: http://nexus/repository/maven-group/xml-apis/xml-apis/1.3.04/xml-apis-1.3.04.jar (194 kB at 86 kB/s)&#xD;&#xA;[INFO] Downloading from nexus: http://nexus/repository/maven-group/org/apache/maven/doxia/doxia-module-xhtml/1.4/doxia-module-xhtml-1.4.jar&#xD;&#xA;[INFO] Downloaded from nexus: http://nexus/repository/maven-group/xerces/xercesImpl/2.9.1/xercesImpl-2.9.1.jar (1.2 MB at 502 kB/s)&#xD;&#xA;[INFO] Downloading from nexus: http://nexus/repository/maven-group/org/apache/maven/doxia/doxia-module-fml/1.4/doxia-module-fml-1.4.jar&#xD;&#xA;[INFO] Downloaded from nexus: http://nexus/repository/maven-group/org/apache/maven/doxia/doxia-site-renderer/1.4/doxia-site-renderer-1.4.jar (53 kB at 22 kB/s)&#xD;&#xA;[INFO] Downloading from nexus: http://nexus/repository/maven-group/org/codehaus/plexus/plexus-velocity/1.1.7/plexus-velocity-1.1.7.jar&#xD;&#xA;[INFO] Downloaded from nexus: http://nexus/repository/maven-group/org/codehaus/plexus/plexus-velocity/1.1.7/plexus-velocity-1.1.7.jar (7.7 kB at 3.1 kB/s)&#xD;&#xA;[INFO] Downloading from nexus: http://nexus/repository/maven-group/org/apache/velocity/velocity/1.5/velocity-1.5.jar&#xD;&#xA;[INFO] Downloaded from nexus: http://nexus/repository/maven-group/org/apache/maven/doxia/doxia-sink-api/1.4/doxia-sink-api-1.4.jar (11 kB at 4.5 kB/s)&#xD;&#xA;[INFO] Downloading from nexus: http://nexus/repository/maven-group/oro/oro/2.0.8/oro-2.0.8.jar&#xD;&#xA;[INFO] Downloaded from nexus: http://nexus/repository/maven-group/oro/oro/2.0.8/oro-2.0.8.jar (65 kB at 26 kB/s)&#xD;&#xA;[INFO] Downloading from nexus: http://nexus/repository/maven-group/org/apache/velocity/velocity-tools/2.0/velocity-tools-2.0.jar&#xD;&#xA;[INFO] Downloaded from nexus: http://nexus/repository/maven-group/org/apache/velocity/velocity-tools/2.0/velocity-tools-2.0.jar (347 kB at 137 kB/s)&#xD;&#xA;[INFO] Downloading from nexus: http://nexus/repository/maven-group/commons-chain/commons-chain/1.1/commons-chain-1.1.jar&#xD;&#xA;[INFO] Downloaded from nexus: http://nexus/repository/maven-group/org/apache/maven/doxia/doxia-decoration-model/1.4/doxia-decoration-model-1.4.jar (61 kB at 24 kB/s)&#xD;&#xA;[INFO] Downloading from nexus: http://nexus/repository/maven-group/dom4j/dom4j/1.1/dom4j-1.1.jar&#xD;&#xA;[INFO] Downloaded from nexus: http://nexus/repository/maven-group/org/apache/maven/doxia/doxia-module-xhtml/1.4/doxia-module-xhtml-1.4.jar (15 kB at 6.0 kB/s)&#xD;&#xA;[INFO] Downloading from nexus: http://nexus/repository/maven-group/sslext/sslext/1.2-0/sslext-1.2-0.jar&#xD;&#xA;[INFO] Downloaded from nexus: http://nexus/repository/maven-group/commons-chain/commons-chain/1.1/commons-chain-1.1.jar (90 kB at 35 kB/s)&#xD;&#xA;[INFO] Downloading from nexus: http://nexus/repository/maven-group/org/apache/struts/struts-core/1.3.8/struts-core-1.3.8.jar&#xD;&#xA;[INFO] Downloaded from nexus: http://nexus/repository/maven-group/dom4j/dom4j/1.1/dom4j-1.1.jar (457 kB at 176 kB/s)&#xD;&#xA;[INFO] Downloading from nexus: http://nexus/repository/maven-group/antlr/antlr/2.7.2/antlr-2.7.2.jar&#xD;&#xA;[INFO] Downloaded from nexus: http://nexus/repository/maven-group/sslext/sslext/1.2-0/sslext-1.2-0.jar (26 kB at 10 kB/s)&#xD;&#xA;[INFO] Downloading from nexus: http://nexus/repository/maven-group/org/apache/struts/struts-taglib/1.3.8/struts-taglib-1.3.8.jar&#xD;&#xA;[INFO] Downloaded from nexus: http://nexus/repository/maven-group/org/apache/struts/struts-taglib/1.3.8/struts-taglib-1.3.8.jar (252 kB at 94 kB/s)&#xD;&#xA;[INFO] Downloading from nexus: http://nexus/repository/maven-group/org/apache/struts/struts-tiles/1.3.8/struts-tiles-1.3.8.jar&#xD;&#xA;[INFO] Downloaded from nexus: http://nexus/repository/maven-group/org/apache/struts/struts-core/1.3.8/struts-core-1.3.8.jar (329 kB at 122 kB/s)&#xD;&#xA;[INFO] Downloading from nexus: http://nexus/repository/maven-group/commons-collections/commons-collections/3.2.1/commons-collections-3.2.1.jar&#xD;&#xA;[INFO] Downloaded from nexus: http://nexus/repository/maven-group/antlr/antlr/2.7.2/antlr-2.7.2.jar (358 kB at 133 kB/s)&#xD;&#xA;[INFO] Downloading from nexus: http://nexus/repository/maven-group/org/codehaus/plexus/plexus-utils/3.0.20/plexus-utils-3.0.20.jar&#xD;&#xA;[INFO] Downloaded from nexus: http://nexus/repository/maven-group/org/apache/struts/struts-tiles/1.3.8/struts-tiles-1.3.8.jar (120 kB at 44 kB/s)&#xD;&#xA;[INFO] Downloading from nexus: http://nexus/repository/maven-group/org/codehaus/plexus/plexus-container-default/1.5.5/plexus-container-default-1.5.5.jar&#xD;&#xA;[INFO] Downloaded from nexus: http://nexus/repository/maven-group/org/apache/maven/doxia/doxia-module-fml/1.4/doxia-module-fml-1.4.jar (38 kB at 14 kB/s)&#xD;&#xA;[INFO] Downloading from nexus: http://nexus/repository/maven-group/org/codehaus/plexus/plexus-classworlds/2.2.2/plexus-classworlds-2.2.2.jar&#xD;&#xA;[INFO] Downloaded from nexus: http://nexus/repository/maven-group/commons-collections/commons-collections/3.2.1/commons-collections-3.2.1.jar (575 kB at 209 kB/s)&#xD;&#xA;[INFO] Downloading from nexus: http://nexus/repository/maven-group/org/apache/xbean/xbean-reflect/3.4/xbean-reflect-3.4.jar&#xD;&#xA;[INFO] Downloaded from nexus: http://nexus/repository/maven-group/org/apache/velocity/velocity/1.5/velocity-1.5.jar (392 kB at 138 kB/s)&#xD;&#xA;[INFO] Downloading from nexus: http://nexus/repository/maven-group/log4j/log4j/1.2.12/log4j-1.2.12.jar&#xD;&#xA;[INFO] Downloaded from nexus: http://nexus/repository/maven-group/org/codehaus/plexus/plexus-classworlds/2.2.2/plexus-classworlds-2.2.2.jar (46 kB at 16 kB/s)&#xD;&#xA;[INFO] Downloading from nexus: http://nexus/repository/maven-group/commons-logging/commons-logging-api/1.1/commons-logging-api-1.1.jar&#xD;&#xA;[INFO] Downloaded from nexus: http://nexus/repository/maven-group/org/codehaus/plexus/plexus-container-default/1.5.5/plexus-container-default-1.5.5.jar (217 kB at 75 kB/s)&#xD;&#xA;[INFO] Downloading from nexus: http://nexus/repository/maven-group/com/google/collections/google-collections/1.0/google-collections-1.0.jar&#xD;&#xA;[INFO] Downloaded from nexus: http://nexus/repository/maven-group/org/apache/xbean/xbean-reflect/3.4/xbean-reflect-3.4.jar (134 kB at 46 kB/s)&#xD;&#xA;[INFO] Downloading from nexus: http://nexus/repository/maven-group/org/codehaus/plexus/plexus-interactivity-api/1.0-alpha-6/plexus-interactivity-api-1.0-alpha-6.jar&#xD;&#xA;[INFO] Downloaded from nexus: http://nexus/repository/maven-group/org/codehaus/plexus/plexus-utils/3.0.20/plexus-utils-3.0.20.jar (243 kB at 82 kB/s)&#xD;&#xA;[INFO] Downloading from nexus: http://nexus/repository/maven-group/org/codehaus/plexus/plexus-i18n/1.0-beta-10/plexus-i18n-1.0-beta-10.jar&#xD;&#xA;[INFO] Downloaded from nexus: http://nexus/repository/maven-group/org/codehaus/plexus/plexus-interactivity-api/1.0-alpha-6/plexus-interactivity-api-1.0-alpha-6.jar (12 kB at 4.0 kB/s)&#xD;&#xA;[INFO] Downloading from nexus: http://nexus/repository/maven-group/org/codehaus/woodstox/woodstox-core-asl/4.2.0/woodstox-core-asl-4.2.0.jar&#xD;&#xA;[INFO] Downloaded from nexus: http://nexus/repository/maven-group/com/google/collections/google-collections/1.0/google-collections-1.0.jar (640 kB at 214 kB/s)&#xD;&#xA;[INFO] Downloading from nexus: http://nexus/repository/maven-group/javax/xml/stream/stax-api/1.0-2/stax-api-1.0-2.jar&#xD;&#xA;[INFO] Downloaded from nexus: http://nexus/repository/maven-group/org/codehaus/woodstox/woodstox-core-asl/4.2.0/woodstox-core-asl-4.2.0.jar (482 kB at 159 kB/s)&#xD;&#xA;[INFO] Downloading from nexus: http://nexus/repository/maven-group/org/codehaus/woodstox/stax2-api/3.1.1/stax2-api-3.1.1.jar&#xD;&#xA;[INFO] Downloaded from nexus: http://nexus/repository/maven-group/org/codehaus/plexus/plexus-i18n/1.0-beta-10/plexus-i18n-1.0-beta-10.jar (12 kB at 3.9 kB/s)&#xD;&#xA;[INFO] Downloading from nexus: http://nexus/repository/maven-group/commons-lang/commons-lang/2.6/commons-lang-2.6.jar&#xD;&#xA;[INFO] Downloaded from nexus: http://nexus/repository/maven-group/javax/xml/stream/stax-api/1.0-2/stax-api-1.0-2.jar (23 kB at 7.7 kB/s)&#xD;&#xA;[INFO] Downloaded from nexus: http://nexus/repository/maven-group/org/codehaus/woodstox/stax2-api/3.1.1/stax2-api-3.1.1.jar (182 kB at 60 kB/s)&#xD;&#xA;[INFO] Downloaded from nexus: http://nexus/repository/maven-group/commons-lang/commons-lang/2.6/commons-lang-2.6.jar (284 kB at 93 kB/s)&#xD;&#xA;[INFO] Downloaded from nexus: http://nexus/repository/maven-group/commons-logging/commons-logging-api/1.1/commons-logging-api-1.1.jar (45 kB at 14 kB/s)&#xD;&#xA;[INFO] Downloaded from nexus: http://nexus/repository/maven-group/log4j/log4j/1.2.12/log4j-1.2.12.jar (358 kB at 115 kB/s)&#xD;&#xA;[INFO] Searching for local aggregator root...&#xD;&#xA;[INFO] Local aggregation root: /home/jenkins/workspace/sts_bdd-import-1547468057_master&#xD;&#xA;[INFO] Processing change of com.example:bdd-import-1547468057:1.0 -&gt; 1.0.0&#xD;&#xA;[INFO] Processing com.example:bdd-import-1547468057&#xD;&#xA;[INFO]     Updating project com.example:bdd-import-1547468057&#xD;&#xA;[INFO]         from version 1.0 to 1.0.0&#xD;&#xA;[INFO] &#xD;&#xA;[INFO] ------------------------------------------------------------------------&#xD;&#xA;[INFO] BUILD SUCCESS&#xD;&#xA;[INFO] ------------------------------------------------------------------------&#xD;&#xA;[INFO] Total time: 30.588 s&#xD;&#xA;[INFO] Finished at: 2019-01-14T12:42:08Z&#xD;&#xA;[INFO] ------------------------------------------------------------------------&#xD;&#xA;[Pipeline] sh&#xD;&#xA;++ cat VERSION&#xD;&#xA;+ jx step tag --version 1.0.0&#xD;&#xA;Tag v1.0.0 created and pushed to remote origin&#xD;&#xA;[Pipeline] sh&#xD;&#xA;+ mvn clean deploy&#xD;&#xA;Picked up _JAVA_OPTIONS: -XX:+UnlockExperimentalVMOptions -XX:+UseCGroupMemoryLimitForHeap -Dsun.zip.disableMemoryMapping=true -XX:+UseParallelGC -XX:MinHeapFreeRatio=5 -XX:MaxHeapFreeRatio=10 -XX:GCTimeRatio=4 -XX:AdaptiveSizePolicyWeight=90 -Xms10m -Xmx192m&#xD;&#xA;OpenJDK 64-Bit Server VM warning: If the number of processors is expected to increase from one, then you should configure the number of parallel GC threads appropriately using -XX:ParallelGCThreads=N&#xD;&#xA;[INFO] Scanning for projects...&#xD;&#xA;[INFO] &#xD;&#xA;[INFO] -----------------&lt; com.example:bdd-import-1547468057 &gt;------------------&#xD;&#xA;[INFO] Building Spring Boot Web Example 1.0.0&#xD;&#xA;[INFO] --------------------------------[ war ]---------------------------------&#xD;&#xA;[INFO] Downloading from nexus: http://nexus/repository/maven-group/org/springframework/boot/spring-boot-starter-actuator/2.0.0.RELEASE/spring-boot-starter-actuator-2.0.0.RELEASE.pom&#xD;&#xA;[INFO] Downloaded from nexus: http://nexus/repository/maven-group/org/springframework/boot/spring-boot-starter-actuator/2.0.0.RELEASE/spring-boot-starter-actuator-2.0.0.RELEASE.pom (2.6 kB at 9.9 kB/s)&#xD;&#xA;[INFO] Downloading from nexus: http://nexus/repository/maven-group/org/springframework/boot/spring-boot-starters/2.0.0.RELEASE/spring-boot-starters-2.0.0.RELEASE.pom&#xD;&#xA;[INFO] Downloaded from nexus: http://nexus/repository/maven-group/org/springframework/boot/spring-boot-starters/2.0.0.RELEASE/spring-boot-starters-2.0.0.RELEASE.pom (1.8 kB at 36 kB/s)&#xD;&#xA;[INFO] Downloading from nexus: http://nexus/repository/maven-group/org/springframework/boot/spring-boot-starter/2.0.0.RELEASE/spring-boot-starter-2.0.0.RELEASE.pom&#xD;&#xA;[INFO] Downloaded from nexus: http://nexus/repository/maven-group/org/springframework/boot/spring-boot-starter/2.0.0.RELEASE/spring-boot-starter-2.0.0.RELEASE.pom (3.1 kB at 72 kB/s)&#xD;&#xA;[INFO] Downloading from nexus: http://nexus/repository/maven-group/org/springframework/boot/spring-boot/2.0.0.RELEASE/spring-boot-2.0.0.RELEASE.pom&#xD;&#xA;[INFO] Downloaded from nexus: http://nexus/repository/maven-group/org/springframework/boot/spring-boot/2.0.0.RELEASE/spring-boot-2.0.0.RELEASE.pom (14 kB at 164 kB/s)&#xD;&#xA;[INFO] Downloading from nexus: http://nexus/repository/maven-group/org/springframework/spring-core/5.0.4.RELEASE/spring-core-5.0.4.RELEASE.pom&#xD;&#xA;[INFO] Downloaded from nexus: http://nexus/repository/maven-group/org/springframework/spring-core/5.0.4.RELEASE/spring-core-5.0.4.RELEASE.pom (5.7 kB at 85 kB/s)&#xD;&#xA;[INFO] Downloading from nexus: http://nexus/repository/maven-group/io/projectreactor/reactor-bom/Bismuth-SR6/reactor-bom-Bismuth-SR6.pom&#xD;&#xA;[INFO] Downloaded from nexus: http://nexus/repository/maven-group/io/projectreactor/reactor-bom/Bismuth-SR6/reactor-bom-Bismuth-SR6.pom (3.6 kB at 22 kB/s)&#xD;&#xA;[INFO] Downloading from nexus: http://nexus/repository/maven-group/io/netty/netty-bom/4.1.21.Final/netty-bom-4.1.21.Final.pom&#xD;&#xA;[INFO] Downloaded from nexus: http://nexus/repository/maven-group/io/netty/netty-bom/4.1.21.Final/netty-bom-4.1.21.Final.pom (7.9 kB at 184 kB/s)&#xD;&#xA;[INFO] Downloading from nexus: http://nexus/repository/maven-group/org/springframework/spring-jcl/5.0.4.RELEASE/spring-jcl-5.0.4.RELEASE.pom&#xD;&#xA;[INFO] Downloaded from nexus: http://nexus/repository/maven-group/org/springframework/spring-jcl/5.0.4.RELEASE/spring-jcl-5.0.4.RELEASE.pom (2.3 kB at 38 kB/s)&#xD;&#xA;[INFO] Downloading from nexus: http://nexus/repository/maven-group/org/springframework/spring-context/5.0.4.RELEASE/spring-context-5.0.4.RELEASE.pom&#xD;&#xA;[INFO] Downloaded from nexus: http://nexus/repository/maven-group/org/springframework/spring-context/5.0.4.RELEASE/spring-context-5.0.4.RELEASE.pom (9.1 kB at 165 kB/s)&#xD;&#xA;[INFO] Downloading from nexus: http://nexus/repository/maven-group/org/springframework/spring-aop/5.0.4.RELEASE/spring-aop-5.0.4.RELEASE.pom&#xD;&#xA;[INFO] Downloaded from nexus: http://nexus/repository/maven-group/org/springframework/spring-aop/5.0.4.RELEASE/spring-aop-5.0.4.RELEASE.pom (3.3 kB at 45 kB/s)&#xD;&#xA;[INFO] Downloading from nexus: http://nexus/repository/maven-group/org/springframework/spring-beans/5.0.4.RELEASE/spring-beans-5.0.4.RELEASE.pom&#xD;&#xA;[INFO] Downloaded from nexus: http://nexus/repository/maven-group/org/springframework/spring-beans/5.0.4.RELEASE/spring-beans-5.0.4.RELEASE.pom (3.7 kB at 73 kB/s)&#xD;&#xA;[INFO] Downloading from nexus: http://nexus/repository/maven-group/org/springframework/spring-expression/5.0.4.RELEASE/spring-expression-5.0.4.RELEASE.pom&#xD;&#xA;[INFO] Downloaded from nexus: http://nexus/repository/maven-group/org/springframework/spring-expression/5.0.4.RELEASE/spring-expression-5.0.4.RELEASE.pom (1.9 kB at 37 kB/s)&#xD;&#xA;[INFO] Downloading from nexus: http://nexus/repository/maven-group/org/springframework/boot/spring-boot-autoconfigure/2.0.0.RELEASE/spring-boot-autoconfigure-2.0.0.RELEASE.pom&#xD;&#xA;[INFO] Downloaded from nexus: http://nexus/repository/maven-group/org/springframework/boot/spring-boot-autoconfigure/2.0.0.RELEASE/spring-boot-autoconfigure-2.0.0.RELEASE.pom (32 kB at 214 kB/s)&#xD;&#xA;[INFO] Downloading from nexus: http://nexus/repository/maven-group/org/springframework/boot/spring-boot-starter-logging/2.0.0.RELEASE/spring-boot-starter-logging-2.0.0.RELEASE.pom&#xD;&#xA;[INFO] Downloaded from nexus: http://nexus/repository/maven-group/org/springframework/boot/spring-boot-starter-logging/2.0.0.RELEASE/spring-boot-starter-logging-2.0.0.RELEASE.pom (2.5 kB at 53 kB/s)&#xD;&#xA;[INFO] Downloading from nexus: http://nexus/repository/maven-group/ch/qos/logback/logback-classic/1.2.3/logback-classic-1.2.3.pom&#xD;&#xA;merge status: success for URL https://github.beescloud.com/api/v3/repos/dev1/environment-bdd-ghe-base-qs-22-staging/statuses/edcdf90e78eae8b463dcc69d8c54f59d80039d19 with target: http://jenkins.bdd-ghe-base-qs-22.104.155.31.11.nip.io/job/dev1/job/environment-bdd-ghe-base-qs-22-staging/job/master/2/display/redirect description: This commit looks good&#xD;&#xA;Merge status checks all passed so the promotion worked!&#xD;&#xA;[Pipeline] }&#xD;&#xA;[Pipeline] // dir&#xD;&#xA;[Pipeline] }&#xD;&#xA;[Pipeline] // container&#xD;&#xA;[Pipeline] }&#xD;&#xA;[Pipeline] // stage&#xD;&#xA;[INFO] Downloaded from nexus: http://nexus/repository/maven-group/ch/qos/logback/logback-classic/1.2.3/logback-classic-1.2.3.pom (13 kB at 727 kB/s)&#xD;&#xA;[INFO] Downloading from nexus: http://nexus/repository/maven-group/ch/qos/logback/logback-parent/1.2.3/logback-parent-1.2.3.pom&#xD;&#xA;[INFO] Downloaded from nexus: http://nexus/repository/maven-group/ch/qos/logback/logback-parent/1.2.3/logback-parent-1.2.3.pom (18 kB at 329 kB/s)&#xD;&#xA;[INFO] Downloading from nexus: http://nexus/repository/maven-group/ch/qos/logback/logback-core/1.2.3/logback-core-1.2.3.pom&#xD;&#xA;[INFO] Downloaded from nexus: http://nexus/repository/maven-group/ch/qos/logback/logback-core/1.2.3/logback-core-1.2.3.pom (4.2 kB at 350 kB/s)&#xD;&#xA;[INFO] Downloading from nexus: http://nexus/repository/maven-group/org/slf4j/slf4j-api/1.7.25/slf4j-api-1.7.25.pom&#xD;&#xA;[INFO] Downloaded from nexus: http://nexus/repository/maven-group/org/slf4j/slf4j-api/1.7.25/slf4j-api-1.7.25.pom (3.8 kB at 319 kB/s)&#xD;&#xA;[INFO] Downloading from nexus: http://nexus/repository/maven-group/org/slf4j/slf4j-parent/1.7.25/slf4j-parent-1.7.25.pom&#xD;&#xA;[INFO] Downloaded from nexus: http://nexus/repository/maven-group/org/slf4j/slf4j-parent/1.7.25/slf4j-parent-1.7.25.pom (14 kB at 901 kB/s)&#xD;&#xA;[INFO] Downloading from nexus: http://nexus/repository/maven-group/org/apache/logging/log4j/log4j-to-slf4j/2.10.0/log4j-to-slf4j-2.10.0.pom&#xD;&#xA;[INFO] Downloaded from nexus: http://nexus/repository/maven-group/org/apache/logging/log4j/log4j-to-slf4j/2.10.0/log4j-to-slf4j-2.10.0.pom (7.2 kB at 56 kB/s)&#xD;&#xA;[INFO] Downloading from nexus: http://nexus/repository/maven-group/org/apache/logging/log4j/log4j/2.10.0/log4j-2.10.0.pom&#xD;&#xA;[INFO] Downloaded from nexus: http://nexus/repository/maven-group/org/apache/logging/log4j/log4j/2.10.0/log4j-2.10.0.pom (56 kB at 643 kB/s)&#xD;&#xA;[INFO] Downloading from nexus: http://nexus/repository/maven-group/org/apache/logging/log4j/log4j-api/2.10.0/log4j-api-2.10.0.pom&#xD;&#xA;[INFO] Downloaded from nexus: http://nexus/repository/maven-group/org/apache/logging/log4j/log4j-api/2.10.0/log4j-api-2.10.0.pom (12 kB at 187 kB/s)&#xD;&#xA;[INFO] Downloading from nexus: http://nexus/repository/maven-group/org/slf4j/jul-to-slf4j/1.7.25/jul-to-slf4j-1.7.25.pom&#xD;&#xA;[INFO] Downloaded from nexus: http://nexus/repository/maven-group/org/slf4j/jul-to-slf4j/1.7.25/jul-to-slf4j-1.7.25.pom (986 B at 38 kB/s)&#xD;&#xA;[INFO] Downloading from nexus: http://nexus/repository/maven-group/javax/annotation/javax.annotation-api/1.3.2/javax.annotation-api-1.3.2.pom&#xD;&#xA;[INFO] Downloaded from nexus: http://nexus/repository/maven-group/javax/annotation/javax.annotation-api/1.3.2/javax.annotation-api-1.3.2.pom (14 kB at 557 kB/s)&#xD;&#xA;[INFO] Downloading from nexus: http://nexus/repository/maven-group/net/java/jvnet-parent/3/jvnet-parent-3.pom&#xD;&#xA;[INFO] Downloaded from nexus: http://nexus/repository/maven-group/net/java/jvnet-parent/3/jvnet-parent-3.pom (4.8 kB at 342 kB/s)&#xD;&#xA;[INFO] Downloading from nexus: http://nexus/repository/maven-group/org/yaml/snakeyaml/1.19/snakeyaml-1.19.pom&#xD;&#xA;[INFO] Downloaded from nexus: http://nexus/repository/maven-group/org/yaml/snakeyaml/1.19/snakeyaml-1.19.pom (35 kB at 483 kB/s)&#xD;&#xA;[INFO] Downloading from nexus: http://nexus/repository/maven-group/org/springframework/boot/spring-boot-actuator-autoconfigure/2.0.0.RELEASE/spring-boot-actuator-autoconfigure-2.0.0.RELEASE.pom&#xD;&#xA;[INFO] Downloaded from nexus: http://nexus/repository/maven-group/org/springframework/boot/spring-boot-actuator-autoconfigure/2.0.0.RELEASE/spring-boot-actuator-autoconfigure-2.0.0.RELEASE.pom (19 kB at 379 kB/s)&#xD;&#xA;[INFO] Downloading from nexus: http://nexus/repository/maven-group/org/springframework/boot/spring-boot-actuator/2.0.0.RELEASE/spring-boot-actuator-2.0.0.RELEASE.pom&#xD;&#xA;[INFO] Downloaded from nexus: http://nexus/repository/maven-group/org/springframework/boot/spring-boot-actuator/2.0.0.RELEASE/spring-boot-actuator-2.0.0.RELEASE.pom (13 kB at 243 kB/s)&#xD;&#xA;[INFO] Downloading from nexus: http://nexus/repository/maven-group/com/fasterxml/jackson/core/jackson-databind/2.9.4/jackson-databind-2.9.4.pom&#xD;&#xA;[INFO] Downloaded from nexus: http://nexus/repository/maven-group/com/fasterxml/jackson/core/jackson-databind/2.9.4/jackson-databind-2.9.4.pom (5.9 kB at 117 kB/s)&#xD;&#xA;[INFO] Downloading from nexus: http://nexus/repository/maven-group/com/fasterxml/jackson/jackson-base/2.9.4/jackson-base-2.9.4.pom&#xD;&#xA;[INFO] Downloaded from nexus: http://nexus/repository/maven-group/com/fasterxml/jackson/jackson-base/2.9.4/jackson-base-2.9.4.pom (5.6 kB at 71 kB/s)&#xD;&#xA;[INFO] Downloading from nexus: http://nexus/repository/maven-group/com/fasterxml/jackson/core/jackson-annotations/2.9.0/jackson-annotations-2.9.0.pom&#xD;&#xA;[INFO] Downloaded from nexus: http://nexus/repository/maven-group/com/fasterxml/jackson/core/jackson-annotations/2.9.0/jackson-annotations-2.9.0.pom (1.9 kB at 50 kB/s)&#xD;&#xA;[INFO] Downloading from nexus: http://nexus/repository/maven-group/com/fasterxml/jackson/jackson-parent/2.9.0/jackson-parent-2.9.0.pom&#xD;&#xA;[INFO] Downloaded from nexus: http://nexus/repository/maven-group/com/fasterxml/jackson/jackson-parent/2.9.0/jackson-parent-2.9.0.pom (7.8 kB at 782 kB/s)&#xD;&#xA;[Pipeline] stage&#xD;&#xA;[Pipeline] { (Declarative: Post Actions)&#xD;&#xA;[Pipeline] cleanWs&#xD;&#xA;[WS-CLEANUP] Deleting project workspace...&#xD;&#xA;[WS-CLEANUP] Deferred wipeout is used...&#xD;&#xA;[WS-CLEANUP] done&#xD;&#xA;[Pipeline] }&#xD;&#xA;[Pipeline] // stage&#xD;&#xA;[Pipeline] }&#xD;&#xA;[Pipeline] // withEnv&#xD;&#xA;[Pipeline] }&#xD;&#xA;[Pipeline] // withCredentials&#xD;&#xA;[Pipeline] }&#xD;&#xA;[Pipeline] // withEnv&#xD;&#xA;[Pipeline] }&#xD;&#xA;[Pipeline] // node&#xD;&#xA;[Pipeline] End of Pipeline&#xD;&#xA;[INFO] Downloading from nexus: http://nexus/repository/maven-group/com/fasterxml/oss-parent/28/oss-parent-28.pom&#xD;&#xA;[INFO] Downloaded from nexus: http://nexus/repository/maven-group/com/fasterxml/oss-parent/28/oss-parent-28.pom (20 kB at 1.7 MB/s)&#xD;&#xA;[INFO] Downloading from nexus: http://nexus/repository/maven-group/com/fasterxml/jackson/core/jackson-core/2.9.4/jackson-core-2.9.4.pom&#xD;&#xA;[INFO] Downloaded from nexus: http://nexus/repository/maven-group/com/fasterxml/jackson/core/jackson-core/2.9.4/jackson-core-2.9.4.pom (3.4 kB at 30 kB/s)&#xD;&#xA;[INFO] Downloading from nexus: http://nexus/repository/maven-group/com/fasterxml/jackson/datatype/jackson-datatype-jsr310/2.9.4/jackson-datatype-jsr310-2.9.4.pom&#xD;&#xA;[INFO] Downloaded from nexus: http://nexus/repository/maven-group/com/fasterxml/jackson/datatype/jackson-datatype-jsr310/2.9.4/jackson-datatype-jsr310-2.9.4.pom (4.3 kB at 66 kB/s)&#xD;&#xA;[INFO] Downloading from nexus: http://nexus/repository/maven-group/com/fasterxml/jackson/module/jackson-modules-java8/2.9.4/jackson-modules-java8-2.9.4.pom&#xD;&#xA;[INFO] Downloaded from nexus: http://nexus/repository/maven-group/com/fasterxml/jackson/module/jackson-modules-java8/2.9.4/jackson-modules-java8-2.9.4.pom (2.8 kB at 61 kB/s)&#xD;&#xA;[INFO] Downloading from nexus: http://nexus/repository/maven-group/io/micrometer/micrometer-core/1.0.1/micrometer-core-1.0.1.pom&#xD;&#xA;[INFO] Downloaded from nexus: http://nexus/repository/maven-group/io/micrometer/micrometer-core/1.0.1/micrometer-core-1.0.1.pom (6.2 kB at 156 kB/s)&#xD;&#xA;[INFO] Downloading from nexus: http://nexus/repository/maven-group/org/hdrhistogram/HdrHistogram/2.1.10/HdrHistogram-2.1.10.pom&#xD;&#xA;[INFO] Downloaded from nexus: http://nexus/repository/maven-group/org/hdrhistogram/HdrHistogram/2.1.10/HdrHistogram-2.1.10.pom (9.8 kB at 156 kB/s)&#xD;&#xA;[INFO] Downloading from nexus: http://nexus/repository/maven-group/org/latencyutils/LatencyUtils/2.0.3/LatencyUtils-2.0.3.pom&#xD;&#xA;[INFO] Downloaded from nexus: http://nexus/repository/maven-group/org/latencyutils/LatencyUtils/2.0.3/LatencyUtils-2.0.3.pom (7.2 kB at 362 kB/s)&#xD;&#xA;[INFO] Downloading from nexus: http://nexus/repository/maven-group/org/springframework/boot/spring-boot-starter-web/2.0.0.RELEASE/spring-boot-starter-web-2.0.0.RELEASE.pom&#xD;&#xA;[INFO] Downloaded from nexus: http://nexus/repository/maven-group/org/springframework/boot/spring-boot-starter-web/2.0.0.RELEASE/spring-boot-starter-web-2.0.0.RELEASE.pom (3.2 kB at 56 kB/s)&#xD;&#xA;[INFO] Downloading from nexus: http://nexus/repository/maven-group/org/springframework/boot/spring-boot-starter-json/2.0.0.RELEASE/spring-boot-starter-json-2.0.0.RELEASE.pom&#xD;&#xA;[INFO] Downloaded from nexus: http://nexus/repository/maven-group/org/springframework/boot/spring-boot-starter-json/2.0.0.RELEASE/spring-boot-starter-json-2.0.0.RELEASE.pom (3.1 kB at 78 kB/s)&#xD;&#xA;[INFO] Downloading from nexus: http://nexus/repository/maven-group/org/springframework/spring-web/5.0.4.RELEASE/spring-web-5.0.4.RELEASE.pom&#xD;&#xA;[INFO] Downloaded from nexus: http://nexus/repository/maven-group/org/springframework/spring-web/5.0.4.RELEASE/spring-web-5.0.4.RELEASE.pom (19 kB at 336 kB/s)&#xD;&#xA;[INFO] Downloading from nexus: http://nexus/repository/maven-group/com/fasterxml/jackson/datatype/jackson-datatype-jdk8/2.9.4/jackson-datatype-jdk8-2.9.4.pom&#xD;&#xA;[INFO] Downloaded from nexus: http://nexus/repository/maven-group/com/fasterxml/jackson/datatype/jackson-datatype-jdk8/2.9.4/jackson-datatype-jdk8-2.9.4.pom (1.9 kB at 44 kB/s)&#xD;&#xA;[INFO] Downloading from nexus: http://nexus/repository/maven-group/com/fasterxml/jackson/module/jackson-module-parameter-names/2.9.4/jackson-module-parameter-names-2.9.4.pom&#xD;&#xA;[INFO] Downloaded from nexus: http://nexus/repository/maven-group/com/fasterxml/jackson/module/jackson-module-parameter-names/2.9.4/jackson-module-parameter-names-2.9.4.pom (3.7 kB at 85 kB/s)&#xD;&#xA;[INFO] Downloading from nexus: http://nexus/repository/maven-group/org/springframework/boot/spring-boot-starter-tomcat/2.0.0.RELEASE/spring-boot-starter-tomcat-2.0.0.RELEASE.pom&#xD;&#xA;[INFO] Downloaded from nexus: http://nexus/repository/maven-group/org/springframework/boot/spring-boot-starter-tomcat/2.0.0.RELEASE/spring-boot-starter-tomcat-2.0.0.RELEASE.pom (3.0 kB at 66 kB/s)&#xD;&#xA;[INFO] Downloading from nexus: http://nexus/repository/maven-group/org/apache/tomcat/embed/tomcat-embed-core/8.5.28/tomcat-embed-core-8.5.28.pom&#xD;&#xA;[INFO] Downloaded from nexus: http://nexus/repository/maven-group/org/apache/tomcat/embed/tomcat-embed-core/8.5.28/tomcat-embed-core-8.5.28.pom (1.6 kB at 28 kB/s)&#xD;&#xA;[INFO] Downloading from nexus: http://nexus/repository/maven-group/org/apache/tomcat/embed/tomcat-embed-el/8.5.28/tomcat-embed-el-8.5.28.pom&#xD;&#xA;[INFO] Downloaded from nexus: http://nexus/repository/maven-group/org/apache/tomcat/embed/tomcat-embed-el/8.5.28/tomcat-embed-el-8.5.28.pom (1.3 kB at 24 kB/s)&#xD;&#xA;[INFO] Downloading from nexus: http://nexus/repository/maven-group/org/apache/tomcat/embed/tomcat-embed-websocket/8.5.28/tomcat-embed-websocket-8.5.28.pom&#xD;&#xA;[INFO] Downloaded from nexus: http://nexus/repository/maven-group/org/apache/tomcat/embed/tomcat-embed-websocket/8.5.28/tomcat-embed-websocket-8.5.28.pom (1.6 kB at 25 kB/s)&#xD;&#xA;[INFO] Downloading from nexus: http://nexus/repository/maven-group/org/apache/tomcat/tomcat-annotations-api/8.5.28/tomcat-annotations-api-8.5.28.pom&#xD;&#xA;[INFO] Downloaded from nexus: http://nexus/repository/maven-group/org/apache/tomcat/tomcat-annotations-api/8.5.28/tomcat-annotations-api-8.5.28.pom (1.3 kB at 20 kB/s)&#xD;&#xA;[INFO] Downloading from nexus: http://nexus/repository/maven-group/org/hibernate/validator/hibernate-validator/6.0.7.Final/hibernate-validator-6.0.7.Final.pom&#xD;&#xA;[INFO] Downloaded from nexus: http://nexus/repository/maven-group/org/hibernate/validator/hibernate-validator/6.0.7.Final/hibernate-validator-6.0.7.Final.pom (20 kB at 345 kB/s)&#xD;&#xA;[INFO] Downloading from nexus: http://nexus/repository/maven-group/org/hibernate/validator/hibernate-validator-parent/6.0.7.Final/hibernate-validator-parent-6.0.7.Final.pom&#xD;&#xA;[INFO] Downloaded from nexus: http://nexus/repository/maven-group/org/hibernate/validator/hibernate-validator-parent/6.0.7.Final/hibernate-validator-parent-6.0.7.Final.pom (58 kB at 1.1 MB/s)&#xD;&#xA;[INFO] Downloading from nexus: http://nexus/repository/maven-group/org/jboss/arquillian/arquillian-bom/1.1.11.Final/arquillian-bom-1.1.11.Final.pom&#xD;&#xA;[INFO] Downloaded from nexus: http://nexus/repository/maven-group/org/jboss/arquillian/arquillian-bom/1.1.11.Final/arquillian-bom-1.1.11.Final.pom (11 kB at 818 kB/s)&#xD;&#xA;[INFO] Downloading from nexus: http://nexus/repository/maven-group/org/jboss/shrinkwrap/shrinkwrap-bom/1.2.3/shrinkwrap-bom-1.2.3.pom&#xD;&#xA;[INFO] Downloaded from nexus: http://nexus/repository/maven-group/org/jboss/shrinkwrap/shrinkwrap-bom/1.2.3/shrinkwrap-bom-1.2.3.pom (4.0 kB at 332 kB/s)&#xD;&#xA;[INFO] Downloading from nexus: http://nexus/repository/maven-group/org/jboss/shrinkwrap/resolver/shrinkwrap-resolver-bom/2.2.0/shrinkwrap-resolver-bom-2.2.0.pom&#xD;&#xA;[INFO] Downloaded from nexus: http://nexus/repository/maven-group/org/jboss/shrinkwrap/resolver/shrinkwrap-resolver-bom/2.2.0/shrinkwrap-resolver-bom-2.2.0.pom (5.3 kB at 408 kB/s)&#xD;&#xA;[INFO] Downloading from nexus: http://nexus/repository/maven-group/org/jboss/shrinkwrap/descriptors/shrinkwrap-descriptors-bom/2.0.0-alpha-8/shrinkwrap-descriptors-bom-2.0.0-alpha-8.pom&#xD;&#xA;[INFO] Downloaded from nexus: http://nexus/repository/maven-group/org/jboss/shrinkwrap/descriptors/shrinkwrap-descriptors-bom/2.0.0-alpha-8/shrinkwrap-descriptors-bom-2.0.0-alpha-8.pom (5.2 kB at 403 kB/s)&#xD;&#xA;[INFO] Downloading from nexus: http://nexus/repository/maven-group/javax/validation/validation-api/2.0.1.Final/validation-api-2.0.1.Final.pom&#xD;&#xA;[INFO] Downloaded from nexus: http://nexus/repository/maven-group/javax/validation/validation-api/2.0.1.Final/validation-api-2.0.1.Final.pom (12 kB at 974 kB/s)&#xD;&#xA;[INFO] Downloading from nexus: http://nexus/repository/maven-group/org/jboss/logging/jboss-logging/3.3.2.Final/jboss-logging-3.3.2.Final.pom&#xD;&#xA;[INFO] Downloaded from nexus: http://nexus/repository/maven-group/org/jboss/logging/jboss-logging/3.3.2.Final/jboss-logging-3.3.2.Final.pom (6.4 kB at 529 kB/s)&#xD;&#xA;[INFO] Downloading from nexus: http://nexus/repository/maven-group/org/jboss/jboss-parent/15/jboss-parent-15.pom&#xD;&#xA;[INFO] Downloaded from nexus: http://nexus/repository/maven-group/org/jboss/jboss-parent/15/jboss-parent-15.pom (32 kB at 1.1 MB/s)&#xD;&#xA;[INFO] Downloading from nexus: http://nexus/repository/maven-group/com/fasterxml/classmate/1.3.4/classmate-1.3.4.pom&#xD;&#xA;[INFO] Downloaded from nexus: http://nexus/repository/maven-group/com/fasterxml/classmate/1.3.4/classmate-1.3.4.pom (5.8 kB at 94 kB/s)&#xD;&#xA;[INFO] Downloading from nexus: http://nexus/repository/maven-group/com/fasterxml/oss-parent/24/oss-parent-24.pom&#xD;&#xA;[INFO] Downloaded from nexus: http://nexus/repository/maven-group/com/fasterxml/oss-parent/24/oss-parent-24.pom (19 kB at 1.3 MB/s)&#xD;&#xA;[INFO] Downloading from nexus: http://nexus/repository/maven-group/org/springframework/spring-webmvc/5.0.4.RELEASE/spring-webmvc-5.0.4.RELEASE.pom&#xD;&#xA;[INFO] Downloaded from nexus: http://nexus/repository/maven-group/org/springframework/spring-webmvc/5.0.4.RELEASE/spring-webmvc-5.0.4.RELEASE.pom (14 kB at 300 kB/s)&#xD;&#xA;[INFO] Downloading from nexus: http://nexus/repository/maven-group/org/springframework/boot/spring-boot-starter-freemarker/2.0.0.RELEASE/spring-boot-starter-freemarker-2.0.0.RELEASE.pom&#xD;&#xA;[INFO] Downloaded from nexus: http://nexus/repository/maven-group/org/springframework/boot/spring-boot-starter-freemarker/2.0.0.RELEASE/spring-boot-starter-freemarker-2.0.0.RELEASE.pom (2.6 kB at 55 kB/s)&#xD;&#xA;[INFO] Downloading from nexus: http://nexus/repository/maven-group/org/freemarker/freemarker/2.3.27-incubating/freemarker-2.3.27-incubating.pom&#xD;&#xA;[INFO] Downloaded from nexus: http://nexus/repository/maven-group/org/freemarker/freemarker/2.3.27-incubating/freemarker-2.3.27-incubating.pom (3.5 kB at 85 kB/s)&#xD;&#xA;[INFO] Downloading from nexus: http://nexus/repository/maven-group/org/springframework/spring-context-support/5.0.4.RELEASE/spring-context-support-5.0.4.RELEASE.pom&#xD;&#xA;[INFO] Downloaded from nexus: http://nexus/repository/maven-group/org/springframework/spring-context-support/5.0.4.RELEASE/spring-context-support-5.0.4.RELEASE.pom (6.4 kB at 109 kB/s)&#xD;&#xA;[INFO] Downloading from nexus: http://nexus/repository/maven-group/javax/servlet/jstl/1.2/jstl-1.2.pom&#xD;&#xA;[INFO] Downloaded from nexus: http://nexus/repository/maven-group/javax/servlet/jstl/1.2/jstl-1.2.pom (356 B at 4.7 kB/s)&#xD;&#xA;[INFO] Downloading from nexus: http://nexus/repository/maven-group/org/apache/tomcat/embed/tomcat-embed-jasper/8.5.28/tomcat-embed-jasper-8.5.28.pom&#xD;&#xA;[INFO] Downloaded from nexus: http://nexus/repository/maven-group/org/apache/tomcat/embed/tomcat-embed-jasper/8.5.28/tomcat-embed-jasper-8.5.28.pom (1.9 kB at 32 kB/s)&#xD;&#xA;[INFO] Downloading from nexus: http://nexus/repository/maven-group/org/eclipse/jdt/ecj/3.12.3/ecj-3.12.3.pom&#xD;&#xA;[INFO] Downloaded from nexus: http://nexus/repository/maven-group/org/eclipse/jdt/ecj/3.12.3/ecj-3.12.3.pom (1.7 kB at 39 kB/s)&#xD;&#xA;[INFO] Downloading from nexus: http://nexus/repository/maven-group/org/eclipse/jdt/core/compiler/ecj/4.6.1/ecj-4.6.1.pom&#xD;&#xA;[INFO] Downloaded from nexus: http://nexus/repository/maven-group/org/eclipse/jdt/core/compiler/ecj/4.6.1/ecj-4.6.1.pom (2.2 kB at 54 kB/s)&#xD;&#xA;[INFO] Downloading from nexus: http://nexus/repository/maven-group/org/webjars/bootstrap/3.3.7/bootstrap-3.3.7.pom&#xD;&#xA;[INFO] Downloaded from nexus: http://nexus/repository/maven-group/org/webjars/bootstrap/3.3.7/bootstrap-3.3.7.pom (7.8 kB at 201 kB/s)&#xD;&#xA;[INFO] Downloading from nexus: http://nexus/repository/maven-group/org/webjars/jquery/1.11.1/jquery-1.11.1.pom&#xD;&#xA;[INFO] Downloaded from nexus: http://nexus/repository/maven-group/org/webjars/jquery/1.11.1/jquery-1.11.1.pom (7.0 kB at 148 kB/s)&#xD;&#xA;[INFO] Downloading from nexus: http://nexus/repository/maven-group/io/jenkins-x/client/jx-java-client/1.0.4/jx-java-client-1.0.4.pom&#xD;&#xA;[INFO] Downloaded from nexus: http://nexus/repository/maven-group/io/jenkins-x/client/jx-java-client/1.0.4/jx-java-client-1.0.4.pom (6.7 kB at 106 kB/s)&#xD;&#xA;[INFO] Downloading from nexus: http://nexus/repository/maven-group/org/sonatype/oss/oss-parent/9/oss-parent-9.pom&#xD;&#xA;[INFO] Downloaded from nexus: http://nexus/repository/maven-group/org/sonatype/oss/oss-parent/9/oss-parent-9.pom (6.6 kB at 365 kB/s)&#xD;&#xA;[INFO] Downloading from nexus: http://nexus/repository/maven-group/io/fabric8/kubernetes-client/3.1.12/kubernetes-client-3.1.12.pom&#xD;&#xA;[INFO] Downloaded from nexus: http://nexus/repository/maven-group/io/fabric8/kubernetes-client/3.1.12/kubernetes-client-3.1.12.pom (9.1 kB at 144 kB/s)&#xD;&#xA;[INFO] Downloading from nexus: http://nexus/repository/maven-group/io/fabric8/kubernetes-client-project/3.1.12/kubernetes-client-project-3.1.12.pom&#xD;&#xA;[INFO] Downloaded from nexus: http://nexus/repository/maven-group/io/fabric8/kubernetes-client-project/3.1.12/kubernetes-client-project-3.1.12.pom (14 kB at 255 kB/s)&#xD;&#xA;[INFO] Downloading from nexus: http://nexus/repository/maven-group/io/fabric8/kubernetes-model/2.0.9/kubernetes-model-2.0.9.pom&#xD;&#xA;[INFO] Downloaded from nexus: http://nexus/repository/maven-group/io/fabric8/kubernetes-model/2.0.9/kubernetes-model-2.0.9.pom (7.4 kB at 130 kB/s)&#xD;&#xA;[INFO] Downloading from nexus: http://nexus/repository/maven-group/io/fabric8/kubernetes-model-generator/2.0.9/kubernetes-model-generator-2.0.9.pom&#xD;&#xA;[INFO] Downloaded from nexus: http://nexus/repository/maven-group/io/fabric8/kubernetes-model-generator/2.0.9/kubernetes-model-generator-2.0.9.pom (14 kB at 222 kB/s)&#xD;&#xA;[INFO] Downloading from nexus: http://nexus/repository/maven-group/com/fasterxml/jackson/module/jackson-module-jaxb-annotations/2.9.4/jackson-module-jaxb-annotations-2.9.4.pom&#xD;&#xA;[INFO] Downloaded from nexus: http://nexus/repository/maven-group/com/fasterxml/jackson/module/jackson-module-jaxb-annotations/2.9.4/jackson-module-jaxb-annotations-2.9.4.pom (2.0 kB at 37 kB/s)&#xD;&#xA;[INFO] Downloading from nexus: http://nexus/repository/maven-group/com/fasterxml/jackson/module/jackson-modules-base/2.9.4/jackson-modules-base-2.9.4.pom&#xD;&#xA;[INFO] Downloaded from nexus: http://nexus/repository/maven-group/com/fasterxml/jackson/module/jackson-modules-base/2.9.4/jackson-modules-base-2.9.4.pom (2.6 kB at 49 kB/s)&#xD;&#xA;[INFO] Downloading from nexus: http://nexus/repository/maven-group/com/squareup/okhttp3/okhttp/3.9.1/okhttp-3.9.1.pom&#xD;&#xA;[INFO] Downloaded from nexus: http://nexus/repository/maven-group/com/squareup/okhttp3/okhttp/3.9.1/okhttp-3.9.1.pom (1.7 kB at 27 kB/s)&#xD;&#xA;[INFO] Downloading from nexus: http://nexus/repository/maven-group/com/squareup/okhttp3/parent/3.9.1/parent-3.9.1.pom&#xD;&#xA;[INFO] Downloaded from nexus: http://nexus/repository/maven-group/com/squareup/okhttp3/parent/3.9.1/parent-3.9.1.pom (18 kB at 272 kB/s)&#xD;&#xA;[INFO] Downloading from nexus: http://nexus/repository/maven-group/com/squareup/okio/okio/1.13.0/okio-1.13.0.pom&#xD;&#xA;[INFO] Downloaded from nexus: http://nexus/repository/maven-group/com/squareup/okio/okio/1.13.0/okio-1.13.0.pom (1.6 kB at 43 kB/s)&#xD;&#xA;[INFO] Downloading from nexus: http://nexus/repository/maven-group/com/squareup/okio/okio-parent/1.13.0/okio-parent-1.13.0.pom&#xD;&#xA;[INFO] Downloaded from nexus: http://nexus/repository/maven-group/com/squareup/okio/okio-parent/1.13.0/okio-parent-1.13.0.pom (4.8 kB at 97 kB/s)&#xD;&#xA;[INFO] Downloading from nexus: http://nexus/repository/maven-group/com/squareup/okhttp3/logging-interceptor/3.9.1/logging-interceptor-3.9.1.pom&#xD;&#xA;[INFO] Downloaded from nexus: http://nexus/repository/maven-group/com/squareup/okhttp3/logging-interceptor/3.9.1/logging-interceptor-3.9.1.pom (1.4 kB at 30 kB/s)&#xD;&#xA;[INFO] Downloading from nexus: http://nexus/repository/maven-group/com/fasterxml/jackson/dataformat/jackson-dataformat-yaml/2.9.4/jackson-dataformat-yaml-2.9.4.pom&#xD;&#xA;[INFO] Downloaded from nexus: http://nexus/repository/maven-group/com/fasterxml/jackson/dataformat/jackson-dataformat-yaml/2.9.4/jackson-dataformat-yaml-2.9.4.pom (2.1 kB at 56 kB/s)&#xD;&#xA;[INFO] Downloading from nexus: http://nexus/repository/maven-group/com/fasterxml/jackson/dataformat/jackson-dataformats-text/2.9.4/jackson-dataformats-text-2.9.4.pom&#xD;&#xA;[INFO] Downloaded from nexus: http://nexus/repository/maven-group/com/fasterxml/jackson/dataformat/jackson-dataformats-text/2.9.4/jackson-dataformats-text-2.9.4.pom (2.6 kB at 59 kB/s)&#xD;&#xA;[INFO] Downloading from nexus: http://nexus/repository/maven-group/io/fabric8/zjsonpatch/0.3.0/zjsonpatch-0.3.0.pom&#xD;&#xA;[INFO] Downloaded from nexus: http://nexus/repository/maven-group/io/fabric8/zjsonpatch/0.3.0/zjsonpatch-0.3.0.pom (14 kB at 182 kB/s)&#xD;&#xA;[INFO] Downloading from nexus: http://nexus/repository/maven-group/com/github/mifmif/generex/1.0.1/generex-1.0.1.pom&#xD;&#xA;[INFO] Downloaded from nexus: http://nexus/repository/maven-group/com/github/mifmif/generex/1.0.1/generex-1.0.1.pom (11 kB at 190 kB/s)&#xD;&#xA;[INFO] Downloading from nexus: http://nexus/repository/maven-group/dk/brics/automaton/automaton/1.11-8/automaton-1.11-8.pom&#xD;&#xA;[INFO] Downloaded from nexus: http://nexus/repository/maven-group/dk/brics/automaton/automaton/1.11-8/automaton-1.11-8.pom (1.1 kB at 7.1 kB/s)&#xD;&#xA;[INFO] Downloading from nexus: http://nexus/repository/maven-group/org/springframework/boot/spring-boot-starter-actuator/2.0.0.RELEASE/spring-boot-starter-actuator-2.0.0.RELEASE.jar&#xD;&#xA;[INFO] Downloading from nexus: http://nexus/repository/maven-group/org/springframework/boot/spring-boot-starter/2.0.0.RELEASE/spring-boot-starter-2.0.0.RELEASE.jar&#xD;&#xA;[INFO] Downloading from nexus: http://nexus/repository/maven-group/org/springframework/boot/spring-boot-autoconfigure/2.0.0.RELEASE/spring-boot-autoconfigure-2.0.0.RELEASE.jar&#xD;&#xA;[INFO] Downloading from nexus: http://nexus/repository/maven-group/org/springframework/boot/spring-boot/2.0.0.RELEASE/spring-boot-2.0.0.RELEASE.jar&#xD;&#xA;[INFO] Downloading from nexus: http://nexus/repository/maven-group/org/springframework/boot/spring-boot-starter-logging/2.0.0.RELEASE/spring-boot-starter-logging-2.0.0.RELEASE.jar&#xD;&#xA;[INFO] Downloaded from nexus: http://nexus/repository/maven-group/org/springframework/boot/spring-boot-starter/2.0.0.RELEASE/spring-boot-starter-2.0.0.RELEASE.jar (592 B at 5.1 kB/s)&#xD;&#xA;[INFO] Downloading from nexus: http://nexus/repository/maven-group/ch/qos/logback/logback-classic/1.2.3/logback-classic-1.2.3.jar&#xD;&#xA;[INFO] Downloaded from nexus: http://nexus/repository/maven-group/org/springframework/boot/spring-boot-starter-actuator/2.0.0.RELEASE/spring-boot-starter-actuator-2.0.0.RELEASE.jar (612 B at 4.8 kB/s)&#xD;&#xA;[INFO] Downloading from nexus: http://nexus/repository/maven-group/ch/qos/logback/logback-core/1.2.3/logback-core-1.2.3.jar&#xD;&#xA;[INFO] Downloaded from nexus: http://nexus/repository/maven-group/org/springframework/boot/spring-boot-starter-logging/2.0.0.RELEASE/spring-boot-starter-logging-2.0.0.RELEASE.jar (613 B at 4.5 kB/s)&#xD;&#xA;[INFO] Downloading from nexus: http://nexus/repository/maven-group/org/apache/logging/log4j/log4j-to-slf4j/2.10.0/log4j-to-slf4j-2.10.0.jar&#xD;&#xA;[INFO] Downloaded from nexus: http://nexus/repository/maven-group/ch/qos/logback/logback-core/1.2.3/logback-core-1.2.3.jar (472 kB at 3.2 MB/s)&#xD;&#xA;[INFO] Downloading from nexus: http://nexus/repository/maven-group/org/apache/logging/log4j/log4j-api/2.10.0/log4j-api-2.10.0.jar&#xD;&#xA;[INFO] Downloaded from nexus: http://nexus/repository/maven-group/ch/qos/logback/logback-classic/1.2.3/logback-classic-1.2.3.jar (290 kB at 1.6 MB/s)&#xD;&#xA;[INFO] Downloading from nexus: http://nexus/repository/maven-group/org/springframework/spring-core/5.0.4.RELEASE/spring-core-5.0.4.RELEASE.jar&#xD;&#xA;[INFO] Downloaded from nexus: http://nexus/repository/maven-group/org/apache/logging/log4j/log4j-to-slf4j/2.10.0/log4j-to-slf4j-2.10.0.jar (18 kB at 72 kB/s)&#xD;&#xA;[INFO] Downloading from nexus: http://nexus/repository/maven-group/org/springframework/spring-jcl/5.0.4.RELEASE/spring-jcl-5.0.4.RELEASE.jar&#xD;&#xA;[INFO] Downloaded from nexus: http://nexus/repository/maven-group/org/apache/logging/log4j/log4j-api/2.10.0/log4j-api-2.10.0.jar (255 kB at 786 kB/s)&#xD;&#xA;[INFO] Downloading from nexus: http://nexus/repository/maven-group/org/yaml/snakeyaml/1.19/snakeyaml-1.19.jar&#xD;&#xA;[INFO] Downloaded from nexus: http://nexus/repository/maven-group/org/springframework/boot/spring-boot/2.0.0.RELEASE/spring-boot-2.0.0.RELEASE.jar (922 kB at 2.5 MB/s)&#xD;&#xA;[INFO] Downloading from nexus: http://nexus/repository/maven-group/org/springframework/boot/spring-boot-actuator-autoconfigure/2.0.0.RELEASE/spring-boot-actuator-autoconfigure-2.0.0.RELEASE.jar&#xD;&#xA;[INFO] Downloaded from nexus: http://nexus/repository/maven-group/org/springframework/spring-jcl/5.0.4.RELEASE/spring-jcl-5.0.4.RELEASE.jar (16 kB at 39 kB/s)&#xD;&#xA;[INFO] Downloading from nexus: http://nexus/repository/maven-group/org/springframework/boot/spring-boot-actuator/2.0.0.RELEASE/spring-boot-actuator-2.0.0.RELEASE.jar&#xD;&#xA;[INFO] Downloaded from nexus: http://nexus/repository/maven-group/org/yaml/snakeyaml/1.19/snakeyaml-1.19.jar (298 kB at 619 kB/s)&#xD;&#xA;[INFO] Downloading from nexus: http://nexus/repository/maven-group/com/fasterxml/jackson/core/jackson-databind/2.9.4/jackson-databind-2.9.4.jar&#xD;&#xA;[INFO] Downloaded from nexus: http://nexus/repository/maven-group/org/springframework/boot/spring-boot-autoconfigure/2.0.0.RELEASE/spring-boot-autoconfigure-2.0.0.RELEASE.jar (1.1 MB at 2.1 MB/s)&#xD;&#xA;[INFO] Downloading from nexus: http://nexus/repository/maven-group/com/fasterxml/jackson/core/jackson-annotations/2.9.0/jackson-annotations-2.9.0.jar&#xD;&#xA;[INFO] Downloaded from nexus: http://nexus/repository/maven-group/com/fasterxml/jackson/core/jackson-annotations/2.9.0/jackson-annotations-2.9.0.jar (67 kB at 118 kB/s)&#xD;&#xA;[INFO] Downloading from nexus: http://nexus/repository/maven-group/org/springframework/spring-context/5.0.4.RELEASE/spring-context-5.0.4.RELEASE.jar&#xD;&#xA;[INFO] Downloaded from nexus: http://nexus/repository/maven-group/org/springframework/boot/spring-boot-actuator-autoconfigure/2.0.0.RELEASE/spring-boot-actuator-autoconfigure-2.0.0.RELEASE.jar (368 kB at 488 kB/s)&#xD;&#xA;[INFO] Downloading from nexus: http://nexus/repository/maven-group/com/fasterxml/jackson/datatype/jackson-datatype-jsr310/2.9.4/jackson-datatype-jsr310-2.9.4.jar&#xD;&#xA;[INFO] Downloaded from nexus: http://nexus/repository/maven-group/org/springframework/boot/spring-boot-actuator/2.0.0.RELEASE/spring-boot-actuator-2.0.0.RELEASE.jar (458 kB at 574 kB/s)&#xD;&#xA;[INFO] Downloading from nexus: http://nexus/repository/maven-group/io/micrometer/micrometer-core/1.0.1/micrometer-core-1.0.1.jar&#xD;&#xA;[INFO] Downloaded from nexus: http://nexus/repository/maven-group/org/springframework/spring-core/5.0.4.RELEASE/spring-core-5.0.4.RELEASE.jar (1.2 MB at 1.4 MB/s)&#xD;&#xA;[INFO] Downloading from nexus: http://nexus/repository/maven-group/org/hdrhistogram/HdrHistogram/2.1.10/HdrHistogram-2.1.10.jar&#xD;&#xA;[INFO] Downloaded from nexus: http://nexus/repository/maven-group/com/fasterxml/jackson/datatype/jackson-datatype-jsr310/2.9.4/jackson-datatype-jsr310-2.9.4.jar (98 kB at 109 kB/s)&#xD;&#xA;[INFO] Downloading from nexus: http://nexus/repository/maven-group/org/latencyutils/LatencyUtils/2.0.3/LatencyUtils-2.0.3.jar&#xD;&#xA;[INFO] Downloaded from nexus: http://nexus/repository/maven-group/org/latencyutils/LatencyUtils/2.0.3/LatencyUtils-2.0.3.jar (30 kB at 32 kB/s)&#xD;&#xA;[INFO] Downloading from nexus: http://nexus/repository/maven-group/org/springframework/boot/spring-boot-starter-web/2.0.0.RELEASE/spring-boot-starter-web-2.0.0.RELEASE.jar&#xD;&#xA;[INFO] Downloaded from nexus: http://nexus/repository/maven-group/org/springframework/spring-context/5.0.4.RELEASE/spring-context-5.0.4.RELEASE.jar (1.1 MB at 1.1 MB/s)&#xD;&#xA;[INFO] Downloading from nexus: http://nexus/repository/maven-group/org/springframework/boot/spring-boot-starter-json/2.0.0.RELEASE/spring-boot-starter-json-2.0.0.RELEASE.jar&#xD;&#xA;[INFO] Downloaded from nexus: http://nexus/repository/maven-group/org/hdrhistogram/HdrHistogram/2.1.10/HdrHistogram-2.1.10.jar (118 kB at 110 kB/s)&#xD;&#xA;[INFO] Downloading from nexus: http://nexus/repository/maven-group/com/fasterxml/jackson/datatype/jackson-datatype-jdk8/2.9.4/jackson-datatype-jdk8-2.9.4.jar&#xD;&#xA;[INFO] Downloaded from nexus: http://nexus/repository/maven-group/org/springframework/boot/spring-boot-starter-web/2.0.0.RELEASE/spring-boot-starter-web-2.0.0.RELEASE.jar (588 B at 547 B/s)&#xD;&#xA;[INFO] Downloading from nexus: http://nexus/repository/maven-group/com/fasterxml/jackson/module/jackson-module-parameter-names/2.9.4/jackson-module-parameter-names-2.9.4.jar&#xD;&#xA;[INFO] Downloaded from nexus: http://nexus/repository/maven-group/io/micrometer/micrometer-core/1.0.1/micrometer-core-1.0.1.jar (297 kB at 274 kB/s)&#xD;&#xA;[INFO] Downloading from nexus: http://nexus/repository/maven-group/org/hibernate/validator/hibernate-validator/6.0.7.Final/hibernate-validator-6.0.7.Final.jar&#xD;&#xA;[INFO] Downloaded from nexus: http://nexus/repository/maven-group/org/springframework/boot/spring-boot-starter-json/2.0.0.RELEASE/spring-boot-starter-json-2.0.0.RELEASE.jar (645 B at 560 B/s)&#xD;&#xA;[INFO] Downloading from nexus: http://nexus/repository/maven-group/javax/validation/validation-api/2.0.1.Final/validation-api-2.0.1.Final.jar&#xD;&#xA;[INFO] Downloaded from nexus: http://nexus/repository/maven-group/javax/validation/validation-api/2.0.1.Final/validation-api-2.0.1.Final.jar (93 kB at 80 kB/s)&#xD;&#xA;[INFO] Downloading from nexus: http://nexus/repository/maven-group/org/jboss/logging/jboss-logging/3.3.2.Final/jboss-logging-3.3.2.Final.jar&#xD;&#xA;[INFO] Downloaded from nexus: http://nexus/repository/maven-group/com/fasterxml/jackson/module/jackson-module-parameter-names/2.9.4/jackson-module-parameter-names-2.9.4.jar (8.6 kB at 7.2 kB/s)&#xD;&#xA;[INFO] Downloading from nexus: http://nexus/repository/maven-group/com/fasterxml/classmate/1.3.4/classmate-1.3.4.jar&#xD;&#xA;[INFO] Downloaded from nexus: http://nexus/repository/maven-group/com/fasterxml/jackson/datatype/jackson-datatype-jdk8/2.9.4/jackson-datatype-jdk8-2.9.4.jar (33 kB at 28 kB/s)&#xD;&#xA;[INFO] Downloading from nexus: http://nexus/repository/maven-group/org/springframework/spring-web/5.0.4.RELEASE/spring-web-5.0.4.RELEASE.jar&#xD;&#xA;[INFO] Downloaded from nexus: http://nexus/repository/maven-group/com/fasterxml/jackson/core/jackson-databind/2.9.4/jackson-databind-2.9.4.jar (1.3 MB at 1.1 MB/s)&#xD;&#xA;[INFO] Downloading from nexus: http://nexus/repository/maven-group/org/springframework/spring-beans/5.0.4.RELEASE/spring-beans-5.0.4.RELEASE.jar&#xD;&#xA;[INFO] Downloaded from nexus: http://nexus/repository/maven-group/org/jboss/logging/jboss-logging/3.3.2.Final/jboss-logging-3.3.2.Final.jar (66 kB at 53 kB/s)&#xD;&#xA;[INFO] Downloading from nexus: http://nexus/repository/maven-group/org/springframework/spring-webmvc/5.0.4.RELEASE/spring-webmvc-5.0.4.RELEASE.jar&#xD;&#xA;[INFO] Downloaded from nexus: http://nexus/repository/maven-group/com/fasterxml/classmate/1.3.4/classmate-1.3.4.jar (65 kB at 45 kB/s)&#xD;&#xA;[INFO] Downloading from nexus: http://nexus/repository/maven-group/org/springframework/spring-aop/5.0.4.RELEASE/spring-aop-5.0.4.RELEASE.jar&#xD;&#xA;[INFO] Downloaded from nexus: http://nexus/repository/maven-group/org/springframework/spring-webmvc/5.0.4.RELEASE/spring-webmvc-5.0.4.RELEASE.jar (782 kB at 533 kB/s)&#xD;&#xA;[INFO] Downloading from nexus: http://nexus/repository/maven-group/org/springframework/spring-expression/5.0.4.RELEASE/spring-expression-5.0.4.RELEASE.jar&#xD;&#xA;[INFO] Downloaded from nexus: http://nexus/repository/maven-group/org/springframework/spring-beans/5.0.4.RELEASE/spring-beans-5.0.4.RELEASE.jar (654 kB at 443 kB/s)&#xD;&#xA;[INFO] Downloading from nexus: http://nexus/repository/maven-group/org/springframework/boot/spring-boot-starter-tomcat/2.0.0.RELEASE/spring-boot-starter-tomcat-2.0.0.RELEASE.jar&#xD;&#xA;[INFO] Downloaded from nexus: http://nexus/repository/maven-group/org/hibernate/validator/hibernate-validator/6.0.7.Final/hibernate-validator-6.0.7.Final.jar (1.1 MB at 720 kB/s)&#xD;&#xA;[INFO] Downloading from nexus: http://nexus/repository/maven-group/javax/annotation/javax.annotation-api/1.3.2/javax.annotation-api-1.3.2.jar&#xD;&#xA;[INFO] Downloaded from nexus: http://nexus/repository/maven-group/javax/annotation/javax.annotation-api/1.3.2/javax.annotation-api-1.3.2.jar (27 kB at 17 kB/s)&#xD;&#xA;[INFO] Downloading from nexus: http://nexus/repository/maven-group/org/apache/tomcat/embed/tomcat-embed-core/8.5.28/tomcat-embed-core-8.5.28.jar&#xD;&#xA;[INFO] Downloaded from nexus: http://nexus/repository/maven-group/org/springframework/spring-expression/5.0.4.RELEASE/spring-expression-5.0.4.RELEASE.jar (263 kB at 161 kB/s)&#xD;&#xA;[INFO] Downloading from nexus: http://nexus/repository/maven-group/org/apache/tomcat/embed/tomcat-embed-el/8.5.28/tomcat-embed-el-8.5.28.jar&#xD;&#xA;[INFO] Downloaded from nexus: http://nexus/repository/maven-group/org/springframework/boot/spring-boot-starter-tomcat/2.0.0.RELEASE/spring-boot-starter-tomcat-2.0.0.RELEASE.jar (590 B at 355 B/s)&#xD;&#xA;[INFO] Downloading from nexus: http://nexus/repository/maven-group/org/apache/tomcat/embed/tomcat-embed-websocket/8.5.28/tomcat-embed-websocket-8.5.28.jar&#xD;&#xA;[INFO] Downloaded from nexus: http://nexus/repository/maven-group/org/springframework/spring-web/5.0.4.RELEASE/spring-web-5.0.4.RELEASE.jar (1.2 MB at 722 kB/s)&#xD;&#xA;[INFO] Downloading from nexus: http://nexus/repository/maven-group/org/springframework/boot/spring-boot-starter-freemarker/2.0.0.RELEASE/spring-boot-starter-freemarker-2.0.0.RELEASE.jar&#xD;&#xA;[INFO] Downloaded from nexus: http://nexus/repository/maven-group/org/springframework/spring-aop/5.0.4.RELEASE/spring-aop-5.0.4.RELEASE.jar (360 kB at 207 kB/s)&#xD;&#xA;[INFO] Downloading from nexus: http://nexus/repository/maven-group/org/freemarker/freemarker/2.3.27-incubating/freemarker-2.3.27-incubating.jar&#xD;&#xA;[INFO] Downloaded from nexus: http://nexus/repository/maven-group/org/apache/tomcat/embed/tomcat-embed-el/8.5.28/tomcat-embed-el-8.5.28.jar (240 kB at 128 kB/s)&#xD;&#xA;[INFO] Downloading from nexus: http://nexus/repository/maven-group/org/springframework/spring-context-support/5.0.4.RELEASE/spring-context-support-5.0.4.RELEASE.jar&#xD;&#xA;[INFO] Downloaded from nexus: http://nexus/repository/maven-group/org/springframework/boot/spring-boot-starter-freemarker/2.0.0.RELEASE/spring-boot-starter-freemarker-2.0.0.RELEASE.jar (612 B at 324 B/s)&#xD;&#xA;[INFO] Downloading from nexus: http://nexus/repository/maven-group/javax/servlet/jstl/1.2/jstl-1.2.jar&#xD;&#xA;[INFO] Downloaded from nexus: http://nexus/repository/maven-group/org/apache/tomcat/embed/tomcat-embed-websocket/8.5.28/tomcat-embed-websocket-8.5.28.jar (257 kB at 135 kB/s)&#xD;&#xA;[INFO] Downloading from nexus: http://nexus/repository/maven-group/org/apache/tomcat/embed/tomcat-embed-jasper/8.5.28/tomcat-embed-jasper-8.5.28.jar&#xD;&#xA;[INFO] Downloaded from nexus: http://nexus/repository/maven-group/org/springframework/spring-context-support/5.0.4.RELEASE/spring-context-support-5.0.4.RELEASE.jar (172 kB at 86 kB/s)&#xD;&#xA;[INFO] Downloading from nexus: http://nexus/repository/maven-group/org/eclipse/jdt/ecj/3.12.3/ecj-3.12.3.jar&#xD;&#xA;[INFO] Downloaded from nexus: http://nexus/repository/maven-group/javax/servlet/jstl/1.2/jstl-1.2.jar (414 kB at 199 kB/s)&#xD;&#xA;[INFO] Downloading from nexus: http://nexus/repository/maven-group/org/eclipse/jdt/core/compiler/ecj/4.6.1/ecj-4.6.1.jar&#xD;&#xA;[INFO] Downloaded from nexus: http://nexus/repository/maven-group/org/apache/tomcat/embed/tomcat-embed-jasper/8.5.28/tomcat-embed-jasper-8.5.28.jar (649 kB at 288 kB/s)&#xD;&#xA;[INFO] Downloading from nexus: http://nexus/repository/maven-group/org/webjars/bootstrap/3.3.7/bootstrap-3.3.7.jar&#xD;&#xA;[INFO] Downloaded from nexus: http://nexus/repository/maven-group/org/freemarker/freemarker/2.3.27-incubating/freemarker-2.3.27-incubating.jar (1.5 MB at 635 kB/s)&#xD;&#xA;[INFO] Downloading from nexus: http://nexus/repository/maven-group/org/webjars/jquery/1.11.1/jquery-1.11.1.jar&#xD;&#xA;[INFO] Downloaded from nexus: http://nexus/repository/maven-group/org/webjars/bootstrap/3.3.7/bootstrap-3.3.7.jar (593 kB at 240 kB/s)&#xD;&#xA;[INFO] Downloading from nexus: http://nexus/repository/maven-group/io/jenkins-x/client/jx-java-client/1.0.4/jx-java-client-1.0.4.jar&#xD;&#xA;[INFO] Downloaded from nexus: http://nexus/repository/maven-group/org/webjars/jquery/1.11.1/jquery-1.11.1.jar (178 kB at 70 kB/s)&#xD;&#xA;[INFO] Downloading from nexus: http://nexus/repository/maven-group/io/fabric8/kubernetes-client/3.1.12/kubernetes-client-3.1.12.jar&#xD;&#xA;[INFO] Downloaded from nexus: http://nexus/repository/maven-group/io/jenkins-x/client/jx-java-client/1.0.4/jx-java-client-1.0.4.jar (50 kB at 19 kB/s)&#xD;&#xA;[INFO] Downloading from nexus: http://nexus/repository/maven-group/io/fabric8/kubernetes-model/2.0.9/kubernetes-model-2.0.9.jar&#xD;&#xA;[INFO] Downloaded from nexus: http://nexus/repository/maven-group/io/fabric8/kubernetes-client/3.1.12/kubernetes-client-3.1.12.jar (447 kB at 150 kB/s)&#xD;&#xA;[INFO] Downloading from nexus: http://nexus/repository/maven-group/com/fasterxml/jackson/module/jackson-module-jaxb-annotations/2.9.4/jackson-module-jaxb-annotations-2.9.4.jar&#xD;&#xA;[INFO] Downloaded from nexus: http://nexus/repository/maven-group/org/eclipse/jdt/ecj/3.12.3/ecj-3.12.3.jar (2.5 MB at 821 kB/s)&#xD;&#xA;[INFO] Downloading from nexus: http://nexus/repository/maven-group/com/squareup/okhttp3/okhttp/3.9.1/okhttp-3.9.1.jar&#xD;&#xA;[INFO] Downloaded from nexus: http://nexus/repository/maven-group/org/eclipse/jdt/core/compiler/ecj/4.6.1/ecj-4.6.1.jar (2.4 MB at 800 kB/s)&#xD;&#xA;[INFO] Downloading from nexus: http://nexus/repository/maven-group/com/squareup/okio/okio/1.13.0/okio-1.13.0.jar&#xD;&#xA;[INFO] Downloaded from nexus: http://nexus/repository/maven-group/org/apache/tomcat/embed/tomcat-embed-core/8.5.28/tomcat-embed-core-8.5.28.jar (3.1 MB at 1.0 MB/s)&#xD;&#xA;[INFO] Downloading from nexus: http://nexus/repository/maven-group/com/squareup/okhttp3/logging-interceptor/3.9.1/logging-interceptor-3.9.1.jar&#xD;&#xA;[INFO] Downloaded from nexus: http://nexus/repository/maven-group/com/fasterxml/jackson/module/jackson-module-jaxb-annotations/2.9.4/jackson-module-jaxb-annotations-2.9.4.jar (33 kB at 10 kB/s)&#xD;&#xA;[INFO] Downloading from nexus: http://nexus/repository/maven-group/org/slf4j/slf4j-api/1.7.25/slf4j-api-1.7.25.jar&#xD;&#xA;[INFO] Downloaded from nexus: http://nexus/repository/maven-group/org/slf4j/slf4j-api/1.7.25/slf4j-api-1.7.25.jar (41 kB at 13 kB/s)&#xD;&#xA;[INFO] Downloading from nexus: http://nexus/repository/maven-group/org/slf4j/jul-to-slf4j/1.7.25/jul-to-slf4j-1.7.25.jar&#xD;&#xA;[INFO] Downloaded from nexus: http://nexus/repository/maven-group/org/slf4j/jul-to-slf4j/1.7.25/jul-to-slf4j-1.7.25.jar (4.6 kB at 1.4 kB/s)&#xD;&#xA;[INFO] Downloading from nexus: http://nexus/repository/maven-group/com/fasterxml/jackson/dataformat/jackson-dataformat-yaml/2.9.4/jackson-dataformat-yaml-2.9.4.jar&#xD;&#xA;[INFO] Downloaded from nexus: http://nexus/repository/maven-group/com/squareup/okio/okio/1.13.0/okio-1.13.0.jar (82 kB at 25 kB/s)&#xD;&#xA;[INFO] Downloading from nexus: http://nexus/repository/maven-group/com/fasterxml/jackson/core/jackson-core/2.9.4/jackson-core-2.9.4.jar&#xD;&#xA;[INFO] Downloaded from nexus: http://nexus/repository/maven-group/com/squareup/okhttp3/logging-interceptor/3.9.1/logging-interceptor-3.9.1.jar (8.3 kB at 2.6 kB/s)&#xD;&#xA;[INFO] Downloading from nexus: http://nexus/repository/maven-group/io/fabric8/zjsonpatch/0.3.0/zjsonpatch-0.3.0.jar&#xD;&#xA;[INFO] Downloaded from nexus: http://nexus/repository/maven-group/com/squareup/okhttp3/okhttp/3.9.1/okhttp-3.9.1.jar (406 kB at 124 kB/s)&#xD;&#xA;[INFO] Downloading from nexus: http://nexus/repository/maven-group/com/github/mifmif/generex/1.0.1/generex-1.0.1.jar&#xD;&#xA;[INFO] Downloaded from nexus: http://nexus/repository/maven-group/com/fasterxml/jackson/dataformat/jackson-dataformat-yaml/2.9.4/jackson-dataformat-yaml-2.9.4.jar (41 kB at 12 kB/s)&#xD;&#xA;[INFO] Downloading from nexus: http://nexus/repository/maven-group/dk/brics/automaton/automaton/1.11-8/automaton-1.11-8.jar&#xD;&#xA;[INFO] Downloaded from nexus: http://nexus/repository/maven-group/io/fabric8/zjsonpatch/0.3.0/zjsonpatch-0.3.0.jar (36 kB at 10 kB/s)&#xD;&#xA;[INFO] Downloaded from nexus: http://nexus/repository/maven-group/com/github/mifmif/generex/1.0.1/generex-1.0.1.jar (14 kB at 4.0 kB/s)&#xD;&#xA;[INFO] Downloaded from nexus: http://nexus/repository/maven-group/dk/brics/automaton/automaton/1.11-8/automaton-1.11-8.jar (176 kB at 50 kB/s)&#xD;&#xA;[INFO] Downloaded from nexus: http://nexus/repository/maven-group/com/fasterxml/jackson/core/jackson-core/2.9.4/jackson-core-2.9.4.jar (321 kB at 91 kB/s)&#xD;&#xA;[INFO] Downloaded from nexus: http://nexus/repository/maven-group/io/fabric8/kubernetes-model/2.0.9/kubernetes-model-2.0.9.jar (7.9 MB at 2.0 MB/s)&#xD;&#xA;[INFO] &#xD;&#xA;[INFO] --- maven-clean-plugin:3.0.0:clean (default-clean) @ bdd-import-1547468057 ---&#xD;&#xA;[INFO] Downloading from nexus: http://nexus/repository/maven-group/org/apache/maven/maven-plugin-api/3.0/maven-plugin-api-3.0.pom&#xD;&#xA;[INFO] Downloaded from nexus: http://nexus/repository/maven-group/org/apache/maven/maven-plugin-api/3.0/maven-plugin-api-3.0.pom (2.3 kB at 208 kB/s)&#xD;&#xA;[INFO] Downloading from nexus: http://nexus/repository/maven-group/org/apache/maven/maven/3.0/maven-3.0.pom&#xD;&#xA;[INFO] Downloaded from nexus: http://nexus/repository/maven-group/org/apache/maven/maven/3.0/maven-3.0.pom (22 kB at 2.4 MB/s)&#xD;&#xA;[INFO] Downloading from nexus: http://nexus/repository/maven-group/org/apache/maven/maven-parent/15/maven-parent-15.pom&#xD;&#xA;[INFO] Downloaded from nexus: http://nexus/repository/maven-group/org/apache/maven/maven-parent/15/maven-parent-15.pom (24 kB at 2.0 MB/s)&#xD;&#xA;[INFO] Downloading from nexus: http://nexus/repository/maven-group/org/apache/apache/6/apache-6.pom&#xD;&#xA;[INFO] Downloaded from nexus: http://nexus/repository/maven-group/org/apache/apache/6/apache-6.pom (13 kB at 1.3 MB/s)&#xD;&#xA;[INFO] Downloading from nexus: http://nexus/repository/maven-group/org/apache/maven/maven-model/3.0/maven-model-3.0.pom&#xD;&#xA;[INFO] Downloaded from nexus: http://nexus/repository/maven-group/org/apache/maven/maven-model/3.0/maven-model-3.0.pom (3.9 kB at 299 kB/s)&#xD;&#xA;[INFO] Downloading from nexus: http://nexus/repository/maven-group/org/codehaus/plexus/plexus-utils/2.0.4/plexus-utils-2.0.4.pom&#xD;&#xA;[INFO] Downloaded from nexus: http://nexus/repository/maven-group/org/codehaus/plexus/plexus-utils/2.0.4/plexus-utils-2.0.4.pom (3.3 kB at 208 kB/s)&#xD;&#xA;[INFO] Downloading from nexus: http://nexus/repository/maven-group/org/apache/maven/maven-artifact/3.0/maven-artifact-3.0.pom&#xD;&#xA;[INFO] Downloaded from nexus: http://nexus/repository/maven-group/org/apache/maven/maven-artifact/3.0/maven-artifact-3.0.pom (1.9 kB at 214 kB/s)&#xD;&#xA;[INFO] Downloading from nexus: http://nexus/repository/maven-group/org/sonatype/sisu/sisu-inject-plexus/1.4.2/sisu-inject-plexus-1.4.2.pom&#xD;&#xA;[INFO] Downloaded from nexus: http://nexus/repository/maven-group/org/sonatype/sisu/sisu-inject-plexus/1.4.2/sisu-inject-plexus-1.4.2.pom (5.4 kB at 537 kB/s)&#xD;&#xA;[INFO] Downloading from nexus: http://nexus/repository/maven-group/org/sonatype/sisu/inject/guice-plexus/1.4.2/guice-plexus-1.4.2.pom&#xD;&#xA;[INFO] Downloaded from nexus: http://nexus/repository/maven-group/org/sonatype/sisu/inject/guice-plexus/1.4.2/guice-plexus-1.4.2.pom (3.1 kB at 142 kB/s)&#xD;&#xA;[INFO] Downloading from nexus: http://nexus/repository/maven-group/org/sonatype/sisu/inject/guice-bean/1.4.2/guice-bean-1.4.2.pom&#xD;&#xA;[INFO] Downloaded from nexus: http://nexus/repository/maven-group/org/sonatype/sisu/inject/guice-bean/1.4.2/guice-bean-1.4.2.pom (2.6 kB at 174 kB/s)&#xD;&#xA;[INFO] Downloading from nexus: http://nexus/repository/maven-group/org/sonatype/sisu/sisu-inject/1.4.2/sisu-inject-1.4.2.pom&#xD;&#xA;[INFO] Downloaded from nexus: http://nexus/repository/maven-group/org/sonatype/sisu/sisu-inject/1.4.2/sisu-inject-1.4.2.pom (1.2 kB at 139 kB/s)&#xD;&#xA;[INFO] Downloading from nexus: http://nexus/repository/maven-group/org/sonatype/sisu/sisu-parent/1.4.2/sisu-parent-1.4.2.pom&#xD;&#xA;[INFO] Downloaded from nexus: http://nexus/repository/maven-group/org/sonatype/sisu/sisu-parent/1.4.2/sisu-parent-1.4.2.pom (7.8 kB at 864 kB/s)&#xD;&#xA;[INFO] Downloading from nexus: http://nexus/repository/maven-group/org/sonatype/forge/forge-parent/6/forge-parent-6.pom&#xD;&#xA;[INFO] Downloaded from nexus: http://nexus/repository/maven-group/org/sonatype/forge/forge-parent/6/forge-parent-6.pom (11 kB at 1.1 MB/s)&#xD;&#xA;[INFO] Downloading from nexus: http://nexus/repository/maven-group/org/codehaus/plexus/plexus-classworlds/2.2.3/plexus-classworlds-2.2.3.pom&#xD;&#xA;[INFO] Downloaded from nexus: http://nexus/repository/maven-group/org/codehaus/plexus/plexus-classworlds/2.2.3/plexus-classworlds-2.2.3.pom (4.0 kB at 400 kB/s)&#xD;&#xA;[INFO] Downloading from nexus: http://nexus/repository/maven-group/org/sonatype/sisu/sisu-inject-bean/1.4.2/sisu-inject-bean-1.4.2.pom&#xD;&#xA;[INFO] Downloaded from nexus: http://nexus/repository/maven-group/org/sonatype/sisu/sisu-inject-bean/1.4.2/sisu-inject-bean-1.4.2.pom (5.5 kB at 364 kB/s)&#xD;&#xA;[INFO] Downloading from nexus: http://nexus/repository/maven-group/org/sonatype/sisu/sisu-guice/2.1.7/sisu-guice-2.1.7.pom&#xD;&#xA;[INFO] Downloaded from nexus: http://nexus/repository/maven-group/org/sonatype/sisu/sisu-guice/2.1.7/sisu-guice-2.1.7.pom (11 kB at 1.1 MB/s)&#xD;&#xA;[INFO] Downloading from nexus: http://nexus/repository/maven-group/org/apache/maven/shared/maven-shared-utils/3.0.0/maven-shared-utils-3.0.0.pom&#xD;&#xA;[INFO] Downloaded from nexus: http://nexus/repository/maven-group/org/apache/maven/shared/maven-shared-utils/3.0.0/maven-shared-utils-3.0.0.pom (5.6 kB at 558 kB/s)&#xD;&#xA;[INFO] Downloading from nexus: http://nexus/repository/maven-group/org/apache/maven/shared/maven-shared-components/21/maven-shared-components-21.pom&#xD;&#xA;[INFO] Downloaded from nexus: http://nexus/repository/maven-group/org/apache/maven/shared/maven-shared-components/21/maven-shared-components-21.pom (5.1 kB at 243 kB/s)&#xD;&#xA;[INFO] Downloading from nexus: http://nexus/repository/maven-group/org/apache/maven/maven-parent/25/maven-parent-25.pom&#xD;&#xA;[INFO] Downloaded from nexus: http://nexus/repository/maven-group/org/apache/maven/maven-parent/25/maven-parent-25.pom (37 kB at 2.7 MB/s)&#xD;&#xA;[INFO] Downloading from nexus: http://nexus/repository/maven-group/org/apache/apache/15/apache-15.pom&#xD;&#xA;[INFO] Downloaded from nexus: http://nexus/repository/maven-group/org/apache/apache/15/apache-15.pom (15 kB at 1.7 MB/s)&#xD;&#xA;[INFO] Downloading from nexus: http://nexus/repository/maven-group/commons-io/commons-io/2.4/commons-io-2.4.pom&#xD;&#xA;[INFO] Downloaded from nexus: http://nexus/repository/maven-group/commons-io/commons-io/2.4/commons-io-2.4.pom (10 kB at 1.0 MB/s)&#xD;&#xA;[INFO] Downloading from nexus: http://nexus/repository/maven-group/org/apache/commons/commons-parent/25/commons-parent-25.pom&#xD;&#xA;[INFO] Downloaded from nexus: http://nexus/repository/maven-group/org/apache/commons/commons-parent/25/commons-parent-25.pom (48 kB at 3.5 MB/s)&#xD;&#xA;[INFO] Downloading from nexus: http://nexus/repository/maven-group/com/google/code/findbugs/jsr305/2.0.1/jsr305-2.0.1.pom&#xD;&#xA;[INFO] Downloaded from nexus: http://nexus/repository/maven-group/com/google/code/findbugs/jsr305/2.0.1/jsr305-2.0.1.pom (965 B at 107 kB/s)&#xD;&#xA;[INFO] Downloading from nexus: http://nexus/repository/maven-group/org/apache/maven/maven-plugin-api/3.0/maven-plugin-api-3.0.jar&#xD;&#xA;[INFO] Downloading from nexus: http://nexus/repository/maven-group/org/apache/maven/maven-model/3.0/maven-model-3.0.jar&#xD;&#xA;[INFO] Downloading from nexus: http://nexus/repository/maven-group/org/codehaus/plexus/plexus-utils/2.0.4/plexus-utils-2.0.4.jar&#xD;&#xA;[INFO] Downloading from nexus: http://nexus/repository/maven-group/org/apache/maven/maven-artifact/3.0/maven-artifact-3.0.jar&#xD;&#xA;[INFO] Downloading from nexus: http://nexus/repository/maven-group/org/sonatype/sisu/sisu-inject-plexus/1.4.2/sisu-inject-plexus-1.4.2.jar&#xD;&#xA;[INFO] Downloaded from nexus: http://nexus/repository/maven-group/org/apache/maven/maven-plugin-api/3.0/maven-plugin-api-3.0.jar (49 kB at 1.8 MB/s)&#xD;&#xA;[INFO] Downloading from nexus: http://nexus/repository/maven-group/org/codehaus/plexus/plexus-classworlds/2.2.3/plexus-classworlds-2.2.3.jar&#xD;&#xA;[INFO] Downloaded from nexus: http://nexus/repository/maven-group/org/codehaus/plexus/plexus-utils/2.0.4/plexus-utils-2.0.4.jar (222 kB at 5.8 MB/s)&#xD;&#xA;[INFO] Downloading from nexus: http://nexus/repository/maven-group/org/sonatype/sisu/sisu-inject-bean/1.4.2/sisu-inject-bean-1.4.2.jar&#xD;&#xA;[INFO] Downloaded from nexus: http://nexus/repository/maven-group/org/apache/maven/maven-artifact/3.0/maven-artifact-3.0.jar (52 kB at 1.3 MB/s)&#xD;&#xA;[INFO] Downloading from nexus: http://nexus/repository/maven-group/org/sonatype/sisu/sisu-guice/2.1.7/sisu-guice-2.1.7-noaop.jar&#xD;&#xA;[INFO] Downloaded from nexus: http://nexus/repository/maven-group/org/sonatype/sisu/sisu-inject-bean/1.4.2/sisu-inject-bean-1.4.2.jar (153 kB at 2.5 MB/s)&#xD;&#xA;[INFO] Downloading from nexus: http://nexus/repository/maven-group/org/apache/maven/shared/maven-shared-utils/3.0.0/maven-shared-utils-3.0.0.jar&#xD;&#xA;[INFO] Downloaded from nexus: http://nexus/repository/maven-group/org/codehaus/plexus/plexus-classworlds/2.2.3/plexus-classworlds-2.2.3.jar (46 kB at 615 kB/s)&#xD;&#xA;[INFO] Downloading from nexus: http://nexus/repository/maven-group/commons-io/commons-io/2.4/commons-io-2.4.jar&#xD;&#xA;[INFO] Downloaded from nexus: http://nexus/repository/maven-group/org/apache/maven/maven-model/3.0/maven-model-3.0.jar (165 kB at 1.4 MB/s)&#xD;&#xA;[INFO] Downloading from nexus: http://nexus/repository/maven-group/com/google/code/findbugs/jsr305/2.0.1/jsr305-2.0.1.jar&#xD;&#xA;[INFO] Downloaded from nexus: http://nexus/repository/maven-group/com/google/code/findbugs/jsr305/2.0.1/jsr305-2.0.1.jar (32 kB at 233 kB/s)&#xD;&#xA;[INFO] Downloaded from nexus: http://nexus/repository/maven-group/org/sonatype/sisu/sisu-guice/2.1.7/sisu-guice-2.1.7-noaop.jar (472 kB at 3.4 MB/s)&#xD;&#xA;[INFO] Downloaded from nexus: http://nexus/repository/maven-group/org/sonatype/sisu/sisu-inject-plexus/1.4.2/sisu-inject-plexus-1.4.2.jar (202 kB at 1.4 MB/s)&#xD;&#xA;[INFO] Downloaded from nexus: http://nexus/repository/maven-group/org/apache/maven/shared/maven-shared-utils/3.0.0/maven-shared-utils-3.0.0.jar (155 kB at 961 kB/s)&#xD;&#xA;[INFO] Downloaded from nexus: http://nexus/repository/maven-group/commons-io/commons-io/2.4/commons-io-2.4.jar (185 kB at 686 kB/s)&#xD;&#xA;[INFO] &#xD;&#xA;[INFO] --- maven-resources-plugin:3.0.1:resources (default-resources) @ bdd-import-1547468057 ---&#xD;&#xA;[INFO] Downloading from nexus: http://nexus/repository/maven-group/org/codehaus/plexus/plexus-component-annotations/1.6/plexus-component-annotations-1.6.pom&#xD;&#xA;[INFO] Downloaded from nexus: http://nexus/repository/maven-group/org/codehaus/plexus/plexus-component-annotations/1.6/plexus-component-annotations-1.6.pom (748 B at 62 kB/s)&#xD;&#xA;[INFO] Downloading from nexus: http://nexus/repository/maven-group/org/codehaus/plexus/plexus-containers/1.6/plexus-containers-1.6.pom&#xD;&#xA;[INFO] Downloaded from nexus: http://nexus/repository/maven-group/org/codehaus/plexus/plexus-containers/1.6/plexus-containers-1.6.pom (3.8 kB at 171 kB/s)&#xD;&#xA;[INFO] Downloading from nexus: http://nexus/repository/maven-group/org/codehaus/plexus/plexus/3.3.2/plexus-3.3.2.pom&#xD;&#xA;[INFO] Downloaded from nexus: http://nexus/repository/maven-group/org/codehaus/plexus/plexus/3.3.2/plexus-3.3.2.pom (22 kB at 439 kB/s)&#xD;&#xA;[INFO] Downloading from nexus: http://nexus/repository/maven-group/org/apache/maven/maven-core/3.0/maven-core-3.0.pom&#xD;&#xA;[INFO] Downloaded from nexus: http://nexus/repository/maven-group/org/apache/maven/maven-core/3.0/maven-core-3.0.pom (6.6 kB at 276 kB/s)&#xD;&#xA;[INFO] Downloading from nexus: http://nexus/repository/maven-group/org/apache/maven/maven-settings/3.0/maven-settings-3.0.pom&#xD;&#xA;[INFO] Downloaded from nexus: http://nexus/repository/maven-group/org/apache/maven/maven-settings/3.0/maven-settings-3.0.pom (1.9 kB at 104 kB/s)&#xD;&#xA;[INFO] Downloading from nexus: http://nexus/repository/maven-group/org/apache/maven/maven-settings-builder/3.0/maven-settings-builder-3.0.pom&#xD;&#xA;[INFO] Downloaded from nexus: http://nexus/repository/maven-group/org/apache/maven/maven-settings-builder/3.0/maven-settings-builder-3.0.pom (2.2 kB at 74 kB/s)&#xD;&#xA;[INFO] Downloading from nexus: http://nexus/repository/maven-group/org/codehaus/plexus/plexus-interpolation/1.14/plexus-interpolation-1.14.pom&#xD;&#xA;[INFO] Downloaded from nexus: http://nexus/repository/maven-group/org/codehaus/plexus/plexus-interpolation/1.14/plexus-interpolation-1.14.pom (910 B at 101 kB/s)&#xD;&#xA;[INFO] Downloading from nexus: http://nexus/repository/maven-group/org/codehaus/plexus/plexus-components/1.1.18/plexus-components-1.1.18.pom&#xD;&#xA;[INFO] Downloaded from nexus: http://nexus/repository/maven-group/org/codehaus/plexus/plexus-components/1.1.18/plexus-components-1.1.18.pom (5.4 kB at 357 kB/s)&#xD;&#xA;[INFO] Downloading from nexus: http://nexus/repository/maven-group/org/apache/maven/maven-repository-metadata/3.0/maven-repository-metadata-3.0.pom&#xD;&#xA;[INFO] Downloaded from nexus: http://nexus/repository/maven-group/org/apache/maven/maven-repository-metadata/3.0/maven-repository-metadata-3.0.pom (1.9 kB at 193 kB/s)&#xD;&#xA;[INFO] Downloading from nexus: http://nexus/repository/maven-group/org/apache/maven/maven-model-builder/3.0/maven-model-builder-3.0.pom&#xD;&#xA;[INFO] Downloaded from nexus: http://nexus/repository/maven-group/org/apache/maven/maven-model-builder/3.0/maven-model-builder-3.0.pom (2.2 kB at 64 kB/s)&#xD;&#xA;[INFO] Downloading from nexus: http://nexus/repository/maven-group/org/apache/maven/maven-aether-provider/3.0/maven-aether-provider-3.0.pom&#xD;&#xA;[INFO] Downloaded from nexus: http://nexus/repository/maven-group/org/apache/maven/maven-aether-provider/3.0/maven-aether-provider-3.0.pom (2.5 kB at 145 kB/s)&#xD;&#xA;[INFO] Downloading from nexus: http://nexus/repository/maven-group/org/sonatype/aether/aether-api/1.7/aether-api-1.7.pom&#xD;&#xA;[INFO] Downloaded from nexus: http://nexus/repository/maven-group/org/sonatype/aether/aether-api/1.7/aether-api-1.7.pom (1.7 kB at 73 kB/s)&#xD;&#xA;[INFO] Downloading from nexus: http://nexus/repository/maven-group/org/sonatype/aether/aether-parent/1.7/aether-parent-1.7.pom&#xD;&#xA;[INFO] Downloaded from nexus: http://nexus/repository/maven-group/org/sonatype/aether/aether-parent/1.7/aether-parent-1.7.pom (7.7 kB at 858 kB/s)&#xD;&#xA;[INFO] Downloading from nexus: http://nexus/repository/maven-group/org/sonatype/aether/aether-util/1.7/aether-util-1.7.pom&#xD;&#xA;[INFO] Downloaded from nexus: http://nexus/repository/maven-group/org/sonatype/aether/aether-util/1.7/aether-util-1.7.pom (2.1 kB at 229 kB/s)&#xD;&#xA;[INFO] Downloading from nexus: http://nexus/repository/maven-group/org/sonatype/aether/aether-impl/1.7/aether-impl-1.7.pom&#xD;&#xA;[INFO] Downloaded from nexus: http://nexus/repository/maven-group/org/sonatype/aether/aether-impl/1.7/aether-impl-1.7.pom (3.7 kB at 410 kB/s)&#xD;&#xA;[INFO] Downloading from nexus: http://nexus/repository/maven-group/org/sonatype/aether/aether-spi/1.7/aether-spi-1.7.pom&#xD;&#xA;[INFO] Downloaded from nexus: http://nexus/repository/maven-group/org/sonatype/aether/aether-spi/1.7/aether-spi-1.7.pom (1.7 kB at 145 kB/s)&#xD;&#xA;[INFO] Downloading from nexus: http://nexus/repository/maven-group/org/codehaus/plexus/plexus-utils/3.0.24/plexus-utils-3.0.24.pom&#xD;&#xA;[INFO] Downloaded from nexus: http://nexus/repository/maven-group/org/codehaus/plexus/plexus-utils/3.0.24/plexus-utils-3.0.24.pom (4.1 kB at 459 kB/s)&#xD;&#xA;[INFO] Downloading from nexus: http://nexus/repository/maven-group/org/codehaus/plexus/plexus/4.0/plexus-4.0.pom&#xD;&#xA;[INFO] Downloaded from nexus: http://nexus/repository/maven-group/org/codehaus/plexus/plexus/4.0/plexus-4.0.pom (22 kB at 1.3 MB/s)&#xD;&#xA;[INFO] Downloading from nexus: http://nexus/repository/maven-group/org/apache/maven/shared/maven-filtering/3.1.1/maven-filtering-3.1.1.pom&#xD;&#xA;[INFO] Downloaded from nexus: http://nexus/repository/maven-group/org/apache/maven/shared/maven-filtering/3.1.1/maven-filtering-3.1.1.pom (5.7 kB at 100 kB/s)&#xD;&#xA;[INFO] Downloading from nexus: http://nexus/repository/maven-group/org/apache/maven/shared/maven-shared-components/30/maven-shared-components-30.pom&#xD;&#xA;[INFO] Downloaded from nexus: http://nexus/repository/maven-group/org/apache/maven/shared/maven-shared-components/30/maven-shared-components-30.pom (4.6 kB at 573 kB/s)&#xD;&#xA;[INFO] Downloading from nexus: http://nexus/repository/maven-group/org/codehaus/plexus/plexus-interpolation/1.22/plexus-interpolation-1.22.pom&#xD;&#xA;[INFO] Downloaded from nexus: http://nexus/repository/maven-group/org/codehaus/plexus/plexus-interpolation/1.22/plexus-interpolation-1.22.pom (1.5 kB at 171 kB/s)&#xD;&#xA;[INFO] Downloading from nexus: http://nexus/repository/maven-group/org/codehaus/plexus/plexus-components/1.3.1/plexus-components-1.3.1.pom&#xD;&#xA;[INFO] Downloaded from nexus: http://nexus/repository/maven-group/org/codehaus/plexus/plexus-components/1.3.1/plexus-components-1.3.1.pom (3.1 kB at 340 kB/s)&#xD;&#xA;[INFO] Downloading from nexus: http://nexus/repository/maven-group/org/sonatype/plexus/plexus-build-api/0.0.7/plexus-build-api-0.0.7.pom&#xD;&#xA;[INFO] Downloaded from nexus: http://nexus/repository/maven-group/org/sonatype/plexus/plexus-build-api/0.0.7/plexus-build-api-0.0.7.pom (3.2 kB at 356 kB/s)&#xD;&#xA;[INFO] Downloading from nexus: http://nexus/repository/maven-group/org/sonatype/spice/spice-parent/15/spice-parent-15.pom&#xD;&#xA;[INFO] Downloaded from nexus: http://nexus/repository/maven-group/org/sonatype/spice/spice-parent/15/spice-parent-15.pom (8.4 kB at 1.2 MB/s)&#xD;&#xA;[INFO] Downloading from nexus: http://nexus/repository/maven-group/org/apache/maven/maven-core/3.0/maven-core-3.0.jar&#xD;&#xA;[INFO] Downloading from nexus: http://nexus/repository/maven-group/org/apache/maven/maven-settings-builder/3.0/maven-settings-builder-3.0.jar&#xD;&#xA;[INFO] Downloading from nexus: http://nexus/repository/maven-group/org/apache/maven/maven-model-builder/3.0/maven-model-builder-3.0.jar&#xD;&#xA;[INFO] Downloading from nexus: http://nexus/repository/maven-group/org/apache/maven/maven-repository-metadata/3.0/maven-repository-metadata-3.0.jar&#xD;&#xA;[INFO] Downloading from nexus: http://nexus/repository/maven-group/org/apache/maven/maven-aether-provider/3.0/maven-aether-provider-3.0.jar&#xD;&#xA;[INFO] Downloaded from nexus: http://nexus/repository/maven-group/org/apache/maven/maven-settings-builder/3.0/maven-settings-builder-3.0.jar (38 kB at 2.1 MB/s)&#xD;&#xA;[INFO] Downloading from nexus: http://nexus/repository/maven-group/org/sonatype/aether/aether-impl/1.7/aether-impl-1.7.jar&#xD;&#xA;[INFO] Downloaded from nexus: http://nexus/repository/maven-group/org/apache/maven/maven-repository-metadata/3.0/maven-repository-metadata-3.0.jar (30 kB at 1.4 MB/s)&#xD;&#xA;[INFO] Downloading from nexus: http://nexus/repository/maven-group/org/sonatype/aether/aether-spi/1.7/aether-spi-1.7.jar&#xD;&#xA;[INFO] Downloaded from nexus: http://nexus/repository/maven-group/org/apache/maven/maven-model-builder/3.0/maven-model-builder-3.0.jar (148 kB at 5.9 MB/s)&#xD;&#xA;[INFO] Downloaded from nexus: http://nexus/repository/maven-group/org/sonatype/aether/aether-impl/1.7/aether-impl-1.7.jar (106 kB at 3.4 MB/s)&#xD;&#xA;[INFO] Downloading from nexus: http://nexus/repository/maven-group/org/sonatype/aether/aether-api/1.7/aether-api-1.7.jar&#xD;&#xA;[INFO] Downloaded from nexus: http://nexus/repository/maven-group/org/apache/maven/maven-aether-provider/3.0/maven-aether-provider-3.0.jar (51 kB at 2.0 MB/s)&#xD;&#xA;[INFO] Downloaded from nexus: http://nexus/repository/maven-group/org/apache/maven/maven-core/3.0/maven-core-3.0.jar (527 kB at 14 MB/s)&#xD;&#xA;[INFO] Downloading from nexus: http://nexus/repository/maven-group/org/sonatype/aether/aether-util/1.7/aether-util-1.7.jar&#xD;&#xA;[INFO] Downloaded from nexus: http://nexus/repository/maven-group/org/sonatype/aether/aether-spi/1.7/aether-spi-1.7.jar (14 kB at 398 kB/s)&#xD;&#xA;[INFO] Downloading from nexus: http://nexus/repository/maven-group/org/apache/maven/maven-settings/3.0/maven-settings-3.0.jar&#xD;&#xA;[INFO] Downloading from nexus: http://nexus/repository/maven-group/org/codehaus/plexus/plexus-component-annotations/1.6/plexus-component-annotations-1.6.jar&#xD;&#xA;[INFO] Downloading from nexus: http://nexus/repository/maven-group/org/codehaus/plexus/plexus-utils/3.0.24/plexus-utils-3.0.24.jar&#xD;&#xA;[INFO] Downloaded from nexus: http://nexus/repository/maven-group/org/sonatype/aether/aether-api/1.7/aether-api-1.7.jar (74 kB at 1.7 MB/s)&#xD;&#xA;[INFO] Downloading from nexus: http://nexus/repository/maven-group/org/apache/maven/shared/maven-filtering/3.1.1/maven-filtering-3.1.1.jar&#xD;&#xA;[INFO] Downloaded from nexus: http://nexus/repository/maven-group/org/codehaus/plexus/plexus-component-annotations/1.6/plexus-component-annotations-1.6.jar (4.3 kB at 84 kB/s)&#xD;&#xA;[INFO] Downloading from nexus: http://nexus/repository/maven-group/org/sonatype/plexus/plexus-build-api/0.0.7/plexus-build-api-0.0.7.jar&#xD;&#xA;[INFO] Downloaded from nexus: http://nexus/repository/maven-group/org/codehaus/plexus/plexus-utils/3.0.24/plexus-utils-3.0.24.jar (247 kB at 4.5 MB/s)&#xD;&#xA;[INFO] Downloading from nexus: http://nexus/repository/maven-group/org/codehaus/plexus/plexus-interpolation/1.22/plexus-interpolation-1.22.jar&#xD;&#xA;[INFO] Downloaded from nexus: http://nexus/repository/maven-group/org/sonatype/aether/aether-util/1.7/aether-util-1.7.jar (108 kB at 1.8 MB/s)&#xD;&#xA;[INFO] Downloaded from nexus: http://nexus/repository/maven-group/org/apache/maven/shared/maven-filtering/3.1.1/maven-filtering-3.1.1.jar (51 kB at 807 kB/s)&#xD;&#xA;[INFO] Downloaded from nexus: http://nexus/repository/maven-group/org/sonatype/plexus/plexus-build-api/0.0.7/plexus-build-api-0.0.7.jar (8.5 kB at 127 kB/s)&#xD;&#xA;[INFO] Downloaded from nexus: http://nexus/repository/maven-group/org/apache/maven/maven-settings/3.0/maven-settings-3.0.jar (47 kB at 676 kB/s)&#xD;&#xA;[INFO] Downloaded from nexus: http://nexus/repository/maven-group/org/codehaus/plexus/plexus-interpolation/1.22/plexus-interpolation-1.22.jar (77 kB at 686 kB/s)&#xD;&#xA;[INFO] Using &#39;UTF-8&#39; encoding to copy filtered resources.&#xD;&#xA;[INFO] Copying 1 resource&#xD;&#xA;[INFO] Copying 2 resources&#xD;&#xA;[INFO] &#xD;&#xA;[INFO] --- maven-compiler-plugin:3.7.0:compile (default-compile) @ bdd-import-1547468057 ---&#xD;&#xA;[INFO] Downloading from nexus: http://nexus/repository/maven-group/org/apache/maven/shared/maven-shared-utils/3.1.0/maven-shared-utils-3.1.0.pom&#xD;&#xA;[INFO] Downloaded from nexus: http://nexus/repository/maven-group/org/apache/maven/shared/maven-shared-utils/3.1.0/maven-shared-utils-3.1.0.pom (5.0 kB at 498 kB/s)&#xD;&#xA;[INFO] Downloading from nexus: http://nexus/repository/maven-group/commons-io/commons-io/2.5/commons-io-2.5.pom&#xD;&#xA;[INFO] Downloaded from nexus: http://nexus/repository/maven-group/commons-io/commons-io/2.5/commons-io-2.5.pom (13 kB at 391 kB/s)&#xD;&#xA;[INFO] Downloading from nexus: http://nexus/repository/maven-group/org/apache/commons/commons-parent/39/commons-parent-39.pom&#xD;&#xA;[INFO] Downloaded from nexus: http://nexus/repository/maven-group/org/apache/commons/commons-parent/39/commons-parent-39.pom (62 kB at 5.6 MB/s)&#xD;&#xA;[INFO] Downloading from nexus: http://nexus/repository/maven-group/org/apache/maven/shared/maven-shared-incremental/1.1/maven-shared-incremental-1.1.pom&#xD;&#xA;[INFO] Downloaded from nexus: http://nexus/repository/maven-group/org/apache/maven/shared/maven-shared-incremental/1.1/maven-shared-incremental-1.1.pom (4.7 kB at 474 kB/s)&#xD;&#xA;[INFO] Downloading from nexus: http://nexus/repository/maven-group/org/apache/maven/shared/maven-shared-components/19/maven-shared-components-19.pom&#xD;&#xA;[INFO] Downloaded from nexus: http://nexus/repository/maven-group/org/apache/maven/shared/maven-shared-components/19/maven-shared-components-19.pom (6.4 kB at 578 kB/s)&#xD;&#xA;[INFO] Downloading from nexus: http://nexus/repository/maven-group/org/apache/maven/shared/maven-shared-utils/0.1/maven-shared-utils-0.1.pom&#xD;&#xA;[INFO] Downloaded from nexus: http://nexus/repository/maven-group/org/apache/maven/shared/maven-shared-utils/0.1/maven-shared-utils-0.1.pom (4.0 kB at 405 kB/s)&#xD;&#xA;[INFO] Downloading from nexus: http://nexus/repository/maven-group/org/apache/maven/shared/maven-shared-components/18/maven-shared-components-18.pom&#xD;&#xA;[INFO] Downloaded from nexus: http://nexus/repository/maven-group/org/apache/maven/shared/maven-shared-components/18/maven-shared-components-18.pom (4.9 kB at 105 kB/s)&#xD;&#xA;[INFO] Downloading from nexus: http://nexus/repository/maven-group/org/apache/maven/maven-parent/22/maven-parent-22.pom&#xD;&#xA;[INFO] Downloaded from nexus: http://nexus/repository/maven-group/org/apache/maven/maven-parent/22/maven-parent-22.pom (30 kB at 3.0 MB/s)&#xD;&#xA;[INFO] Downloading from nexus: http://nexus/repository/maven-group/org/apache/apache/11/apache-11.pom&#xD;&#xA;[INFO] Downloaded from nexus: http://nexus/repository/maven-group/org/apache/apache/11/apache-11.pom (15 kB at 1.2 MB/s)&#xD;&#xA;[INFO] Downloading from nexus: http://nexus/repository/maven-group/org/codehaus/plexus/plexus-java/0.9.2/plexus-java-0.9.2.pom&#xD;&#xA;[INFO] Downloaded from nexus: http://nexus/repository/maven-group/org/codehaus/plexus/plexus-java/0.9.2/plexus-java-0.9.2.pom (2.4 kB at 59 kB/s)&#xD;&#xA;[INFO] Downloading from nexus: http://nexus/repository/maven-group/org/codehaus/plexus/plexus-languages/0.9.2/plexus-languages-0.9.2.pom&#xD;&#xA;[INFO] Downloaded from nexus: http://nexus/repository/maven-group/org/codehaus/plexus/plexus-languages/0.9.2/plexus-languages-0.9.2.pom (2.3 kB at 58 kB/s)&#xD;&#xA;[INFO] Downloading from nexus: http://nexus/repository/maven-group/org/ow2/asm/asm/6.0_BETA/asm-6.0_BETA.pom&#xD;&#xA;[INFO] Downloaded from nexus: http://nexus/repository/maven-group/org/ow2/asm/asm/6.0_BETA/asm-6.0_BETA.pom (1.9 kB at 47 kB/s)&#xD;&#xA;[INFO] Downloading from nexus: http://nexus/repository/maven-group/org/ow2/asm/asm-parent/6.0_BETA/asm-parent-6.0_BETA.pom&#xD;&#xA;[INFO] Downloaded from nexus: http://nexus/repository/maven-group/org/ow2/asm/asm-parent/6.0_BETA/asm-parent-6.0_BETA.pom (5.5 kB at 122 kB/s)&#xD;&#xA;[INFO] Downloading from nexus: http://nexus/repository/maven-group/org/ow2/ow2/1.3/ow2-1.3.pom&#xD;&#xA;[INFO] Downloaded from nexus: http://nexus/repository/maven-group/org/ow2/ow2/1.3/ow2-1.3.pom (9.5 kB at 1.1 MB/s)&#xD;&#xA;[INFO] Downloading from nexus: http://nexus/repository/maven-group/com/thoughtworks/qdox/qdox/2.0-M7/qdox-2.0-M7.pom&#xD;&#xA;[INFO] Downloaded from nexus: http://nexus/repository/maven-group/com/thoughtworks/qdox/qdox/2.0-M7/qdox-2.0-M7.pom (16 kB at 377 kB/s)&#xD;&#xA;[INFO] Downloading from nexus: http://nexus/repository/maven-group/org/codehaus/plexus/plexus-compiler-api/2.8.2/plexus-compiler-api-2.8.2.pom&#xD;&#xA;[INFO] Downloaded from nexus: http://nexus/repository/maven-group/org/codehaus/plexus/plexus-compiler-api/2.8.2/plexus-compiler-api-2.8.2.pom (867 B at 15 kB/s)&#xD;&#xA;[INFO] Downloading from nexus: http://nexus/repository/maven-group/org/codehaus/plexus/plexus-compiler/2.8.2/plexus-compiler-2.8.2.pom&#xD;&#xA;[INFO] Downloaded from nexus: http://nexus/repository/maven-group/org/codehaus/plexus/plexus-compiler/2.8.2/plexus-compiler-2.8.2.pom (4.9 kB at 96 kB/s)&#xD;&#xA;[INFO] Downloading from nexus: http://nexus/repository/maven-group/org/codehaus/plexus/plexus-components/4.0/plexus-components-4.0.pom&#xD;&#xA;[INFO] Downloaded from nexus: http://nexus/repository/maven-group/org/codehaus/plexus/plexus-components/4.0/plexus-components-4.0.pom (2.7 kB at 332 kB/s)&#xD;&#xA;[INFO] Downloading from nexus: http://nexus/repository/maven-group/org/codehaus/plexus/plexus-utils/3.0.22/plexus-utils-3.0.22.pom&#xD;&#xA;[INFO] Downloaded from nexus: http://nexus/repository/maven-group/org/codehaus/plexus/plexus-utils/3.0.22/plexus-utils-3.0.22.pom (3.8 kB at 426 kB/s)&#xD;&#xA;[INFO] Downloading from nexus: http://nexus/repository/maven-group/org/codehaus/plexus/plexus-compiler-manager/2.8.2/plexus-compiler-manager-2.8.2.pom&#xD;&#xA;[INFO] Downloaded from nexus: http://nexus/repository/maven-group/org/codehaus/plexus/plexus-compiler-manager/2.8.2/plexus-compiler-manager-2.8.2.pom (692 B at 15 kB/s)&#xD;&#xA;[INFO] Downloading from nexus: http://nexus/repository/maven-group/org/codehaus/plexus/plexus-compiler-javac/2.8.2/plexus-compiler-javac-2.8.2.pom&#xD;&#xA;[INFO] Downloaded from nexus: http://nexus/repository/maven-group/org/codehaus/plexus/plexus-compiler-javac/2.8.2/plexus-compiler-javac-2.8.2.pom (771 B at 14 kB/s)&#xD;&#xA;[INFO] Downloading from nexus: http://nexus/repository/maven-group/org/codehaus/plexus/plexus-compilers/2.8.2/plexus-compilers-2.8.2.pom&#xD;&#xA;[INFO] Downloaded from nexus: http://nexus/repository/maven-group/org/codehaus/plexus/plexus-compilers/2.8.2/plexus-compilers-2.8.2.pom (1.3 kB at 19 kB/s)&#xD;&#xA;[INFO] Downloading from nexus: http://nexus/repository/maven-group/org/codehaus/plexus/plexus-interpolation/1.14/plexus-interpolation-1.14.jar&#xD;&#xA;[INFO] Downloading from nexus: http://nexus/repository/maven-group/commons-io/commons-io/2.5/commons-io-2.5.jar&#xD;&#xA;[INFO] Downloading from nexus: http://nexus/repository/maven-group/org/apache/maven/shared/maven-shared-incremental/1.1/maven-shared-incremental-1.1.jar&#xD;&#xA;[INFO] Downloading from nexus: http://nexus/repository/maven-group/org/apache/maven/shared/maven-shared-utils/3.1.0/maven-shared-utils-3.1.0.jar&#xD;&#xA;[INFO] Downloading from nexus: http://nexus/repository/maven-group/org/codehaus/plexus/plexus-java/0.9.2/plexus-java-0.9.2.jar&#xD;&#xA;[INFO] Downloaded from nexus: http://nexus/repository/maven-group/org/apache/maven/shared/maven-shared-incremental/1.1/maven-shared-incremental-1.1.jar (14 kB at 233 kB/s)&#xD;&#xA;[INFO] Downloading from nexus: http://nexus/repository/maven-group/org/ow2/asm/asm/6.0_BETA/asm-6.0_BETA.jar&#xD;&#xA;[INFO] Downloaded from nexus: http://nexus/repository/maven-group/org/apache/maven/shared/maven-shared-utils/3.1.0/maven-shared-utils-3.1.0.jar (164 kB at 2.6 MB/s)&#xD;&#xA;[INFO] Downloading from nexus: http://nexus/repository/maven-group/com/thoughtworks/qdox/qdox/2.0-M7/qdox-2.0-M7.jar&#xD;&#xA;[INFO] Downloaded from nexus: http://nexus/repository/maven-group/org/codehaus/plexus/plexus-interpolation/1.14/plexus-interpolation-1.14.jar (61 kB at 898 kB/s)&#xD;&#xA;[INFO] Downloading from nexus: http://nexus/repository/maven-group/org/codehaus/plexus/plexus-compiler-api/2.8.2/plexus-compiler-api-2.8.2.jar&#xD;&#xA;[INFO] Downloaded from nexus: http://nexus/repository/maven-group/commons-io/commons-io/2.5/commons-io-2.5.jar (209 kB at 3.3 MB/s)&#xD;&#xA;[INFO] Downloading from nexus: http://nexus/repository/maven-group/org/codehaus/plexus/plexus-compiler-manager/2.8.2/plexus-compiler-manager-2.8.2.jar&#xD;&#xA;[INFO] Downloaded from nexus: http://nexus/repository/maven-group/org/codehaus/plexus/plexus-java/0.9.2/plexus-java-0.9.2.jar (31 kB at 221 kB/s)&#xD;&#xA;[INFO] Downloading from nexus: http://nexus/repository/maven-group/org/codehaus/plexus/plexus-compiler-javac/2.8.2/plexus-compiler-javac-2.8.2.jar&#xD;&#xA;[INFO] Downloaded from nexus: http://nexus/repository/maven-group/org/codehaus/plexus/plexus-compiler-manager/2.8.2/plexus-compiler-manager-2.8.2.jar (4.7 kB at 33 kB/s)&#xD;&#xA;[INFO] Downloaded from nexus: http://nexus/repository/maven-group/org/ow2/asm/asm/6.0_BETA/asm-6.0_BETA.jar (56 kB at 315 kB/s)&#xD;&#xA;[INFO] Downloaded from nexus: http://nexus/repository/maven-group/org/codehaus/plexus/plexus-compiler-api/2.8.2/plexus-compiler-api-2.8.2.jar (26 kB at 119 kB/s)&#xD;&#xA;[INFO] Downloaded from nexus: http://nexus/repository/maven-group/org/codehaus/plexus/plexus-compiler-javac/2.8.2/plexus-compiler-javac-2.8.2.jar (20 kB at 80 kB/s)&#xD;&#xA;[INFO] Downloaded from nexus: http://nexus/repository/maven-group/com/thoughtworks/qdox/qdox/2.0-M7/qdox-2.0-M7.jar (315 kB at 1.2 MB/s)&#xD;&#xA;[INFO] Changes detected - recompiling the module!&#xD;&#xA;[INFO] Compiling 3 source files to /home/jenkins/workspace/sts_bdd-import-1547468057_master/target/classes&#xD;&#xA;[INFO] &#xD;&#xA;[INFO] --- maven-resources-plugin:3.0.1:testResources (default-testResources) @ bdd-import-1547468057 ---&#xD;&#xA;[INFO] Using &#39;UTF-8&#39; encoding to copy filtered resources.&#xD;&#xA;[INFO] skip non existing resourceDirectory /home/jenkins/workspace/sts_bdd-import-1547468057_master/src/test/resources&#xD;&#xA;[INFO] &#xD;&#xA;[INFO] --- maven-compiler-plugin:3.7.0:testCompile (default-testCompile) @ bdd-import-1547468057 ---&#xD;&#xA;[INFO] No sources to compile&#xD;&#xA;[INFO] &#xD;&#xA;[INFO] --- maven-surefire-plugin:3.0.0-M1:test (default-test) @ bdd-import-1547468057 ---&#xD;&#xA;[INFO] Downloading from nexus: http://nexus/repository/maven-group/org/apache/maven/surefire/maven-surefire-common/3.0.0-M1/maven-surefire-common-3.0.0-M1.pom&#xD;&#xA;[INFO] Downloaded from nexus: http://nexus/repository/maven-group/org/apache/maven/surefire/maven-surefire-common/3.0.0-M1/maven-surefire-common-3.0.0-M1.pom (9.7 kB at 647 kB/s)&#xD;&#xA;[INFO] Downloading from nexus: http://nexus/repository/maven-group/org/apache/maven/surefire/surefire-api/3.0.0-M1/surefire-api-3.0.0-M1.pom&#xD;&#xA;[INFO] Downloaded from nexus: http://nexus/repository/maven-group/org/apache/maven/surefire/surefire-api/3.0.0-M1/surefire-api-3.0.0-M1.pom (3.5 kB at 237 kB/s)&#xD;&#xA;[INFO] Downloading from nexus: http://nexus/repository/maven-group/org/apache/maven/surefire/surefire-logger-api/3.0.0-M1/surefire-logger-api-3.0.0-M1.pom&#xD;&#xA;[INFO] Downloaded from nexus: http://nexus/repository/maven-group/org/apache/maven/surefire/surefire-logger-api/3.0.0-M1/surefire-logger-api-3.0.0-M1.pom (2.0 kB at 75 kB/s)&#xD;&#xA;[INFO] Downloading from nexus: http://nexus/repository/maven-group/org/apache/maven/surefire/surefire-booter/3.0.0-M1/surefire-booter-3.0.0-M1.pom&#xD;&#xA;[INFO] Downloaded from nexus: http://nexus/repository/maven-group/org/apache/maven/surefire/surefire-booter/3.0.0-M1/surefire-booter-3.0.0-M1.pom (7.4 kB at 180 kB/s)&#xD;&#xA;[INFO] Downloading from nexus: http://nexus/repository/maven-group/org/apache/maven/maven-toolchain/3.0-alpha-2/maven-toolchain-3.0-alpha-2.pom&#xD;&#xA;[INFO] Downloaded from nexus: http://nexus/repository/maven-group/org/apache/maven/maven-toolchain/3.0-alpha-2/maven-toolchain-3.0-alpha-2.pom (2.2 kB at 223 kB/s)&#xD;&#xA;[INFO] Downloading from nexus: http://nexus/repository/maven-group/org/apache/maven/maven/3.0-alpha-2/maven-3.0-alpha-2.pom&#xD;&#xA;[INFO] Downloaded from nexus: http://nexus/repository/maven-group/org/apache/maven/maven/3.0-alpha-2/maven-3.0-alpha-2.pom (21 kB at 2.1 MB/s)&#xD;&#xA;[INFO] Downloading from nexus: http://nexus/repository/maven-group/org/codehaus/plexus/plexus-component-annotations/1.7.1/plexus-component-annotations-1.7.1.pom&#xD;&#xA;[INFO] Downloaded from nexus: http://nexus/repository/maven-group/org/codehaus/plexus/plexus-component-annotations/1.7.1/plexus-component-annotations-1.7.1.pom (770 B at 77 kB/s)&#xD;&#xA;[INFO] Downloading from nexus: http://nexus/repository/maven-group/org/codehaus/plexus/plexus-containers/1.7.1/plexus-containers-1.7.1.pom&#xD;&#xA;[INFO] Downloaded from nexus: http://nexus/repository/maven-group/org/codehaus/plexus/plexus-containers/1.7.1/plexus-containers-1.7.1.pom (5.0 kB at 629 kB/s)&#xD;&#xA;[INFO] Downloading from nexus: http://nexus/repository/maven-group/org/apache/maven/maven-compat/3.0/maven-compat-3.0.pom&#xD;&#xA;[INFO] Downloaded from nexus: http://nexus/repository/maven-group/org/apache/maven/maven-compat/3.0/maven-compat-3.0.pom (4.0 kB at 503 kB/s)&#xD;&#xA;[INFO] Downloading from nexus: http://nexus/repository/maven-group/org/apache/maven/wagon/wagon-provider-api/1.0-beta-6/wagon-provider-api-1.0-beta-6.pom&#xD;&#xA;[INFO] Downloaded from nexus: http://nexus/repository/maven-group/org/apache/maven/wagon/wagon-provider-api/1.0-beta-6/wagon-provider-api-1.0-beta-6.pom (1.8 kB at 84 kB/s)&#xD;&#xA;[INFO] Downloading from nexus: http://nexus/repository/maven-group/org/apache/maven/wagon/wagon/1.0-beta-6/wagon-1.0-beta-6.pom&#xD;&#xA;[INFO] Downloaded from nexus: http://nexus/repository/maven-group/org/apache/maven/wagon/wagon/1.0-beta-6/wagon-1.0-beta-6.pom (12 kB at 1.1 MB/s)&#xD;&#xA;[INFO] Downloading from nexus: http://nexus/repository/maven-group/org/codehaus/plexus/plexus-utils/1.4.2/plexus-utils-1.4.2.pom&#xD;&#xA;[INFO] Downloaded from nexus: http://nexus/repository/maven-group/org/codehaus/plexus/plexus-utils/1.4.2/plexus-utils-1.4.2.pom (2.0 kB at 151 kB/s)&#xD;&#xA;[INFO] Downloading from nexus: http://nexus/repository/maven-group/org/codehaus/plexus/plexus-java/0.9.11/plexus-java-0.9.11.pom&#xD;&#xA;[INFO] Downloaded from nexus: http://nexus/repository/maven-group/org/codehaus/plexus/plexus-java/0.9.11/plexus-java-0.9.11.pom (4.6 kB at 355 kB/s)&#xD;&#xA;[INFO] Downloading from nexus: http://nexus/repository/maven-group/org/codehaus/plexus/plexus-languages/0.9.11/plexus-languages-0.9.11.pom&#xD;&#xA;[INFO] Downloaded from nexus: http://nexus/repository/maven-group/org/codehaus/plexus/plexus-languages/0.9.11/plexus-languages-0.9.11.pom (4.1 kB at 511 kB/s)&#xD;&#xA;[INFO] Downloading from nexus: http://nexus/repository/maven-group/org/ow2/asm/asm/7.0-beta/asm-7.0-beta.pom&#xD;&#xA;[INFO] Downloaded from nexus: http://nexus/repository/maven-group/org/ow2/asm/asm/7.0-beta/asm-7.0-beta.pom (2.9 kB at 295 kB/s)&#xD;&#xA;[INFO] Downloading from nexus: http://nexus/repository/maven-group/org/ow2/ow2/1.5/ow2-1.5.pom&#xD;&#xA;[INFO] Downloaded from nexus: http://nexus/repository/maven-group/org/ow2/ow2/1.5/ow2-1.5.pom (11 kB at 1.0 MB/s)&#xD;&#xA;[INFO] Downloading from nexus: http://nexus/repository/maven-group/com/thoughtworks/qdox/qdox/2.0-M9/qdox-2.0-M9.pom&#xD;&#xA;[INFO] Downloaded from nexus: http://nexus/repository/maven-group/com/thoughtworks/qdox/qdox/2.0-M9/qdox-2.0-M9.pom (16 kB at 1.1 MB/s)&#xD;&#xA;[INFO] Downloading from nexus: http://nexus/repository/maven-group/org/apache/maven/surefire/maven-surefire-common/3.0.0-M1/maven-surefire-common-3.0.0-M1.jar&#xD;&#xA;[INFO] Downloading from nexus: http://nexus/repository/maven-group/org/apache/maven/maven-toolchain/3.0-alpha-2/maven-toolchain-3.0-alpha-2.jar&#xD;&#xA;[INFO] Downloading from nexus: http://nexus/repository/maven-group/org/apache/maven/surefire/surefire-api/3.0.0-M1/surefire-api-3.0.0-M1.jar&#xD;&#xA;[INFO] Downloading from nexus: http://nexus/repository/maven-group/org/apache/maven/surefire/surefire-logger-api/3.0.0-M1/surefire-logger-api-3.0.0-M1.jar&#xD;&#xA;[INFO] Downloading from nexus: http://nexus/repository/maven-group/org/apache/maven/surefire/surefire-booter/3.0.0-M1/surefire-booter-3.0.0-M1.jar&#xD;&#xA;[INFO] Downloaded from nexus: http://nexus/repository/maven-group/org/apache/maven/maven-toolchain/3.0-alpha-2/maven-toolchain-3.0-alpha-2.jar (36 kB at 1.6 MB/s)&#xD;&#xA;[INFO] Downloading from nexus: http://nexus/repository/maven-group/org/codehaus/plexus/plexus-component-annotations/1.7.1/plexus-component-annotations-1.7.1.jar&#xD;&#xA;[INFO] Downloaded from nexus: http://nexus/repository/maven-group/org/apache/maven/surefire/maven-surefire-common/3.0.0-M1/maven-surefire-common-3.0.0-M1.jar (625 kB at 19 MB/s)&#xD;&#xA;[INFO] Downloading from nexus: http://nexus/repository/maven-group/org/apache/maven/maven-compat/3.0/maven-compat-3.0.jar&#xD;&#xA;[INFO] Downloaded from nexus: http://nexus/repository/maven-group/org/apache/maven/surefire/surefire-logger-api/3.0.0-M1/surefire-logger-api-3.0.0-M1.jar (13 kB at 385 kB/s)&#xD;&#xA;[INFO] Downloading from nexus: http://nexus/repository/maven-group/org/apache/maven/wagon/wagon-provider-api/1.0-beta-6/wagon-provider-api-1.0-beta-6.jar&#xD;&#xA;[INFO] Downloaded from nexus: http://nexus/repository/maven-group/org/codehaus/plexus/plexus-component-annotations/1.7.1/plexus-component-annotations-1.7.1.jar (4.3 kB at 73 kB/s)&#xD;&#xA;[INFO] Downloading from nexus: http://nexus/repository/maven-group/org/codehaus/plexus/plexus-java/0.9.11/plexus-java-0.9.11.jar&#xD;&#xA;[INFO] Downloaded from nexus: http://nexus/repository/maven-group/org/apache/maven/surefire/surefire-booter/3.0.0-M1/surefire-booter-3.0.0-M1.jar (312 kB at 5.3 MB/s)&#xD;&#xA;[INFO] Downloading from nexus: http://nexus/repository/maven-group/org/ow2/asm/asm/7.0-beta/asm-7.0-beta.jar&#xD;&#xA;[INFO] Downloaded from nexus: http://nexus/repository/maven-group/org/apache/maven/surefire/surefire-api/3.0.0-M1/surefire-api-3.0.0-M1.jar (178 kB at 2.3 MB/s)&#xD;&#xA;[INFO] Downloading from nexus: http://nexus/repository/maven-group/com/thoughtworks/qdox/qdox/2.0-M9/qdox-2.0-M9.jar&#xD;&#xA;[INFO] Downloaded from nexus: http://nexus/repository/maven-group/org/apache/maven/wagon/wagon-provider-api/1.0-beta-6/wagon-provider-api-1.0-beta-6.jar (53 kB at 657 kB/s)&#xD;&#xA;[INFO] Downloaded from nexus: http://nexus/repository/maven-group/org/codehaus/plexus/plexus-java/0.9.11/plexus-java-0.9.11.jar (50 kB at 612 kB/s)&#xD;&#xA;[INFO] Downloaded from nexus: http://nexus/repository/maven-group/org/apache/maven/maven-compat/3.0/maven-compat-3.0.jar (285 kB at 3.3 MB/s)&#xD;&#xA;[INFO] Downloaded from nexus: http://nexus/repository/maven-group/org/ow2/asm/asm/7.0-beta/asm-7.0-beta.jar (114 kB at 1.2 MB/s)&#xD;&#xA;[INFO] Downloaded from nexus: http://nexus/repository/maven-group/com/thoughtworks/qdox/qdox/2.0-M9/qdox-2.0-M9.jar (317 kB at 3.0 MB/s)&#xD;&#xA;[INFO] No tests to run.&#xD;&#xA;[INFO] &#xD;&#xA;[INFO] --- maven-war-plugin:3.1.0:war (default-war) @ bdd-import-1547468057 ---&#xD;&#xA;[INFO] Downloading from nexus: http://nexus/repository/maven-group/org/apache/maven/maven-archiver/3.1.1/maven-archiver-3.1.1.pom&#xD;&#xA;[INFO] Downloaded from nexus: http://nexus/repository/maven-group/org/apache/maven/maven-archiver/3.1.1/maven-archiver-3.1.1.pom (4.3 kB at 82 kB/s)&#xD;&#xA;[INFO] Downloading from nexus: http://nexus/repository/maven-group/org/apache/maven/shared/maven-shared-utils/3.0.1/maven-shared-utils-3.0.1.pom&#xD;&#xA;[INFO] Downloaded from nexus: http://nexus/repository/maven-group/org/apache/maven/shared/maven-shared-utils/3.0.1/maven-shared-utils-3.0.1.pom (4.6 kB at 92 kB/s)&#xD;&#xA;[INFO] Downloading from nexus: http://nexus/repository/maven-group/org/codehaus/plexus/plexus-archiver/3.3/plexus-archiver-3.3.pom&#xD;&#xA;[INFO] Downloaded from nexus: http://nexus/repository/maven-group/org/codehaus/plexus/plexus-archiver/3.3/plexus-archiver-3.3.pom (5.3 kB at 133 kB/s)&#xD;&#xA;[INFO] Downloading from nexus: http://nexus/repository/maven-group/org/codehaus/plexus/plexus-io/2.7.1/plexus-io-2.7.1.pom&#xD;&#xA;[INFO] Downloaded from nexus: http://nexus/repository/maven-group/org/codehaus/plexus/plexus-io/2.7.1/plexus-io-2.7.1.pom (4.9 kB at 98 kB/s)&#xD;&#xA;[INFO] Downloading from nexus: http://nexus/repository/maven-group/commons-io/commons-io/2.2/commons-io-2.2.pom&#xD;&#xA;[INFO] Downloaded from nexus: http://nexus/repository/maven-group/commons-io/commons-io/2.2/commons-io-2.2.pom (11 kB at 216 kB/s)&#xD;&#xA;[INFO] Downloading from nexus: http://nexus/repository/maven-group/org/apache/commons/commons-parent/24/commons-parent-24.pom&#xD;&#xA;[INFO] Downloaded from nexus: http://nexus/repository/maven-group/org/apache/commons/commons-parent/24/commons-parent-24.pom (47 kB at 859 kB/s)&#xD;&#xA;[INFO] Downloading from nexus: http://nexus/repository/maven-group/org/apache/commons/commons-compress/1.11/commons-compress-1.11.pom&#xD;&#xA;[INFO] Downloaded from nexus: http://nexus/repository/maven-group/org/apache/commons/commons-compress/1.11/commons-compress-1.11.pom (13 kB at 242 kB/s)&#xD;&#xA;[INFO] Downloading from nexus: http://nexus/repository/maven-group/org/iq80/snappy/snappy/0.4/snappy-0.4.pom&#xD;&#xA;[INFO] Downloaded from nexus: http://nexus/repository/maven-group/org/iq80/snappy/snappy/0.4/snappy-0.4.pom (15 kB at 1.6 MB/s)&#xD;&#xA;[INFO] Downloading from nexus: http://nexus/repository/maven-group/org/tukaani/xz/1.5/xz-1.5.pom&#xD;&#xA;[INFO] Downloaded from nexus: http://nexus/repository/maven-group/org/tukaani/xz/1.5/xz-1.5.pom (1.9 kB at 48 kB/s)&#xD;&#xA;[INFO] Downloading from nexus: http://nexus/repository/maven-group/org/codehaus/plexus/plexus-archiver/3.4/plexus-archiver-3.4.pom&#xD;&#xA;[INFO] Downloaded from nexus: http://nexus/repository/maven-group/org/codehaus/plexus/plexus-archiver/3.4/plexus-archiver-3.4.pom (5.3 kB at 127 kB/s)&#xD;&#xA;[INFO] Downloading from nexus: http://nexus/repository/maven-group/org/codehaus/plexus/plexus-interpolation/1.24/plexus-interpolation-1.24.pom&#xD;&#xA;[INFO] Downloaded from nexus: http://nexus/repository/maven-group/org/codehaus/plexus/plexus-interpolation/1.24/plexus-interpolation-1.24.pom (2.6 kB at 291 kB/s)&#xD;&#xA;[INFO] Downloading from nexus: http://nexus/repository/maven-group/com/thoughtworks/xstream/xstream/1.4.9/xstream-1.4.9.pom&#xD;&#xA;[INFO] Downloaded from nexus: http://nexus/repository/maven-group/com/thoughtworks/xstream/xstream/1.4.9/xstream-1.4.9.pom (14 kB at 330 kB/s)&#xD;&#xA;[INFO] Downloading from nexus: http://nexus/repository/maven-group/com/thoughtworks/xstream/xstream-parent/1.4.9/xstream-parent-1.4.9.pom&#xD;&#xA;[INFO] Downloaded from nexus: http://nexus/repository/maven-group/com/thoughtworks/xstream/xstream-parent/1.4.9/xstream-parent-1.4.9.pom (34 kB at 812 kB/s)&#xD;&#xA;[INFO] Downloading from nexus: http://nexus/repository/maven-group/xmlpull/xmlpull/1.1.3.1/xmlpull-1.1.3.1.pom&#xD;&#xA;[INFO] Downloaded from nexus: http://nexus/repository/maven-group/xmlpull/xmlpull/1.1.3.1/xmlpull-1.1.3.1.pom (386 B at 9.9 kB/s)&#xD;&#xA;[INFO] Downloading from nexus: http://nexus/repository/maven-group/xpp3/xpp3_min/1.1.4c/xpp3_min-1.1.4c.pom&#xD;&#xA;[INFO] Downloaded from nexus: http://nexus/repository/maven-group/xpp3/xpp3_min/1.1.4c/xpp3_min-1.1.4c.pom (1.6 kB at 38 kB/s)&#xD;&#xA;[INFO] Downloading from nexus: http://nexus/repository/maven-group/org/apache/maven/shared/maven-mapping/3.0.0/maven-mapping-3.0.0.pom&#xD;&#xA;[INFO] Downloaded from nexus: http://nexus/repository/maven-group/org/apache/maven/shared/maven-mapping/3.0.0/maven-mapping-3.0.0.pom (4.1 kB at 96 kB/s)&#xD;&#xA;[INFO] Downloading from nexus: http://nexus/repository/maven-group/org/apache/maven/shared/maven-shared-components/22/maven-shared-components-22.pom&#xD;&#xA;[INFO] Downloaded from nexus: http://nexus/repository/maven-group/org/apache/maven/shared/maven-shared-components/22/maven-shared-components-22.pom (5.1 kB at 119 kB/s)&#xD;&#xA;[INFO] Downloading from nexus: http://nexus/repository/maven-group/org/codehaus/plexus/plexus-interpolation/1.21/plexus-interpolation-1.21.pom&#xD;&#xA;[INFO] Downloaded from nexus: http://nexus/repository/maven-group/org/codehaus/plexus/plexus-interpolation/1.21/plexus-interpolation-1.21.pom (1.5 kB at 171 kB/s)&#xD;&#xA;[INFO] Downloading from nexus: http://nexus/repository/maven-group/org/apache/maven/maven-archiver/3.1.1/maven-archiver-3.1.1.jar&#xD;&#xA;[INFO] Downloading from nexus: http://nexus/repository/maven-group/org/apache/maven/shared/maven-shared-utils/3.0.1/maven-shared-utils-3.0.1.jar&#xD;&#xA;[INFO] Downloading from nexus: http://nexus/repository/maven-group/org/codehaus/plexus/plexus-archiver/3.4/plexus-archiver-3.4.jar&#xD;&#xA;[INFO] Downloading from nexus: http://nexus/repository/maven-group/org/codehaus/plexus/plexus-io/2.7.1/plexus-io-2.7.1.jar&#xD;&#xA;[INFO] Downloading from nexus: http://nexus/repository/maven-group/org/apache/commons/commons-compress/1.11/commons-compress-1.11.jar&#xD;&#xA;[INFO] Downloaded from nexus: http://nexus/repository/maven-group/org/apache/maven/maven-archiver/3.1.1/maven-archiver-3.1.1.jar (24 kB at 307 kB/s)&#xD;&#xA;[INFO] Downloading from nexus: http://nexus/repository/maven-group/org/iq80/snappy/snappy/0.4/snappy-0.4.jar&#xD;&#xA;[INFO] Downloaded from nexus: http://nexus/repository/maven-group/org/iq80/snappy/snappy/0.4/snappy-0.4.jar (58 kB at 666 kB/s)&#xD;&#xA;[INFO] Downloading from nexus: http://nexus/repository/maven-group/org/tukaani/xz/1.5/xz-1.5.jar&#xD;&#xA;[INFO] Downloaded from nexus: http://nexus/repository/maven-group/org/codehaus/plexus/plexus-archiver/3.4/plexus-archiver-3.4.jar (187 kB at 1.6 MB/s)&#xD;&#xA;[INFO] Downloading from nexus: http://nexus/repository/maven-group/org/codehaus/plexus/plexus-interpolation/1.24/plexus-interpolation-1.24.jar&#xD;&#xA;[INFO] Downloaded from nexus: http://nexus/repository/maven-group/org/codehaus/plexus/plexus-io/2.7.1/plexus-io-2.7.1.jar (86 kB at 721 kB/s)&#xD;&#xA;[INFO] Downloading from nexus: http://nexus/repository/maven-group/com/thoughtworks/xstream/xstream/1.4.9/xstream-1.4.9.jar&#xD;&#xA;[INFO] Downloaded from nexus: http://nexus/repository/maven-group/org/codehaus/plexus/plexus-interpolation/1.24/plexus-interpolation-1.24.jar (79 kB at 611 kB/s)&#xD;&#xA;[INFO] Downloading from nexus: http://nexus/repository/maven-group/xmlpull/xmlpull/1.1.3.1/xmlpull-1.1.3.1.jar&#xD;&#xA;[INFO] Downloaded from nexus: http://nexus/repository/maven-group/org/apache/maven/shared/maven-shared-utils/3.0.1/maven-shared-utils-3.0.1.jar (154 kB at 953 kB/s)&#xD;&#xA;[INFO] Downloading from nexus: http://nexus/repository/maven-group/xpp3/xpp3_min/1.1.4c/xpp3_min-1.1.4c.jar&#xD;&#xA;[INFO] Downloaded from nexus: http://nexus/repository/maven-group/org/tukaani/xz/1.5/xz-1.5.jar (100 kB at 461 kB/s)&#xD;&#xA;[INFO] Downloading from nexus: http://nexus/repository/maven-group/org/apache/maven/shared/maven-mapping/3.0.0/maven-mapping-3.0.0.jar&#xD;&#xA;[INFO] Downloaded from nexus: http://nexus/repository/maven-group/org/apache/commons/commons-compress/1.11/commons-compress-1.11.jar (426 kB at 1.1 MB/s)&#xD;&#xA;[INFO] Downloaded from nexus: http://nexus/repository/maven-group/xmlpull/xmlpull/1.1.3.1/xmlpull-1.1.3.1.jar (7.2 kB at 18 kB/s)&#xD;&#xA;[INFO] Downloaded from nexus: http://nexus/repository/maven-group/org/apache/maven/shared/maven-mapping/3.0.0/maven-mapping-3.0.0.jar (11 kB at 25 kB/s)&#xD;&#xA;[INFO] Downloaded from nexus: http://nexus/repository/maven-group/xpp3/xpp3_min/1.1.4c/xpp3_min-1.1.4c.jar (25 kB at 59 kB/s)&#xD;&#xA;[INFO] Downloaded from nexus: http://nexus/repository/maven-group/com/thoughtworks/xstream/xstream/1.4.9/xstream-1.4.9.jar (549 kB at 1.2 MB/s)&#xD;&#xA;[INFO] Packaging webapp&#xD;&#xA;[INFO] Assembling webapp [bdd-import-1547468057] in [/home/jenkins/workspace/sts_bdd-import-1547468057_master/target/bdd-import-1547468057-1.0.0]&#xD;&#xA;[INFO] Processing war project&#xD;&#xA;[INFO] Copying webapp resources [/home/jenkins/workspace/sts_bdd-import-1547468057_master/src/main/webapp]&#xD;&#xA;[INFO] Webapp assembled in [234 msecs]&#xD;&#xA;[INFO] Building war: /home/jenkins/workspace/sts_bdd-import-1547468057_master/target/bdd-import-1547468057-1.0.0.war&#xD;&#xA;[INFO] &#xD;&#xA;[INFO] --- spring-boot-maven-plugin:2.0.0.RELEASE:repackage (default) @ bdd-import-1547468057 ---&#xD;&#xA;[INFO] Downloading from nexus: http://nexus/repository/maven-group/org/springframework/boot/spring-boot-loader-tools/2.0.0.RELEASE/spring-boot-loader-tools-2.0.0.RELEASE.pom&#xD;&#xA;[INFO] Downloaded from nexus: http://nexus/repository/maven-group/org/springframework/boot/spring-boot-loader-tools/2.0.0.RELEASE/spring-boot-loader-tools-2.0.0.RELEASE.pom (2.7 kB at 35 kB/s)&#xD;&#xA;[INFO] Downloading from nexus: http://nexus/repository/maven-group/org/apache/commons/commons-compress/1.14/commons-compress-1.14.pom&#xD;&#xA;[INFO] Downloaded from nexus: http://nexus/repository/maven-group/org/apache/commons/commons-compress/1.14/commons-compress-1.14.pom (13 kB at 424 kB/s)&#xD;&#xA;[INFO] Downloading from nexus: http://nexus/repository/maven-group/org/apache/commons/commons-parent/42/commons-parent-42.pom&#xD;&#xA;[INFO] Downloaded from nexus: http://nexus/repository/maven-group/org/apache/commons/commons-parent/42/commons-parent-42.pom (68 kB at 4.9 MB/s)&#xD;&#xA;[INFO] Downloading from nexus: http://nexus/repository/maven-group/org/apache/maven/maven-archiver/2.6/maven-archiver-2.6.pom&#xD;&#xA;[INFO] Downloaded from nexus: http://nexus/repository/maven-group/org/apache/maven/maven-archiver/2.6/maven-archiver-2.6.pom (4.3 kB at 70 kB/s)&#xD;&#xA;[INFO] Downloading from nexus: http://nexus/repository/maven-group/org/apache/maven/shared/maven-shared-components/20/maven-shared-components-20.pom&#xD;&#xA;[INFO] Downloaded from nexus: http://nexus/repository/maven-group/org/apache/maven/shared/maven-shared-components/20/maven-shared-components-20.pom (5.1 kB at 91 kB/s)&#xD;&#xA;[INFO] Downloading from nexus: http://nexus/repository/maven-group/org/slf4j/slf4j-jdk14/1.7.25/slf4j-jdk14-1.7.25.pom&#xD;&#xA;[INFO] Downloaded from nexus: http://nexus/repository/maven-group/org/slf4j/slf4j-jdk14/1.7.25/slf4j-jdk14-1.7.25.pom (1.0 kB at 16 kB/s)&#xD;&#xA;[INFO] Downloading from nexus: http://nexus/repository/maven-group/org/slf4j/jcl-over-slf4j/1.7.25/jcl-over-slf4j-1.7.25.pom&#xD;&#xA;[INFO] Downloaded from nexus: http://nexus/repository/maven-group/org/slf4j/jcl-over-slf4j/1.7.25/jcl-over-slf4j-1.7.25.pom (959 B at 24 kB/s)&#xD;&#xA;[INFO] Downloading from nexus: http://nexus/repository/maven-group/org/apache/maven/shared/maven-shared-utils/0.7/maven-shared-utils-0.7.pom&#xD;&#xA;[INFO] Downloaded from nexus: http://nexus/repository/maven-group/org/apache/maven/shared/maven-shared-utils/0.7/maven-shared-utils-0.7.pom (5.0 kB at 46 kB/s)&#xD;&#xA;[INFO] Downloading from nexus: http://nexus/repository/maven-group/org/codehaus/plexus/plexus-archiver/2.8.1/plexus-archiver-2.8.1.pom&#xD;&#xA;[INFO] Downloaded from nexus: http://nexus/repository/maven-group/org/codehaus/plexus/plexus-archiver/2.8.1/plexus-archiver-2.8.1.pom (4.1 kB at 57 kB/s)&#xD;&#xA;[INFO] Downloading from nexus: http://nexus/repository/maven-group/org/codehaus/plexus/plexus-components/1.3/plexus-components-1.3.pom&#xD;&#xA;[INFO] Downloaded from nexus: http://nexus/repository/maven-group/org/codehaus/plexus/plexus-components/1.3/plexus-components-1.3.pom (3.1 kB at 68 kB/s)&#xD;&#xA;[INFO] Downloading from nexus: http://nexus/repository/maven-group/org/codehaus/plexus/plexus-io/2.3.2/plexus-io-2.3.2.pom&#xD;&#xA;[INFO] Downloaded from nexus: http://nexus/repository/maven-group/org/codehaus/plexus/plexus-io/2.3.2/plexus-io-2.3.2.pom (2.7 kB at 65 kB/s)&#xD;&#xA;[INFO] Downloading from nexus: http://nexus/repository/maven-group/org/codehaus/plexus/plexus-components/1.2/plexus-components-1.2.pom&#xD;&#xA;[INFO] Downloaded from nexus: http://nexus/repository/maven-group/org/codehaus/plexus/plexus-components/1.2/plexus-components-1.2.pom (3.1 kB at 57 kB/s)&#xD;&#xA;[INFO] Downloading from nexus: http://nexus/repository/maven-group/org/apache/commons/commons-compress/1.9/commons-compress-1.9.pom&#xD;&#xA;[INFO] Downloaded from nexus: http://nexus/repository/maven-group/org/apache/commons/commons-compress/1.9/commons-compress-1.9.pom (11 kB at 238 kB/s)&#xD;&#xA;[INFO] Downloading from nexus: http://nexus/repository/maven-group/org/apache/commons/commons-parent/34/commons-parent-34.pom&#xD;&#xA;[INFO] Downloaded from nexus: http://nexus/repository/maven-group/org/apache/commons/commons-parent/34/commons-parent-34.pom (56 kB at 777 kB/s)&#xD;&#xA;[INFO] Downloading from nexus: http://nexus/repository/maven-group/org/apache/maven/maven-artifact/3.1.1/maven-artifact-3.1.1.pom&#xD;&#xA;[INFO] Downloaded from nexus: http://nexus/repository/maven-group/org/apache/maven/maven-artifact/3.1.1/maven-artifact-3.1.1.pom (2.0 kB at 36 kB/s)&#xD;&#xA;[INFO] Downloading from nexus: http://nexus/repository/maven-group/org/apache/maven/maven/3.1.1/maven-3.1.1.pom&#xD;&#xA;[INFO] Downloaded from nexus: http://nexus/repository/maven-group/org/apache/maven/maven/3.1.1/maven-3.1.1.pom (22 kB at 417 kB/s)&#xD;&#xA;[INFO] Downloading from nexus: http://nexus/repository/maven-group/org/codehaus/plexus/plexus-utils/3.0.15/plexus-utils-3.0.15.pom&#xD;&#xA;[INFO] Downloaded from nexus: http://nexus/repository/maven-group/org/codehaus/plexus/plexus-utils/3.0.15/plexus-utils-3.0.15.pom (3.1 kB at 137 kB/s)&#xD;&#xA;[INFO] Downloading from nexus: http://nexus/repository/maven-group/org/apache/maven/maven-core/3.1.1/maven-core-3.1.1.pom&#xD;&#xA;[INFO] Downloaded from nexus: http://nexus/repository/maven-group/org/apache/maven/maven-core/3.1.1/maven-core-3.1.1.pom (7.3 kB at 186 kB/s)&#xD;&#xA;[INFO] Downloading from nexus: http://nexus/repository/maven-group/org/apache/maven/maven-model/3.1.1/maven-model-3.1.1.pom&#xD;&#xA;[INFO] Downloaded from nexus: http://nexus/repository/maven-group/org/apache/maven/maven-model/3.1.1/maven-model-3.1.1.pom (4.1 kB at 109 kB/s)&#xD;&#xA;[INFO] Downloading from nexus: http://nexus/repository/maven-group/org/apache/maven/maven-settings/3.1.1/maven-settings-3.1.1.pom&#xD;&#xA;[INFO] Downloaded from nexus: http://nexus/repository/maven-group/org/apache/maven/maven-settings/3.1.1/maven-settings-3.1.1.pom (2.2 kB at 43 kB/s)&#xD;&#xA;[INFO] Downloading from nexus: http://nexus/repository/maven-group/org/apache/maven/maven-settings-builder/3.1.1/maven-settings-builder-3.1.1.pom&#xD;&#xA;[INFO] Downloaded from nexus: http://nexus/repository/maven-group/org/apache/maven/maven-settings-builder/3.1.1/maven-settings-builder-3.1.1.pom (2.6 kB at 56 kB/s)&#xD;&#xA;[INFO] Downloading from nexus: http://nexus/repository/maven-group/org/codehaus/plexus/plexus-interpolation/1.19/plexus-interpolation-1.19.pom&#xD;&#xA;[INFO] Downloaded from nexus: http://nexus/repository/maven-group/org/codehaus/plexus/plexus-interpolation/1.19/plexus-interpolation-1.19.pom (1.0 kB at 28 kB/s)&#xD;&#xA;[INFO] Downloading from nexus: http://nexus/repository/maven-group/org/apache/maven/maven-repository-metadata/3.1.1/maven-repository-metadata-3.1.1.pom&#xD;&#xA;[INFO] Downloaded from nexus: http://nexus/repository/maven-group/org/apache/maven/maven-repository-metadata/3.1.1/maven-repository-metadata-3.1.1.pom (2.2 kB at 56 kB/s)&#xD;&#xA;[INFO] Downloading from nexus: http://nexus/repository/maven-group/org/apache/maven/maven-plugin-api/3.1.1/maven-plugin-api-3.1.1.pom&#xD;&#xA;[INFO] Downloaded from nexus: http://nexus/repository/maven-group/org/apache/maven/maven-plugin-api/3.1.1/maven-plugin-api-3.1.1.pom (3.4 kB at 97 kB/s)&#xD;&#xA;[INFO] Downloading from nexus: http://nexus/repository/maven-group/org/eclipse/sisu/org.eclipse.sisu.plexus/0.0.0.M5/org.eclipse.sisu.plexus-0.0.0.M5.pom&#xD;&#xA;[INFO] Downloaded from nexus: http://nexus/repository/maven-group/org/eclipse/sisu/org.eclipse.sisu.plexus/0.0.0.M5/org.eclipse.sisu.plexus-0.0.0.M5.pom (4.8 kB at 127 kB/s)&#xD;&#xA;[INFO] Downloading from nexus: http://nexus/repository/maven-group/org/eclipse/sisu/sisu-plexus/0.0.0.M5/sisu-plexus-0.0.0.M5.pom&#xD;&#xA;[INFO] Downloaded from nexus: http://nexus/repository/maven-group/org/eclipse/sisu/sisu-plexus/0.0.0.M5/sisu-plexus-0.0.0.M5.pom (13 kB at 347 kB/s)&#xD;&#xA;[INFO] Downloading from nexus: http://nexus/repository/maven-group/javax/enterprise/cdi-api/1.0/cdi-api-1.0.pom&#xD;&#xA;[INFO] Downloaded from nexus: http://nexus/repository/maven-group/javax/enterprise/cdi-api/1.0/cdi-api-1.0.pom (1.4 kB at 11 kB/s)&#xD;&#xA;[INFO] Downloading from nexus: http://nexus/repository/maven-group/org/jboss/weld/weld-api-parent/1.0/weld-api-parent-1.0.pom&#xD;&#xA;[INFO] Downloaded from nexus: http://nexus/repository/maven-group/org/jboss/weld/weld-api-parent/1.0/weld-api-parent-1.0.pom (2.4 kB at 294 kB/s)&#xD;&#xA;[INFO] Downloading from nexus: http://nexus/repository/maven-group/org/jboss/weld/weld-api-bom/1.0/weld-api-bom-1.0.pom&#xD;&#xA;[INFO] Downloaded from nexus: http://nexus/repository/maven-group/org/jboss/weld/weld-api-bom/1.0/weld-api-bom-1.0.pom (7.9 kB at 988 kB/s)&#xD;&#xA;[INFO] Downloading from nexus: http://nexus/repository/maven-group/org/jboss/weld/weld-parent/6/weld-parent-6.pom&#xD;&#xA;[INFO] Downloaded from nexus: http://nexus/repository/maven-group/org/jboss/weld/weld-parent/6/weld-parent-6.pom (21 kB at 2.6 MB/s)&#xD;&#xA;[INFO] Downloading from nexus: http://nexus/repository/maven-group/javax/annotation/jsr250-api/1.0/jsr250-api-1.0.pom&#xD;&#xA;[INFO] Downloaded from nexus: http://nexus/repository/maven-group/javax/annotation/jsr250-api/1.0/jsr250-api-1.0.pom (1.0 kB at 102 kB/s)&#xD;&#xA;[INFO] Downloading from nexus: http://nexus/repository/maven-group/javax/inject/javax.inject/1/javax.inject-1.pom&#xD;&#xA;[INFO] Downloaded from nexus: http://nexus/repository/maven-group/javax/inject/javax.inject/1/javax.inject-1.pom (612 B at 68 kB/s)&#xD;&#xA;[INFO] Downloading from nexus: http://nexus/repository/maven-group/com/google/guava/guava/10.0.1/guava-10.0.1.pom&#xD;&#xA;[INFO] Downloaded from nexus: http://nexus/repository/maven-group/com/google/guava/guava/10.0.1/guava-10.0.1.pom (5.4 kB at 146 kB/s)&#xD;&#xA;[INFO] Downloading from nexus: http://nexus/repository/maven-group/com/google/guava/guava-parent/10.0.1/guava-parent-10.0.1.pom&#xD;&#xA;[INFO] Downloaded from nexus: http://nexus/repository/maven-group/com/google/guava/guava-parent/10.0.1/guava-parent-10.0.1.pom (2.0 kB at 41 kB/s)&#xD;&#xA;[INFO] Downloading from nexus: http://nexus/repository/maven-group/com/google/code/findbugs/jsr305/1.3.9/jsr305-1.3.9.pom&#xD;&#xA;[INFO] Downloaded from nexus: http://nexus/repository/maven-group/com/google/code/findbugs/jsr305/1.3.9/jsr305-1.3.9.pom (965 B at 25 kB/s)&#xD;&#xA;[INFO] Downloading from nexus: http://nexus/repository/maven-group/org/sonatype/sisu/sisu-guice/3.1.0/sisu-guice-3.1.0.pom&#xD;&#xA;[INFO] Downloaded from nexus: http://nexus/repository/maven-group/org/sonatype/sisu/sisu-guice/3.1.0/sisu-guice-3.1.0.pom (10 kB at 188 kB/s)&#xD;&#xA;[INFO] Downloading from nexus: http://nexus/repository/maven-group/org/sonatype/sisu/inject/guice-parent/3.1.0/guice-parent-3.1.0.pom&#xD;&#xA;[INFO] Downloaded from nexus: http://nexus/repository/maven-group/org/sonatype/sisu/inject/guice-parent/3.1.0/guice-parent-3.1.0.pom (11 kB at 238 kB/s)&#xD;&#xA;[INFO] Downloading from nexus: http://nexus/repository/maven-group/aopalliance/aopalliance/1.0/aopalliance-1.0.pom&#xD;&#xA;[INFO] Downloaded from nexus: http://nexus/repository/maven-group/aopalliance/aopalliance/1.0/aopalliance-1.0.pom (363 B at 40 kB/s)&#xD;&#xA;[INFO] Downloading from nexus: http://nexus/repository/maven-group/org/eclipse/sisu/org.eclipse.sisu.inject/0.0.0.M5/org.eclipse.sisu.inject-0.0.0.M5.pom&#xD;&#xA;[INFO] Downloaded from nexus: http://nexus/repository/maven-group/org/eclipse/sisu/org.eclipse.sisu.inject/0.0.0.M5/org.eclipse.sisu.inject-0.0.0.M5.pom (2.5 kB at 61 kB/s)&#xD;&#xA;[INFO] Downloading from nexus: http://nexus/repository/maven-group/org/eclipse/sisu/sisu-inject/0.0.0.M5/sisu-inject-0.0.0.M5.pom&#xD;&#xA;[INFO] Downloaded from nexus: http://nexus/repository/maven-group/org/eclipse/sisu/sisu-inject/0.0.0.M5/sisu-inject-0.0.0.M5.pom (14 kB at 341 kB/s)&#xD;&#xA;[INFO] Downloading from nexus: http://nexus/repository/maven-group/org/codehaus/plexus/plexus-classworlds/2.4/plexus-classworlds-2.4.pom&#xD;&#xA;[INFO] Downloaded from nexus: http://nexus/repository/maven-group/org/codehaus/plexus/plexus-classworlds/2.4/plexus-classworlds-2.4.pom (3.9 kB at 78 kB/s)&#xD;&#xA;[INFO] Downloading from nexus: http://nexus/repository/maven-group/org/apache/maven/maven-model-builder/3.1.1/maven-model-builder-3.1.1.pom&#xD;&#xA;[INFO] Downloaded from nexus: http://nexus/repository/maven-group/org/apache/maven/maven-model-builder/3.1.1/maven-model-builder-3.1.1.pom (2.8 kB at 78 kB/s)&#xD;&#xA;[INFO] Downloading from nexus: http://nexus/repository/maven-group/org/apache/maven/maven-aether-provider/3.1.1/maven-aether-provider-3.1.1.pom&#xD;&#xA;[INFO] Downloaded from nexus: http://nexus/repository/maven-group/org/apache/maven/maven-aether-provider/3.1.1/maven-aether-provider-3.1.1.pom (4.1 kB at 91 kB/s)&#xD;&#xA;[INFO] Downloading from nexus: http://nexus/repository/maven-group/org/eclipse/aether/aether-api/0.9.0.M2/aether-api-0.9.0.M2.pom&#xD;&#xA;[INFO] Downloaded from nexus: http://nexus/repository/maven-group/org/eclipse/aether/aether-api/0.9.0.M2/aether-api-0.9.0.M2.pom (1.7 kB at 35 kB/s)&#xD;&#xA;[INFO] Downloading from nexus: http://nexus/repository/maven-group/org/eclipse/aether/aether/0.9.0.M2/aether-0.9.0.M2.pom&#xD;&#xA;[INFO] Downloaded from nexus: http://nexus/repository/maven-group/org/eclipse/aether/aether/0.9.0.M2/aether-0.9.0.M2.pom (28 kB at 2.8 MB/s)&#xD;&#xA;[INFO] Downloading from nexus: http://nexus/repository/maven-group/org/eclipse/aether/aether-spi/0.9.0.M2/aether-spi-0.9.0.M2.pom&#xD;&#xA;[INFO] Downloaded from nexus: http://nexus/repository/maven-group/org/eclipse/aether/aether-spi/0.9.0.M2/aether-spi-0.9.0.M2.pom (1.8 kB at 36 kB/s)&#xD;&#xA;[INFO] Downloading from nexus: http://nexus/repository/maven-group/org/eclipse/aether/aether-util/0.9.0.M2/aether-util-0.9.0.M2.pom&#xD;&#xA;[INFO] Downloaded from nexus: http://nexus/repository/maven-group/org/eclipse/aether/aether-util/0.9.0.M2/aether-util-0.9.0.M2.pom (2.0 kB at 226 kB/s)&#xD;&#xA;[INFO] Downloading from nexus: http://nexus/repository/maven-group/org/eclipse/aether/aether-impl/0.9.0.M2/aether-impl-0.9.0.M2.pom&#xD;&#xA;[INFO] Downloaded from nexus: http://nexus/repository/maven-group/org/eclipse/aether/aether-impl/0.9.0.M2/aether-impl-0.9.0.M2.pom (3.3 kB at 93 kB/s)&#xD;&#xA;[INFO] Downloading from nexus: http://nexus/repository/maven-group/org/codehaus/plexus/plexus-classworlds/2.5.1/plexus-classworlds-2.5.1.pom&#xD;&#xA;[INFO] Downloaded from nexus: http://nexus/repository/maven-group/org/codehaus/plexus/plexus-classworlds/2.5.1/plexus-classworlds-2.5.1.pom (5.0 kB at 557 kB/s)&#xD;&#xA;[INFO] Downloading from nexus: http://nexus/repository/maven-group/org/apache/maven/maven-plugin-api/2.0.8/maven-plugin-api-2.0.8.pom&#xD;&#xA;[INFO] Downloaded from nexus: http://nexus/repository/maven-group/org/apache/maven/maven-plugin-api/2.0.8/maven-plugin-api-2.0.8.pom (1.5 kB at 24 kB/s)&#xD;&#xA;[INFO] Downloading from nexus: http://nexus/repository/maven-group/org/apache/maven/plugins/maven-shade-plugin/2.2/maven-shade-plugin-2.2.pom&#xD;&#xA;[INFO] Downloaded from nexus: http://nexus/repository/maven-group/org/apache/maven/plugins/maven-shade-plugin/2.2/maven-shade-plugin-2.2.pom (7.8 kB at 218 kB/s)&#xD;&#xA;[INFO] Downloading from nexus: http://nexus/repository/maven-group/org/codehaus/plexus/plexus-component-annotations/1.5.4/plexus-component-annotations-1.5.4.pom&#xD;&#xA;[INFO] Downloaded from nexus: http://nexus/repository/maven-group/org/codehaus/plexus/plexus-component-annotations/1.5.4/plexus-component-annotations-1.5.4.pom (815 B at 102 kB/s)&#xD;&#xA;[INFO] Downloading from nexus: http://nexus/repository/maven-group/org/codehaus/plexus/plexus-containers/1.5.4/plexus-containers-1.5.4.pom&#xD;&#xA;[INFO] Downloaded from nexus: http://nexus/repository/maven-group/org/codehaus/plexus/plexus-containers/1.5.4/plexus-containers-1.5.4.pom (4.2 kB at 707 kB/s)&#xD;&#xA;[INFO] Downloading from nexus: http://nexus/repository/maven-group/org/codehaus/plexus/plexus/2.0.5/plexus-2.0.5.pom&#xD;&#xA;[INFO] Downloaded from nexus: http://nexus/repository/maven-group/org/codehaus/plexus/plexus/2.0.5/plexus-2.0.5.pom (17 kB at 2.9 MB/s)&#xD;&#xA;[INFO] Downloading from nexus: http://nexus/repository/maven-group/asm/asm/3.3.1/asm-3.3.1.pom&#xD;&#xA;[INFO] Downloaded from nexus: http://nexus/repository/maven-group/asm/asm/3.3.1/asm-3.3.1.pom (266 B at 5.9 kB/s)&#xD;&#xA;[INFO] Downloading from nexus: http://nexus/repository/maven-group/asm/asm-parent/3.3.1/asm-parent-3.3.1.pom&#xD;&#xA;[INFO] Downloaded from nexus: http://nexus/repository/maven-group/asm/asm-parent/3.3.1/asm-parent-3.3.1.pom (4.3 kB at 111 kB/s)&#xD;&#xA;[INFO] Downloading from nexus: http://nexus/repository/maven-group/asm/asm-commons/3.3.1/asm-commons-3.3.1.pom&#xD;&#xA;[INFO] Downloaded from nexus: http://nexus/repository/maven-group/asm/asm-commons/3.3.1/asm-commons-3.3.1.pom (417 B at 8.7 kB/s)&#xD;&#xA;[INFO] Downloading from nexus: http://nexus/repository/maven-group/asm/asm-tree/3.3.1/asm-tree-3.3.1.pom&#xD;&#xA;[INFO] Downloaded from nexus: http://nexus/repository/maven-group/asm/asm-tree/3.3.1/asm-tree-3.3.1.pom (406 B at 8.8 kB/s)&#xD;&#xA;[INFO] Downloading from nexus: http://nexus/repository/maven-group/org/jdom/jdom/1.1/jdom-1.1.pom&#xD;&#xA;[INFO] Downloaded from nexus: http://nexus/repository/maven-group/org/jdom/jdom/1.1/jdom-1.1.pom (2.2 kB at 41 kB/s)&#xD;&#xA;[INFO] Downloading from nexus: http://nexus/repository/maven-group/org/apache/maven/shared/maven-dependency-tree/2.1/maven-dependency-tree-2.1.pom&#xD;&#xA;[INFO] Downloaded from nexus: http://nexus/repository/maven-group/org/apache/maven/shared/maven-dependency-tree/2.1/maven-dependency-tree-2.1.pom (6.8 kB at 139 kB/s)&#xD;&#xA;[INFO] Downloading from nexus: http://nexus/repository/maven-group/org/apache/maven/maven-project/2.2.0/maven-project-2.2.0.pom&#xD;&#xA;[INFO] Downloaded from nexus: http://nexus/repository/maven-group/org/apache/maven/maven-project/2.2.0/maven-project-2.2.0.pom (2.8 kB at 82 kB/s)&#xD;&#xA;[INFO] Downloading from nexus: http://nexus/repository/maven-group/org/apache/maven/maven/2.2.0/maven-2.2.0.pom&#xD;&#xA;[INFO] Downloaded from nexus: http://nexus/repository/maven-group/org/apache/maven/maven/2.2.0/maven-2.2.0.pom (22 kB at 535 kB/s)&#xD;&#xA;[INFO] Downloading from nexus: http://nexus/repository/maven-group/org/apache/maven/maven-settings/2.2.0/maven-settings-2.2.0.pom&#xD;&#xA;[INFO] Downloaded from nexus: http://nexus/repository/maven-group/org/apache/maven/maven-settings/2.2.0/maven-settings-2.2.0.pom (2.2 kB at 46 kB/s)&#xD;&#xA;[INFO] Downloading from nexus: http://nexus/repository/maven-group/org/apache/maven/maven-model/2.2.0/maven-model-2.2.0.pom&#xD;&#xA;[INFO] Downloaded from nexus: http://nexus/repository/maven-group/org/apache/maven/maven-model/2.2.0/maven-model-2.2.0.pom (3.2 kB at 77 kB/s)&#xD;&#xA;[INFO] Downloading from nexus: http://nexus/repository/maven-group/org/apache/maven/maven-profile/2.2.0/maven-profile-2.2.0.pom&#xD;&#xA;[INFO] Downloaded from nexus: http://nexus/repository/maven-group/org/apache/maven/maven-profile/2.2.0/maven-profile-2.2.0.pom (2.2 kB at 56 kB/s)&#xD;&#xA;[INFO] Downloading from nexus: http://nexus/repository/maven-group/org/apache/maven/maven-artifact-manager/2.2.0/maven-artifact-manager-2.2.0.pom&#xD;&#xA;[INFO] Downloaded from nexus: http://nexus/repository/maven-group/org/apache/maven/maven-artifact-manager/2.2.0/maven-artifact-manager-2.2.0.pom (3.1 kB at 82 kB/s)&#xD;&#xA;[INFO] Downloading from nexus: http://nexus/repository/maven-group/org/apache/maven/maven-repository-metadata/2.2.0/maven-repository-metadata-2.2.0.pom&#xD;&#xA;[INFO] Downloaded from nexus: http://nexus/repository/maven-group/org/apache/maven/maven-repository-metadata/2.2.0/maven-repository-metadata-2.2.0.pom (1.9 kB at 52 kB/s)&#xD;&#xA;[INFO] Downloading from nexus: http://nexus/repository/maven-group/org/apache/maven/maven-artifact/2.2.0/maven-artifact-2.2.0.pom&#xD;&#xA;[INFO] Downloaded from nexus: http://nexus/repository/maven-group/org/apache/maven/maven-artifact/2.2.0/maven-artifact-2.2.0.pom (1.6 kB at 35 kB/s)&#xD;&#xA;[INFO] Downloading from nexus: http://nexus/repository/maven-group/org/apache/maven/maven-plugin-registry/2.2.0/maven-plugin-registry-2.2.0.pom&#xD;&#xA;[INFO] Downloaded from nexus: http://nexus/repository/maven-group/org/apache/maven/maven-plugin-registry/2.2.0/maven-plugin-registry-2.2.0.pom (1.9 kB at 41 kB/s)&#xD;&#xA;[INFO] Downloading from nexus: http://nexus/repository/maven-group/org/vafer/jdependency/0.7/jdependency-0.7.pom&#xD;&#xA;[INFO] Downloaded from nexus: http://nexus/repository/maven-group/org/vafer/jdependency/0.7/jdependency-0.7.pom (7.5 kB at 204 kB/s)&#xD;&#xA;[INFO] Downloading from nexus: http://nexus/repository/maven-group/commons-io/commons-io/1.3.2/commons-io-1.3.2.pom&#xD;&#xA;[INFO] Downloaded from nexus: http://nexus/repository/maven-group/commons-io/commons-io/1.3.2/commons-io-1.3.2.pom (9.7 kB at 249 kB/s)&#xD;&#xA;[INFO] Downloading from nexus: http://nexus/repository/maven-group/org/apache/commons/commons-parent/3/commons-parent-3.pom&#xD;&#xA;[INFO] Downloaded from nexus: http://nexus/repository/maven-group/org/apache/commons/commons-parent/3/commons-parent-3.pom (12 kB at 133 kB/s)&#xD;&#xA;[INFO] Downloading from nexus: http://nexus/repository/maven-group/asm/asm/3.2/asm-3.2.pom&#xD;&#xA;[INFO] Downloaded from nexus: http://nexus/repository/maven-group/asm/asm/3.2/asm-3.2.pom (264 B at 8.0 kB/s)&#xD;&#xA;[INFO] Downloading from nexus: http://nexus/repository/maven-group/asm/asm-parent/3.2/asm-parent-3.2.pom&#xD;&#xA;[INFO] Downloaded from nexus: http://nexus/repository/maven-group/asm/asm-parent/3.2/asm-parent-3.2.pom (4.4 kB at 121 kB/s)&#xD;&#xA;[INFO] Downloading from nexus: http://nexus/repository/maven-group/asm/asm-analysis/3.2/asm-analysis-3.2.pom&#xD;&#xA;[INFO] Downloaded from nexus: http://nexus/repository/maven-group/asm/asm-analysis/3.2/asm-analysis-3.2.pom (417 B at 13 kB/s)&#xD;&#xA;[INFO] Downloading from nexus: http://nexus/repository/maven-group/asm/asm-tree/3.2/asm-tree-3.2.pom&#xD;&#xA;[INFO] Downloaded from nexus: http://nexus/repository/maven-group/asm/asm-tree/3.2/asm-tree-3.2.pom (404 B at 13 kB/s)&#xD;&#xA;[INFO] Downloading from nexus: http://nexus/repository/maven-group/asm/asm-commons/3.2/asm-commons-3.2.pom&#xD;&#xA;[INFO] Downloaded from nexus: http://nexus/repository/maven-group/asm/asm-commons/3.2/asm-commons-3.2.pom (415 B at 12 kB/s)&#xD;&#xA;[INFO] Downloading from nexus: http://nexus/repository/maven-group/asm/asm-util/3.2/asm-util-3.2.pom&#xD;&#xA;[INFO] Downloaded from nexus: http://nexus/repository/maven-group/asm/asm-util/3.2/asm-util-3.2.pom (409 B at 12 kB/s)&#xD;&#xA;[INFO] Downloading from nexus: http://nexus/repository/maven-group/com/google/guava/guava/11.0.2/guava-11.0.2.pom&#xD;&#xA;[INFO] Downloaded from nexus: http://nexus/repository/maven-group/com/google/guava/guava/11.0.2/guava-11.0.2.pom (5.5 kB at 140 kB/s)&#xD;&#xA;[INFO] Downloading from nexus: http://nexus/repository/maven-group/com/google/guava/guava-parent/11.0.2/guava-parent-11.0.2.pom&#xD;&#xA;[INFO] Downloaded from nexus: http://nexus/repository/maven-group/com/google/guava/guava-parent/11.0.2/guava-parent-11.0.2.pom (2.0 kB at 44 kB/s)&#xD;&#xA;[INFO] Downloading from nexus: http://nexus/repository/maven-group/org/springframework/boot/spring-boot-loader-tools/2.0.0.RELEASE/spring-boot-loader-tools-2.0.0.RELEASE.jar&#xD;&#xA;[INFO] Downloading from nexus: http://nexus/repository/maven-group/org/apache/maven/shared/maven-shared-utils/0.7/maven-shared-utils-0.7.jar&#xD;&#xA;[INFO] Downloading from nexus: http://nexus/repository/maven-group/org/apache/commons/commons-compress/1.14/commons-compress-1.14.jar&#xD;&#xA;[INFO] Downloading from nexus: http://nexus/repository/maven-group/org/apache/maven/maven-archiver/2.6/maven-archiver-2.6.jar&#xD;&#xA;[INFO] Downloading from nexus: http://nexus/repository/maven-group/org/codehaus/plexus/plexus-interpolation/1.21/plexus-interpolation-1.21.jar&#xD;&#xA;[INFO] Downloaded from nexus: http://nexus/repository/maven-group/org/apache/maven/maven-archiver/2.6/maven-archiver-2.6.jar (23 kB at 193 kB/s)&#xD;&#xA;[INFO] Downloading from nexus: http://nexus/repository/maven-group/org/apache/maven/maven-artifact/3.1.1/maven-artifact-3.1.1.jar&#xD;&#xA;[INFO] Downloaded from nexus: http://nexus/repository/maven-group/org/springframework/boot/spring-boot-loader-tools/2.0.0.RELEASE/spring-boot-loader-tools-2.0.0.RELEASE.jar (147 kB at 474 kB/s)&#xD;&#xA;[INFO] Downloaded from nexus: http://nexus/repository/maven-group/org/codehaus/plexus/plexus-interpolation/1.21/plexus-interpolation-1.21.jar (62 kB at 437 kB/s)&#xD;&#xA;[INFO] Downloading from nexus: http://nexus/repository/maven-group/org/apache/maven/maven-core/3.1.1/maven-core-3.1.1.jar&#xD;&#xA;[INFO] Downloading from nexus: http://nexus/repository/maven-group/org/apache/maven/maven-settings-builder/3.1.1/maven-settings-builder-3.1.1.jar&#xD;&#xA;[INFO] Downloaded from nexus: http://nexus/repository/maven-group/org/apache/maven/shared/maven-shared-utils/0.7/maven-shared-utils-0.7.jar (170 kB at 966 kB/s)&#xD;&#xA;[INFO] Downloading from nexus: http://nexus/repository/maven-group/org/apache/maven/maven-repository-metadata/3.1.1/maven-repository-metadata-3.1.1.jar&#xD;&#xA;[INFO] Downloaded from nexus: http://nexus/repository/maven-group/org/apache/maven/maven-settings-builder/3.1.1/maven-settings-builder-3.1.1.jar (42 kB at 196 kB/s)&#xD;&#xA;[INFO] Downloading from nexus: http://nexus/repository/maven-group/org/apache/maven/maven-model-builder/3.1.1/maven-model-builder-3.1.1.jar&#xD;&#xA;[INFO] Downloaded from nexus: http://nexus/repository/maven-group/org/apache/maven/maven-artifact/3.1.1/maven-artifact-3.1.1.jar (52 kB at 206 kB/s)&#xD;&#xA;[INFO] Downloading from nexus: http://nexus/repository/maven-group/org/apache/maven/maven-aether-provider/3.1.1/maven-aether-provider-3.1.1.jar&#xD;&#xA;[INFO] Downloaded from nexus: http://nexus/repository/maven-group/org/apache/maven/maven-repository-metadata/3.1.1/maven-repository-metadata-3.1.1.jar (25 kB at 92 kB/s)&#xD;&#xA;[INFO] Downloading from nexus: http://nexus/repository/maven-group/org/eclipse/aether/aether-spi/0.9.0.M2/aether-spi-0.9.0.M2.jar&#xD;&#xA;[INFO] Downloaded from nexus: http://nexus/repository/maven-group/org/apache/commons/commons-compress/1.14/commons-compress-1.14.jar (530 kB at 1.7 MB/s)&#xD;&#xA;[INFO] Downloading from nexus: http://nexus/repository/maven-group/org/eclipse/aether/aether-impl/0.9.0.M2/aether-impl-0.9.0.M2.jar&#xD;&#xA;[INFO] Downloaded from nexus: http://nexus/repository/maven-group/org/apache/maven/maven-aether-provider/3.1.1/maven-aether-provider-3.1.1.jar (60 kB at 164 kB/s)&#xD;&#xA;[INFO] Downloading from nexus: http://nexus/repository/maven-group/org/eclipse/aether/aether-api/0.9.0.M2/aether-api-0.9.0.M2.jar&#xD;&#xA;[INFO] Downloaded from nexus: http://nexus/repository/maven-group/org/apache/maven/maven-model-builder/3.1.1/maven-model-builder-3.1.1.jar (160 kB at 419 kB/s)&#xD;&#xA;[INFO] Downloading from nexus: http://nexus/repository/maven-group/org/eclipse/aether/aether-util/0.9.0.M2/aether-util-0.9.0.M2.jar&#xD;&#xA;[INFO] Downloaded from nexus: http://nexus/repository/maven-group/org/eclipse/aether/aether-spi/0.9.0.M2/aether-spi-0.9.0.M2.jar (18 kB at 37 kB/s)&#xD;&#xA;[INFO] Downloading from nexus: http://nexus/repository/maven-group/org/eclipse/sisu/org.eclipse.sisu.plexus/0.0.0.M5/org.eclipse.sisu.plexus-0.0.0.M5.jar&#xD;&#xA;[INFO] Downloaded from nexus: http://nexus/repository/maven-group/org/eclipse/aether/aether-impl/0.9.0.M2/aether-impl-0.9.0.M2.jar (145 kB at 305 kB/s)&#xD;&#xA;[INFO] Downloading from nexus: http://nexus/repository/maven-group/javax/enterprise/cdi-api/1.0/cdi-api-1.0.jar&#xD;&#xA;[INFO] Downloaded from nexus: http://nexus/repository/maven-group/javax/enterprise/cdi-api/1.0/cdi-api-1.0.jar (45 kB at 86 kB/s)&#xD;&#xA;[INFO] Downloading from nexus: http://nexus/repository/maven-group/javax/annotation/jsr250-api/1.0/jsr250-api-1.0.jar&#xD;&#xA;[INFO] Downloaded from nexus: http://nexus/repository/maven-group/javax/annotation/jsr250-api/1.0/jsr250-api-1.0.jar (5.8 kB at 11 kB/s)&#xD;&#xA;[INFO] Downloading from nexus: http://nexus/repository/maven-group/javax/inject/javax.inject/1/javax.inject-1.jar&#xD;&#xA;[INFO] Downloaded from nexus: http://nexus/repository/maven-group/org/apache/maven/maven-core/3.1.1/maven-core-3.1.1.jar (557 kB at 1.0 MB/s)&#xD;&#xA;[INFO] Downloading from nexus: http://nexus/repository/maven-group/org/sonatype/sisu/sisu-guice/3.1.0/sisu-guice-3.1.0-no_aop.jar&#xD;&#xA;[INFO] Downloaded from nexus: http://nexus/repository/maven-group/org/eclipse/aether/aether-api/0.9.0.M2/aether-api-0.9.0.M2.jar (134 kB at 241 kB/s)&#xD;&#xA;[INFO] Downloading from nexus: http://nexus/repository/maven-group/aopalliance/aopalliance/1.0/aopalliance-1.0.jar&#xD;&#xA;[INFO] Downloaded from nexus: http://nexus/repository/maven-group/aopalliance/aopalliance/1.0/aopalliance-1.0.jar (4.5 kB at 7.9 kB/s)&#xD;&#xA;[INFO] Downloading from nexus: http://nexus/repository/maven-group/org/eclipse/sisu/org.eclipse.sisu.inject/0.0.0.M5/org.eclipse.sisu.inject-0.0.0.M5.jar&#xD;&#xA;[INFO] Downloaded from nexus: http://nexus/repository/maven-group/javax/inject/javax.inject/1/javax.inject-1.jar (2.5 kB at 4.2 kB/s)&#xD;&#xA;[INFO] Downloading from nexus: http://nexus/repository/maven-group/org/codehaus/plexus/plexus-classworlds/2.5.1/plexus-classworlds-2.5.1.jar&#xD;&#xA;[INFO] Downloaded from nexus: http://nexus/repository/maven-group/org/codehaus/plexus/plexus-classworlds/2.5.1/plexus-classworlds-2.5.1.jar (50 kB at 80 kB/s)&#xD;&#xA;[INFO] Downloading from nexus: http://nexus/repository/maven-group/org/apache/maven/maven-model/3.1.1/maven-model-3.1.1.jar&#xD;&#xA;[INFO] Downloaded from nexus: http://nexus/repository/maven-group/org/eclipse/aether/aether-util/0.9.0.M2/aether-util-0.9.0.M2.jar (134 kB at 212 kB/s)&#xD;&#xA;[INFO] Downloading from nexus: http://nexus/repository/maven-group/org/apache/maven/maven-plugin-api/3.1.1/maven-plugin-api-3.1.1.jar&#xD;&#xA;[INFO] Downloaded from nexus: http://nexus/repository/maven-group/org/eclipse/sisu/org.eclipse.sisu.plexus/0.0.0.M5/org.eclipse.sisu.plexus-0.0.0.M5.jar (197 kB at 282 kB/s)&#xD;&#xA;[INFO] Downloading from nexus: http://nexus/repository/maven-group/org/apache/maven/maven-settings/3.1.1/maven-settings-3.1.1.jar&#xD;&#xA;[INFO] Downloaded from nexus: http://nexus/repository/maven-group/org/eclipse/sisu/org.eclipse.sisu.inject/0.0.0.M5/org.eclipse.sisu.inject-0.0.0.M5.jar (291 kB at 359 kB/s)&#xD;&#xA;[INFO] Downloading from nexus: http://nexus/repository/maven-group/org/apache/maven/maven-project/2.0.8/maven-project-2.0.8.jar&#xD;&#xA;[INFO] Downloaded from nexus: http://nexus/repository/maven-group/org/apache/maven/maven-settings/3.1.1/maven-settings-3.1.1.jar (42 kB at 51 kB/s)&#xD;&#xA;[INFO] Downloading from nexus: http://nexus/repository/maven-group/org/apache/maven/maven-profile/2.0.8/maven-profile-2.0.8.jar&#xD;&#xA;[INFO] Downloaded from nexus: http://nexus/repository/maven-group/org/apache/maven/maven-plugin-api/3.1.1/maven-plugin-api-3.1.1.jar (45 kB at 53 kB/s)&#xD;&#xA;[INFO] Downloading from nexus: http://nexus/repository/maven-group/org/apache/maven/maven-artifact-manager/2.0.8/maven-artifact-manager-2.0.8.jar&#xD;&#xA;[INFO] Downloaded from nexus: http://nexus/repository/maven-group/org/apache/maven/maven-model/3.1.1/maven-model-3.1.1.jar (154 kB at 176 kB/s)&#xD;&#xA;[INFO] Downloading from nexus: http://nexus/repository/maven-group/org/apache/maven/maven-plugin-registry/2.0.8/maven-plugin-registry-2.0.8.jar&#xD;&#xA;[INFO] Downloaded from nexus: http://nexus/repository/maven-group/org/sonatype/sisu/sisu-guice/3.1.0/sisu-guice-3.1.0-no_aop.jar (357 kB at 399 kB/s)&#xD;&#xA;[INFO] Downloading from nexus: http://nexus/repository/maven-group/junit/junit/4.12/junit-4.12.jar&#xD;&#xA;[INFO] Downloaded from nexus: http://nexus/repository/maven-group/junit/junit/4.12/junit-4.12.jar (315 kB at 339 kB/s)&#xD;&#xA;[INFO] Downloading from nexus: http://nexus/repository/maven-group/org/hamcrest/hamcrest-core/1.3/hamcrest-core-1.3.jar&#xD;&#xA;[INFO] Downloaded from nexus: http://nexus/repository/maven-group/org/hamcrest/hamcrest-core/1.3/hamcrest-core-1.3.jar (45 kB at 48 kB/s)&#xD;&#xA;[INFO] Downloading from nexus: http://nexus/repository/maven-group/org/codehaus/plexus/plexus-archiver/2.8.1/plexus-archiver-2.8.1.jar&#xD;&#xA;[INFO] Downloaded from nexus: http://nexus/repository/maven-group/org/apache/maven/maven-profile/2.0.8/maven-profile-2.0.8.jar (35 kB at 37 kB/s)&#xD;&#xA;[INFO] Downloading from nexus: http://nexus/repository/maven-group/org/codehaus/plexus/plexus-io/2.3.2/plexus-io-2.3.2.jar&#xD;&#xA;[INFO] Downloaded from nexus: http://nexus/repository/maven-group/org/apache/maven/maven-artifact-manager/2.0.8/maven-artifact-manager-2.0.8.jar (57 kB at 55 kB/s)&#xD;&#xA;[INFO] Downloading from nexus: http://nexus/repository/maven-group/org/apache/maven/plugins/maven-shade-plugin/2.2/maven-shade-plugin-2.2.jar&#xD;&#xA;[INFO] Downloaded from nexus: http://nexus/repository/maven-group/org/apache/maven/maven-plugin-registry/2.0.8/maven-plugin-registry-2.0.8.jar (29 kB at 27 kB/s)&#xD;&#xA;[INFO] Downloading from nexus: http://nexus/repository/maven-group/asm/asm/3.3.1/asm-3.3.1.jar&#xD;&#xA;[INFO] Downloaded from nexus: http://nexus/repository/maven-group/org/apache/maven/maven-project/2.0.8/maven-project-2.0.8.jar (117 kB at 104 kB/s)&#xD;&#xA;[INFO] Downloading from nexus: http://nexus/repository/maven-group/asm/asm-commons/3.3.1/asm-commons-3.3.1.jar&#xD;&#xA;[INFO] Downloaded from nexus: http://nexus/repository/maven-group/org/codehaus/plexus/plexus-io/2.3.2/plexus-io-2.3.2.jar (74 kB at 64 kB/s)&#xD;&#xA;[INFO] Downloading from nexus: http://nexus/repository/maven-group/asm/asm-tree/3.3.1/asm-tree-3.3.1.jar&#xD;&#xA;[INFO] Downloaded from nexus: http://nexus/repository/maven-group/org/codehaus/plexus/plexus-archiver/2.8.1/plexus-archiver-2.8.1.jar (143 kB at 122 kB/s)&#xD;&#xA;[INFO] Downloading from nexus: http://nexus/repository/maven-group/org/jdom/jdom/1.1/jdom-1.1.jar&#xD;&#xA;[INFO] Downloaded from nexus: http://nexus/repository/maven-group/asm/asm-commons/3.3.1/asm-commons-3.3.1.jar (38 kB at 29 kB/s)&#xD;&#xA;[INFO] Downloading from nexus: http://nexus/repository/maven-group/org/apache/maven/shared/maven-dependency-tree/2.1/maven-dependency-tree-2.1.jar&#xD;&#xA;[INFO] Downloaded from nexus: http://nexus/repository/maven-group/org/apache/maven/plugins/maven-shade-plugin/2.2/maven-shade-plugin-2.2.jar (100 kB at 76 kB/s)&#xD;&#xA;[INFO] Downloading from nexus: http://nexus/repository/maven-group/org/vafer/jdependency/0.7/jdependency-0.7.jar&#xD;&#xA;[INFO] Downloaded from nexus: http://nexus/repository/maven-group/asm/asm-tree/3.3.1/asm-tree-3.3.1.jar (22 kB at 16 kB/s)&#xD;&#xA;[INFO] Downloading from nexus: http://nexus/repository/maven-group/commons-io/commons-io/1.3.2/commons-io-1.3.2.jar&#xD;&#xA;[INFO] Downloaded from nexus: http://nexus/repository/maven-group/asm/asm/3.3.1/asm-3.3.1.jar (44 kB at 32 kB/s)&#xD;&#xA;[INFO] Downloading from nexus: http://nexus/repository/maven-group/asm/asm-analysis/3.2/asm-analysis-3.2.jar&#xD;&#xA;[INFO] Downloaded from nexus: http://nexus/repository/maven-group/org/jdom/jdom/1.1/jdom-1.1.jar (153 kB at 106 kB/s)&#xD;&#xA;[INFO] Downloading from nexus: http://nexus/repository/maven-group/asm/asm-util/3.2/asm-util-3.2.jar&#xD;&#xA;[INFO] Downloaded from nexus: http://nexus/repository/maven-group/asm/asm-analysis/3.2/asm-analysis-3.2.jar (18 kB at 12 kB/s)&#xD;&#xA;[INFO] Downloading from nexus: http://nexus/repository/maven-group/com/google/guava/guava/11.0.2/guava-11.0.2.jar&#xD;&#xA;[INFO] Downloaded from nexus: http://nexus/repository/maven-group/org/vafer/jdependency/0.7/jdependency-0.7.jar (12 kB at 7.7 kB/s)&#xD;&#xA;[INFO] Downloaded from nexus: http://nexus/repository/maven-group/commons-io/commons-io/1.3.2/commons-io-1.3.2.jar (88 kB at 57 kB/s)&#xD;&#xA;[INFO] Downloaded from nexus: http://nexus/repository/maven-group/org/apache/maven/shared/maven-dependency-tree/2.1/maven-dependency-tree-2.1.jar (60 kB at 38 kB/s)&#xD;&#xA;[INFO] Downloaded from nexus: http://nexus/repository/maven-group/asm/asm-util/3.2/asm-util-3.2.jar (37 kB at 23 kB/s)&#xD;&#xA;[INFO] Downloaded from nexus: http://nexus/repository/maven-group/com/google/guava/guava/11.0.2/guava-11.0.2.jar (1.6 MB at 955 kB/s)&#xD;&#xA;[INFO] &#xD;&#xA;[INFO] --- maven-install-plugin:2.5.2:install (default-install) @ bdd-import-1547468057 ---&#xD;&#xA;[INFO] Downloading from nexus: http://nexus/repository/maven-group/junit/junit/3.8.1/junit-3.8.1.pom&#xD;&#xA;[INFO] Downloaded from nexus: http://nexus/repository/maven-group/junit/junit/3.8.1/junit-3.8.1.pom (998 B at 100 kB/s)&#xD;&#xA;[INFO] Downloading from nexus: http://nexus/repository/maven-group/commons-codec/commons-codec/1.6/commons-codec-1.6.pom&#xD;&#xA;[INFO] Downloaded from nexus: http://nexus/repository/maven-group/commons-codec/commons-codec/1.6/commons-codec-1.6.pom (11 kB at 215 kB/s)&#xD;&#xA;[INFO] Downloading from nexus: http://nexus/repository/maven-group/org/apache/commons/commons-parent/22/commons-parent-22.pom&#xD;&#xA;[INFO] Downloaded from nexus: http://nexus/repository/maven-group/org/apache/commons/commons-parent/22/commons-parent-22.pom (42 kB at 4.7 MB/s)&#xD;&#xA;[INFO] Downloading from nexus: http://nexus/repository/maven-group/org/apache/maven/shared/maven-shared-utils/0.4/maven-shared-utils-0.4.pom&#xD;&#xA;[INFO] Downloaded from nexus: http://nexus/repository/maven-group/org/apache/maven/shared/maven-shared-utils/0.4/maven-shared-utils-0.4.pom (4.0 kB at 450 kB/s)&#xD;&#xA;[INFO] Downloading from nexus: http://nexus/repository/maven-group/org/codehaus/plexus/plexus-container-default/1.0-alpha-9-stable-1/plexus-container-default-1.0-alpha-9-stable-1.jar&#xD;&#xA;[INFO] Downloading from nexus: http://nexus/repository/maven-group/classworlds/classworlds/1.1-alpha-2/classworlds-1.1-alpha-2.jar&#xD;&#xA;[INFO] Downloading from nexus: http://nexus/repository/maven-group/commons-codec/commons-codec/1.6/commons-codec-1.6.jar&#xD;&#xA;[INFO] Downloading from nexus: http://nexus/repository/maven-group/junit/junit/3.8.1/junit-3.8.1.jar&#xD;&#xA;[INFO] Downloaded from nexus: http://nexus/repository/maven-group/org/codehaus/plexus/plexus-container-default/1.0-alpha-9-stable-1/plexus-container-default-1.0-alpha-9-stable-1.jar (194 kB at 3.5 MB/s)&#xD;&#xA;[INFO] Downloaded from nexus: http://nexus/repository/maven-group/junit/junit/3.8.1/junit-3.8.1.jar (121 kB at 2.1 MB/s)&#xD;&#xA;[INFO] Downloaded from nexus: http://nexus/repository/maven-group/classworlds/classworlds/1.1-alpha-2/classworlds-1.1-alpha-2.jar (38 kB at 658 kB/s)&#xD;&#xA;[INFO] Downloading from nexus: http://nexus/repository/maven-group/org/codehaus/plexus/plexus-utils/3.0.15/plexus-utils-3.0.15.jar&#xD;&#xA;[INFO] Downloading from nexus: http://nexus/repository/maven-group/org/apache/maven/shared/maven-shared-utils/0.4/maven-shared-utils-0.4.jar&#xD;&#xA;[INFO] Downloaded from nexus: http://nexus/repository/maven-group/commons-codec/commons-codec/1.6/commons-codec-1.6.jar (233 kB at 3.3 MB/s)&#xD;&#xA;[INFO] Downloaded from nexus: http://nexus/repository/maven-group/org/codehaus/plexus/plexus-utils/3.0.15/plexus-utils-3.0.15.jar (239 kB at 3.0 MB/s)&#xD;&#xA;[INFO] Downloaded from nexus: http://nexus/repository/maven-group/org/apache/maven/shared/maven-shared-utils/0.4/maven-shared-utils-0.4.jar (155 kB at 1.9 MB/s)&#xD;&#xA;[INFO] Installing /home/jenkins/workspace/sts_bdd-import-1547468057_master/target/bdd-import-1547468057-1.0.0.war to /root/.mvnrepository/com/example/bdd-import-1547468057/1.0.0/bdd-import-1547468057-1.0.0.war&#xD;&#xA;[INFO] Installing /home/jenkins/workspace/sts_bdd-import-1547468057_master/pom.xml to /root/.mvnrepository/com/example/bdd-import-1547468057/1.0.0/bdd-import-1547468057-1.0.0.pom&#xD;&#xA;[INFO] &#xD;&#xA;[INFO] --- maven-deploy-plugin:2.8.2:deploy (default-deploy) @ bdd-import-1547468057 ---&#xD;&#xA;[INFO] Using alternate deployment repository local-nexus::default::http://nexus/repository/maven-releases/&#xD;&#xA;[INFO] Uploading to local-nexus: http://nexus/repository/maven-releases/com/example/bdd-import-1547468057/1.0.0/bdd-import-1547468057-1.0.0.war&#xD;&#xA;[INFO] Uploaded to local-nexus: http://nexus/repository/maven-releases/com/example/bdd-import-1547468057/1.0.0/bdd-import-1547468057-1.0.0.war (35 MB at 27 MB/s)&#xD;&#xA;[INFO] Uploading to local-nexus: http://nexus/repository/maven-releases/com/example/bdd-import-1547468057/1.0.0/bdd-import-1547468057-1.0.0.pom&#xD;&#xA;[INFO] Uploaded to local-nexus: http://nexus/repository/maven-releases/com/example/bdd-import-1547468057/1.0.0/bdd-import-1547468057-1.0.0.pom (2.5 kB at 76 kB/s)&#xD;&#xA;[INFO] Downloading from local-nexus: http://nexus/repository/maven-releases/com/example/bdd-import-1547468057/maven-metadata.xml&#xD;&#xA;[INFO] Uploading to local-nexus: http://nexus/repository/maven-releases/com/example/bdd-import-1547468057/maven-metadata.xml&#xD;&#xA;[INFO] Uploaded to local-nexus: http://nexus/repository/maven-releases/com/example/bdd-import-1547468057/maven-metadata.xml (312 B at 5.9 kB/s)&#xD;&#xA;[INFO] ------------------------------------------------------------------------&#xD;&#xA;[INFO] BUILD SUCCESS&#xD;&#xA;[INFO] ------------------------------------------------------------------------&#xD;&#xA;[INFO] Total time: 35.938 s&#xD;&#xA;[INFO] Finished at: 2019-01-14T12:42:59Z&#xD;&#xA;[INFO] ------------------------------------------------------------------------&#xD;&#xA;[Pipeline] sh&#xD;&#xA;++ cat VERSION&#xD;&#xA;+ export VERSION=1.0.0&#xD;&#xA;+ VERSION=1.0.0&#xD;&#xA;+ skaffold build -f skaffold.yaml&#xD;&#xA;time=&#34;2019-01-14T12:43:04Z&#34; level=warning msg=&#34;config version (skaffold/v1alpha2) out of date: upgrading to latest (skaffold/v1beta2)&#34;&#xD;&#xA;Starting build...&#xD;&#xA;Building [changeme]...&#xD;&#xA;Sending build context to Docker daemon  525.8kB&#xD;Sending build context to Docker daemon  15.57MB&#xD;Sending build context to Docker daemon  32.28MB&#xD;Sending build context to Docker daemon  34.88MB&#xD;&#xD;&#xA;Step 1/6 : FROM openjdk:8-jdk-alpine&#xD;&#xA;8-jdk-alpine: Pulling from library/openjdk&#xD;&#xA;cd784148e348: Already exists&#xD;&#xA;35920a071f91: Already exists&#xD;&#xA;88b05767cad1: Already exists&#xD;&#xA;Digest: sha256:4745e7b0cc551f68592f75a524f4479e878cb726ffc851dfad3e2c9280828b01&#xD;&#xA;Status: Downloaded newer image for openjdk:8-jdk-alpine&#xD;&#xA; ---&gt; 2cfb1dc1f0c8&#xD;&#xA;Step 2/6 : ENV PORT 8080&#xD;&#xA; ---&gt; Running in 38a9ff37e44f&#xD;&#xA; ---&gt; 49b283469700&#xD;&#xA;Step 3/6 : EXPOSE 8080&#xD;&#xA; ---&gt; Running in 91a5cc248fe3&#xD;&#xA; ---&gt; c0f2da389a9b&#xD;&#xA;Step 4/6 : COPY target/*.war /opt/app.war&#xD;&#xA; ---&gt; 905fff79fd88&#xD;&#xA;Step 5/6 : WORKDIR /opt&#xD;&#xA; ---&gt; b8bc634eb91a&#xD;&#xA;Step 6/6 : CMD java -jar app.war&#xD;&#xA; ---&gt; Running in 980c5bbff5bb&#xD;&#xA; ---&gt; ff9433522c00&#xD;&#xA;Successfully built ff9433522c00&#xD;&#xA;The push refers to a repository [10.39.253.134:5000/jenkins-x-tests/bdd-import-1547468057]&#xD;&#xA;ceebb60ab989: Preparing&#xD;&#xA;b845f393fc2b: Preparing&#xD;&#xA;dbc783c89851: Preparing&#xD;&#xA;7bff100f35cb: Preparing&#xD;&#xA;dbc783c89851: Pushed&#xD;&#xA;7bff100f35cb: Pushed&#xD;&#xA;ceebb60ab989: Pushed&#xD;&#xA;b845f393fc2b: Pushed&#xD;&#xA;1.0.0: digest: sha256:266c493d3a16a0c111de5e5f24a0a35450ec4552ff9132ea663d3b67e6e63a18 size: 1159&#xD;&#xA;Build complete in 12.597483702s&#xD;&#xA;Starting test...&#xD;&#xA;Test complete in 4.648µs&#xD;&#xA;changeme -&gt; 10.39.253.134:5000/jenkins-x-tests/bdd-import-1547468057:1.0.0&#xD;&#xA;[Pipeline] sh&#xD;&#xA;++ cat VERSION&#xD;&#xA;+ jx step post build --image 10.39.253.134:5000/jenkins-x-tests/bdd-import-1547468057:1.0.0&#xD;&#xA;[Pipeline] }&#xD;&#xA;[Pipeline] // container&#xD;&#xA;[Pipeline] }&#xD;&#xA;[Pipeline] // stage&#xD;&#xA;[Pipeline] stage&#xD;&#xA;[Pipeline] { (Promote to Environments)&#xD;&#xA;[Pipeline] container&#xD;&#xA;[Pipeline] {&#xD;&#xA;[Pipeline] dir&#xD;&#xA;Running in /home/jenkins/workspace/sts_bdd-import-1547468057_master/charts/bdd-import-1547468057&#xD;&#xA;[Pipeline] {&#xD;&#xA;[Pipeline] sh&#xD;&#xA;++ cat ../../VERSION&#xD;&#xA;+ jx step changelog --version v1.0.0&#xD;&#xA;Using batch mode as inside a pipeline&#xD;&#xA;Generating change log from git ref 2ba2812f03134543d28e869c14349bc7a61e857b =&gt; cce1203f989c503d252b4e32093ba7f7ef9047b9&#xD;&#xA;Unable to find user: jenkins-x.googlegroups.com -- users.jenkins.io &#34;jenkins-x.googlegroups.com&#34; not found&#xD;&#xA;Unable to find user: jenkins-x.googlegroups.com -- users.jenkins.io &#34;jenkins-x.googlegroups.com&#34; not found&#xD;&#xA;Finding issues in commit messages using git format&#xD;&#xA;No release found for jenkins-x-tests/bdd-import-1547468057 and tag v1.0.0 so creating a new release&#xD;&#xA;Updated the release information at https://github.beescloud.com/jenkins-x-tests/bdd-import-1547468057/releases/tag/v1.0.0&#xD;&#xA;generated: /home/jenkins/workspace/sts_bdd-import-1547468057_master/charts/bdd-import-1547468057/templates/release.yaml&#xD;&#xA;Created Release bdd-import-1547468057-1-0-0 resource in namespace bdd-ghe-base-qs-22&#xD;&#xA;Updating PipelineActivity jenkins-x-tests-bdd-import-1547468057-master-1 with version 1.0.0&#xD;&#xA;Updated PipelineActivities jenkins-x-tests-bdd-import-1547468057-master-1 with release notes URL: https://github.beescloud.com/jenkins-x-tests/bdd-import-1547468057/releases/tag/v1.0.0&#xD;&#xA;[Pipeline] sh&#xD;&#xA;+ jx step helm release&#xD;&#xA;No $CHART_REPOSITORY defined so using the default value of: http://jenkins-x-chartmuseum:8080&#xD;&#xA;Adding missing Helm repo: jenkins-x http://chartmuseum.jenkins-x.io&#xD;&#xA;Successfully added Helm repository jenkins-x.&#xD;&#xA;Adding missing Helm repo: releases http://jenkins-x-chartmuseum:8080&#xD;&#xA;Successfully added Helm repository releases.&#xD;&#xA;No $CHART_REPOSITORY defined so using the default value of: http://jenkins-x-chartmuseum:8080&#xD;&#xA;Uploading chart file bdd-import-1547468057-1.0.0.tgz to http://jenkins-x-chartmuseum:8080/api/charts&#xD;&#xA;Received 201 response: {&#34;saved&#34;:true}&#xD;&#xA;[Pipeline] sh&#xD;&#xA;++ cat ../../VERSION&#xD;&#xA;+ jx promote -b --all-auto --timeout 1h --version 1.0.0&#xD;&#xA;Promoting app bdd-import-1547468057 version 1.0.0 to namespace bdd-ghe-base-qs-22-staging&#xD;&#xA;Created Pull Request: https://github.beescloud.com/dev1/environment-bdd-ghe-base-qs-22-staging/pull/2&#xD;&#xA;&#xD;&#xA;Failed to query the Pull Request last commit status for https://github.beescloud.com/dev1/environment-bdd-ghe-base-qs-22-staging/pull/2 ref e7d45205371df517aafb0da1e6e88a3afe4a9b5a Could not find a status for repository dev1/environment-bdd-ghe-base-qs-22-staging with ref e7d45205371df517aafb0da1e6e88a3afe4a9b5a&#xD;&#xA;Failed to query the Pull Request last commit status for https://github.beescloud.com/dev1/environment-bdd-ghe-base-qs-22-staging/pull/2 ref e7d45205371df517aafb0da1e6e88a3afe4a9b5a Could not find a status for repository dev1/environment-bdd-ghe-base-qs-22-staging with ref e7d45205371df517aafb0da1e6e88a3afe4a9b5a&#xD;&#xA;Failed to query the Pull Request last commit status for https://github.beescloud.com/dev1/environment-bdd-ghe-base-qs-22-staging/pull/2 ref e7d45205371df517aafb0da1e6e88a3afe4a9b5a Could not find a status for repository dev1/environment-bdd-ghe-base-qs-22-staging with ref e7d45205371df517aafb0da1e6e88a3afe4a9b5a&#xD;&#xA;Failed to query the Pull Request last commit status for https://github.beescloud.com/dev1/environment-bdd-ghe-base-qs-22-staging/pull/2 ref e7d45205371df517aafb0da1e6e88a3afe4a9b5a Could not find a status for repository dev1/environment-bdd-ghe-base-qs-22-staging with ref e7d45205371df517aafb0da1e6e88a3afe4a9b5a&#xD;&#xA;Failed to query the Pull Request last commit status for https://github.beescloud.com/dev1/environment-bdd-ghe-base-qs-22-staging/pull/2 ref e7d45205371df517aafb0da1e6e88a3afe4a9b5a Could not find a status for repository dev1/environment-bdd-ghe-base-qs-22-staging with ref e7d45205371df517aafb0da1e6e88a3afe4a9b5a&#xD;&#xA;Failed to query the Pull Request last commit status for https://github.beescloud.com/dev1/environment-bdd-ghe-base-qs-22-staging/pull/2 ref e7d45205371df517aafb0da1e6e88a3afe4a9b5a Could not find a status for repository dev1/environment-bdd-ghe-base-qs-22-staging with ref e7d45205371df517aafb0da1e6e88a3afe4a9b5a&#xD;&#xA;Failed to query the Pull Request last commit status for https://github.beescloud.com/dev1/environment-bdd-ghe-base-qs-22-staging/pull/2 ref e7d45205371df517aafb0da1e6e88a3afe4a9b5a Could not find a status for repository dev1/environment-bdd-ghe-base-qs-22-staging with ref e7d45205371df517aafb0da1e6e88a3afe4a9b5a&#xD;&#xA;Failed to query the Pull Request last commit status for https://github.beescloud.com/dev1/environment-bdd-ghe-base-qs-22-staging/pull/2 ref e7d45205371df517aafb0da1e6e88a3afe4a9b5a Could not find a status for repository dev1/environment-bdd-ghe-base-qs-22-staging with ref e7d45205371df517aafb0da1e6e88a3afe4a9b5a&#xD;&#xA;Pull Request https://github.beescloud.com/dev1/environment-bdd-ghe-base-qs-22-staging/pull/2 is merged at sha e1f62ade93b80b1dee908e5078b0d398d23d19ae&#xD;&#xA;Merge commit has not yet any statuses on repo dev1/environment-bdd-ghe-base-qs-22-staging merge sha e1f62ade93b80b1dee908e5078b0d398d23d19ae&#xD;&#xA;merge status: pending for URL https://github.beescloud.com/api/v3/repos/dev1/environment-bdd-ghe-base-qs-22-staging/statuses/e1f62ade93b80b1dee908e5078b0d398d23d19ae with target: http://jenkins.bdd-ghe-base-qs-22.104.155.31.11.nip.io/job/dev1/job/environment-bdd-ghe-base-qs-22-staging/job/master/3/display/redirect description: This commit is being built&#xD;&#xA;</system-out>
      </testcase>
      <testcase name="quickstart spring-boot-http-gradle Creates an app" classname="BddJx Suite" time="0">
          <skipped></skipped>
      </testcase>
      <testcase name="quickstart spring-boot-web&#xA; Given valid parameters when operating on the quickstart creates a spring-boot-web quickstart and promotes it to staging&#xA;" classname="BddJx Suite" time="0.256287964">
          <failure type="Failure">/home/jenkins/go/jenkins-x/bdd-jx/main.go:325&#xA;No future change is possible.  Bailing out early after 0.000s.&#xA;Expected&#xA;    &lt;int&gt;: 1&#xA;to match exit code:&#xA;    &lt;int&gt;: 0&#xA;/home/jenkins/go/jenkins-x/bdd-jx/main.go:340</failure>
          <system-out>      Creating app bdd-spring-boot-web-1547468057 in dir /tmp/bdd-205797989&#xA;      Using Git provider URL https://github.beescloud.com&#xA;error: failed to load quickstarts: Running in batch mode and no default API token found&#xA;</system-out>
      </testcase>
      <testcase name="quickstart spring-boot-web&#xA; Given invalid parameters when -p param (project name) is missing exits with signal 1&#xA;" classname="BddJx Suite" time="0.194551007"></testcase>
      <testcase name="quickstart spring-boot-web&#xA; Given invalid parameters when -f param (filter) does not match any quickstart exits with signal 1&#xA;" classname="BddJx Suite" time="0.196745323"></testcase>
      <testcase name="quickstart rails-shopping-cart&#xA; Given valid parameters when operating on the quickstart creates a rails-shopping-cart quickstart and promotes it to staging&#xA;" classname="BddJx Suite" time="0.208938499">
          <failure type="Failure">/home/jenkins/go/jenkins-x/bdd-jx/main.go:325&#xA;No future change is possible.  Bailing out early after 0.000s.&#xA;Expected&#xA;    &lt;int&gt;: 1&#xA;to match exit code:&#xA;    &lt;int&gt;: 0&#xA;/home/jenkins/go/jenkins-x/bdd-jx/main.go:340</failure>
          <system-out>      Creating app bdd-rails-shopping-cart-1547468057 in dir /tmp/bdd-205797989&#xA;      Using Git provider URL https://github.beescloud.com&#xA;error: failed to load quickstarts: Running in batch mode and no default API token found&#xA;</system-out>
      </testcase>
      <testcase name="quickstart rails-shopping-cart&#xA; Given invalid parameters when -p param (project name) is missing exits with signal 1&#xA;" classname="BddJx Suite" time="0.184180759"></testcase>
      <testcase name="quickstart rails-shopping-cart&#xA; Given invalid parameters when -f param (filter) does not match any quickstart exits with signal 1&#xA;" classname="BddJx Suite" time="0.194379751"></testcase>
      <testcase name="quickstart aspnet-app Creates an app" classname="BddJx Suite" time="0">
          <skipped></skipped>
      </testcase>
  </testsuite>