<?xml version="1.0" encoding="UTF-8"?>
  <testsuite name="BddJx Suite" tests="26" failures="8" errors="0" time="1275.78">
      <testcase name="quickstart python-http&#xA; Given valid parameters when operating on the quickstart creates a python-http quickstart and promotes it to staging&#xA;" classname="BddJx Suite" time="0.224788617">
          <failure type="Failure">/home/jenkins/go/jenkins-x/bdd-jx/main.go:325&#xA;No future change is possible.  Bailing out early after 0.000s.&#xA;Expected&#xA;    &lt;int&gt;: 1&#xA;to match exit code:&#xA;    &lt;int&gt;: 0&#xA;/home/jenkins/go/jenkins-x/bdd-jx/main.go:340</failure>
          <system-out>      Creating app bdd-python-http-1547461373 in dir /tmp/bdd-044630561&#xA;      Using Git provider URL https://github.beescloud.com&#xA;error: failed to load quickstarts: Running in batch mode and no default API token found&#xA;</system-out>
      </testcase>
      <testcase name="quickstart python-http&#xA; Given invalid parameters when -p param (project name) is missing exits with signal 1&#xA;" classname="BddJx Suite" time="0.214493345"></testcase>
      <testcase name="quickstart python-http&#xA; Given invalid parameters when -f param (filter) does not match any quickstart exits with signal 1&#xA;" classname="BddJx Suite" time="0.203564628"></testcase>
      <testcase name="quickstart golang-http&#xA; Given valid parameters when operating on the quickstart creates a golang-http quickstart and promotes it to staging&#xA;" classname="BddJx Suite" time="0.212497441">
          <failure type="Failure">/home/jenkins/go/jenkins-x/bdd-jx/main.go:325&#xA;No future change is possible.  Bailing out early after 0.000s.&#xA;Expected&#xA;    &lt;int&gt;: 1&#xA;to match exit code:&#xA;    &lt;int&gt;: 0&#xA;/home/jenkins/go/jenkins-x/bdd-jx/main.go:340</failure>
          <system-out>      Creating app bdd-golang-http-1547461373 in dir /tmp/bdd-044630561&#xA;      Using Git provider URL https://github.beescloud.com&#xA;error: failed to load quickstarts: Running in batch mode and no default API token found&#xA;</system-out>
      </testcase>
      <testcase name="quickstart golang-http&#xA; Given invalid parameters when -p param (project name) is missing exits with signal 1&#xA;" classname="BddJx Suite" time="0.194601698"></testcase>
      <testcase name="quickstart golang-http&#xA; Given invalid parameters when -f param (filter) does not match any quickstart exits with signal 1&#xA;" classname="BddJx Suite" time="0.184266716"></testcase>
      <testcase name="quickstart rails-shopping-cart&#xA; Given valid parameters when operating on the quickstart creates a rails-shopping-cart quickstart and promotes it to staging&#xA;" classname="BddJx Suite" time="0.195130169">
          <failure type="Failure">/home/jenkins/go/jenkins-x/bdd-jx/main.go:325&#xA;No future change is possible.  Bailing out early after 0.000s.&#xA;Expected&#xA;    &lt;int&gt;: 1&#xA;to match exit code:&#xA;    &lt;int&gt;: 0&#xA;/home/jenkins/go/jenkins-x/bdd-jx/main.go:340</failure>
          <system-out>      Creating app bdd-rails-shopping-cart-1547461373 in dir /tmp/bdd-044630561&#xA;      Using Git provider URL https://github.beescloud.com&#xA;error: failed to load quickstarts: Running in batch mode and no default API token found&#xA;</system-out>
      </testcase>
      <testcase name="quickstart rails-shopping-cart&#xA; Given invalid parameters when -p param (project name) is missing exits with signal 1&#xA;" classname="BddJx Suite" time="0.183167017"></testcase>
      <testcase name="quickstart rails-shopping-cart&#xA; Given invalid parameters when -f param (filter) does not match any quickstart exits with signal 1&#xA;" classname="BddJx Suite" time="0.205146959"></testcase>
      <testcase name="quickstart spring-boot-web&#xA; Given valid parameters when operating on the quickstart creates a spring-boot-web quickstart and promotes it to staging&#xA;" classname="BddJx Suite" time="0.184629263">
          <failure type="Failure">/home/jenkins/go/jenkins-x/bdd-jx/main.go:325&#xA;No future change is possible.  Bailing out early after 0.000s.&#xA;Expected&#xA;    &lt;int&gt;: 1&#xA;to match exit code:&#xA;    &lt;int&gt;: 0&#xA;/home/jenkins/go/jenkins-x/bdd-jx/main.go:340</failure>
          <system-out>      Creating app bdd-spring-boot-web-1547461373 in dir /tmp/bdd-044630561&#xA;      Using Git provider URL https://github.beescloud.com&#xA;error: failed to load quickstarts: Running in batch mode and no default API token found&#xA;</system-out>
      </testcase>
      <testcase name="quickstart spring-boot-web&#xA; Given invalid parameters when -p param (project name) is missing exits with signal 1&#xA;" classname="BddJx Suite" time="0.196267762"></testcase>
      <testcase name="quickstart spring-boot-web&#xA; Given invalid parameters when -f param (filter) does not match any quickstart exits with signal 1&#xA;" classname="BddJx Suite" time="0.195155747"></testcase>
      <testcase name="quickstart vertx-rest-prometheus Creates an app" classname="BddJx Suite" time="0">
          <skipped></skipped>
      </testcase>
      <testcase name="import&#xA; Given valid parameters when running import creates an app from the specified folder and promotes it to staging&#xA;" classname="BddJx Suite" time="596.361563174"></testcase>
      <testcase name="quickstart spring-boot-http-gradle Creates an app" classname="BddJx Suite" time="0">
          <skipped></skipped>
      </testcase>
      <testcase name="quickstart node-http&#xA; Given valid parameters when operating on the quickstart creates a node-http quickstart and promotes it to staging&#xA;" classname="BddJx Suite" time="0.299390579">
          <failure type="Failure">/home/jenkins/go/jenkins-x/bdd-jx/main.go:325&#xA;No future change is possible.  Bailing out early after 0.000s.&#xA;Expected&#xA;    &lt;int&gt;: 1&#xA;to match exit code:&#xA;    &lt;int&gt;: 0&#xA;/home/jenkins/go/jenkins-x/bdd-jx/main.go:340</failure>
          <system-out>      Creating app bdd-node-http-1547461373 in dir /tmp/bdd-044630561&#xA;      Using Git provider URL https://github.beescloud.com&#xA;error: failed to load quickstarts: Running in batch mode and no default API token found&#xA;</system-out>
      </testcase>
      <testcase name="quickstart node-http&#xA; Given invalid parameters when -p param (project name) is missing exits with signal 1&#xA;" classname="BddJx Suite" time="0.28284323"></testcase>
      <testcase name="quickstart node-http&#xA; Given invalid parameters when -f param (filter) does not match any quickstart exits with signal 1&#xA;" classname="BddJx Suite" time="0.308527243"></testcase>
      <testcase name="quickstart scala-akka-http-quickstart&#xA; Given valid parameters when operating on the quickstart creates a scala-akka-http-quickstart quickstart and promotes it to staging&#xA;" classname="BddJx Suite" time="0.545500607">
          <failure type="Failure">/home/jenkins/go/jenkins-x/bdd-jx/main.go:325&#xA;No future change is possible.  Bailing out early after 0.000s.&#xA;Expected&#xA;    &lt;int&gt;: 1&#xA;to match exit code:&#xA;    &lt;int&gt;: 0&#xA;/home/jenkins/go/jenkins-x/bdd-jx/main.go:340</failure>
          <system-out>      Creating app bdd-scala-akka-http-quickstart-1547461373 in dir /tmp/bdd-044630561&#xA;      Using Git provider URL https://github.beescloud.com&#xA;error: failed to load quickstarts: Running in batch mode and no default API token found&#xA;</system-out>
      </testcase>
      <testcase name="quickstart scala-akka-http-quickstart&#xA; Given invalid parameters when -p param (project name) is missing exits with signal 1&#xA;" classname="BddJx Suite" time="0.244418943"></testcase>
      <testcase name="quickstart scala-akka-http-quickstart&#xA; Given invalid parameters when -f param (filter) does not match any quickstart exits with signal 1&#xA;" classname="BddJx Suite" time="0.25469431"></testcase>
      <testcase name="create spring&#xA; Given valid parameters when running jx create spring creates a spring application and promotes it to staging&#xA;" classname="BddJx Suite" time="672.954248779"></testcase>
      <testcase name="quickstart android-quickstart Creates an app" classname="BddJx Suite" time="0">
          <skipped></skipped>
      </testcase>
      <testcase name="quickstart spring-boot-rest-prometheus Creates an app" classname="BddJx Suite" time="0">
          <skipped></skipped>
      </testcase>
      <testcase name="quickstart angular-io-quickstart Creates an app" classname="BddJx Suite" time="0">
          <skipped></skipped>
      </testcase>
      <testcase name="quickstart aspnet-app Creates an app" classname="BddJx Suite" time="0">
          <skipped></skipped>
      </testcase>
      <testcase name="quickstart rust-http&#xA; Given valid parameters when operating on the quickstart creates a rust-http quickstart and promotes it to staging&#xA;" classname="BddJx Suite" time="0.217255681">
          <failure type="Failure">/home/jenkins/go/jenkins-x/bdd-jx/main.go:325&#xA;No future change is possible.  Bailing out early after 0.000s.&#xA;Expected&#xA;    &lt;int&gt;: 1&#xA;to match exit code:&#xA;    &lt;int&gt;: 0&#xA;/home/jenkins/go/jenkins-x/bdd-jx/main.go:340</failure>
          <system-out>      Creating app bdd-rust-http-1547461373 in dir /tmp/bdd-044630561&#xA;      Using Git provider URL https://github.beescloud.com&#xA;error: failed to load quickstarts: Running in batch mode and no default API token found&#xA;</system-out>
      </testcase>
      <testcase name="quickstart rust-http&#xA; Given invalid parameters when -p param (project name) is missing exits with signal 1&#xA;" classname="BddJx Suite" time="0.173530396"></testcase>
      <testcase name="quickstart rust-http&#xA; Given invalid parameters when -f param (filter) does not match any quickstart exits with signal 1&#xA;" classname="BddJx Suite" time="0.184229806"></testcase>
      <testcase name="quickstart react-quickstart&#xA; Given valid parameters when operating on the quickstart creates a react-quickstart quickstart and promotes it to staging&#xA;" classname="BddJx Suite" time="0.184980764">
          <failure type="Failure">/home/jenkins/go/jenkins-x/bdd-jx/main.go:325&#xA;No future change is possible.  Bailing out early after 0.000s.&#xA;Expected&#xA;    &lt;int&gt;: 1&#xA;to match exit code:&#xA;    &lt;int&gt;: 0&#xA;/home/jenkins/go/jenkins-x/bdd-jx/main.go:340</failure>
          <system-out>      Creating app bdd-react-quickstart-1547461373 in dir /tmp/bdd-044630561&#xA;      Using Git provider URL https://github.beescloud.com&#xA;error: failed to load quickstarts: Running in batch mode and no default API token found&#xA;</system-out>
      </testcase>
      <testcase name="quickstart react-quickstart&#xA; Given invalid parameters when -p param (project name) is missing exits with signal 1&#xA;" classname="BddJx Suite" time="0.173246642"></testcase>
      <testcase name="quickstart react-quickstart&#xA; Given invalid parameters when -f param (filter) does not match any quickstart exits with signal 1&#xA;" classname="BddJx Suite" time="0.204411572"></testcase>
      <testcase name="quickstart open-liberty Creates an app" classname="BddJx Suite" time="0">
          <skipped></skipped>
      </testcase>
  </testsuite>